Only one process, do sequential compute:
Student ID: 118010246
Name: Qin Lan
Assignment 2 MPI
Dynamic state: 1
Run Time: 0.256001 seconds
Problem Size: 1000 * 1000, 100
Process Number: 1

Student ID: 118010246
Name: Qin Lan
Assignment 2 MPI
Dynamic state: 1
Run Time: 0.017718 seconds
Problem Size: 1000 * 1000, 100
Process Number: 2

Student ID: 118010246
Name: Qin Lan
Assignment 2 MPI
Dynamic state: 1
Run Time: 0.006594 seconds
Problem Size: 1000 * 1000, 100
Process Number: 4

Student ID: 118010246
Name: Qin Lan
Assignment 2 MPI
Dynamic state: 1
Run Time: 0.003413 seconds
Problem Size: 1000 * 1000, 100
Process Number: 8

Student ID: 118010246
Name: Qin Lan
Assignment 2 MPI
Dynamic state: 1
Run Time: 0.002451 seconds
Problem Size: 1000 * 1000, 100
Process Number: 12

Student ID: 118010246
Name: Qin Lan
Assignment 2 MPI
Dynamic state: 1
Run Time: 0.002081 seconds
Problem Size: 1000 * 1000, 100
Process Number: 16

Student ID: 118010246
Name: Qin Lan
Assignment 2 MPI
Dynamic state: 1
Run Time: 0.002015 seconds
Problem Size: 1000 * 1000, 100
Process Number: 24

Student ID: 118010246
Name: Qin Lan
Assignment 2 MPI
Dynamic state: 1
Run Time: 0.002172 seconds
Problem Size: 1000 * 1000, 100
Process Number: 32

Only one process, do sequential compute:
Student ID: 118010246
Name: Qin Lan
Assignment 2 MPI
Dynamic state: 0
Run Time: 0.258312 seconds
Problem Size: 1000 * 1000, 100
Process Number: 1

Student ID: 118010246
Name: Qin Lan
Assignment 2 MPI
Dynamic state: 0
Run Time: 0.011567 seconds
Problem Size: 1000 * 1000, 100
Process Number: 2

Student ID: 118010246
Name: Qin Lan
Assignment 2 MPI
Dynamic state: 0
Run Time: 0.008121 seconds
Problem Size: 1000 * 1000, 100
Process Number: 4

Student ID: 118010246
Name: Qin Lan
Assignment 2 MPI
Dynamic state: 0
Run Time: 0.007582 seconds
Problem Size: 1000 * 1000, 100
Process Number: 8

Student ID: 118010246
Name: Qin Lan
Assignment 2 MPI
Dynamic state: 0
Run Time: 0.006782 seconds
Problem Size: 1000 * 1000, 100
Process Number: 12

Student ID: 118010246
Name: Qin Lan
Assignment 2 MPI
Dynamic state: 0
Run Time: 0.005776 seconds
Problem Size: 1000 * 1000, 100
Process Number: 16

Student ID: 118010246
Name: Qin Lan
Assignment 2 MPI
Dynamic state: 0
Run Time: 0.005576 seconds
Problem Size: 1000 * 1000, 100
Process Number: 24

Student ID: 118010246
Name: Qin Lan
Assignment 2 MPI
Dynamic state: 0
Run Time: 0.006674 seconds
Problem Size: 1000 * 1000, 100
Process Number: 32

