Only one process, do sequential compute:
Student ID: 118010246
Name: Qin Lan
Assignment 2 MPI
Dynamic state: 1
Run Time: 0.256585 seconds
Problem Size: 1000 * 1000, 100
Process Number: 1

Student ID: 118010246
Name: Qin Lan
Assignment 2 MPI
Dynamic state: 1
Run Time: 0.261346 seconds
Problem Size: 1000 * 1000, 100
Process Number: 2

Student ID: 118010246
Name: Qin Lan
Assignment 2 MPI
Dynamic state: 1
Run Time: 0.089591 seconds
Problem Size: 1000 * 1000, 100
Process Number: 4

Student ID: 118010246
Name: Qin Lan
Assignment 2 MPI
Dynamic state: 1
Run Time: 0.040729 seconds
Problem Size: 1000 * 1000, 100
Process Number: 8

Student ID: 118010246
Name: Qin Lan
Assignment 2 MPI
Dynamic state: 1
Run Time: 0.019584 seconds
Problem Size: 1000 * 1000, 100
Process Number: 16

Student ID: 118010246
Name: Qin Lan
Assignment 2 MPI
Dynamic state: 1
Run Time: 0.016267 seconds
Problem Size: 1000 * 1000, 100
Process Number: 24

Student ID: 118010246
Name: Qin Lan
Assignment 2 MPI
Dynamic state: 1
Run Time: 0.010312 seconds
Problem Size: 1000 * 1000, 100
Process Number: 32

Only one process, do sequential compute:
Student ID: 118010246
Name: Qin Lan
Assignment 2 MPI
Dynamic state: 1
Run Time: 1.018767 seconds
Problem Size: 2000 * 2000, 100
Process Number: 1

Student ID: 118010246
Name: Qin Lan
Assignment 2 MPI
Dynamic state: 1
Run Time: 0.356788 seconds
Problem Size: 2000 * 2000, 100
Process Number: 2

Student ID: 118010246
Name: Qin Lan
Assignment 2 MPI
Dynamic state: 1
Run Time: 0.126287 seconds
Problem Size: 2000 * 2000, 100
Process Number: 4

Student ID: 118010246
Name: Qin Lan
Assignment 2 MPI
Dynamic state: 1
Run Time: 0.053490 seconds
Problem Size: 2000 * 2000, 100
Process Number: 8

Student ID: 118010246
Name: Qin Lan
Assignment 2 MPI
Dynamic state: 1
Run Time: 0.025857 seconds
Problem Size: 2000 * 2000, 100
Process Number: 16

Student ID: 118010246
Name: Qin Lan
Assignment 2 MPI
Dynamic state: 1
Run Time: 0.017735 seconds
Problem Size: 2000 * 2000, 100
Process Number: 24

Student ID: 118010246
Name: Qin Lan
Assignment 2 MPI
Dynamic state: 1
Run Time: 0.013149 seconds
Problem Size: 2000 * 2000, 100
Process Number: 32

Only one process, do sequential compute:
Student ID: 118010246
Name: Qin Lan
Assignment 2 MPI
Dynamic state: 1
Run Time: 2.358748 seconds
Problem Size: 3000 * 3000, 100
Process Number: 1

Student ID: 118010246
Name: Qin Lan
Assignment 2 MPI
Dynamic state: 1
Run Time: 0.143897 seconds
Problem Size: 3000 * 3000, 100
Process Number: 2

Student ID: 118010246
Name: Qin Lan
Assignment 2 MPI
Dynamic state: 1
Run Time: 0.047829 seconds
Problem Size: 3000 * 3000, 100
Process Number: 4

Student ID: 118010246
Name: Qin Lan
Assignment 2 MPI
Dynamic state: 1
Run Time: 0.020676 seconds
Problem Size: 3000 * 3000, 100
Process Number: 8

Student ID: 118010246
Name: Qin Lan
Assignment 2 MPI
Dynamic state: 1
Run Time: 0.010171 seconds
Problem Size: 3000 * 3000, 100
Process Number: 16

Student ID: 118010246
Name: Qin Lan
Assignment 2 MPI
Dynamic state: 1
Run Time: 0.007527 seconds
Problem Size: 3000 * 3000, 100
Process Number: 24

Student ID: 118010246
Name: Qin Lan
Assignment 2 MPI
Dynamic state: 1
Run Time: 0.006264 seconds
Problem Size: 3000 * 3000, 100
Process Number: 32

