Student ID: 118010246
Name: Qin Lan
Assignment 2 Pthread
Run Time: 0.285708 seconds
Problem Size: 1000 * 1000, 100
Thread Number: 1

Student ID: 118010246
Name: Qin Lan
Assignment 2 Pthread
Run Time: 0.144891 seconds
Problem Size: 1000 * 1000, 100
Thread Number: 2

Student ID: 118010246
Name: Qin Lan
Assignment 2 Pthread
Run Time: 0.075240 seconds
Problem Size: 1000 * 1000, 100
Thread Number: 4

Student ID: 118010246
Name: Qin Lan
Assignment 2 Pthread
Run Time: 0.046806 seconds
Problem Size: 1000 * 1000, 100
Thread Number: 8

Student ID: 118010246
Name: Qin Lan
Assignment 2 Pthread
Run Time: 0.026133 seconds
Problem Size: 1000 * 1000, 100
Thread Number: 16

Student ID: 118010246
Name: Qin Lan
Assignment 2 Pthread
Run Time: 0.019321 seconds
Problem Size: 1000 * 1000, 100
Thread Number: 24

Student ID: 118010246
Name: Qin Lan
Assignment 2 Pthread
Run Time: 0.019371 seconds
Problem Size: 1000 * 1000, 100
Thread Number: 32

