Student ID: 118010246
Name: Qin Lan
Assignment 2 Pthread
Run Time: 0.286794 seconds
Problem Size: 1000 * 1000, 100
Thread Number: 1

Student ID: 118010246
Name: Qin Lan
Assignment 2 Pthread
Run Time: 0.151734 seconds
Problem Size: 1000 * 1000, 100
Thread Number: 2

Student ID: 118010246
Name: Qin Lan
Assignment 2 Pthread
Run Time: 0.089515 seconds
Problem Size: 1000 * 1000, 100
Thread Number: 4

Student ID: 118010246
Name: Qin Lan
Assignment 2 Pthread
Run Time: 0.061096 seconds
Problem Size: 1000 * 1000, 100
Thread Number: 8

Student ID: 118010246
Name: Qin Lan
Assignment 2 Pthread
Run Time: 0.040524 seconds
Problem Size: 1000 * 1000, 100
Thread Number: 16

Student ID: 118010246
Name: Qin Lan
Assignment 2 Pthread
Run Time: 0.028007 seconds
Problem Size: 1000 * 1000, 100
Thread Number: 24

Student ID: 118010246
Name: Qin Lan
Assignment 2 Pthread
Run Time: 0.026196 seconds
Problem Size: 1000 * 1000, 100
Thread Number: 32

Student ID: 118010246
Name: Qin Lan
Assignment 2 Pthread
Run Time: 1.063778 seconds
Problem Size: 2000 * 2000, 100
Thread Number: 1

Student ID: 118010246
Name: Qin Lan
Assignment 2 Pthread
Run Time: 0.560333 seconds
Problem Size: 2000 * 2000, 100
Thread Number: 2

Student ID: 118010246
Name: Qin Lan
Assignment 2 Pthread
Run Time: 0.307327 seconds
Problem Size: 2000 * 2000, 100
Thread Number: 4

Student ID: 118010246
Name: Qin Lan
Assignment 2 Pthread
Run Time: 0.181200 seconds
Problem Size: 2000 * 2000, 100
Thread Number: 8

Student ID: 118010246
Name: Qin Lan
Assignment 2 Pthread
Run Time: 0.124085 seconds
Problem Size: 2000 * 2000, 100
Thread Number: 16

Student ID: 118010246
Name: Qin Lan
Assignment 2 Pthread
Run Time: 0.099666 seconds
Problem Size: 2000 * 2000, 100
Thread Number: 24

Student ID: 118010246
Name: Qin Lan
Assignment 2 Pthread
Run Time: 0.102083 seconds
Problem Size: 2000 * 2000, 100
Thread Number: 32

Student ID: 118010246
Name: Qin Lan
Assignment 2 Pthread
Run Time: 2.454236 seconds
Problem Size: 3000 * 3000, 100
Thread Number: 1

Student ID: 118010246
Name: Qin Lan
Assignment 2 Pthread
Run Time: 1.259374 seconds
Problem Size: 3000 * 3000, 100
Thread Number: 2

Student ID: 118010246
Name: Qin Lan
Assignment 2 Pthread
Run Time: 0.654160 seconds
Problem Size: 3000 * 3000, 100
Thread Number: 4

Student ID: 118010246
Name: Qin Lan
Assignment 2 Pthread
Run Time: 0.368039 seconds
Problem Size: 3000 * 3000, 100
Thread Number: 8

Student ID: 118010246
Name: Qin Lan
Assignment 2 Pthread
Run Time: 0.239985 seconds
Problem Size: 3000 * 3000, 100
Thread Number: 16

Student ID: 118010246
Name: Qin Lan
Assignment 2 Pthread
Run Time: 0.207510 seconds
Problem Size: 3000 * 3000, 100
Thread Number: 24

Student ID: 118010246
Name: Qin Lan
Assignment 2 Pthread
Run Time: 0.227951 seconds
Problem Size: 3000 * 3000, 100
Thread Number: 32

Student ID: 118010246
Name: Qin Lan
Assignment 2 Pthread
Run Time: 4.243260 seconds
Problem Size: 4000 * 4000, 100
Thread Number: 1

Student ID: 118010246
Name: Qin Lan
Assignment 2 Pthread
Run Time: 2.259837 seconds
Problem Size: 4000 * 4000, 100
Thread Number: 2

Student ID: 118010246
Name: Qin Lan
Assignment 2 Pthread
Run Time: 1.176033 seconds
Problem Size: 4000 * 4000, 100
Thread Number: 4

Student ID: 118010246
Name: Qin Lan
Assignment 2 Pthread
Run Time: 0.666531 seconds
Problem Size: 4000 * 4000, 100
Thread Number: 8

Student ID: 118010246
Name: Qin Lan
Assignment 2 Pthread
Run Time: 0.419690 seconds
Problem Size: 4000 * 4000, 100
Thread Number: 16

Student ID: 118010246
Name: Qin Lan
Assignment 2 Pthread
Run Time: 0.367945 seconds
Problem Size: 4000 * 4000, 100
Thread Number: 24

Student ID: 118010246
Name: Qin Lan
Assignment 2 Pthread
Run Time: 0.365071 seconds
Problem Size: 4000 * 4000, 100
Thread Number: 32

Student ID: 118010246
Name: Qin Lan
Assignment 2 Pthread
Run Time: 6.621254 seconds
Problem Size: 5000 * 5000, 100
Thread Number: 1

Student ID: 118010246
Name: Qin Lan
Assignment 2 Pthread
Run Time: 3.523725 seconds
Problem Size: 5000 * 5000, 100
Thread Number: 2

Student ID: 118010246
Name: Qin Lan
Assignment 2 Pthread
Run Time: 1.837398 seconds
Problem Size: 5000 * 5000, 100
Thread Number: 4

Student ID: 118010246
Name: Qin Lan
Assignment 2 Pthread
Run Time: 0.997757 seconds
Problem Size: 5000 * 5000, 100
Thread Number: 8

Student ID: 118010246
Name: Qin Lan
Assignment 2 Pthread
Run Time: 0.633997 seconds
Problem Size: 5000 * 5000, 100
Thread Number: 16

Student ID: 118010246
Name: Qin Lan
Assignment 2 Pthread
Run Time: 0.553217 seconds
Problem Size: 5000 * 5000, 100
Thread Number: 24

Student ID: 118010246
Name: Qin Lan
Assignment 2 Pthread
Run Time: 0.550492 seconds
Problem Size: 5000 * 5000, 100
Thread Number: 32

Student ID: 118010246
Name: Qin Lan
Assignment 2 Pthread
Run Time: 9.870243 seconds
Problem Size: 6000 * 6000, 100
Thread Number: 1

Student ID: 118010246
Name: Qin Lan
Assignment 2 Pthread
Run Time: 5.203408 seconds
Problem Size: 6000 * 6000, 100
Thread Number: 2

Student ID: 118010246
Name: Qin Lan
Assignment 2 Pthread
Run Time: 2.713130 seconds
Problem Size: 6000 * 6000, 100
Thread Number: 4

Student ID: 118010246
Name: Qin Lan
Assignment 2 Pthread
Run Time: 1.462087 seconds
Problem Size: 6000 * 6000, 100
Thread Number: 8

Student ID: 118010246
Name: Qin Lan
Assignment 2 Pthread
Run Time: 0.925021 seconds
Problem Size: 6000 * 6000, 100
Thread Number: 16

Student ID: 118010246
Name: Qin Lan
Assignment 2 Pthread
Run Time: 0.791218 seconds
Problem Size: 6000 * 6000, 100
Thread Number: 24

Student ID: 118010246
Name: Qin Lan
Assignment 2 Pthread
Run Time: 0.796476 seconds
Problem Size: 6000 * 6000, 100
Thread Number: 32

Student ID: 118010246
Name: Qin Lan
Assignment 2 Pthread
Run Time: 12.976870 seconds
Problem Size: 7000 * 7000, 100
Thread Number: 1

Student ID: 118010246
Name: Qin Lan
Assignment 2 Pthread
Run Time: 6.924949 seconds
Problem Size: 7000 * 7000, 100
Thread Number: 2

Student ID: 118010246
Name: Qin Lan
Assignment 2 Pthread
Run Time: 3.533269 seconds
Problem Size: 7000 * 7000, 100
Thread Number: 4

Student ID: 118010246
Name: Qin Lan
Assignment 2 Pthread
Run Time: 1.981948 seconds
Problem Size: 7000 * 7000, 100
Thread Number: 8

Student ID: 118010246
Name: Qin Lan
Assignment 2 Pthread
Run Time: 1.224602 seconds
Problem Size: 7000 * 7000, 100
Thread Number: 16

Student ID: 118010246
Name: Qin Lan
Assignment 2 Pthread
Run Time: 1.076043 seconds
Problem Size: 7000 * 7000, 100
Thread Number: 24

Student ID: 118010246
Name: Qin Lan
Assignment 2 Pthread
Run Time: 1.071794 seconds
Problem Size: 7000 * 7000, 100
Thread Number: 32

Student ID: 118010246
Name: Qin Lan
Assignment 2 Pthread
Run Time: 16.958874 seconds
Problem Size: 8000 * 8000, 100
Thread Number: 1

Student ID: 118010246
Name: Qin Lan
Assignment 2 Pthread
Run Time: 9.005776 seconds
Problem Size: 8000 * 8000, 100
Thread Number: 2

Student ID: 118010246
Name: Qin Lan
Assignment 2 Pthread
Run Time: 4.795212 seconds
Problem Size: 8000 * 8000, 100
Thread Number: 4

Student ID: 118010246
Name: Qin Lan
Assignment 2 Pthread
Run Time: 2.651366 seconds
Problem Size: 8000 * 8000, 100
Thread Number: 8

Student ID: 118010246
Name: Qin Lan
Assignment 2 Pthread
Run Time: 1.573808 seconds
Problem Size: 8000 * 8000, 100
Thread Number: 16

Student ID: 118010246
Name: Qin Lan
Assignment 2 Pthread
Run Time: 1.393799 seconds
Problem Size: 8000 * 8000, 100
Thread Number: 24

Student ID: 118010246
Name: Qin Lan
Assignment 2 Pthread
Run Time: 1.385600 seconds
Problem Size: 8000 * 8000, 100
Thread Number: 32

