Student ID: 118010246
Name: Qin Lan
Assignment 2 Sequential
Run Time: 0.274876 seconds
Problem Size: 1000 * 1000, 100
Process Number: 1

Student ID: 118010246
Name: Qin Lan
Assignment 2 Sequential
Run Time: 1.052792 seconds
Problem Size: 2000 * 2000, 100
Process Number: 1

Student ID: 118010246
Name: Qin Lan
Assignment 2 Sequential
Run Time: 2.354749 seconds
Problem Size: 3000 * 3000, 100
Process Number: 1

Student ID: 118010246
Name: Qin Lan
Assignment 2 Sequential
Run Time: 4.197798 seconds
Problem Size: 4000 * 4000, 100
Process Number: 1

Student ID: 118010246
Name: Qin Lan
Assignment 2 Sequential
Run Time: 6.570185 seconds
Problem Size: 5000 * 5000, 100
Process Number: 1

Student ID: 118010246
Name: Qin Lan
Assignment 2 Sequential
Run Time: 9.466444 seconds
Problem Size: 6000 * 6000, 100
Process Number: 1

Student ID: 118010246
Name: Qin Lan
Assignment 2 Sequential
Run Time: 12.895593 seconds
Problem Size: 7000 * 7000, 100
Process Number: 1

Student ID: 118010246
Name: Qin Lan
Assignment 2 Sequential
Run Time: 16.849577 seconds
Problem Size: 8000 * 8000, 100
Process Number: 1

