Student ID: 118010246
Name: Qin Lan
Assignment 2 Sequential
Run Time: 0.273720 seconds
Problem Size: 1000 * 1000, 100
Process Number: 1

Student ID: 118010246
Name: Qin Lan
Assignment 2 Sequential
Run Time: 0.483017 seconds
Problem Size: 1000 * 1000, 200
Process Number: 1

Student ID: 118010246
Name: Qin Lan
Assignment 2 Sequential
Run Time: 0.704769 seconds
Problem Size: 1000 * 1000, 300
Process Number: 1

Student ID: 118010246
Name: Qin Lan
Assignment 2 Sequential
Run Time: 0.925987 seconds
Problem Size: 1000 * 1000, 400
Process Number: 1

Student ID: 118010246
Name: Qin Lan
Assignment 2 Sequential
Run Time: 1.146732 seconds
Problem Size: 1000 * 1000, 500
Process Number: 1

Student ID: 118010246
Name: Qin Lan
Assignment 2 Sequential
Run Time: 6.571056 seconds
Problem Size: 5000 * 5000, 100
Process Number: 1

Student ID: 118010246
Name: Qin Lan
Assignment 2 Sequential
Run Time: 12.167492 seconds
Problem Size: 5000 * 5000, 200
Process Number: 1

Student ID: 118010246
Name: Qin Lan
Assignment 2 Sequential
Run Time: 17.710009 seconds
Problem Size: 5000 * 5000, 300
Process Number: 1

Student ID: 118010246
Name: Qin Lan
Assignment 2 Sequential
Run Time: 23.231208 seconds
Problem Size: 5000 * 5000, 400
Process Number: 1

Student ID: 118010246
Name: Qin Lan
Assignment 2 Sequential
Run Time: 28.748336 seconds
Problem Size: 5000 * 5000, 500
Process Number: 1

Student ID: 118010246
Name: Qin Lan
Assignment 2 Sequential
Run Time: 26.363407 seconds
Problem Size: 10000 * 10000, 100
Process Number: 1

Student ID: 118010246
Name: Qin Lan
Assignment 2 Sequential
Run Time: 48.706672 seconds
Problem Size: 10000 * 10000, 200
Process Number: 1

Student ID: 118010246
Name: Qin Lan
Assignment 2 Sequential
Run Time: 70.880230 seconds
Problem Size: 10000 * 10000, 300
Process Number: 1

Student ID: 118010246
Name: Qin Lan
Assignment 2 Sequential
Run Time: 93.009346 seconds
Problem Size: 10000 * 10000, 400
Process Number: 1

Student ID: 118010246
Name: Qin Lan
Assignment 2 Sequential
Run Time: 115.042658 seconds
Problem Size: 10000 * 10000, 500
Process Number: 1

