5211
5211
5211
5211
5211
5211
5211
5211
5211
5211
5211
5211
5211
5211
18456
18456
18456
18456
5211
18456
18456
18456
18456
18456
18456
18456
18456
18456
18456
18456
18456
18456
95060
95060
95060
95060
18456
95060
95060
95060
95060
95060
95060
95060
95060
95060
95060
95060
95060
95060
95060
95060
95060
95060
95060
95060
95060
95060
95060
95060
95060
95060
95060
95060
95060
95060
95060
95060
95060
95060
95060
95060
95060
95060
95060
95060
95060
95060
95060
95060
95060
95060
95060
95060
95060
95060
117276
210012
210012
210012
95060
210012
348094
549676
636226
698586
947739
993368
999932
297539
