81
369
369
369
369
369
369
369
369
369
369
369
369
369
369
369
369
369
369
369
369
369
369
369
369
369
369
369
369
369
369
369
369
369
369
369
369
369
369
369
369
369
369
369
369
369
369
369
369
369
369
369
369
369
369
369
569
569
569
569
569
569
569
569
569
569
569
569
569
569
569
569
569
569
569
569
569
569
569
569
569
569
569
569
569
569
569
569
569
569
369
369
369
369
369
369
369
369
369
369
369
369
369
369
369
369
369
369
369
369
369
369
369
369
369
369
369
369
369
369
369
369
369
369
369
569
569
569
569
569
569
569
569
569
569
569
569
569
569
569
569
569
569
569
569
569
569
569
569
569
569
569
569
569
569
569
569
569
569
569
681
681
681
681
681
681
681
681
681
681
681
681
681
681
681
681
681
681
681
681
369
369
369
369
369
369
369
369
369
369
369
369
369
369
369
369
369
369
369
369
369
369
369
369
369
369
369
369
369
369
369
369
369
369
369
569
569
569
569
569
569
569
569
569
569
569
569
569
569
569
569
569
569
569
569
569
569
569
569
569
569
569
569
569
569
569
569
569
569
569
681
681
681
681
681
681
681
681
681
681
681
681
681
681
681
681
681
681
681
681
369
369
369
369
369
369
369
369
369
369
369
369
369
369
369
569
569
569
569
569
569
569
569
569
569
569
569
569
569
569
681
681
681
681
681
681
681
681
681
681
681
681
681
681
681
3033
3033
3033
3033
3033
3493
3493
3493
3493
3493
3493
3493
3493
3493
3493
3493
3493
3493
3493
3493
3493
3493
3493
3493
3493
9097
9097
9097
9097
9097
9097
9097
9097
11017
11017
11017
11017
11017
11017
11017
11017
11017
11017
11017
11017
369
369
369
369
369
369
569
569
569
569
569
569
681
681
681
681
681
681
3033
3493
3493
3493
3493
3493
3493
3493
3493
3493
3493
3493
3493
3493
3493
3493
9097
9097
9097
9097
9097
9097
9097
9097
9097
9097
9097
9097
9097
9097
9097
9097
9097
9097
9097
9097
9097
9097
9097
9097
9097
9097
9097
9097
11017
11017
11017
11017
11017
11017
11017
11017
11017
11017
11017
11017
11017
11017
11017
11017
11017
11017
11017
11017
11017
11017
11017
11017
11017
11017
11017
11017
369
569
681
3493
3493
3493
3493
3493
9097
9097
9097
9097
9097
9097
9097
9097
9097
9097
9097
9097
9097
9097
9097
9097
9097
9097
9097
9097
9097
11017
11017
11017
11017
11017
11017
11017
11017
11017
11017
11017
11017
11017
11017
11017
14412
14412
14412
14412
14412
15720
15720
15720
15720
15720
15720
15720
15720
15720
15720
15720
15720
15720
15720
15720
15720
15720
15720
15720
15720
15720
15720
15720
15720
15720
15720
15720
15720
15720
15720
15720
15720
15720
15720
15720
19593
19593
19593
19593
19593
19593
3493
9097
9097
9097
9097
9097
9097
9097
9097
9097
9097
9097
9097
9097
9097
9097
9097
9097
9097
9097
9097
9097
9097
9097
9097
9097
9097
9097
9097
9097
9097
9097
9097
9097
9097
9097
11017
11017
11017
11017
11017
11017
14412
15720
15720
15720
15720
15720
15720
15720
15720
15720
15720
15720
15720
15720
15720
15720
15720
15720
15720
15720
15720
15720
15720
15720
15720
15720
15720
15720
15720
15720
15720
15720
15720
15720
15720
15720
19593
19593
19593
19593
19593
19593
19593
19593
19593
19593
19593
19593
9097
9097
9097
9097
9097
9097
9097
9097
9097
9097
9097
9097
9097
9097
9097
9097
9097
9097
9097
9097
11017
15720
15720
15720
15720
15720
15720
15720
15720
15720
15720
15720
15720
15720
15720
15720
19593
19593
19593
19593
19593
19593
19593
19593
19593
19593
19593
19593
19593
19593
19593
19593
19593
19593
19593
19593
20127
26272
26272
26272
26272
26272
28067
28067
28067
28067
28067
28067
28067
28067
28067
28067
28067
28067
28067
28067
28067
31536
32919
33002
35325
37525
37525
37525
37525
37525
37525
37525
37525
37525
9097
9097
9097
9097
9097
9097
9097
9097
9097
9097
9097
9097
9097
9097
9097
15720
15720
15720
15720
15720
15720
19593
19593
19593
19593
19593
19593
19593
19593
19593
19593
19593
19593
19593
19593
19593
26272
28067
28067
28067
28067
28067
28067
37525
37525
37525
37525
37525
37525
37525
37525
37525
37525
37525
37525
37525
37525
37525
53959
53959
53959
53959
53959
53959
55805
55805
55805
55805
55805
55805
55805
55805
55805
55805
55805
55805
55805
55805
55805
57522
58109
58109
58109
58109
58109
58109
59426
59426
59426
59426
9097
9097
9097
9097
9097
15720
19593
19593
19593
19593
19593
28067
37525
37525
37525
37525
37525
53959
55805
55805
55805
55805
55805
58109
59426
60910
60910
60910
60910
60910
68977
72641
72641
72641
72641
72641
76376
79296
80154
80308
80308
80308
80308
80308
80928
80928
80928
80928
80928
89368
89368
89368
89368
89368
90032
95820
95820
95820
95820
95820
97487
101360
101360
101360
101360
101360
107722
107722
107722
107722
107722
110991
112297
121308
126087
126087
126087
126087
126087
138722
139932
139932
139932
139932
139932
140528
140528
140528
140528
140528
9097
19593
37525
55805
60910
72641
80308
80928
89368
95820
101360
107722
126087
139932
140528
170337
197314
220853
228398
241888
247643
274570
277685
289672
297278
313563
322197
360099
363827
370888
372555
377017
388777
392735
395528
400657
416931
418657
423428
426815
430639
433890
448566
453195
460008
491298
498976
506582
508860
522071
533149
538839
543437
544266
552528
564285
580952
588954
590930
621269
634225
641892
651136
651476
669086
689126
696776
712350
723382
726651
735990
754116
754552
755199
794583
804310
811783
826621
836610
889618
895021
897490
897525
903682
909211
917955
918184
928577
975266
992393
250774
806445
305000
522325
560997
238283
648412
466127
598382
565421
