5211
5211
5211
5211
5211
5211
5211
5211
5211
5211
5211
5211
5211
5211
5211
5211
5211
5211
5211
5211
5211
18456
18456
18456
18456
18456
18456
18456
18456
18456
18456
18456
18456
18456
18456
18456
18456
21530
21530
21530
95060
95060
95060
95060
95060
95060
95060
95060
95060
95060
95060
95060
95060
95060
95060
95060
95060
95060
95060
95060
95060
95060
95060
95060
95060
95060
95060
95060
95060
95060
95060
95060
95060
95060
95060
95060
95060
95060
95060
95060
95060
95060
95060
95060
95060
95060
95060
95060
95060
210012
392754
549676
612399
947739
993368
999932
636226
698586
348094
297539
