81
81
81
81
81
81
81
81
81
81
81
81
569
569
569
569
569
569
569
569
569
569
569
569
569
569
569
569
569
569
569
569
569
569
569
569
569
569
569
569
569
569
681
681
681
681
681
681
681
681
681
681
681
681
681
681
681
681
681
681
681
681
681
681
681
681
681
681
681
681
681
681
2245
2245
2245
2245
2245
2245
2245
2245
2245
2245
2245
81
81
81
81
81
81
81
81
81
81
81
81
81
81
81
81
81
81
569
569
569
569
569
569
569
569
569
569
569
569
569
569
569
569
569
569
569
569
569
569
569
569
569
569
569
569
569
569
569
569
569
569
569
569
569
569
681
681
681
681
681
681
681
681
681
681
681
681
681
681
681
681
681
681
681
681
681
681
681
681
681
681
681
81
81
81
81
81
81
81
81
569
569
569
569
569
569
569
569
569
569
569
569
569
569
569
569
569
569
681
681
681
681
681
681
681
681
681
681
681
681
681
681
681
681
681
681
2245
2245
2245
2245
2245
2245
2245
2245
2904
2904
2904
2904
2904
3033
3033
3033
3033
3033
3033
3033
3033
3033
3033
3033
3033
3033
3033
3033
3033
3033
3033
3493
3493
3493
3493
3493
3493
3493
3493
81
81
81
81
81
81
81
81
81
81
81
81
569
569
569
569
569
569
569
569
569
569
569
569
569
569
569
569
569
569
569
569
681
681
681
681
681
681
681
681
681
681
681
681
681
681
681
681
681
681
681
681
3033
3033
3033
3033
3033
3033
3033
3033
3033
3033
3033
3033
3033
3033
3033
3033
3033
3033
3033
3033
3493
3493
3493
3493
3493
3493
3493
3493
3493
3493
3493
3493
3493
3493
3493
3493
3493
3493
3493
3493
3493
3493
3493
3493
3493
9097
9097
9097
9097
9097
9097
9097
9097
9097
9097
9097
9097
9097
9097
9097
9097
9097
11017
11017
11017
11017
11017
11017
11017
11017
11017
11017
11017
11017
11017
11017
12497
12497
12497
12497
12497
12497
12497
12497
12497
12497
12497
12497
12497
12497
12497
12497
12497
12497
12497
12497
14412
14412
14412
14412
14412
14412
14412
14412
14412
14412
14412
15720
15720
15720
15720
15720
15720
409117
81
81
81
81
81
81
81
81
569
569
569
569
569
569
569
569
569
569
569
569
569
681
681
681
681
681
681
681
681
681
681
681
681
681
3033
3033
3033
3033
3033
3033
3033
3033
3033
3033
3033
3033
3033
3493
3493
3493
3493
3493
3493
3493
3493
3493
3493
3493
3493
3493
3493
3493
3493
3493
3493
3493
3493
9097
9097
9097
9097
9097
9097
9097
9097
9097
9097
9097
9097
9097
9097
9097
9097
81
81
81
81
81
569
569
569
569
569
569
569
569
681
681
681
681
681
681
681
681
3033
3033
3033
3033
3033
3033
3033
3033
3493
3493
3493
3493
3493
3493
3493
3493
3493
3493
3493
3493
9097
9097
9097
9097
9097
9097
9097
9097
9097
9097
9097
9097
11017
11017
11017
11017
11017
11017
11017
12497
12497
12497
12497
12497
12497
12497
12497
14412
14412
14412
14412
14412
15720
15720
15720
15720
15720
15720
15720
15720
19593
19593
3493
9097
9097
9097
9097
9097
9097
9097
9097
9097
9097
9097
9097
9097
9097
9097
9097
9097
9097
9097
9097
9097
9097
9097
9097
9097
9097
11017
15720
15720
15720
15720
15720
15720
15720
15720
15720
15720
15720
15720
19593
19593
19593
19593
19593
19593
19593
19593
19593
19593
19593
19593
19593
19593
19593
19593
19593
19593
19593
19593
19593
19593
19593
19593
19593
19593
20127
26272
26272
26272
26272
26272
26272
26272
26272
26272
26272
26272
26272
26272
26272
26272
26272
26272
26272
26272
28067
28067
28067
28067
28067
28067
28067
28067
28067
28067
28067
28067
31536
32919
33002
35021
35325
37525
37525
37525
37525
37525
37525
37525
37525
37525
37525
37525
37525
37525
37525
37525
37525
37525
37525
37525
37525
37525
37525
37525
37525
37525
37525
39021
41805
53959
53959
53959
53959
53959
53959
53959
53959
53959
53959
53959
53959
53959
53959
53959
53959
53959
53959
53959
55805
55805
55805
55805
55805
55805
55805
55805
55805
55805
55805
55805
55805
55805
55805
387677
9097
9097
9097
9097
9097
9097
9097
9097
9097
9097
9097
9097
9097
9097
9097
9097
9097
9097
9097
9097
15720
15720
15720
15720
15720
15720
15720
15720
19593
19593
19593
19593
19593
19593
19593
19593
19593
19593
19593
19593
19593
19593
19593
19593
19593
19593
19593
19593
26272
26272
26272
26272
26272
26272
26272
26272
26272
26272
26272
26272
26272
28067
28067
28067
28067
28067
28067
28067
28067
37525
37525
37525
37525
37525
37525
37525
37525
37525
37525
37525
37525
37525
37525
9097
9097
9097
9097
9097
9097
9097
9097
9097
9097
9097
9097
15720
15720
15720
15720
15720
19593
19593
19593
19593
19593
19593
19593
19593
19593
19593
19593
19593
26272
26272
26272
26272
26272
26272
26272
26272
28067
28067
28067
28067
28067
37525
37525
37525
37525
37525
37525
37525
37525
37525
37525
37525
37525
53959
53959
53959
53959
53959
53959
53959
53959
55805
55805
55805
55805
55805
55805
55805
55805
55805
55805
55805
55805
57522
57522
57522
57522
57522
57522
57522
57522
58109
9097
19593
37525
55805
60910
72641
80308
80928
89368
95820
101360
107722
126087
140528
170337
197314
220853
228398
238283
241888
247643
250774
274570
289672
297278
305000
322197
360099
363827
370888
372555
377017
388777
392735
395528
400657
416931
418657
423428
426815
430639
433890
448566
453195
460008
491298
498976
506582
522071
522325
533149
538839
543437
552528
560997
580952
588954
621269
634225
641892
651136
651476
689126
696776
712350
726651
754116
754552
755199
794583
804310
806445
811783
826621
836610
889618
897490
897525
917955
918184
928577
975266
992393
648412
466127
598382
565421
