81
81
81
81
81
81
81
81
81
81
81
81
81
81
81
81
81
81
81
81
81
81
81
81
81
81
81
81
81
81
569
569
569
569
569
569
569
569
569
569
569
569
569
569
569
569
569
569
569
569
569
569
569
569
569
569
569
569
569
569
681
681
681
681
681
681
681
681
681
681
681
681
681
681
681
681
81
81
81
81
81
81
81
81
81
81
81
81
81
81
81
81
81
81
569
569
569
569
569
569
569
569
569
569
569
569
569
569
569
569
569
569
681
681
681
681
681
681
681
681
681
681
681
681
681
681
681
681
681
681
2245
2245
2245
2245
2245
2245
2245
2245
2904
2904
2904
2904
2904
2904
2904
2904
3033
3033
3033
3033
3033
3033
81
81
81
81
81
81
81
81
81
81
81
81
81
81
81
81
81
81
81
81
569
569
569
569
569
569
569
569
569
569
569
569
569
569
569
569
569
569
569
569
681
681
681
681
681
681
681
681
681
681
681
681
681
681
681
681
681
681
681
681
2245
2245
2245
2245
2245
2904
2904
2904
2904
2904
3033
3033
3033
3033
3033
3033
81
81
81
81
81
81
81
81
81
81
81
81
569
569
569
569
569
569
569
569
569
569
569
569
681
681
681
681
681
681
681
681
681
681
681
681
3033
3033
3033
3033
3033
3033
3033
3033
3033
3033
3033
3033
3033
3033
3033
3033
3033
3033
3033
3033
3493
3493
3493
3493
3493
3493
3493
3493
3493
3493
3493
3493
3493
3493
3493
3493
3493
3493
3493
3493
81
81
81
81
81
81
81
81
569
569
569
569
569
569
569
569
681
681
681
681
681
681
681
681
3033
3033
3033
3033
3033
3033
3033
3033
3033
3033
3033
3033
3033
3493
3493
3493
3493
3493
3493
3493
3493
3493
3493
3493
3493
3493
3493
3493
3493
3493
3493
3493
3493
3493
3493
3493
3493
3493
9097
9097
9097
9097
9097
9097
9097
9097
9097
9097
9097
9097
9097
9097
81
81
81
81
81
81
81
81
569
569
569
569
569
569
569
569
681
681
681
681
681
681
681
681
3033
3033
3033
3033
3033
3033
3033
3033
3033
3033
3033
3033
3033
3493
3493
3493
3493
3493
3493
3493
3493
3493
3493
3493
3493
3493
3493
3493
3493
3493
3493
3493
3493
9097
9097
9097
9097
9097
9097
9097
9097
9097
9097
9097
9097
9097
9097
9097
9097
9097
11017
11017
81
81
81
81
81
569
569
569
569
569
681
681
681
681
681
3033
3033
3033
3033
3033
3033
3033
3033
3493
3493
3493
3493
3493
3493
3493
3493
3493
3493
3493
3493
3493
9097
9097
9097
9097
9097
9097
9097
9097
9097
9097
9097
9097
9097
9097
9097
9097
9097
9097
9097
9097
9097
9097
9097
9097
9097
9097
9097
9097
9097
9097
11017
11017
11017
11017
11017
11017
11017
11017
11017
11017
3493
9097
9097
9097
9097
9097
9097
9097
9097
9097
9097
9097
9097
9097
9097
9097
9097
9097
9097
9097
9097
9097
9097
9097
9097
9097
11017
11017
11017
11017
11017
11017
11017
11017
11017
11017
11017
11017
11017
11017
11017
11017
11017
11017
11017
11017
14412
15720
15720
15720
15720
15720
15720
15720
15720
15720
15720
15720
15720
15720
15720
15720
15720
15720
15720
15720
15720
15720
15720
15720
15720
15720
15720
19593
19593
19593
9097
9097
9097
9097
9097
9097
9097
9097
9097
9097
9097
9097
9097
9097
9097
9097
9097
9097
9097
9097
9097
9097
9097
9097
9097
9097
11017
11017
11017
11017
11017
11017
11017
11017
11017
11017
11017
11017
11017
15720
15720
15720
15720
15720
15720
15720
15720
15720
15720
15720
15720
15720
15720
15720
15720
15720
15720
15720
15720
19593
19593
19593
19593
19593
19593
19593
19593
19593
19593
19593
19593
19593
19593
19593
19593
19593
9097
9097
9097
9097
9097
9097
9097
9097
9097
9097
9097
9097
9097
9097
9097
9097
9097
9097
9097
9097
9097
9097
9097
9097
9097
9097
11017
11017
11017
11017
11017
11017
11017
11017
11017
11017
11017
11017
11017
15720
15720
15720
15720
15720
15720
15720
15720
15720
15720
15720
15720
15720
15720
15720
15720
15720
15720
15720
15720
19593
19593
19593
19593
19593
19593
19593
19593
19593
19593
19593
19593
19593
19593
19593
19593
19593
9097
9097
9097
9097
9097
9097
9097
9097
9097
9097
9097
9097
9097
9097
9097
9097
9097
9097
9097
9097
11017
11017
11017
11017
11017
11017
11017
11017
15720
15720
15720
15720
15720
15720
15720
15720
15720
15720
15720
15720
15720
19593
19593
19593
19593
19593
19593
19593
19593
19593
19593
19593
19593
19593
19593
19593
19593
19593
19593
19593
19593
26272
26272
26272
26272
26272
28067
28067
28067
28067
28067
28067
28067
28067
28067
28067
9097
9097
9097
9097
9097
9097
15720
19593
19593
19593
19593
19593
19593
28067
37525
37525
37525
37525
37525
37525
55805
55805
55805
55805
55805
55805
58109
59426
60910
60910
60910
60910
60910
60910
68977
72641
72641
72641
72641
72641
72641
79296
80154
80308
80308
80308
80308
80308
80308
80928
80928
80928
80928
80928
80928
89368
89368
89368
89368
89368
89368
90032
95820
95820
95820
95820
95820
95820
97487
101360
101360
101360
101360
101360
101360
107722
9097
19593
37525
55805
60910
72641
80308
80928
89368
95820
101360
107722
126087
140528
170337
197314
220853
228398
241888
247643
274570
297278
322197
360099
363827
370888
377017
388777
392735
395528
400657
416931
418657
423428
426815
430639
433890
448566
453195
460008
491298
498976
506582
522071
533149
538839
543437
552528
580952
588954
621269
634225
641892
651136
651476
689126
696776
712350
726651
735990
754116
754552
755199
794583
804310
811783
826621
836610
889618
897490
897525
917955
918184
928577
975266
992393
372555
289672
250774
806445
305000
522325
560997
238283
648412
466127
598382
565421
