5211
5211
5211
5211
5211
5211
5211
5211
5211
5211
5211
5211
5211
18456
5211
18456
18456
18456
18456
18456
18456
18456
18456
18456
18456
18456
18456
18456
18456
18456
18456
18456
18456
18456
18456
18456
100545
100545
100545
100545
100545
100545
100545
100545
100545
100545
100545
100545
100545
100545
100545
100545
100545
100545
100545
100545
100545
100545
100545
100545
100545
100545
100545
100545
100545
100545
100545
100545
100545
117276
100545
117276
117276
117276
117276
117276
117276
117276
171087
313750
344043
392754
392754
392754
392754
393584
502651
612399
695788
705403
999932
95060
549676
993368
947739
210012
636226
698586
348094
297539
