64
81
93
323
549
569
681
681
745
820
867
1171
1206
1244
1354
1379
1511
1642
1842
1914
1925
2039
2245
2362
2427
2463
2503
2606
2615
2780
2902
2904
3033
3050
3094
3296
3476
3493
3615
3637
3979
4039
4062
4082
4251
4308
4310
4340
4513
5009
5211
5216
5226
5269
5510
5601
5635
5667
5979
6046
6071
6484
6734
6816
7057
7144
7199
7339
7619
8216
8292
8430
8693
8764
9097
9120
9206
9241
9428
9431
9719
10038
10120
10122
10165
10272
10417
10431
10569
10736
10845
10946
10947
11016
11017
11053
11351
11520
11703
11735
11763
11789
11867
11964
11984
12299
12459
12497
12582
12585
12713
13321
13372
13405
13537
13540
13598
13617
13669
13888
13917
14007
14057
14148
14385
14412
14523
14811
15033
15056
15057
15469
15533
15633
15720
15752
15781
16001
16110
16204
16228
16259
16323
16449
16522
16538
17135
17223
17315
17501
17566
17630
17638
17808
17808
17833
17881
18184
18190
18202
18448
18456
18481
18507
18654
18704
18859
19034
19278
19304
19420
19486
19540
19593
20127
20172
20468
20550
20567
20847
20934
21008
21018
21091
21414
21485
21491
21530
21743
22104
22181
22190
22298
22300
22765
22924
22939
23023
23078
23182
23311
23415
23440
23591
23787
23856
23949
24020
24100
24122
24124
24136
24145
24451
24561
24605
24745
24776
25015
25165
25496
25861
26160
26196
26234
26272
26304
26445
26650
26652
26776
26856
27138
27157
27172
27284
27320
27458
27489
27495
27536
27572
27583
27639
27710
28067
28215
28313
28380
28380
28423
28624
28656
28656
28806
28828
28861
28861
28943
28996
29053
29098
29215
29375
29438
29448
2865
3476
3637
3979
5510
5667
5979
6734
9120
10272
11735
11789
13669
14523
16204
16449
17223
17315
18507
18704
20468
20567
21008
21091
21743
22298
23023
23415
23856
24100
24145
24605
26196
27710
29448
29501
29573
29729
29949
30096
30183
30386
30530
30706
30774
31020
31224
31326
31355
31502
31536
31600
31639
31790
32073
32101
32172
32248
32276
32277
32310
32460
32538
32862
32908
32919
32933
32976
33002
33062
33081
33081
33333
33621
33786
33808
33882
33915
34190
34225
34282
34303
34307
34551
34551
34589
34596
34633
34736
34736
34821
34945
34979
34986
35021
35109
35217
35280
35325
35368
35391
35568
35733
35879
35879
35928
36029
36055
36126
36159
36189
36214
36421
36437
36461
36857
36857
36936
37062
37126
37138
37200
37200
37392
37472
37525
37545
37710
37876
38320
38566
38585
38602
38829
38879
38879
38894
38936
38936
39021
39021
39129
39129
39195
39334
39392
39626
39626
39758
39810
39828
39875
39875
39908
39916
39960
40072
40072
40077
40140
40194
40194
40215
40220
40400
40403
40500
40584
40584
40702
40743
40881
40898
40926
40972
41159
41167
41167
41351
41598
41598
41768
41792
41805
41882
41991
41991
42122
42210
42348
42365
42417
42484
42484
42659
42772
42831
42856
42992
43067
43102
43320
43324
43453
43592
43633
43682
43725
43860
43914
43983
44101
44131
44131
44317
44353
44365
44365
44526
44599
44646
44646
44687
44746
44746
44757
44819
44878
44901
44901
44962
45042
45063
45156
45329
45329
45389
45901
45979
46007
46017
46341
46355
46380
46380
46387
46549
46588
46647
46824
46828
46852
46942
47189
47329
47395
47406
47510
47510
47641
47775
47928
47983
47996
48074
48267
48401
48425
48498
48529
48586
48599
48623
48626
48628
48628
48829
48860
48977
49613
49646
49676
49676
49764
49773
49997
50063
50197
50293
50440
50466
50499
50531
50707
50740
50740
50808
51019
51103
51103
51333
51463
51477
51498
51528
51571
51584
51735
51878
51986
51986
52018
52097
52176
52251
52464
52464
52567
52621
52630
52732
52918
52927
53079
53079
53144
53150
53418
53428
53499
53542
53762
53801
53842
53882
53959
54024
54081
54180
54364
54364
54525
54525
54660
55232
55323
55336
55336
55382
55435
55435
55776
55793
55805
56055
56151
56151
56448
56448
56552
56561
56561
56591
56618
56675
56687
56687
56699
56747
56757
56757
56788
56791
56794
56842
56842
56856
56927
56927
57115
57229
57460
57460
57522
57570
57602
57661
57911
57911
58025
58106
58109
58218
58261
58261
58320
58531
58531
58752
58800
58814
58856
58976
59129
59129
59234
59426
59476
59479
59543
59560
59619
59720
59765
59772
59803
59895
60014
60028
60049
60319
60319
60498
60642
60707
60707
60809
60908
60910
60987
61048
61087
61151
61567
61648
61690
61759
61759
61770
61773
61773
61918
61991
61991
62189
62189
62251
62258
4251
5269
10120
10845
11763
13598
15057
15752
16110
17501
17501
2865
4251
5269
5635
7619
10120
10845
11016
11703
11763
12299
13540
13598
15752
15781
16001
17630
17833
18654
18654
2865
4251
5269
5635
7619
10120
10845
11016
11703
11763
12299
13540
13598
15752
15781
16001
17630
19034
19034
19034
19420
19420
19486
19486
20172
20550
20550
20550
20847
20847
2865
4251
5269
5635
7619
10120
10845
11016
11703
11763
12299
13540
13598
15752
15781
16001
17630
19034
19420
19486
20550
20934
20934
20934
20934
21485
21491
21491
21491
23440
23440
23440
23440
23949
23949
23949
24020
24020
2865
4251
5269
5635
7619
10120
10845
11016
11703
11763
12299
13540
13598
15752
15781
16001
17630
19034
19420
19486
20550
20934
21491
23440
23949
24124
24124
24124
24124
24136
24745
2865
4251
5269
5635
7619
10120
10845
11016
11703
11763
12299
13540
13598
15752
15781
16001
17630
19034
19420
19486
20550
20934
21491
23440
23949
24124
28423
28423
28423
28423
28423
28423
29053
29053
29053
29053
29053
29438
29438
29438
29438
29438
30183
30183
30183
30183
30183
31355
31355
31355
31355
31355
32101
32101
32101
32101
32101
32277
32277
32277
32277
32277
33808
33808
33808
33808
33808
34282
34282
34282
34282
34282
34307
34307
34307
34307
34307
34307
34979
34979
34979
34979
34979
34979
35280
35280
35280
35280
35280
35391
35391
35391
35391
35391
35928
35928
35928
35928
35928
35928
36126
36126
36126
36126
36126
37392
37392
37392
37392
37392
37392
38829
38829
38829
38829
38829
38829
39392
39392
39392
39392
39392
39758
39758
39758
39758
39758
39758
39828
39828
39828
39828
39828
39908
39908
39908
39908
39908
40400
40400
40400
40400
40400
40500
40500
40500
40500
40500
40898
40898
40898
40898
40898
41159
41159
41159
41159
41159
41159
41768
41768
41768
41768
41768
42122
42122
42122
42122
42122
42365
42365
42365
42365
42365
42856
42856
42856
42856
42856
44353
44353
44353
44353
44353
44353
44526
44526
44526
44526
44526
44526
44757
44757
44757
44757
44757
44819
44819
44819
44819
44819
44819
44962
44962
44962
44962
44962
44962
45156
45156
45156
45156
45156
45156
46824
46824
46824
46824
46824
46852
46852
46852
46852
46852
46852
46942
46942
46942
46942
46942
46942
47406
47406
47406
47406
47406
47406
47775
47775
47775
47775
47775
49997
49997
49997
49997
49997
50063
50063
50063
50063
50063
50293
50293
50293
50293
50293
50293
52018
52018
52018
52018
52018
52018
52567
52567
52567
52567
52567
52567
53499
53499
53499
53499
53499
55232
55232
55232
55232
55232
55232
58800
58800
58800
58800
58800
58800
59720
59720
59720
59720
59720
59720
60642
60642
60642
60642
60642
60987
60987
60987
60987
60987
61151
61151
61151
61151
61151
61151
61918
61918
61918
61918
61918
61918
62548
62548
62548
62548
62548
62548
65643
65643
65643
65643
65643
65643
65812
65812
65812
65812
65812
65812
65965
65965
65965
65965
65965
66623
66623
66623
66623
66623
66681
66681
66681
66681
66681
66805
66805
66805
66805
66805
66975
66975
66975
66975
66975
67223
67223
67223
67223
67223
67431
67431
67431
67431
67431
67609
67609
67609
67609
67609
69030
69030
69030
69030
69030
69030
70330
70392
70392
2865
4251
5269
5635
7619
10120
10845
11016
11703
11763
12299
13540
13598
15752
15781
16001
17630
19034
19420
19486
20550
20934
21491
23440
23949
24124
28423
29053
29438
30183
31355
32101
32277
33808
34282
34307
34979
35280
35391
35928
36126
37392
38829
39392
39758
39828
39908
40400
40500
40898
41159
41768
42122
42365
42856
44353
44526
44757
44819
44962
45156
46824
46852
46942
47406
47775
49997
50063
50293
52018
52567
53499
55232
58800
59720
60642
60987
61151
61918
62548
65643
65812
65965
66623
66681
66805
66975
67223
67431
67609
69030
70999
70999
70999
70999
70999
70999
71201
71201
71201
71201
71201
71201
71510
71510
71510
71510
71510
71510
72213
72213
72213
72213
72213
72213
72606
72606
72606
72606
72606
72606
72606
72943
72943
72943
72943
72943
72943
72943
73181
73181
73181
73181
73181
73181
73181
73505
73505
73505
73505
73505
73505
73505
73627
73627
73627
73627
73627
73627
75155
75155
75155
75155
75155
75155
75615
75615
75615
75615
75615
75615
75615
76139
76139
76139
76139
76139
76139
76139
78259
78259
78259
78259
78259
78259
78259
79381
79381
79381
79381
79381
79381
79381
79957
79957
79957
79957
79957
79957
80605
80605
80605
80605
80605
80605
80776
80776
80776
80776
80776
80776
80776
4251
5269
10120
10845
11763
13598
15057
15752
16110
17501
17501
2865
4251
5269
5635
7619
10120
10845
11016
11703
11763
12299
13540
13598
15752
15781
16001
17630
17833
18654
18654
2865
4251
5269
5635
7619
10120
10845
11016
11703
11763
12299
13540
13598
15752
15781
16001
17630
19034
19034
19034
19420
19420
19486
19486
20172
20550
20550
20550
20847
20847
2865
4251
5269
5635
7619
10120
10845
11016
11703
11763
12299
13540
13598
15752
15781
16001
17630
19034
19420
19486
20550
20934
20934
20934
20934
21485
21491
21491
21491
23440
23440
23440
23440
23949
23949
23949
24020
24020
2865
4251
5269
5635
7619
10120
10845
11016
11703
11763
12299
13540
13598
15752
15781
16001
17630
19034
19420
19486
20550
20934
21491
23440
23949
24124
24124
24124
24124
24136
24745
2865
4251
5269
5635
7619
10120
10845
11016
11703
11763
12299
13540
13598
15752
15781
16001
17630
19034
19420
19486
20550
20934
21491
23440
23949
24124
28423
28423
28423
28423
28423
28423
29053
29053
29053
29053
29053
29438
29438
29438
29438
29438
30183
30183
30183
30183
30183
31355
31355
31355
31355
31355
32101
32101
32101
32101
32101
32277
32277
32277
32277
32277
33808
33808
33808
33808
33808
34282
34282
34282
34282
34282
34307
34307
34307
34307
34307
34307
34979
34979
34979
34979
34979
34979
35280
35280
35280
35280
35280
35391
35391
35391
35391
35391
35928
35928
35928
35928
35928
35928
36126
36126
36126
36126
36126
37392
37392
37392
37392
37392
37392
38829
38829
38829
38829
38829
38829
39392
39392
39392
39392
39392
39758
39758
39758
39758
39758
39758
39828
39828
39828
39828
39828
39908
39908
39908
39908
39908
40400
40400
40400
40400
40400
40500
40500
40500
40500
40500
40898
40898
40898
40898
40898
41159
41159
41159
41159
41159
41159
41768
41768
41768
41768
41768
42122
42122
42122
42122
42122
42365
42365
42365
42365
42365
42856
42856
42856
42856
42856
44353
44353
44353
44353
44353
44353
44526
44526
44526
44526
44526
44526
44757
44757
44757
44757
44757
44819
44819
44819
44819
44819
44819
44962
44962
44962
44962
44962
44962
45156
45156
45156
45156
45156
45156
46824
46824
46824
46824
46824
46852
46852
46852
46852
46852
46852
46942
46942
46942
46942
46942
46942
47406
47406
47406
47406
47406
47406
47775
47775
47775
47775
47775
49997
49997
49997
49997
49997
50063
50063
50063
50063
50063
50293
50293
50293
50293
50293
50293
52018
52018
52018
52018
52018
52018
52567
52567
52567
52567
52567
52567
53499
53499
53499
53499
53499
55232
55232
55232
55232
55232
55232
58800
58800
58800
58800
58800
58800
59720
59720
59720
59720
59720
59720
60642
60642
60642
60642
60642
60987
60987
60987
60987
60987
61151
61151
61151
61151
61151
61151
61918
61918
61918
61918
61918
61918
62548
62548
62548
62548
62548
62548
65643
65643
65643
65643
65643
65643
65812
65812
65812
65812
65812
65812
65965
65965
65965
65965
65965
66623
66623
66623
66623
66623
66681
66681
66681
66681
66681
66805
66805
66805
66805
66805
66975
66975
66975
66975
66975
67223
67223
67223
67223
67223
67431
67431
67431
67431
67431
67609
67609
67609
67609
67609
69030
69030
69030
69030
69030
69030
70999
70999
70999
70999
70999
71201
71201
71201
71201
71201
71510
71510
71510
71510
71510
72213
72213
72213
72213
72213
72606
72606
72606
72606
72606
72606
72943
72943
72943
72943
72943
72943
73181
73181
73181
73181
73181
73181
73505
73505
73505
73505
73505
73505
73627
73627
73627
73627
73627
75155
75155
75155
75155
75155
75615
75615
75615
75615
75615
75615
76139
76139
76139
76139
76139
76139
78259
78259
78259
78259
78259
78259
79381
79381
79381
79381
79381
79381
79957
79957
79957
79957
79957
80605
80605
80605
80605
80605
80776
80776
80776
80776
80776
80776
80830
80830
80830
80830
80830
80830
80886
80886
80886
80886
80886
82379
82379
82379
82379
82379
82460
82460
82460
82460
82460
82460
83304
83304
83304
83304
83304
83304
83448
83448
83448
83448
83448
85972
85972
85972
85972
85972
85972
87711
87711
87711
87711
87711
87711
87928
87928
87928
87928
87928
87928
88208
88208
88208
88208
88208
88208
89128
89128
89128
89128
89128
89128
89174
89174
89174
89174
89174
90023
90023
90023
90023
90023
90023
90200
90200
90200
90200
90200
90200
90960
90960
90960
90960
90960
90987
90987
90987
90987
90987
90987
91042
91042
91042
91042
91042
91042
91686
91686
91686
91686
91686
91686
92609
92609
92609
92609
92609
92792
92792
92792
4251
4251
4251
4251
4251
4251
4251
4251
4251
4251
4251
5269
5269
5269
5269
5269
5269
5269
5269
5269
5269
5269
10120
10120
10120
10120
10120
10120
10120
10120
10120
10120
10120
10845
10845
10845
10845
10845
10845
10845
10845
10845
10845
10845
11763
11763
11763
11763
11763
11763
11763
11763
11763
11763
11763
13598
13598
13598
13598
13598
13598
13598
13598
13598
13598
13598
15057
15057
15752
15752
15752
15752
15752
15752
15752
15752
15752
15752
15752
16110
16110
17501
17501
17501
2865
4251
5269
5635
7619
10120
10845
11016
11703
11763
12299
13540
13598
15752
15781
16001
17501
17501
2865
4251
5269
5635
7619
10120
10845
11016
11703
11763
12299
13540
13598
15752
15781
16001
17630
17630
17833
17833
17833
18654
18654
18654
2865
4251
5269
5635
7619
10120
10845
11016
11703
11763
12299
13540
13598
15752
15781
16001
17630
18654
18654
2865
4251
5269
5635
7619
10120
10845
11016
11703
11763
12299
13540
13598
15752
15781
16001
17630
18654
18654
2865
4251
5269
5635
7619
10120
10845
11016
11703
11763
12299
13540
13598
15752
15781
16001
17630
19034
19034
19034
19034
19034
19034
19034
19034
19034
19034
19034
19034
19034
19034
19034
19034
19420
19420
19420
19420
19420
19486
19486
19486
19486
19486
20172
20172
20172
20172
20550
20550
20550
20550
20550
20550
20550
20550
20550
20550
20550
20550
20550
20550
20550
20550
20847
20847
20847
2865
4251
5269
5635
7619
10120
10845
11016
11703
11763
12299
13540
13598
15752
15781
16001
17630
19034
19420
19486
20550
20847
20847
2865
4251
5269
5635
7619
10120
10845
11016
11703
11763
12299
13540
13598
15752
15781
16001
17630
19034
19420
19486
20550
20847
20847
2865
4251
5269
5635
7619
10120
10845
11016
11703
11763
12299
13540
13598
15752
15781
16001
17630
19034
19420
19486
20550
20847
20847
2865
4251
5269
5635
7619
10120
10845
11016
11703
11763
12299
13540
13598
15752
15781
16001
17630
19034
19420
19486
20550
20934
20934
20934
20934
20934
20934
20934
20934
20934
20934
20934
20934
20934
20934
20934
20934
20934
20934
20934
20934
21485
21485
21485
21485
21485
21491
21491
21491
21491
21491
21491
21491
21491
21491
23440
23440
23440
23440
23440
23440
23440
23440
23440
23440
23440
23440
23440
23440
23440
23440
23440
23440
23440
23440
23949
23949
23949
23949
23949
23949
23949
23949
23949
24020
24020
24020
2865
4251
5269
5635
7619
10120
10845
11016
11703
11763
12299
13540
13598
15752
15781
16001
17630
19034
19420
19486
20550
20934
21491
23440
23949
24020
24020
2865
4251
5269
5635
7619
10120
10845
11016
11703
11763
12299
13540
13598
15752
15781
16001
17630
19034
19420
19486
20550
20934
21491
23440
23949
24020
24020
2865
4251
5269
5635
7619
10120
10845
11016
11703
11763
12299
13540
13598
15752
15781
16001
17630
19034
19420
19486
20550
20934
21491
23440
23949
24020
24020
2865
4251
5269
5635
7619
10120
10845
11016
11703
11763
12299
13540
13598
15752
15781
16001
17630
19034
19420
19486
20550
20934
21491
23440
23949
24020
24020
2865
4251
5269
5635
7619
10120
10845
11016
11703
11763
12299
13540
13598
15752
15781
16001
17630
19034
19420
19486
20550
20934
21491
23440
23949
24124
24124
24124
24124
24124
24124
24124
24124
24124
24124
24124
24124
24124
24124
24136
24136
24136
24136
24136
24136
24745
2865
4251
5269
5635
7619
10120
10845
11016
11703
11763
12299
13540
13598
15752
15781
16001
17630
19034
19420
19486
20550
20934
21491
23440
23949
24124
24745
2865
4251
5269
5635
7619
10120
10845
11016
11703
11763
12299
13540
13598
15752
15781
16001
17630
19034
19420
19486
20550
20934
21491
23440
23949
24124
24745
2865
4251
5269
5635
7619
10120
10845
11016
11703
11763
12299
13540
13598
15752
15781
16001
17630
19034
19420
19486
20550
20934
21491
23440
23949
24124
24745
2865
4251
5269
5635
7619
10120
10845
11016
11703
11763
12299
13540
13598
15752
15781
16001
17630
19034
19420
19486
20550
20934
21491
23440
23949
24124
24745
2865
4251
5269
5635
7619
10120
10845
11016
11703
11763
12299
13540
13598
15752
15781
16001
17630
19034
19420
19486
20550
20934
21491
23440
23949
24124
24745
2865
4251
5269
5635
7619
10120
10845
11016
11703
11763
12299
13540
13598
15752
15781
16001
17630
19034
19420
19486
20550
20934
21491
23440
23949
24124
28423
28423
28423
28423
28423
28423
28423
28423
28423
28423
28423
28423
28423
4251
4251
4251
4251
4251
4251
4251
4251
4251
4251
5269
5269
5269
5269
5269
5269
5269
5269
5269
5269
10120
10120
10120
10120
10120
10120
10120
10120
10120
10120
10845
10845
10845
10845
10845
10845
10845
10845
10845
10845
11763
11763
11763
11763
11763
11763
11763
11763
11763
11763
13598
13598
13598
13598
13598
13598
13598
13598
13598
13598
15057
15752
15752
15752
15752
15752
15752
15752
15752
15752
15752
16110
17501
17501
17501
2865
4251
5269
5635
7619
10120
10845
11016
11703
11763
12299
13540
13598
15752
15781
16001
17630
17833
17833
18654
18654
18654
2865
4251
5269
5635
7619
10120
10845
11016
11703
11763
12299
13540
13598
15752
15781
16001
17630
18654
18654
2865
4251
5269
5635
7619
10120
10845
11016
11703
11763
12299
13540
13598
15752
15781
16001
17630
19034
19034
19034
19034
19034
19034
19034
19034
19034
19034
19034
19034
19034
19420
19420
19420
19486
19486
19486
20172
20172
20172
20550
20550
20550
20550
20550
20550
20550
20550
20550
20550
20550
20550
20550
20847
20847
20847
2865
4251
5269
5635
7619
10120
10845
11016
11703
11763
12299
13540
13598
15752
15781
16001
17630
19034
19420
19486
20550
20847
20847
2865
4251
5269
5635
7619
10120
10845
11016
11703
11763
12299
13540
13598
15752
15781
16001
17630
19034
19420
19486
20550
20847
20847
2865
4251
5269
5635
7619
10120
10845
11016
11703
11763
12299
13540
13598
15752
15781
16001
17630
19034
19420
19486
20550
20934
20934
20934
20934
20934
20934
20934
20934
20934
20934
20934
20934
20934
20934
20934
20934
21485
21485
21485
21485
21491
21491
21491
21491
21491
21491
23440
23440
23440
23440
23440
23440
23440
23440
23440
23440
23440
23440
23440
23440
23440
23440
23949
23949
23949
23949
23949
23949
24020
24020
24020
2865
4251
5269
5635
7619
10120
10845
11016
11703
11763
12299
13540
13598
15752
15781
16001
17630
19034
19420
19486
20550
20934
21491
23440
23949
24020
24020
2865
4251
5269
5635
7619
10120
10845
11016
11703
11763
12299
13540
13598
15752
15781
16001
17630
19034
19420
19486
20550
20934
21491
23440
23949
24020
24020
2865
4251
5269
5635
7619
10120
10845
11016
11703
11763
12299
13540
13598
15752
15781
16001
17630
19034
19420
19486
20550
20934
21491
23440
23949
24020
24020
2865
4251
5269
5635
7619
10120
10845
11016
11703
11763
12299
13540
13598
15752
15781
16001
17630
19034
19420
19486
20550
20934
21491
23440
23949
24124
24124
24124
24124
24124
24124
24124
24124
24124
24124
24136
24136
24136
24136
24136
24745
2865
4251
5269
5635
7619
10120
10845
11016
11703
11763
12299
13540
13598
15752
15781
16001
17630
19034
19420
19486
20550
20934
21491
23440
23949
24124
24745
2865
4251
5269
5635
7619
10120
10845
11016
11703
11763
12299
13540
13598
15752
15781
16001
17630
19034
19420
19486
20550
20934
21491
23440
23949
24124
24745
2865
4251
5269
5635
7619
10120
10845
11016
11703
11763
12299
13540
13598
15752
15781
16001
17630
19034
19420
19486
20550
20934
21491
23440
23949
24124
24745
2865
4251
5269
5635
7619
10120
10845
11016
11703
11763
12299
13540
13598
15752
15781
16001
17630
19034
19420
19486
20550
20934
21491
23440
23949
24124
24745
2865
4251
5269
5635
7619
10120
10845
11016
11703
11763
12299
13540
13598
15752
15781
16001
17630
19034
19420
19486
20550
20934
21491
23440
23949
24124
28423
28423
28423
28423
28423
28423
28423
28423
28423
28423
28423
28423
28423
28423
28423
28423
28423
28423
28423
28423
28423
28423
28423
28423
28423
29053
29053
29053
29053
29053
29053
29053
29053
29053
29053
29053
29053
29053
29053
29053
29438
29438
29438
29438
29438
29438
29438
29438
29438
29438
29438
29438
29438
29438
29438
30183
30183
30183
30183
30183
30183
30183
30183
30183
30183
30183
30183
30183
30183
30183
31355
31355
31355
31355
31355
31355
31355
31355
31355
31355
31355
31355
31355
31355
31355
32101
32101
32101
32101
32101
32101
32101
32101
32101
32101
32101
32101
32101
32101
32101
32277
32277
32277
32277
32277
32277
32277
32277
32277
32277
32277
32277
32277
32277
32277
33808
33808
33808
33808
33808
33808
33808
33808
33808
33808
33808
33808
33808
33808
33808
34282
34282
34282
34282
34282
34282
34282
34282
34282
34282
34282
34282
34282
34282
34282
34307
34307
34307
34307
34307
34307
34307
34307
34307
34307
34307
34307
34307
34307
34307
34307
34307
34307
34307
34307
34307
34307
34307
34307
4251
4251
4251
4251
4251
4251
4251
4251
4251
4251
4251
4251
4251
4251
4251
4251
4251
4251
4251
4251
4251
4251
4251
4251
4251
4251
4251
4251
4251
4251
4251
4251
4251
4251
4251
4251
4251
4251
4251
4251
4251
4251
4251
4251
4251
5269
5269
5269
5269
5269
5269
5269
5269
5269
5269
5269
5269
5269
5269
5269
5269
5269
5269
5269
5269
5269
5269
5269
5269
5269
5269
5269
5269
5269
5269
5269
5269
5269
5269
5269
5269
5269
5269
5269
5269
5269
5269
5269
5269
5269
10120
10120
10120
10120
10120
10120
10120
10120
10120
10120
10120
10120
10120
10120
10120
10120
10120
10120
10120
10120
10120
10120
10120
10120
10120
10120
10120
10120
10120
10120
10120
10120
10120
10120
10120
10120
10120
10120
10120
10120
10120
10120
10120
10120
10120
10845
10845
10845
10845
10845
10845
10845
10845
10845
10845
10845
10845
10845
10845
10845
10845
10845
10845
10845
10845
10845
10845
10845
10845
10845
10845
10845
10845
10845
10845
10845
10845
10845
10845
10845
10845
10845
10845
10845
10845
10845
10845
10845
10845
10845
11763
11763
11763
11763
11763
11763
11763
11763
11763
11763
11763
11763
11763
11763
11763
11763
11763
11763
11763
11763
11763
11763
11763
11763
11763
11763
11763
11763
11763
11763
11763
11763
11763
11763
11763
11763
11763
11763
11763
11763
11763
11763
11763
11763
11763
13598
13598
13598
13598
13598
13598
13598
13598
13598
13598
13598
13598
13598
13598
13598
13598
13598
13598
13598
13598
13598
13598
13598
13598
13598
13598
13598
13598
13598
13598
13598
13598
13598
13598
13598
13598
13598
13598
13598
13598
13598
13598
13598
13598
13598
15752
15752
15752
15752
15752
15752
15752
15752
15752
15752
15752
15752
15752
15752
15752
15752
15752
15752
15752
15752
15752
15752
15752
15752
15752
15752
15752
15752
15752
15752
15752
15752
15752
15752
15752
15752
15752
15752
15752
15752
15752
15752
15752
15752
15752
17501
17833
18654
18654
18654
18654
2865
4251
5269
5635
7619
10120
10845
11016
11703
11763
12299
13540
13598
15752
15781
16001
17630
19034
19034
19034
19034
19034
19034
19034
19034
19034
19034
19034
19034
19034
19034
19034
19034
19034
19034
19034
19034
19034
19034
19034
19034
19034
19034
19034
19034
19034
19034
19034
19034
19034
19034
19034
19034
19034
19034
19034
19034
19034
19034
19034
19034
19034
19034
19420
19486
20172
20172
20172
20550
20550
20550
20550
20550
20550
20550
20550
20550
20550
20550
20550
20550
20550
20550
20550
20550
20550
20550
20550
20550
20550
20550
20550
20550
20550
20550
20550
20550
20550
20550
20550
20550
20550
20550
20550
20550
20550
20550
20550
20550
20550
20550
20550
20550
20550
20847
20847
20847
20847
2865
4251
5269
5635
7619
10120
10845
11016
11703
11763
12299
13540
13598
15752
15781
16001
17630
19034
19420
19486
20550
20847
20847
20847
2865
4251
5269
5635
7619
10120
10845
11016
11703
11763
12299
13540
13598
15752
15781
16001
17630
19034
19420
19486
20550
20847
20847
2865
4251
5269
5635
7619
10120
10845
11016
11703
11763
12299
13540
13598
15752
15781
16001
17630
19034
19420
19486
20550
20934
20934
20934
20934
20934
20934
20934
20934
20934
20934
20934
20934
20934
20934
20934
20934
20934
20934
20934
20934
20934
20934
20934
20934
20934
20934
20934
20934
20934
20934
20934
20934
20934
20934
20934
20934
20934
20934
20934
20934
20934
20934
20934
20934
20934
20934
20934
20934
20934
21485
21485
21485
21485
21485
21485
21491
21491
21491
21491
23440
23440
23440
23440
23440
23440
23440
23440
23440
23440
23440
23440
23440
23440
23440
23440
23440
23440
23440
23440
23440
23440
23440
23440
23440
23440
23440
23440
23440
23440
23440
23440
23440
23440
23440
23440
23440
23440
23440
23440
23440
23440
23440
23440
23440
23440
23440
23440
23440
23949
23949
23949
23949
24020
24020
24020
24020
2865
4251
5269
5635
7619
10120
10845
11016
11703
11763
12299
13540
13598
15752
15781
16001
17630
19034
19420
19486
20550
20934
21491
23440
23949
24020
24020
24020
2865
4251
5269
5635
7619
10120
10845
11016
11703
11763
12299
13540
13598
15752
15781
16001
17630
19034
19420
19486
20550
20934
21491
23440
23949
24020
24020
2865
4251
5269
5635
7619
10120
10845
11016
11703
11763
12299
13540
13598
15752
15781
16001
17630
19034
19420
19486
20550
20934
21491
23440
23949
24020
24020
24020
2865
4251
5269
5635
7619
10120
10845
11016
4251
4251
4251
4251
4251
4251
4251
4251
4251
4251
4251
4251
4251
4251
4251
4251
4251
4251
4251
4251
4251
4251
4251
4251
4251
4251
4251
4251
4251
4251
4251
4251
4251
4251
4251
4251
5269
5269
5269
5269
5269
5269
5269
5269
5269
5269
5269
5269
5269
5269
5269
5269
5269
5269
5269
5269
5269
5269
5269
5269
5269
5269
5269
5269
5269
5269
5269
5269
5269
5269
5269
5269
10120
10120
10120
10120
10120
10120
10120
10120
10120
10120
10120
10120
10120
10120
10120
10120
10120
10120
10120
10120
10120
10120
10120
10120
10120
10120
10120
10120
10120
10120
10120
10120
10120
10120
10120
10120
10845
10845
10845
10845
10845
10845
10845
10845
10845
10845
10845
10845
10845
10845
10845
10845
10845
10845
10845
10845
10845
10845
10845
10845
10845
10845
10845
10845
10845
10845
10845
10845
10845
10845
10845
10845
11763
11763
11763
11763
11763
11763
11763
11763
11763
11763
11763
11763
11763
11763
11763
11763
11763
11763
11763
11763
11763
11763
11763
11763
11763
11763
11763
11763
11763
11763
11763
11763
11763
11763
11763
11763
13598
13598
13598
13598
13598
13598
13598
13598
13598
13598
13598
13598
13598
13598
13598
13598
13598
13598
13598
13598
13598
13598
13598
13598
13598
13598
13598
13598
13598
13598
13598
13598
13598
13598
13598
13598
15752
15752
15752
15752
15752
15752
15752
15752
15752
15752
15752
15752
15752
15752
15752
15752
15752
15752
15752
15752
15752
15752
15752
15752
15752
15752
15752
15752
15752
15752
15752
15752
15752
15752
15752
15752
18654
19034
19034
19034
19034
19034
19034
19034
19034
19034
19034
19034
19034
19034
19034
19034
19034
19034
19034
19034
19034
19034
19034
19034
19034
19034
19034
19034
19034
19034
19034
19034
19034
19034
19034
19034
19034
20172
20550
20550
20550
20550
20550
20550
20550
20550
20550
20550
20550
20550
20550
20550
20550
20550
20550
20550
20550
20550
20550
20550
20550
20550
20550
20550
20550
20550
20550
20550
20550
20550
20550
20550
20550
20550
20847
20847
20847
20847
2865
4251
5269
5635
7619
10120
10845
11016
11703
11763
12299
13540
13598
15752
15781
16001
17630
19034
19420
19486
20550
20934
20934
20934
20934
20934
20934
20934
20934
20934
20934
20934
20934
20934
20934
20934
20934
20934
20934
20934
20934
20934
20934
20934
20934
20934
20934
20934
20934
20934
20934
20934
20934
20934
20934
20934
20934
20934
21485
21485
21485
21491
23440
23440
23440
23440
23440
23440
23440
23440
23440
23440
23440
23440
23440
23440
23440
23440
23440
23440
23440
23440
23440
23440
23440
23440
23440
23440
23440
23440
23440
23440
23440
23440
23440
23440
23440
23440
23440
23949
24020
24020
24020
24020
2865
4251
5269
5635
7619
10120
10845
11016
11703
11763
12299
13540
13598
15752
15781
16001
17630
19034
19420
19486
20550
20934
21491
23440
23949
24020
24020
24020
2865
4251
5269
5635
7619
10120
10845
11016
11703
11763
12299
13540
13598
15752
15781
16001
17630
19034
19420
19486
20550
20934
21491
23440
23949
24020
24020
2865
4251
5269
5635
7619
10120
10845
11016
11703
11763
12299
13540
13598
15752
15781
16001
17630
19034
19420
19486
20550
20934
21491
23440
23949
24124
24124
24124
24124
24136
24136
24136
24136
24136
24136
24745
2865
4251
5269
5635
7619
10120
10845
11016
11703
11763
12299
13540
13598
15752
15781
16001
17630
19034
19420
19486
20550
20934
21491
23440
23949
24124
24745
2865
4251
5269
5635
7619
10120
10845
11016
11703
11763
12299
13540
13598
15752
15781
16001
17630
19034
19420
19486
20550
20934
21491
23440
23949
24124
24745
2865
4251
5269
5635
7619
10120
10845
11016
11703
11763
12299
13540
13598
15752
15781
16001
17630
19034
19420
19486
20550
20934
21491
23440
23949
24124
24745
2865
4251
5269
5635
7619
10120
10845
11016
11703
11763
12299
13540
13598
15752
15781
16001
17630
19034
19420
19486
20550
20934
21491
23440
23949
24124
24745
2865
4251
5269
5635
7619
10120
10845
11016
11703
11763
12299
13540
13598
15752
15781
16001
17630
19034
19420
19486
20550
20934
21491
23440
23949
24124
24745
2865
4251
5269
5635
7619
10120
10845
11016
11703
11763
12299
13540
13598
15752
15781
16001
17630
19034
19420
19486
20550
20934
21491
23440
23949
24124
28423
28423
28423
28423
28423
28423
28423
28423
28423
28423
28423
28423
28423
28423
28423
28423
28423
28423
28423
28423
28423
28423
28423
28423
28423
28423
28423
28423
4251
4251
4251
4251
4251
4251
4251
4251
4251
4251
4251
4251
4251
4251
4251
4251
4251
4251
4251
4251
4251
4251
4251
4251
4251
4251
4251
4251
4251
4251
4251
4251
4251
4251
4251
4251
4251
4251
4251
4251
4251
4251
4251
4251
4251
4251
4251
4251
4251
4251
4251
4251
4251
4251
4251
4251
4251
4251
4251
4251
4251
4251
4251
4251
4251
4251
4251
4251
4251
4251
4251
4251
4251
4251
4251
4251
4251
4251
4251
4251
4251
4251
4251
4251
5269
5269
5269
5269
5269
5269
5269
5269
5269
5269
5269
5269
5269
5269
5269
5269
5269
5269
5269
5269
5269
5269
5269
5269
5269
5269
5269
5269
5269
5269
5269
5269
5269
5269
5269
5269
5269
5269
5269
5269
5269
5269
5269
5269
5269
5269
5269
5269
5269
5269
5269
5269
5269
5269
5269
5269
5269
5269
5269
5269
5269
5269
5269
5269
5269
5269
5269
5269
5269
5269
5269
5269
5269
5269
5269
5269
5269
5269
5269
5269
5269
5269
5269
5269
10120
10120
10120
10120
10120
10120
10120
10120
10120
10120
10120
10120
10120
10120
10120
10120
10120
10120
10120
10120
10120
10120
10120
10120
10120
10120
10120
10120
10120
10120
10120
10120
10120
10120
10120
10120
10120
10120
10120
10120
10120
10120
10120
10120
10120
10120
10120
10120
10120
10120
10120
10120
10120
10120
10120
10120
10120
10120
10120
10120
10120
10120
10120
10120
10120
10120
10120
10120
10120
10120
10120
10120
10120
10120
10120
10120
10120
10120
10120
10120
10120
10120
10120
10120
10845
10845
10845
10845
10845
10845
10845
10845
10845
10845
10845
10845
10845
10845
10845
10845
10845
10845
10845
10845
10845
10845
10845
10845
10845
10845
10845
10845
10845
10845
10845
10845
10845
10845
10845
10845
10845
10845
10845
10845
10845
10845
10845
10845
10845
10845
10845
10845
10845
10845
10845
10845
10845
10845
10845
10845
10845
10845
10845
10845
10845
10845
10845
10845
10845
10845
10845
10845
10845
10845
10845
10845
10845
10845
10845
10845
10845
10845
10845
10845
10845
10845
10845
10845
11763
11763
11763
11763
11763
11763
11763
11763
11763
11763
11763
11763
11763
11763
11763
11763
11763
11763
11763
11763
11763
11763
11763
11763
11763
11763
11763
11763
11763
11763
11763
11763
11763
11763
11763
11763
11763
11763
11763
11763
11763
11763
11763
11763
11763
11763
11763
11763
11763
11763
11763
11763
11763
11763
11763
11763
11763
11763
11763
11763
11763
11763
11763
11763
11763
11763
11763
11763
11763
11763
11763
11763
11763
11763
11763
11763
11763
11763
11763
11763
11763
11763
11763
11763
13598
13598
13598
13598
13598
13598
13598
13598
13598
13598
13598
13598
13598
13598
13598
13598
13598
13598
13598
13598
13598
13598
13598
13598
13598
13598
13598
13598
13598
13598
13598
13598
13598
13598
13598
13598
13598
13598
13598
13598
13598
13598
13598
13598
13598
13598
13598
13598
13598
13598
13598
13598
13598
13598
13598
13598
13598
13598
13598
13598
13598
13598
13598
13598
13598
13598
13598
13598
13598
13598
13598
13598
13598
13598
13598
13598
13598
13598
13598
13598
13598
13598
13598
13598
15752
15752
15752
15752
15752
15752
15752
15752
15752
15752
15752
15752
15752
15752
15752
15752
15752
15752
15752
15752
15752
15752
15752
15752
15752
15752
15752
15752
15752
15752
15752
15752
15752
15752
15752
15752
15752
15752
15752
15752
15752
15752
15752
15752
15752
15752
15752
15752
15752
15752
15752
15752
15752
15752
15752
15752
15752
15752
15752
15752
15752
15752
15752
15752
15752
15752
15752
15752
15752
15752
15752
15752
15752
15752
15752
15752
15752
15752
15752
15752
15752
15752
15752
15752
19034
19034
19034
19034
19034
19034
19034
19034
19034
19034
19034
19034
19034
19034
19034
19034
19034
19034
19034
19034
19034
19034
19034
19034
19034
19034
19034
19034
19034
19034
19034
19034
19034
19034
19034
19034
19034
19034
19034
19034
19034
19034
19034
19034
19034
19034
19034
19034
19034
19034
19034
19034
19034
19034
19034
19034
19034
19034
19034
19034
19034
19034
19034
19034
19034
19034
19034
19034
19034
19034
19034
19034
19034
19034
19034
19034
19034
19034
19034
19034
19034
19034
19034
19034
20550
20550
20550
20550
20550
20550
20550
20550
20550
20550
20550
20550
20550
20550
20550
20550
20550
20550
20550
20550
20550
20550
20550
20550
20550
20550
20550
20550
20550
20550
20550
20550
20550
20550
20550
20550
20550
20550
20550
20550
20550
20550
4251
4251
4251
4251
4251
4251
4251
4251
4251
4251
4251
4251
4251
4251
4251
4251
4251
4251
4251
4251
4251
4251
4251
4251
4251
4251
4251
4251
4251
4251
4251
4251
4251
4251
4251
4251
4251
4251
4251
4251
4251
4251
4251
4251
4251
4251
4251
4251
4251
4251
4251
4251
4251
4251
4251
4251
5269
5269
5269
5269
5269
5269
5269
5269
5269
5269
5269
5269
5269
5269
5269
5269
5269
5269
5269
5269
5269
5269
5269
5269
5269
5269
5269
5269
5269
5269
5269
5269
5269
5269
5269
5269
5269
5269
5269
5269
5269
5269
5269
5269
5269
5269
5269
5269
5269
5269
5269
5269
5269
5269
5269
5269
10120
10120
10120
10120
10120
10120
10120
10120
10120
10120
10120
10120
10120
10120
10120
10120
10120
10120
10120
10120
10120
10120
10120
10120
10120
10120
10120
10120
10120
10120
10120
10120
10120
10120
10120
10120
10120
10120
10120
10120
10120
10120
10120
10120
10120
10120
10120
10120
10120
10120
10120
10120
10120
10120
10120
10120
10845
10845
10845
10845
10845
10845
10845
10845
10845
10845
10845
10845
10845
10845
10845
10845
10845
10845
10845
10845
10845
10845
10845
10845
10845
10845
10845
10845
10845
10845
10845
10845
10845
10845
10845
10845
10845
10845
10845
10845
10845
10845
10845
10845
10845
10845
10845
10845
10845
10845
10845
10845
10845
10845
10845
10845
11763
11763
11763
11763
11763
11763
11763
11763
11763
11763
11763
11763
11763
11763
11763
11763
11763
11763
11763
11763
11763
11763
11763
11763
11763
11763
11763
11763
11763
11763
11763
11763
11763
11763
11763
11763
11763
11763
11763
11763
11763
11763
11763
11763
11763
11763
11763
11763
11763
11763
11763
11763
11763
11763
11763
11763
13598
13598
13598
13598
13598
13598
13598
13598
13598
13598
13598
13598
13598
13598
13598
13598
13598
13598
13598
13598
13598
13598
13598
13598
13598
13598
13598
13598
13598
13598
13598
13598
13598
13598
13598
13598
13598
13598
13598
13598
13598
13598
13598
13598
13598
13598
13598
13598
13598
13598
13598
13598
13598
13598
13598
13598
15752
15752
15752
15752
15752
15752
15752
15752
15752
15752
15752
15752
15752
15752
15752
15752
15752
15752
15752
15752
15752
15752
15752
15752
15752
15752
15752
15752
15752
15752
15752
15752
15752
15752
15752
15752
15752
15752
15752
15752
15752
15752
15752
15752
15752
15752
15752
15752
15752
15752
15752
15752
15752
15752
15752
15752
19034
19034
19034
19034
19034
19034
19034
19034
19034
19034
19034
19034
19034
19034
19034
19034
19034
19034
19034
19034
19034
19034
19034
19034
19034
19034
19034
19034
19034
19034
19034
19034
19034
19034
19034
19034
19034
19034
19034
19034
19034
19034
19034
19034
19034
19034
19034
19034
19034
19034
19034
19034
19034
19034
19034
19034
20550
20550
20550
20550
20550
20550
20550
20550
20550
20550
20550
20550
20550
20550
20550
20550
20550
20550
20550
20550
20550
20550
20550
20550
20550
20550
20550
20550
20550
20550
20550
20550
20550
20550
20550
20550
20550
20550
20550
20550
20550
20550
20550
20550
20550
20550
20550
20550
20550
20550
20550
20550
20550
20550
20550
20550
20934
20934
20934
20934
20934
20934
20934
20934
20934
20934
20934
20934
20934
20934
20934
20934
20934
20934
20934
20934
20934
20934
20934
20934
20934
20934
20934
20934
20934
20934
20934
20934
20934
20934
20934
20934
20934
20934
20934
20934
20934
20934
20934
20934
20934
20934
20934
20934
20934
20934
20934
20934
20934
20934
20934
20934
23440
23440
23440
23440
23440
23440
23440
23440
23440
23440
23440
23440
23440
23440
23440
23440
23440
23440
23440
23440
23440
23440
23440
23440
23440
23440
23440
23440
23440
23440
23440
23440
23440
23440
23440
23440
23440
23440
23440
23440
23440
23440
23440
23440
23440
23440
23440
23440
23440
23440
23440
23440
23440
23440
23440
23440
24020
24136
24745
2865
4251
5269
5635
7619
10120
10845
11016
11703
11763
12299
13540
13598
15752
15781
16001
17630
19034
19420
19486
20550
20934
21491
23440
23949
24124
28423
28423
28423
28423
28423
28423
28423
28423
28423
28423
28423
28423
28423
28423
28423
28423
28423
28423
28423
28423
28423
28423
28423
28423
28423
28423
28423
28423
28423
28423
28423
28423
28423
28423
28423
28423
28423
28423
28423
28423
28423
28423
28423
28423
28423
28423
28423
28423
28423
28423
28423
28423
28423
28423
28423
28423
28423
29053
29438
30183
31355
32101
32277
33808
34282
34307
34307
34307
34307
4251
4251
4251
4251
4251
4251
4251
4251
4251
4251
4251
4251
4251
4251
4251
4251
4251
4251
4251
4251
4251
4251
4251
4251
4251
4251
4251
4251
4251
4251
4251
4251
4251
4251
4251
4251
4251
4251
4251
4251
4251
4251
4251
4251
4251
4251
4251
4251
4251
4251
4251
4251
4251
4251
4251
4251
4251
4251
4251
4251
4251
4251
4251
4251
4251
4251
4251
4251
4251
4251
5269
5269
5269
5269
5269
5269
5269
5269
5269
5269
5269
5269
5269
5269
5269
5269
5269
5269
5269
5269
5269
5269
5269
5269
5269
5269
5269
5269
5269
5269
5269
5269
5269
5269
5269
5269
5269
5269
5269
5269
5269
5269
5269
5269
5269
5269
5269
5269
5269
5269
5269
5269
5269
5269
5269
5269
5269
5269
5269
5269
5269
5269
5269
5269
5269
5269
5269
5269
5269
5269
10120
10120
10120
10120
10120
10120
10120
10120
10120
10120
10120
10120
10120
10120
10120
10120
10120
10120
10120
10120
10120
10120
10120
10120
10120
10120
10120
10120
10120
10120
10120
10120
10120
10120
10120
10120
10120
10120
10120
10120
10120
10120
10120
10120
10120
10120
10120
10120
10120
10120
10120
10120
10120
10120
10120
10120
10120
10120
10120
10120
10120
10120
10120
10120
10120
10120
10120
10120
10120
10120
10845
10845
10845
10845
10845
10845
10845
10845
10845
10845
10845
10845
10845
10845
10845
10845
10845
10845
10845
10845
10845
10845
10845
10845
10845
10845
10845
10845
10845
10845
10845
10845
10845
10845
10845
10845
10845
10845
10845
10845
10845
10845
10845
10845
10845
10845
10845
10845
10845
10845
10845
10845
10845
10845
10845
10845
10845
10845
10845
10845
10845
10845
10845
10845
10845
10845
10845
10845
10845
10845
11763
11763
11763
11763
11763
11763
11763
11763
11763
11763
11763
11763
11763
11763
11763
11763
11763
11763
11763
11763
11763
11763
11763
11763
11763
11763
11763
11763
11763
11763
11763
11763
11763
11763
11763
11763
11763
11763
11763
11763
11763
11763
11763
11763
11763
11763
11763
11763
11763
11763
11763
11763
11763
11763
11763
11763
11763
11763
11763
11763
11763
11763
11763
11763
11763
11763
11763
11763
11763
11763
13598
13598
13598
13598
13598
13598
13598
13598
13598
13598
13598
13598
13598
13598
13598
13598
13598
13598
13598
13598
13598
13598
13598
13598
13598
13598
13598
13598
13598
13598
13598
13598
13598
13598
13598
13598
13598
13598
13598
13598
13598
13598
13598
13598
13598
13598
13598
13598
13598
13598
13598
13598
13598
13598
13598
13598
13598
13598
13598
13598
13598
13598
13598
13598
13598
13598
13598
13598
13598
13598
15752
15752
15752
15752
15752
15752
15752
15752
15752
15752
15752
15752
15752
15752
15752
15752
15752
15752
15752
15752
15752
15752
15752
15752
15752
15752
15752
15752
15752
15752
15752
15752
15752
15752
15752
15752
15752
15752
15752
15752
15752
15752
15752
15752
15752
15752
15752
15752
15752
15752
15752
15752
15752
15752
15752
15752
15752
15752
15752
15752
15752
15752
15752
15752
15752
15752
15752
15752
15752
15752
19034
19034
19034
19034
19034
19034
19034
19034
19034
19034
19034
19034
19034
19034
19034
19034
19034
19034
19034
19034
19034
19034
19034
19034
19034
19034
19034
19034
19034
19034
19034
19034
19034
19034
19034
19034
19034
19034
19034
19034
19034
19034
19034
19034
19034
19034
19034
19034
19034
19034
19034
19034
19034
19034
19034
19034
19034
19034
19034
19034
19034
19034
19034
19034
19034
19034
19034
19034
19034
19034
20550
20550
20550
20550
20550
20550
20550
20550
20550
20550
20550
20550
20550
20550
20550
20550
20550
20550
20550
20550
20550
20550
20550
20550
20550
20550
20550
20550
20550
20550
20550
20550
20550
20550
20550
20550
20550
20550
20550
20550
20550
20550
20550
20550
20550
20550
20550
20550
20550
20550
20550
20550
20550
20550
20550
20550
20550
20550
20550
20550
20550
20550
20550
20550
20550
20550
20550
20550
20550
20550
20934
20934
20934
20934
20934
20934
20934
20934
20934
20934
20934
20934
20934
20934
20934
20934
20934
20934
20934
20934
20934
20934
20934
20934
20934
20934
20934
20934
20934
20934
20934
20934
20934
20934
20934
20934
20934
20934
20934
20934
20934
20934
20934
20934
20934
20934
20934
20934
20934
20934
20934
20934
20934
20934
20934
20934
20934
20934
20934
20934
20934
20934
20934
20934
20934
20934
20934
20934
20934
20934
23440
23440
23440
23440
23440
23440
23440
23440
23440
23440
23440
23440
23440
23440
4251
4251
4251
4251
4251
4251
4251
4251
4251
4251
4251
4251
4251
4251
4251
4251
4251
4251
4251
4251
4251
4251
4251
4251
4251
4251
4251
4251
4251
4251
4251
4251
4251
4251
4251
5269
5269
5269
5269
5269
5269
5269
5269
5269
5269
5269
5269
5269
5269
5269
5269
5269
5269
5269
5269
5269
5269
5269
5269
5269
5269
5269
5269
5269
5269
5269
5269
5269
5269
5269
10120
10120
10120
10120
10120
10120
10120
10120
10120
10120
10120
10120
10120
10120
10120
10120
10120
10120
10120
10120
10120
10120
10120
10120
10120
10120
10120
10120
10120
10120
10120
10120
10120
10120
10120
10845
10845
10845
10845
10845
10845
10845
10845
10845
10845
10845
10845
10845
10845
10845
10845
10845
10845
10845
10845
10845
10845
10845
10845
10845
10845
10845
10845
10845
10845
10845
10845
10845
10845
10845
11763
11763
11763
11763
11763
11763
11763
11763
11763
11763
11763
11763
11763
11763
11763
11763
11763
11763
11763
11763
11763
11763
11763
11763
11763
11763
11763
11763
11763
11763
11763
11763
11763
11763
11763
13598
13598
13598
13598
13598
13598
13598
13598
13598
13598
13598
13598
13598
13598
13598
13598
13598
13598
13598
13598
13598
13598
13598
13598
13598
13598
13598
13598
13598
13598
13598
13598
13598
13598
13598
15752
15752
15752
15752
15752
15752
15752
15752
15752
15752
15752
15752
15752
15752
15752
15752
15752
15752
15752
15752
15752
15752
15752
15752
15752
15752
15752
15752
15752
15752
15752
15752
15752
15752
15752
19034
19034
19034
19034
19034
19034
19034
19034
19034
19034
19034
19034
19034
19034
19034
19034
19034
19034
19034
19034
19034
19034
19034
19034
19034
19034
19034
19034
19034
19034
19034
19034
19034
19034
19034
20550
20550
20550
20550
20550
20550
20550
20550
20550
20550
20550
20550
20550
20550
20550
20550
20550
20550
20550
20550
20550
20550
20550
20550
20550
20550
20550
20550
20550
20550
20550
20550
20550
20550
20550
20934
20934
20934
20934
20934
20934
20934
20934
20934
20934
20934
20934
20934
20934
20934
20934
20934
20934
20934
20934
20934
20934
20934
20934
20934
20934
20934
20934
20934
20934
20934
20934
20934
20934
20934
23440
23440
23440
23440
23440
23440
23440
23440
23440
23440
23440
23440
23440
23440
23440
23440
23440
23440
23440
23440
23440
23440
23440
23440
23440
23440
23440
23440
23440
23440
23440
23440
23440
23440
23440
28423
28423
28423
28423
28423
28423
28423
28423
28423
28423
28423
28423
28423
28423
28423
28423
28423
28423
28423
28423
28423
28423
28423
28423
28423
28423
28423
28423
28423
28423
28423
28423
28423
28423
28423
34307
34307
34307
34307
34307
34307
34307
34307
34307
34307
34307
34307
34307
34307
34307
34307
34307
34307
34307
34307
34307
34307
34307
34307
34307
34307
34307
34307
34307
34307
34307
34307
34307
34307
34307
34979
34979
34979
34979
34979
34979
34979
34979
34979
34979
34979
34979
34979
34979
34979
34979
34979
34979
34979
34979
34979
34979
34979
34979
34979
34979
34979
34979
34979
34979
34979
34979
34979
34979
34979
35928
35928
35928
35928
35928
35928
35928
35928
35928
35928
35928
35928
35928
35928
35928
35928
35928
35928
35928
35928
35928
35928
35928
35928
35928
35928
35928
35928
35928
35928
35928
35928
35928
35928
35928
37392
37392
37392
37392
37392
37392
37392
37392
37392
37392
37392
37392
37392
37392
37392
37392
37392
37392
37392
37392
37392
37392
37392
37392
37392
37392
37392
37392
37392
37392
37392
37392
37392
37392
37392
38829
38829
38829
38829
38829
38829
38829
38829
38829
38829
38829
38829
38829
38829
38829
38829
38829
38829
38829
38829
38829
38829
38829
38829
38829
38829
38829
38829
38829
38829
38829
38829
38829
38829
38829
39758
39758
39758
39758
39758
39758
39758
39758
39758
39758
39758
39758
39758
39758
39758
39758
39758
39758
39758
39758
39758
39758
39758
39758
39758
39758
39758
39758
39758
39758
39758
39758
39758
39758
39758
41159
41159
41159
41159
41159
41159
41159
41159
41159
41159
41159
41159
41159
41159
41159
41159
41159
41159
41159
41159
41159
41159
41159
41159
41159
41159
41159
41159
41159
41159
41159
41159
41159
41159
41159
44353
44353
44353
44353
44353
44353
44353
44353
44353
44353
44353
44353
44353
44353
44353
44353
44353
44353
44353
44353
44353
44353
44353
44353
44353
44353
44353
44353
44353
44353
44353
44353
44353
44353
44353
44526
44526
44526
44526
44526
44526
44526
44526
44526
44526
44526
44526
44526
44526
4251
4251
4251
4251
4251
4251
4251
4251
4251
4251
4251
4251
4251
4251
4251
4251
4251
4251
4251
4251
4251
5269
5269
5269
5269
5269
5269
5269
5269
5269
5269
5269
5269
5269
5269
5269
5269
5269
5269
5269
5269
5269
10120
10120
10120
10120
10120
10120
10120
10120
10120
10120
10120
10120
10120
10120
10120
10120
10120
10120
10120
10120
10120
10845
10845
10845
10845
10845
10845
10845
10845
10845
10845
10845
10845
10845
10845
10845
10845
10845
10845
10845
10845
10845
11763
11763
11763
11763
11763
11763
11763
11763
11763
11763
11763
11763
11763
11763
11763
11763
11763
11763
11763
11763
11763
13598
13598
13598
13598
13598
13598
13598
13598
13598
13598
13598
13598
13598
13598
13598
13598
13598
13598
13598
13598
13598
15752
15752
15752
15752
15752
15752
15752
15752
15752
15752
15752
15752
15752
15752
15752
15752
15752
15752
15752
15752
15752
19034
19034
19034
19034
19034
19034
19034
19034
19034
19034
19034
19034
19034
19034
19034
19034
19034
19034
19034
19034
19034
20550
20550
20550
20550
20550
20550
20550
20550
20550
20550
20550
20550
20550
20550
20550
20550
20550
20550
20550
20550
20550
20934
20934
20934
20934
20934
20934
20934
20934
20934
20934
20934
20934
20934
20934
20934
20934
20934
20934
20934
20934
20934
23440
23440
23440
23440
23440
23440
23440
23440
23440
23440
23440
23440
23440
23440
23440
23440
23440
23440
23440
23440
23440
28423
28423
28423
28423
28423
28423
28423
28423
28423
28423
28423
28423
28423
28423
28423
28423
28423
28423
28423
28423
28423
34307
34307
34307
34307
34307
34307
34307
34307
34307
34307
34307
34307
34307
34307
34307
34307
34307
34307
34307
34307
34307
34979
34979
34979
34979
34979
34979
34979
34979
34979
34979
34979
34979
34979
34979
34979
34979
34979
34979
34979
34979
34979
35928
35928
35928
35928
35928
35928
35928
35928
35928
35928
35928
35928
35928
35928
35928
35928
35928
35928
35928
35928
35928
37392
37392
37392
37392
37392
37392
37392
37392
37392
37392
37392
37392
37392
37392
37392
37392
37392
37392
37392
37392
37392
38829
38829
38829
38829
38829
38829
38829
38829
38829
38829
38829
38829
38829
38829
38829
38829
38829
38829
38829
38829
38829
39758
39758
39758
39758
39758
39758
39758
39758
39758
39758
39758
39758
39758
39758
39758
39758
39758
39758
39758
39758
39758
41159
41159
41159
41159
41159
41159
41159
41159
41159
41159
41159
41159
41159
41159
41159
41159
41159
41159
41159
41159
41159
44353
44353
44353
44353
44353
44353
44353
44353
44353
44353
44353
44353
44353
44353
44353
44353
44353
44353
44353
44353
44353
44526
44526
44526
44526
44526
44526
44526
44526
44526
44526
44526
44526
44526
44526
44526
44526
44526
44526
44526
44526
44526
44819
44819
44819
44819
44819
44819
44819
44819
44819
44819
44819
44819
44819
44819
44819
44819
44819
44819
44819
44819
44819
44962
44962
44962
44962
44962
44962
44962
44962
44962
44962
44962
44962
44962
44962
44962
44962
44962
44962
44962
44962
44962
45156
45156
45156
45156
45156
45156
45156
45156
45156
45156
45156
45156
45156
45156
45156
45156
45156
45156
45156
45156
45156
46852
46852
46852
46852
46852
46852
46852
46852
46852
46852
46852
46852
46852
46852
46852
46852
46852
46852
46852
46852
46852
46942
46942
46942
46942
46942
46942
46942
46942
46942
46942
46942
46942
46942
46942
46942
46942
46942
46942
46942
46942
46942
47406
47406
47406
47406
47406
47406
47406
47406
47406
47406
47406
47406
47406
47406
47406
47406
47406
47406
47406
47406
47406
50293
50293
50293
50293
50293
50293
50293
50293
50293
50293
50293
50293
50293
50293
50293
50293
50293
50293
50293
50293
50293
52018
52018
52018
52018
52018
52018
52018
52018
52018
52018
52018
52018
52018
52018
52018
52018
52018
52018
52018
52018
52018
52567
52567
52567
52567
52567
52567
52567
52567
52567
52567
52567
52567
52567
52567
52567
52567
52567
52567
52567
52567
52567
55232
55232
55232
55232
55232
55232
55232
55232
55232
55232
55232
55232
55232
55232
55232
55232
55232
55232
55232
55232
55232
58800
58800
58800
58800
58800
58800
58800
58800
58800
58800
58800
58800
58800
58800
58800
58800
58800
58800
58800
58800
58800
59720
59720
59720
59720
59720
59720
59720
59720
59720
59720
59720
59720
59720
59720
59720
59720
59720
59720
59720
59720
59720
61151
61151
61151
61151
61151
61151
61151
61151
61151
61151
61151
61151
61151
61151
61151
61151
61151
61151
61151
61151
61151
4251
4251
4251
4251
4251
4251
5269
5269
5269
5269
5269
5269
10120
10120
10120
10120
10120
10120
10845
10845
10845
10845
10845
10845
11763
11763
11763
11763
11763
11763
13598
13598
13598
13598
13598
13598
15752
15752
15752
15752
15752
15752
19034
19034
19034
19034
19034
19034
20550
20550
20550
20550
20550
20550
20934
20934
20934
20934
20934
20934
23440
23440
23440
23440
23440
23440
28423
28423
28423
28423
28423
28423
34307
34307
34307
34307
34307
34307
34979
34979
34979
34979
34979
34979
35928
35928
35928
35928
35928
35928
37392
37392
37392
37392
37392
37392
38829
38829
38829
38829
38829
38829
39758
39758
39758
39758
39758
39758
41159
41159
41159
41159
41159
41159
44353
44353
44353
44353
44353
44353
44526
44526
44526
44526
44526
44526
44819
44819
44819
44819
44819
44819
44962
44962
44962
44962
44962
44962
45156
45156
45156
45156
45156
45156
46852
46852
46852
46852
46852
46852
46942
46942
46942
46942
46942
46942
47406
47406
47406
47406
47406
47406
50293
50293
50293
50293
50293
50293
52018
52018
52018
52018
52018
52018
52567
52567
52567
52567
52567
52567
55232
55232
55232
55232
55232
55232
58800
58800
58800
58800
58800
58800
59720
59720
59720
59720
59720
59720
61151
61151
61151
61151
61151
61151
61918
61918
61918
61918
61918
61918
62548
62548
62548
62548
62548
62548
65643
65643
65643
65643
65643
65643
65812
65812
65812
65812
65812
65812
69030
69030
69030
69030
69030
69030
72606
72606
72606
72606
72606
72606
72943
72943
72943
72943
72943
72943
73181
73181
73181
73181
73181
73181
73505
73505
73505
73505
73505
73505
75615
75615
75615
75615
75615
75615
76139
76139
76139
76139
76139
76139
78259
78259
78259
78259
78259
78259
79381
79381
79381
79381
79381
79381
80776
80776
80776
80776
80776
80776
80830
80830
80830
80830
80830
80830
82460
82460
82460
82460
82460
82460
83304
83304
83304
83304
83304
83304
85972
85972
85972
85972
85972
85972
87711
87711
87711
87711
87711
87711
87928
87928
87928
87928
87928
87928
88208
88208
88208
88208
88208
88208
89128
89128
89128
89128
89128
89128
90023
90023
90023
90023
90023
90023
90200
90200
90200
90200
90200
90200
90987
90987
90987
90987
90987
90987
91042
91042
91042
91042
91042
91042
91686
91686
91686
91686
91686
91686
92923
92923
92923
92923
92923
92923
93152
93152
93152
93152
93152
93152
95475
95475
95475
95475
95475
95475
96176
96176
96176
96176
96176
96176
97408
97408
97408
97408
97408
97408
97660
97660
97660
97660
97660
97660
100161
100161
100161
100161
100161
100161
105141
105141
105141
105141
105141
105141
105342
105342
105342
105342
105342
105342
106038
106038
106038
106038
106038
106038
114053
114053
114053
114053
114053
114053
116941
116941
116941
116941
116941
116941
117195
117195
117195
117195
117195
117195
118252
118252
118252
118252
118252
118252
118325
118325
118325
118325
118325
118325
118800
118800
118800
118800
118800
118800
122729
122729
122729
122729
122729
122729
124337
124337
124337
124337
124337
124337
125086
125086
125086
125086
125086
125086
125657
125657
125657
125657
125657
125657
126510
126510
126510
126510
126510
126510
127098
127098
127098
127098
127098
127098
127249
127249
127249
127249
127249
127249
127616
127616
127616
127616
127616
127616
128121
128121
128121
128121
128121
128121
129408
129408
129408
129408
129408
129408
129877
129877
129877
129877
129877
129877
131151
131151
131151
131151
131151
131151
135518
135518
135518
135518
135518
135518
135729
135729
135729
135729
135729
135729
139471
139471
139471
139471
139471
139471
140091
140091
140091
140091
140091
140091
142779
142779
142779
142779
142779
142779
143910
143910
143910
143910
143910
143910
144308
144308
144308
144308
144308
144308
145375
145375
145375
145375
145375
145375
147326
147326
147326
147326
147326
147326
147554
147554
147554
147554
147554
147554
149078
149078
149078
149078
149078
149078
149720
149720
149720
149720
149720
149720
150125
150125
150125
150125
150125
150125
150811
150811
150811
150811
150811
150811
152161
152161
152161
152161
152161
152161
152226
152226
152226
152226
152226
152226
152910
152910
152910
152910
152910
152910
153621
153621
153621
153621
153621
153621
154714
154714
154714
154714
154714
154714
155872
155872
155872
155872
155872
155872
158124
158124
158124
158124
158124
158124
158590
158590
158590
158590
158590
158590
159745
159745
159745
159745
159745
159745
161527
161527
161527
161527
161527
161527
162672
162672
162672
162672
162672
162672
163132
163132
163132
163132
163132
163132
163926
163926
163926
163926
163926
163926
164292
164292
164292
164292
164292
164292
167852
167852
167852
167852
167852
167852
170170
170170
170170
170170
170170
170170
4251
5269
10120
10845
11763
13598
15752
19034
20550
20934
23440
28423
34307
34979
35928
37392
38829
39758
41159
44353
44526
44819
44962
45156
46852
46942
47406
50293
52018
52567
55232
58800
59720
61151
61918
62548
65643
65812
69030
72606
72943
73181
73505
75615
76139
78259
79381
80776
80830
82460
83304
85972
87711
87928
88208
89128
90023
90200
90987
91042
91686
92923
93152
95475
96176
97408
97660
100161
105141
105342
106038
114053
116941
117195
118252
118325
118800
122729
124337
125086
125657
126510
127098
127249
127616
128121
129408
129877
131151
135518
135729
139471
140091
142779
143910
144308
145375
147326
147554
149078
149720
150125
150811
152161
152226
152910
153621
154714
155872
158124
158590
159745
161527
162672
163132
163926
164292
167852
170170
170506
171637
175400
177718
180548
183718
184072
184765
186952
189876
200792
201069
204634
204645
205062
206243
207480
210708
214815
215898
216090
218657
218751
220968
221155
222428
222754
223735
227338
228101
228721
231761
232425
232805
233114
233355
233570
235053
235957
236214
242050
242635
242834
243468
247757
248175
248364
248977
249025
250008
254884
256678
256816
256975
257597
258306
261667
263497
264854
265391
266194
267199
267292
267725
270742
271360
271401
273952
276103
277188
278990
281052
283253
283738
287600
287797
289123
290255
290720
291485
299699
299808
300579
300742
301192
307354
313082
315047
316750
317249
320483
321357
322915
323691
326920
330491
336386
339198
341798
341966
346827
348181
349502
350359
350766
350916
351718
354754
354908
359202
359767
363200
363260
363341
363551
366070
367445
370732
372729
373053
373140
375218
375222
375728
376256
376468
376731
378194
380292
380323
381465
381916
382524
383281
386851
386917
392511
393988
396164
397243
401014
401378
401461
402092
402750
405071
405135
409802
412323
412617
413554
413566
414135
415518
416139
417411
417593
418103
419723
420041
423750
424864
425202
425614
426070
426165
426538
427417
428888
429128
429541
431447
434070
435744
435800
437697
438747
439124
439146
440770
443334
444293
445998
446925
447445
447599
447997
448028
448738
450104
450460
451076
452213
454226
454391
456208
457580
458701
459366
460991
461670
463993
465189
465442
466810
468482
471694
472033
472174
473388
473438
479036
481397
482884
483452
484696
487927
492425
494676
495251
496076
496389
497417
497502
499486
499599
500668
504959
506025
506915
508186
508528
508606
510029
510499
512028
513620
514659
515728
516833
517115
518566
519030
519149
519606
520005
521490
522538
523653
524777
525932
526532
527886
528026
528119
528221
529168
529297
531229
533153
533206
538274
538576
538954
539794
540471
542297
543664
545117
546119
548654
549909
551015
551074
551138
554182
554294
557577
559090
560228
562945
564525
565081
566222
567177
568036
568155
568384
571137
571677
572935
573559
573640
575056
575413
577120
578354
579561
583223
584179
587750
589103
590765
594918
595011
595380
596029
596875
599179
599311
599384
601863
604081
606032
606669
609233
609782
610331
616368
616668
617091
618460
619435
620130
620603
620893
621224
622281
623206
626887
629906
630420
630751
630889
630990
631257
631439
632098
632161
635252
636673
637267
637607
639044
640970
641554
642177
642356
643794
644824
645538
647974
648000
648392
649716
650301
650574
650635
651091
651652
653303
655158
655302
655733
657236
658322
661180
661343
669224
670086
672783
676291
676538
678424
678649
681244
683120
683412
688454
688519
688700
689013
692607
695705
696038
699081
701105
701462
704113
705436
706704
707277
707442
708726
709879
710668
715175
715232
716271
716771
716956
719216
722032
722106
722137
723804
724071
724587
725017
725050
725716
726660
726823
727551
728141
729707
732036
735140
736275
737840
740576
740939
744673
745083
745105
746624
747335
747367
747414
748897
749078
750254
751403
752255
752746
753170
753405
753946
754130
756338
757102
759602
759867
760099
762344
763458
765221
767755
770520
771048
771586
779037
784698
785819
787158
790866
791138
791312
791514
791664
792293
792559
798426
801511
803171
803207
803427
804722
806591
806878
808940
811236
815548
823197
823888
826703
826941
830940
832291
833713
834812
835171
835495
836593
836795
837390
838164
838184
838693
840006
845014
848205
849722
852481
852701
852790
853023
855237
855714
856043
856258
858570
860517
862416
863809
868921
870680
871046
871502
872382
873501
876599
879613
880017
885154
897588
898702
898994
901056
906622
908548
909962
909989
911180
911826
913208
913922
913970
915896
916064
916269
918943
918972
919411
920852
922167
922886
924138
924677
924783
926754
927193
927221
927532
929947
930180
933138
933610
933927
937346
938349
939414
939951
940183
941238
943939
944573
945629
946369
946414
947209
948028
950122
953064
953312
953447
954327
959500
960801
962847
967501
967621
971114
971844
974801
975881
977441
978850
979569
982271
985199
985199
985290
986452
987523
987776
991719
991833
992448
993382
995992
996512
997000
998402
999382
480021
920292
459307
609430
