5211
5211
5211
5211
5211
5211
5211
5211
5211
5211
5211
5211
5211
5211
5211
5211
5211
5211
5211
5211
5211
5211
5211
5211
5211
5211
5211
5211
5211
5211
5211
5211
5211
5211
5211
5211
5211
5211
5211
5211
5211
5211
5211
5211
5211
5211
18456
21530
5211
5211
5211
18456
18456
18456
5211
5211
21530
89172
89172
133069
5211
18456
18456
18456
21530
21530
5211
18456
18456
21530
21530
21530
18456
21530
21530
21530
21530
100545
18456
21530
21530
21530
21530
133069
392754
393584
502651
612399
695788
705403
999932
95060
549676
993368
947739
210012
636226
698586
348094
297539
