5211
5211
5211
5211
5211
5211
5211
5211
5211
5211
5211
5211
5211
5211
5211
5211
5211
5211
5211
5211
5211
5211
5211
5211
5211
5211
5211
5211
5211
5211
5211
5211
5211
5211
5211
5211
5211
5211
5211
5211
18456
18456
5211
5211
5211
5211
18456
18456
5211
5211
18456
21530
89172
89172
5211
5211
18456
18456
21530
89172
5211
21530
89172
133069
174067
180540
5211
18456
89172
95060
175011
176229
5211
89172
180540
202362
238335
238335
95060
202362
210012
238335
238335
289383
202362
238335
289383
490027
516649
636915
95060
210012
549676
947739
993368
999932
636226
698586
348094
297539
