5211
5211
5211
5211
5211
5211
5211
5211
5211
5211
5211
5211
5211
5211
5211
5211
5211
5211
5211
5211
5211
18456
18456
18456
18456
18456
18456
18456
18456
18456
18456
18456
18456
18456
18456
18456
100545
100545
100545
100545
100545
100545
100545
100545
100545
100545
100545
100545
100545
100545
100545
100545
100545
100545
100545
100545
100545
100545
100545
100545
100545
100545
100545
100545
100545
100545
100545
100545
100545
100545
100545
117276
117276
117276
117276
117276
117276
117276
117276
117276
117276
171087
426808
695788
947178
393584
705403
502651
392754
612399
999932
95060
549676
993368
947739
210012
636226
698586
348094
297539
