81
81
81
81
81
81
81
81
81
81
81
81
81
81
81
81
81
81
81
81
81
81
81
81
81
81
81
81
81
81
81
81
81
81
81
81
81
81
81
81
81
81
81
81
81
81
81
81
81
81
81
81
81
81
81
81
81
81
81
81
81
81
81
81
81
81
81
81
81
81
81
81
81
81
81
81
81
81
81
81
81
81
81
81
81
81
81
81
81
81
81
81
81
81
81
81
81
81
81
81
81
81
81
81
81
81
81
81
81
81
81
81
81
81
81
81
81
81
81
81
81
81
81
81
81
81
81
81
81
81
81
81
81
81
81
81
81
81
81
81
81
81
81
81
81
81
81
81
81
81
81
81
81
81
81
81
81
81
81
81
81
81
81
81
81
81
81
81
81
81
81
81
81
81
81
81
81
81
81
81
81
81
81
81
81
81
81
81
81
81
81
81
81
81
81
81
81
81
81
81
81
81
81
81
81
81
81
81
81
81
81
81
81
81
81
81
81
81
81
81
81
81
81
81
81
81
81
81
81
81
81
81
81
81
81
81
81
81
81
81
81
81
81
81
81
81
81
81
81
81
81
81
81
81
81
81
81
81
81
81
81
81
81
81
81
81
81
81
81
81
81
81
81
81
145550
81
81
81
81
81
81
81
81
81
81
81
81
81
81
81
81
81
81
81
81
81
81
81
81
81
81
81
81
81
81
81
81
81
81
81
81
81
81
81
81
81
81
81
81
81
81
81
81
81
81
81
81
81
81
81
81
81
81
81
81
81
81
81
81
81
81
81
81
81
81
81
81
81
81
81
81
81
81
81
81
81
81
81
81
81
81
81
81
81
81
81
81
81
81
81
81
81
81
81
81
81
81
81
81
81
81
81
81
81
81
81
81
81
81
81
81
81
81
81
81
81
81
81
81
81
81
81
81
81
81
81
81
81
81
81
81
81
81
81
81
81
81
81
81
81
81
81
81
81
81
81
81
81
81
81
81
81
81
81
81
81
81
81
81
81
81
81
81
81
81
81
81
81
81
81
81
81
81
81
81
81
81
81
81
81
81
81
81
81
81
81
81
81
81
81
81
81
569
569
569
569
569
569
569
569
569
569
569
569
569
569
569
569
569
569
569
569
569
569
47641
81
81
81
81
81
81
81
81
81
81
81
81
81
81
81
81
81
81
81
81
81
81
81
81
81
81
81
81
81
81
81
81
81
81
81
81
81
81
81
81
81
81
81
81
81
81
81
81
81
81
81
81
81
81
81
81
81
81
81
81
81
81
81
81
81
81
81
81
81
81
81
81
81
81
81
81
81
81
81
81
81
81
81
81
81
81
81
81
81
569
569
569
569
569
569
569
569
569
569
569
569
569
569
569
569
569
569
569
569
569
9097
9097
9097
9097
9097
9097
9097
9097
9097
9097
9097
9097
9097
9097
9097
9097
9097
9097
9097
9097
9097
9097
9097
9097
9097
9097
9097
9097
9097
9097
9097
9097
9097
9097
9097
9097
9097
9097
9097
9097
9097
9097
9097
9097
9097
9097
9097
9097
9097
9097
9097
9097
9097
9097
9097
9097
9097
9097
9097
9097
9097
9097
9097
9097
9097
9097
9097
9097
9097
9097
9097
9097
9097
9097
9097
9097
9097
9097
9097
9097
9097
9097
9097
9097
9097
9097
9097
9097
9097
9097
9097
9097
9097
9097
9097
9097
9097
9097
9097
9097
9097
9097
9097
9097
9097
9097
9097
9097
9097
449291
9097
9097
9097
9097
9097
9097
9097
9097
9097
9097
9097
9097
9097
9097
9097
9097
9097
9097
9097
9097
9097
9097
9097
9097
9097
9097
9097
9097
9097
9097
9097
9097
9097
9097
9097
9097
9097
9097
9097
9097
9097
9097
9097
9097
9097
9097
9097
9097
9097
9097
9097
9097
9097
9097
9097
9097
9097
9097
9097
9097
9097
9097
9097
9097
9097
9097
9097
9097
9097
9097
9097
9097
9097
9097
9097
9097
9097
9097
9097
9097
9097
9097
9097
9097
9097
9097
9097
9097
9097
9097
9097
9097
9097
9097
9097
9097
9097
9097
9097
9097
9097
9097
9097
9097
9097
9097
9097
9097
9097
9097
9097
9097
9097
9097
9097
9097
9097
9097
9097
9097
9097
9097
9097
9097
9097
9097
9097
9097
9097
9097
9097
9097
9097
9097
9097
9097
9097
9097
9097
9097
9097
9097
9097
9097
9097
9097
9097
9097
9097
9097
9097
9097
9097
9097
9097
9097
9097
9097
9097
9097
9097
9097
9097
9097
9097
9097
9097
9097
9097
9097
9097
9097
9097
9097
9097
9097
9097
9097
9097
9097
9097
9097
9097
9097
9097
9097
9097
9097
9097
9097
9097
9097
9097
9097
9097
9097
9097
9097
9097
9097
9097
9097
9097
9097
9097
9097
9097
9097
9097
9097
9097
9097
9097
9097
9097
9097
9097
9097
9097
15720
9097
19593
55805
60910
72641
80308
89368
107722
126087
140528
220853
228398
241888
274570
289672
297278
322197
360099
363827
372555
377017
388777
392735
400657
416931
418657
423428
426815
430639
433890
448566
453195
460008
491298
498976
522071
533149
543437
552528
580952
588954
621269
634225
689126
696776
712350
726651
754552
755199
811783
836610
918184
928577
975266
992393
250774
806445
305000
522325
560997
238283
648412
466127
598382
565421
