64
81
93
323
549
569
681
681
745
820
867
1171
1206
1244
1354
1379
1511
1642
1842
1914
1925
2039
2113
2113
2113
2113
2113
2113
2113
2113
2113
2113
2113
2113
2113
2113
2113
2113
2113
2113
2113
2113
2113
2113
2113
2113
2113
2113
2113
2113
2113
2113
2113
2113
2113
2113
2113
2113
2113
2113
2113
2113
2113
2113
2113
2113
2113
2113
2113
2113
2113
2113
2113
2113
2113
2113
2113
2113
2113
2113
2113
2113
2113
2113
2113
2113
2113
2113
2113
2113
2113
2113
2113
2113
2113
2113
2113
2113
2113
2113
2113
2113
2113
2113
2113
2113
2113
2113
2113
2113
2113
2113
2113
2113
2113
2113
2113
2113
2113
2113
2113
2113
2113
2113
2113
2113
2113
2113
2113
2113
2113
2113
2113
2113
2113
2113
2113
2113
2113
2113
2113
2113
2113
2113
2113
2113
2113
2245
2362
2362
2427
2463
2463
2463
2463
2463
2463
2463
2463
2463
2463
2463
2463
2463
2463
2463
2463
2463
2463
2463
2463
2463
2463
2463
2463
2463
2463
2463
2463
2463
2463
2463
2463
2463
2463
2463
2463
2463
2463
2463
2463
2463
2463
2463
2463
2463
2463
2463
2463
2463
2463
2463
2463
2463
2463
2463
2463
2463
2463
2463
2463
2463
2463
2463
2463
2463
2463
2463
2463
2463
2463
2463
2463
2463
2463
2463
2463
2463
2463
2463
2463
2463
2463
2463
2463
2463
2463
2463
2463
2463
2463
2463
2463
2463
2463
2463
2463
2463
2463
2463
2463
2463
2463
2463
2463
2463
2503
2503
2503
2503
2503
2503
2503
2503
2503
2503
2503
2503
2503
2503
2503
2503
2503
2503
2503
2503
2503
2503
2503
2503
2503
2503
2503
2503
2503
2503
2503
2503
2503
2503
2503
2503
2503
2503
2503
2503
2503
2503
2503
2503
2503
2503
2503
2503
2503
2503
2503
2503
2503
2503
2503
2503
2503
2503
2503
2503
2503
2503
2503
2503
2503
2503
2503
2503
2503
2503
2503
2503
2503
2503
2503
2503
2503
2503
2503
2503
2503
2503
2503
2503
2503
2503
2503
2503
2503
2503
2503
2503
2503
2503
2503
2503
2503
2503
2503
2503
2503
2503
2503
2503
2503
2606
2606
2606
2615
2615
2780
2902
2902
2902
2902
2902
2902
2902
2902
2902
2902
2902
2902
2902
2902
2902
2902
2902
2902
2902
2902
2902
2902
2902
2902
2902
2902
2902
2902
2902
2902
2902
2902
2902
2902
2902
2902
2902
2902
2902
2902
2902
2902
2902
2902
2902
2902
2902
2902
2902
2902
2902
2902
2902
2902
2902
2902
2902
2902
2902
2902
2902
2902
2902
2902
2902
2902
2902
2902
2902
2902
2902
2902
2902
2902
2902
2902
2902
2902
2902
2902
2902
2902
2902
2902
2902
2902
2902
2902
2902
2902
2902
2902
2902
2902
2902
2902
2902
2902
2902
2902
2902
2902
2902
2902
2902
2904
3033
3050
3050
3050
3094
3094
3094
3094
3094
3094
3094
3094
3094
3094
3094
3094
3094
3094
3094
3296
3296
3296
3296
3296
3296
3296
3296
3296
3296
3296
3296
3296
3296
3296
3476
3493
3493
3493
3615
3615
3615
3615
3615
3615
3615
3615
3615
3615
3615
3615
3615
3615
3615
2113
2362
2615
4251
5269
5635
7619
10120
10845
11763
12299
13540
13598
15633
15720
2113
2113
2113
2113
2113
2113
2113
2113
2113
2113
2113
2113
2113
2113
2113
2113
2113
2113
2113
2113
2113
2113
2113
2113
2113
2113
2113
2113
2113
2113
2113
2113
2113
2113
2113
2113
2113
2113
2113
2113
2113
2113
2113
2113
2113
2113
2113
2113
2113
2113
2113
2113
2113
2113
2113
2113
2113
2113
2113
2113
2113
2113
2113
2113
2113
2113
2113
2113
2113
2113
2113
2113
2113
2113
2113
2113
2113
2113
2113
2113
2113
2113
2113
2113
2113
2113
2113
2113
2113
2113
2113
2113
2113
2113
2113
2113
2113
2113
2113
2113
2113
2113
2113
2113
2113
2113
2113
2362
2463
2463
2463
2463
2463
2463
2463
2463
2463
2463
2463
2463
2463
2463
2463
2463
2463
2463
2463
2463
2463
2463
2463
2463
2463
2463
2463
2463
2463
2463
2463
2463
2463
2463
2463
2463
2463
2463
2463
2463
2463
2463
2463
2463
2463
2463
2463
2463
2463
2463
2463
2463
2463
2463
2463
2463
2463
2463
2463
2463
2463
2463
2463
2463
2463
2463
2463
2463
2463
2463
2463
2463
2463
2463
2463
2463
2463
2463
2463
2463
2463
2463
2463
2463
2463
2463
2463
2463
2463
2463
2463
2503
2503
2503
2503
2503
2503
2503
2503
2503
2503
2503
2503
2503
2503
2503
2503
2503
2503
2503
2503
2503
2503
2503
2503
2503
2503
2503
2503
2503
2503
2503
2503
2503
2503
2503
2503
2503
2503
2503
2503
2503
2503
2503
2503
2503
2503
2503
2503
2503
2503
2503
2503
2503
2503
2503
2503
2503
2503
2503
2503
2503
2503
2503
2503
2503
2503
2503
2503
2503
2503
2503
2503
2503
2503
2503
2503
2503
2503
2503
2503
2503
2503
2503
2503
2503
2503
2503
2503
2503
2503
2503
2615
2902
2902
2902
2902
2902
2902
2902
2902
2902
2902
2902
2902
2902
2902
2902
2902
2902
2902
2902
2902
2902
2902
2902
2902
2902
2902
2902
2902
2902
2902
2902
2902
2902
2902
2902
2902
2902
2902
2902
2902
2902
2902
2902
2902
2902
2902
2902
2902
2902
2902
2902
2902
2902
2902
2902
2902
2902
2902
2902
2902
2902
2902
2902
2902
2902
2902
2902
2902
2902
2902
2902
2902
2902
2902
2902
2902
2902
2902
2902
2902
2902
2902
2902
2902
2902
2902
2902
2902
2902
2902
2902
3094
3094
3094
3094
3094
3094
3094
3094
3094
3094
3094
3094
3094
3094
3296
3296
3296
3296
3296
3296
3296
3296
3296
3296
3296
3296
3296
3296
3615
3615
3615
3615
3615
3615
3615
3615
3615
3615
3615
3615
3615
3615
3615
3615
3615
3615
3615
3615
3615
3615
3615
3615
3615
3615
3615
3615
3615
3615
3615
3615
3615
3615
3615
3615
3615
3615
3615
3615
3615
3615
3615
3615
3615
3615
3615
3615
3615
3615
3615
3615
3615
3615
3615
3615
3615
3615
3615
3615
3615
3615
3615
3615
3615
3615
3615
3615
3615
3615
3615
3615
3615
3615
3615
3615
3615
3615
4039
4039
4039
4039
4039
4039
4062
4062
4062
4062
4062
4062
4062
4062
4062
4062
4062
4062
4062
4062
4062
4082
4082
2113
2113
2113
2113
2113
2113
2113
2113
2113
2113
2113
2113
2113
2113
2113
2113
2362
2362
2362
2362
2362
2362
2362
2362
2362
2362
2362
2362
2362
2362
2362
2362
2615
2615
2615
2615
2615
2615
2615
2615
2615
2615
2615
2615
2615
2615
2615
2615
4251
4251
4251
4251
4251
4251
4251
4251
4251
4251
4251
4251
4251
4251
4251
4251
4251
5269
5269
5269
5269
5269
5269
5269
5269
5269
5269
5269
5269
5269
5269
5269
5269
5269
5635
5635
5635
5635
5635
5635
5635
5635
5635
5635
5635
5635
5635
5635
5635
5635
7619
7619
7619
7619
7619
7619
7619
7619
7619
7619
7619
7619
7619
7619
7619
7619
10120
10120
10120
10120
10120
10120
10120
10120
10120
10120
10120
10120
10120
10120
10120
10120
10120
10845
10845
10845
10845
10845
10845
10845
10845
10845
10845
10845
10845
10845
10845
10845
10845
10845
11763
11763
11763
11763
11763
11763
11763
11763
11763
11763
11763
11763
11763
11763
11763
11763
11763
12299
12299
12299
12299
12299
12299
12299
12299
12299
12299
12299
12299
12299
12299
12299
12299
13540
13540
13540
13540
13540
13540
13540
13540
13540
13540
13540
13540
13540
13540
13540
13540
13598
13598
13598
13598
13598
13598
13598
13598
13598
13598
13598
13598
13598
13598
13598
13598
15752
15752
15752
15752
15752
15752
15752
15752
15752
15752
15752
15752
15752
15752
15752
15752
15752
16001
16001
16001
16001
16001
16001
16001
16001
16001
16001
16001
16001
16001
16001
16001
16001
19034
19034
19034
19034
19034
19034
19034
19034
19034
19034
19034
19034
19034
19034
19034
19034
19034
20550
20550
20550
20550
20550
20550
20550
20550
20550
20550
20550
20550
20550
20550
20550
20550
20550
20934
20934
20934
20934
20934
20934
20934
20934
20934
20934
20934
20934
20934
20934
20934
20934
21491
21491
21491
21491
21491
21491
21491
21491
21491
21491
21491
21491
21491
21491
21491
21491
23440
23440
23440
23440
23440
23440
23440
23440
23440
23440
23440
23440
23440
23440
23440
23440
24124
24124
24124
24124
24124
24124
24124
24124
24124
24124
24124
24124
24124
24124
24124
24124
24745
25496
2113
2113
2113
2113
2113
2113
2113
2113
2113
2113
2113
2113
2113
2113
2113
2113
2113
2113
2113
2113
2113
2113
2113
2113
2113
2113
2113
2113
2113
2113
2113
2113
2113
2113
2113
2113
2113
2113
2113
2113
2113
2113
2113
2113
2113
2113
2113
2113
2113
2113
2113
2113
2113
2113
2113
2113
2113
2113
2113
2113
2113
2113
2113
2113
2113
2113
2113
2113
2113
2113
2113
2113
2113
2113
2113
2113
2113
2113
2113
2113
2113
2113
2113
2113
2113
2113
2113
2113
2113
2113
2113
2113
2113
2362
2463
2463
2463
2463
2463
2463
2463
2463
2463
2463
2463
2463
2463
2463
2463
2463
2463
2463
2463
2463
2463
2463
2463
2463
2463
2463
2463
2463
2463
2463
2463
2463
2463
2463
2463
2463
2463
2463
2463
2463
2463
2463
2463
2463
2463
2463
2463
2463
2463
2463
2463
2463
2463
2463
2463
2463
2463
2463
2463
2463
2463
2463
2463
2463
2463
2463
2463
2463
2463
2463
2463
2463
2463
2463
2463
2463
2463
2463
2503
2503
2503
2503
2503
2503
2503
2503
2113
2113
2113
2113
2113
2113
2113
2113
2113
2113
2113
2113
2113
2113
2113
2362
2362
2362
2362
2362
2362
2362
2362
2362
2362
2362
2362
2362
2362
2362
2615
2615
2615
2615
2615
2615
2615
2615
2615
2615
2615
2615
2615
2615
2615
4251
4251
4251
4251
4251
4251
4251
4251
4251
4251
4251
4251
4251
4251
4251
4251
5269
5269
5269
5269
5269
5269
5269
5269
5269
5269
5269
5269
5269
5269
5269
5269
5635
5635
5635
5635
5635
5635
5635
5635
5635
5635
5635
5635
5635
5635
5635
7619
7619
7619
7619
7619
7619
7619
7619
7619
7619
7619
7619
7619
7619
7619
10120
10120
10120
10120
10120
10120
10120
10120
10120
10120
10120
10120
10120
10120
10120
10120
10845
10845
10845
10845
10845
10845
10845
10845
10845
10845
10845
10845
10845
10845
10845
10845
11763
11763
11763
11763
11763
11763
11763
11763
11763
11763
11763
11763
11763
11763
11763
11763
12299
12299
12299
12299
12299
12299
12299
12299
12299
12299
12299
12299
12299
12299
12299
13540
13540
13540
13540
13540
13540
13540
13540
13540
13540
13540
13540
13540
13540
13540
13598
13598
13598
13598
13598
13598
13598
13598
13598
13598
13598
13598
13598
13598
13598
15752
15752
15752
15752
15752
15752
15752
15752
15752
15752
15752
15752
15752
15752
15752
15752
16001
16001
16001
16001
16001
16001
16001
16001
16001
16001
16001
16001
16001
16001
16001
19034
19034
19034
19034
19034
19034
19034
19034
19034
19034
19034
19034
19034
19034
19034
19034
20550
20550
20550
20550
20550
20550
20550
20550
20550
20550
20550
20550
20550
20550
20550
20550
20934
20934
20934
20934
20934
20934
20934
20934
20934
20934
20934
20934
20934
20934
20934
21491
21491
21491
21491
21491
21491
21491
21491
21491
21491
21491
21491
21491
21491
21491
23440
23440
23440
23440
23440
23440
23440
23440
23440
23440
23440
23440
23440
23440
23440
24124
24124
24124
24124
24124
24124
24124
24124
24124
24124
24124
24124
24124
24124
24124
27320
27320
2113
2113
2113
2113
2113
2113
2113
2113
2113
2113
2113
2113
2113
2113
2113
2113
2113
2113
2113
2113
2113
2113
2113
2113
2113
2113
2113
2113
2113
2113
2113
2113
2113
2113
2113
2113
2113
2113
2113
2113
2113
2113
2113
2113
2113
2113
2113
2113
2113
2113
2113
2113
2113
2113
2113
2113
2113
2113
2113
2113
2113
2113
2113
2113
2113
2113
2113
2113
2113
2113
2113
2113
2113
2113
2113
2113
2113
2113
2113
2113
2362
2463
2463
2463
2463
2463
2463
2463
2463
2463
2463
2463
2463
2463
2463
2463
2463
2463
2463
2463
2463
2463
2463
2463
2463
2463
2463
2463
2463
2463
2463
2463
2463
2463
2463
2463
2463
2463
2463
2463
2463
2463
2463
2463
2463
2463
2463
2463
2463
2463
2463
2463
2463
2463
2463
2463
2463
2463
2463
2463
2463
2463
2463
2463
2463
2463
2463
2503
2503
2503
2503
2503
2503
2503
2503
2503
2503
2503
2503
2503
2503
2503
2503
2503
2503
2503
2503
2503
2503
2503
2503
2503
2503
2503
2503
2503
2503
2503
2503
2503
2503
2503
2503
2503
2503
2503
2503
2503
2503
2503
2503
2503
2503
2503
2503
2503
2503
2503
2503
2503
2503
2113
2113
2113
2113
2113
2113
2113
2113
2113
2113
2113
2113
2113
2113
2113
2113
2113
2113
2113
2113
2113
2113
2113
2113
2113
2113
2113
2113
2113
2113
2113
2113
2113
2113
2113
2113
2113
2113
2113
2113
2113
2113
2113
2113
2113
2113
2113
2113
2113
2113
2113
2113
2113
2113
2113
2113
2113
2113
2113
2113
2113
2113
2113
2113
2113
2113
2113
2113
2113
2113
2113
2113
2113
2113
2113
2113
2113
2113
2113
2113
2113
2113
2113
2113
2113
2113
2113
2113
2113
2113
2113
2113
2113
2113
2113
2113
2113
2113
2113
2113
2113
2113
2113
2113
2113
2362
2362
2362
2362
2362
2362
2362
2362
2362
2362
2362
2362
2362
2362
2362
2362
2362
2362
2362
2362
2362
2362
2362
2362
2362
2362
2362
2362
2362
2362
2362
2362
2362
2362
2362
2362
2362
2362
2362
2362
2362
2362
2362
2362
2362
2362
2362
2362
2362
2362
2362
2362
2362
2362
2362
2362
2362
2362
2362
2362
2362
2362
2362
2362
2362
2362
2362
2362
2362
2362
2362
2362
2362
2362
2362
2362
2362
2362
2362
2362
2362
2362
2362
2362
2362
2362
2362
2362
2362
2362
2362
2362
2362
2362
2362
2362
2362
2362
2362
2362
2362
2362
2362
2362
2362
2615
2615
2615
2615
2615
2615
2615
2615
2615
2615
2615
2615
2615
2615
2615
2615
2615
2615
2615
2615
2615
2615
2615
2615
2615
2615
2615
2615
2615
2615
2615
2615
2615
2615
2615
2615
2615
2615
2615
2615
2615
2615
2615
2615
2615
2615
2615
2615
2615
2615
2615
2615
2615
2615
2615
2615
2615
2615
2615
2615
2615
2615
2615
2615
2615
2615
2615
2615
2615
2615
2615
2615
2615
2615
2615
2615
2615
2615
2615
2615
2615
2615
2615
2615
2615
2615
2615
2615
2615
2615
2615
2615
2615
2615
2615
2615
2615
2615
2615
2615
2615
2615
2615
2615
2615
4251
4251
4251
4251
4251
4251
4251
4251
4251
4251
4251
4251
4251
4251
4251
4251
4251
4251
4251
4251
4251
4251
4251
4251
4251
4251
4251
4251
4251
4251
4251
4251
4251
4251
4251
4251
4251
4251
4251
4251
4251
4251
4251
4251
4251
4251
4251
4251
4251
4251
4251
4251
4251
4251
4251
4251
4251
4251
4251
4251
4251
4251
4251
4251
4251
4251
4251
4251
4251
4251
4251
4251
4251
4251
4251
4251
4251
4251
4251
4251
4251
4251
4251
4251
4251
4251
4251
4251
4251
4251
4251
4251
4251
4251
4251
4251
4251
4251
4251
4251
4251
4251
4251
4251
4251
4251
4251
4251
4251
4251
4251
4251
4251
4251
4251
4251
4251
4251
4251
4251
5269
5269
5269
5269
5269
5269
5269
5269
5269
5269
5269
5269
5269
5269
5269
5269
5269
5269
5269
5269
5269
5269
5269
5269
5269
5269
5269
5269
5269
5269
5269
5269
5269
5269
5269
5269
5269
5269
5269
5269
5269
5269
5269
5269
5269
5269
5269
5269
5269
5269
5269
5269
5269
5269
5269
5269
5269
5269
5269
5269
5269
5269
5269
5269
5269
5269
5269
5269
5269
5269
5269
5269
5269
5269
5269
5269
5269
5269
5269
5269
5269
5269
5269
5269
5269
5269
5269
5269
5269
5269
5269
2113
2113
2113
2113
2113
2113
2113
2113
2113
2113
2113
2113
2113
2113
2113
2113
2113
2113
2113
2113
2113
2113
2113
2113
2113
2113
2113
2113
2113
2113
2113
2113
2113
2113
2113
2113
2113
2113
2113
2113
2113
2113
2113
2113
2113
2113
2113
2113
2113
2113
2113
2113
2113
2113
2113
2113
2113
2113
2113
2113
2113
2113
2113
2113
2113
2113
2113
2113
2113
2113
2113
2113
2113
2113
2113
2113
2113
2113
2113
2113
2113
2113
2113
2113
2113
2113
2113
2113
2113
2113
2113
2362
2362
2362
2362
2362
2362
2362
2362
2362
2362
2362
2362
2362
2362
2362
2362
2362
2362
2362
2362
2362
2362
2362
2362
2362
2362
2362
2362
2362
2362
2362
2362
2362
2362
2362
2362
2362
2362
2362
2362
2362
2362
2362
2362
2362
2362
2362
2362
2362
2362
2362
2362
2362
2362
2362
2362
2362
2362
2362
2362
2362
2362
2362
2362
2362
2362
2362
2362
2362
2362
2362
2362
2362
2362
2362
2362
2362
2362
2362
2362
2362
2362
2362
2362
2362
2362
2362
2362
2362
2362
2362
2615
2615
2615
2615
2615
2615
2615
2615
2615
2615
2615
2615
2615
2615
2615
2615
2615
2615
2615
2615
2615
2615
2615
2615
2615
2615
2615
2615
2615
2615
2615
2615
2615
2615
2615
2615
2615
2615
2615
2615
2615
2615
2615
2615
2615
2615
2615
2615
2615
2615
2615
2615
2615
2615
2615
2615
2615
2615
2615
2615
2615
2615
2615
2615
2615
2615
2615
2615
2615
2615
2615
2615
2615
2615
2615
2615
2615
2615
2615
2615
2615
2615
2615
2615
2615
2615
2615
2615
2615
2615
2615
4251
4251
4251
4251
4251
4251
4251
4251
4251
4251
4251
4251
4251
4251
4251
4251
4251
4251
4251
4251
4251
4251
4251
4251
4251
4251
4251
4251
4251
4251
4251
4251
4251
4251
4251
4251
4251
4251
4251
4251
4251
4251
4251
4251
4251
4251
4251
4251
4251
4251
4251
4251
4251
4251
4251
4251
4251
4251
4251
4251
4251
4251
4251
4251
4251
4251
4251
4251
4251
4251
4251
4251
4251
4251
4251
4251
4251
4251
4251
4251
4251
4251
4251
4251
4251
4251
4251
4251
4251
4251
4251
4251
4251
4251
4251
4251
4251
4251
4251
4251
4251
4251
4251
4251
4251
5269
5269
5269
5269
5269
5269
5269
5269
5269
5269
5269
5269
5269
5269
5269
5269
5269
5269
5269
5269
5269
5269
5269
5269
5269
5269
5269
5269
5269
5269
5269
5269
5269
5269
5269
5269
5269
5269
5269
5269
5269
5269
5269
5269
5269
5269
5269
5269
5269
5269
5269
5269
5269
5269
5269
5269
5269
5269
5269
5269
5269
5269
5269
5269
5269
5269
5269
5269
5269
5269
5269
5269
5269
5269
5269
5269
5269
5269
5269
5269
5269
5269
5269
5269
5269
5269
5269
5269
5269
5269
5269
5269
5269
5269
5269
5269
5269
5269
5269
5269
5269
5269
5269
5269
5269
5635
5635
5635
5635
5635
5635
5635
5635
5635
5635
5635
5635
5635
5635
5635
5635
5635
5635
5635
5635
5635
5635
5635
5635
5635
5635
5635
5635
5635
5635
5635
5635
5635
5635
5635
5635
5635
5635
5635
5635
5635
5635
5635
2113
2113
2113
2113
2113
2113
2113
2113
2113
2113
2113
2113
2113
2113
2113
2113
2113
2113
2113
2113
2113
2113
2113
2113
2113
2113
2113
2113
2113
2113
2113
2113
2113
2113
2113
2113
2113
2113
2113
2113
2113
2113
2113
2113
2113
2113
2113
2113
2113
2113
2113
2113
2113
2113
2113
2113
2113
2113
2113
2113
2113
2113
2113
2113
2113
2113
2113
2113
2113
2113
2113
2113
2113
2113
2113
2113
2113
2113
2113
2113
2113
2113
2113
2113
2113
2113
2113
2113
2113
2113
2113
2113
2113
2113
2113
2113
2113
2113
2113
2113
2113
2113
2113
2113
2113
2113
2113
2113
2113
2113
2113
2113
2113
2113
2113
2113
2113
2113
2113
2113
2113
2113
2113
2113
2113
2113
2113
2113
2113
2113
2113
2113
2113
2113
2113
2113
2113
2113
2113
2113
2113
2113
2113
2113
2113
2113
2113
2113
2113
2113
2113
2113
2113
2113
2113
2113
2113
2113
2113
2113
2113
2113
2113
2113
2113
2113
2113
2113
2113
2113
2113
2113
2113
2113
2113
2113
2113
2113
2113
2113
2113
2113
2113
2113
2113
2113
2113
2113
2113
2113
2113
2113
2113
2113
2113
2113
2113
2113
2113
2113
2113
2113
2113
2113
2113
2113
2113
2113
2113
2113
2113
2113
2113
2113
2113
2113
2113
2113
2113
2113
2113
2113
2113
2113
2113
2113
2113
2113
2113
2113
2113
2113
2113
2113
2113
2113
2113
2113
2113
2113
2113
2113
2113
2113
2113
2113
2113
2113
2113
2113
2113
2113
2113
2113
2113
2113
2113
2113
2113
2113
2113
2113
2113
2113
2113
2113
2113
2113
2113
2113
2113
2113
2113
2113
2113
2113
2113
2113
2113
2113
2113
2113
2113
2113
2113
2113
2113
2113
2113
2113
2113
2113
2113
2113
2113
2113
2113
2113
2113
2113
2113
2113
2113
2113
2113
2113
2113
2113
2113
2113
2113
2113
2113
2113
2113
2113
2113
2113
2113
2113
2113
2113
2113
2113
2113
2113
2113
2113
2113
2113
2113
2113
2113
2113
2113
2113
2113
2113
2113
2113
2113
2113
2113
2113
2113
2113
2113
2113
2113
2113
2113
2113
2113
2113
2113
2113
2113
2113
2113
2113
2113
2113
2113
2113
2362
2362
2362
2362
2362
2362
2362
2362
2362
2362
2362
2362
2362
2362
2362
2362
2362
2362
2362
2362
2362
2362
2362
2362
2362
2362
2362
2362
2362
2362
2362
2362
2362
2362
2362
2362
2362
2362
2362
2362
2362
2362
2362
2362
2362
2362
2362
2362
2362
2362
2362
2362
2362
2362
2362
2362
2362
2362
2362
2362
2362
2362
2362
2362
2362
2362
2362
2362
2362
2362
2362
2362
2362
2362
2362
2362
2362
2362
2362
2362
2362
2362
2362
2362
2362
2362
2362
2362
2362
2362
2362
2362
2362
2362
2362
2362
2362
2362
2362
2362
2362
2362
2362
2362
2362
2362
2362
2362
2362
2362
2362
2362
2362
2362
2362
2362
2362
2362
2362
2362
2362
2362
2362
2362
2362
2362
2362
2362
2362
2362
2362
2362
2362
2362
2362
2362
2362
2362
2362
2362
2362
2362
2362
2362
2362
2362
2362
2362
2362
2362
2362
2362
2362
2362
2362
2362
2362
2362
2362
2362
2362
2362
2113
2113
2113
2113
2113
2113
2113
2113
2113
2113
2113
2113
2113
2113
2113
2113
2113
2113
2113
2113
2113
2113
2113
2113
2113
2113
2113
2113
2113
2113
2113
2113
2113
2113
2113
2113
2113
2113
2113
2113
2113
2113
2113
2113
2113
2113
2113
2113
2113
2113
2113
2113
2113
2113
2113
2113
2113
2113
2113
2113
2113
2113
2113
2113
2113
2113
2113
2113
2113
2113
2113
2113
2113
2113
2113
2113
2113
2113
2113
2113
2113
2113
2113
2113
2113
2113
2113
2113
2113
2113
2113
2113
2113
2113
2113
2113
2113
2113
2113
2113
2113
2113
2113
2113
2113
2113
2113
2113
2113
2113
2113
2113
2113
2113
2113
2113
2113
2113
2113
2113
2113
2113
2113
2113
2113
2113
2113
2113
2113
2113
2113
2113
2113
2113
2113
2113
2113
2113
2113
2113
2113
2113
2113
2113
2113
2113
2113
2113
2113
2113
2113
2113
2113
2113
2113
2113
2113
2113
2113
2113
2113
2113
2113
2113
2113
2113
2113
2113
2113
2113
2113
2113
2113
2113
2113
2113
2113
2113
2113
2113
2113
2113
2113
2113
2113
2113
2113
2113
2113
2113
2113
2113
2113
2113
2113
2113
2113
2113
2113
2113
2113
2113
2113
2113
2113
2113
2113
2113
2113
2113
2113
2113
2113
2113
2113
2113
2113
2113
2113
2113
2113
2113
2113
2113
2113
2113
2113
2113
2113
2113
2113
2113
2113
2113
2113
2113
2113
2113
2113
2113
2113
2113
2113
2113
2113
2113
2113
2113
2113
2113
2113
2113
2113
2113
2113
2113
2113
2113
2113
2113
2113
2113
2113
2113
2113
2113
2113
2113
2113
2113
2113
2113
2113
2113
2113
2113
2113
2113
2113
2113
2113
2113
2113
2113
2113
2113
2362
2362
2362
2362
2362
2362
2362
2362
2362
2362
2362
2362
2362
2362
2362
2362
2362
2362
2362
2362
2362
2362
2362
2362
2362
2362
2362
2362
2362
2362
2362
2362
2362
2362
2362
2362
2362
2362
2362
2362
2362
2362
2362
2362
2362
2362
2362
2362
2362
2362
2362
2362
2362
2362
2362
2362
2362
2362
2362
2362
2362
2362
2362
2362
2362
2362
2362
2362
2362
2362
2362
2362
2362
2362
2362
2362
2362
2362
2362
2362
2362
2362
2362
2362
2362
2362
2362
2362
2362
2362
2362
2362
2362
2362
2362
2362
2362
2362
2362
2362
2362
2362
2362
2362
2362
2362
2362
2362
2362
2362
2362
2362
2362
2362
2362
2362
2362
2362
2362
2362
2362
2362
2362
2362
2362
2362
2362
2362
2362
2362
2362
2362
2362
2362
2362
2362
2362
2362
2362
2362
2362
2362
2362
2362
2362
2362
2362
2362
2362
2362
2362
2362
2362
2362
2362
2362
2362
2362
2362
2362
2362
2362
2362
2362
2362
2362
2362
2362
2362
2362
2362
2362
2362
2362
2362
2362
2362
2362
2362
2362
2362
2362
2362
2362
2362
2362
2362
2362
2362
2362
2362
2362
2362
2362
2362
2362
2362
2362
2362
2362
2362
2362
2362
2362
2362
2362
2362
2362
2362
2362
2362
2362
2362
2362
2362
2362
2362
2362
2362
2362
2362
2362
2362
2362
2362
2362
2362
2362
2362
2362
2362
2362
2362
2362
2362
2362
2362
2362
2362
2362
2113
2113
2113
2113
2113
2113
2113
2113
2113
2113
2113
2113
2113
2113
2113
2113
2113
2113
2113
2113
2113
2113
2113
2113
2113
2113
2113
2113
2113
2113
2113
2113
2113
2113
2113
2113
2113
2113
2113
2113
2113
2113
2113
2113
2113
2113
2113
2113
2113
2113
2113
2113
2113
2113
2113
2113
2113
2113
2113
2113
2113
2113
2113
2113
2113
2113
2113
2113
2113
2113
2113
2113
2113
2113
2113
2113
2113
2113
2113
2113
2113
2113
2113
2113
2113
2113
2113
2113
2113
2113
2113
2113
2113
2113
2113
2113
2113
2113
2113
2113
2113
2113
2113
2113
2113
2113
2113
2113
2113
2113
2113
2113
2113
2113
2113
2113
2113
2113
2113
2113
2113
2113
2113
2113
2113
2113
2113
2113
2113
2113
2113
2113
2113
2113
2113
2113
2113
2113
2113
2113
2113
2113
2113
2113
2113
2113
2113
2113
2113
2113
2113
2113
2113
2113
2113
2113
2113
2113
2113
2113
2113
2113
2113
2113
2113
2113
2113
2113
2113
2113
2113
2113
2113
2113
2113
2113
2113
2113
2113
2113
2113
2113
2113
2113
2113
2113
2113
2113
2113
2113
2113
2113
2113
2113
2113
2113
2113
2113
2113
2113
2113
2113
2113
2113
2113
2113
2113
2113
2113
2113
2113
2113
2113
2113
2113
2113
2113
2113
2113
2113
2113
2113
2113
2113
2113
2113
2113
2113
2113
2113
2113
2113
2113
2113
2113
2113
2113
2113
2113
2113
2113
2113
2113
2113
2113
2113
2113
2113
2113
2113
2113
2113
2113
2113
2113
2113
2113
2113
2113
2113
2113
2113
2113
2113
2113
2113
2113
2113
2113
2113
2113
2113
2113
2113
2113
2113
2113
2113
2113
2113
2113
2113
2113
2113
2113
2113
2113
2113
2113
2113
2113
2113
2113
2113
2113
2113
2113
2113
2113
2113
2113
2113
2113
2113
2113
2113
2113
2113
2113
2113
2113
2113
2113
2113
2113
2113
2113
2113
2113
2113
2113
2113
2113
2113
2113
2113
2113
2113
2113
2113
2113
2113
2113
2113
2113
2113
2113
2113
2113
2113
2113
2113
2113
2113
2113
2113
2113
2113
2113
2113
2113
2113
2113
2113
2113
2113
2113
2113
2113
2113
2113
2113
2113
2113
2113
2113
2113
2113
2113
2113
2113
2113
2113
2113
2113
2113
2113
2113
2113
2113
2113
2113
2113
2113
2113
2113
2113
2113
2113
2113
2113
2113
2113
2113
2113
2113
2113
2113
2113
2113
2113
2113
2113
2113
2113
2113
2113
2113
2113
2113
2113
2113
2113
2113
2113
2113
2113
2113
2113
2113
2113
2113
2113
2113
2113
2113
2113
2113
2113
2113
2113
2113
2113
2113
2113
2113
2113
2113
2113
2113
2113
2113
2113
2113
2113
2113
2113
2113
2113
2113
2113
2113
2113
2113
2113
2113
2113
2113
2113
2113
2113
2113
2113
2113
2113
2113
2113
2113
2113
2113
2113
2113
2113
2113
2113
2113
2113
2113
2113
2113
2113
2113
2113
2113
2113
2113
2113
2113
2113
2113
2113
2113
2113
2113
2113
2113
2113
2113
2113
2113
2113
2113
2113
2113
2113
2113
2113
2113
2113
2113
2113
2113
2113
2113
2113
2113
2113
2113
2113
2113
2113
2113
2113
2113
2113
2113
2113
2113
2113
2113
2113
2113
2113
2113
2113
2113
2113
2113
2113
2113
2113
2113
2113
2113
2113
2113
2113
2113
2113
2113
2113
2113
2113
2113
2113
2113
2113
2113
2113
2113
2113
2113
2113
2113
2113
2113
2113
2113
2113
2113
2113
2113
2113
2113
2113
2113
2113
2113
2113
2113
2113
2113
2113
2113
2113
2113
2113
2113
2113
2113
2113
2113
2113
2113
2113
2113
2113
2113
2113
2113
2113
2113
2113
2113
2113
2113
2113
2113
2113
2113
2113
2113
2113
2113
2113
2113
2113
2113
2113
2113
2113
2113
2113
2113
2113
2113
2113
2113
2113
2113
2113
2113
2113
2113
2113
2113
2113
2113
2113
2113
2113
2113
2113
2113
2113
2113
2113
2113
2113
2113
2113
2113
2113
2113
2113
2113
2113
2113
2113
2113
2113
2113
2113
2113
2113
2113
2113
2113
2113
2113
2113
2113
2113
2113
2113
2113
2113
2113
2113
2113
2113
2113
2113
2113
2113
2113
2113
2113
2113
2113
2113
2113
2113
2113
2113
2113
2113
2113
2113
2113
2113
2113
2113
2113
2113
2113
2113
2113
2113
2113
2113
2113
2113
2113
2113
2113
2113
2113
2113
2113
2113
2113
2113
2113
2113
2113
2113
2113
2113
2113
2113
2113
2113
2113
2113
2113
2113
2113
2113
2113
2113
2113
2113
2113
2113
2113
2113
2113
2113
2113
2113
2113
2113
2113
2113
2113
2113
2113
2113
2113
2113
2113
2113
2113
2113
2113
2113
2113
2113
2113
2113
2113
2113
2113
2113
2113
2113
2113
2113
2113
2113
2113
2113
2113
2113
2113
2113
2113
2113
2113
2113
2113
2113
2113
2113
2113
2113
2113
2113
2113
2113
2113
2113
2113
2113
2113
2113
2113
2113
2113
2113
2113
2113
2113
2113
2113
2113
2113
2113
2113
2113
2113
2113
2113
2113
2113
2113
2113
2113
2113
2113
2113
2113
2113
2113
2113
2113
2113
2113
2113
2113
2113
2113
2113
2113
2113
2113
2113
2113
2113
2113
2113
2113
2113
2113
2113
2113
2113
2113
2113
2113
2113
2113
2113
2113
2113
2113
2113
2113
2113
2113
2113
2113
2113
2113
2113
2113
2113
2113
2113
2113
2113
2113
2113
2113
2113
2113
2113
2113
2113
2113
2113
2113
2113
2113
2113
2113
2113
2113
2113
2113
2113
2113
2113
2113
2113
2113
2113
2113
2113
2113
2113
2113
2113
2113
2113
2113
2113
2113
2113
2113
2113
2113
2113
2113
2113
2113
2113
2113
2113
2113
2113
2113
2113
2113
2113
2113
2113
2113
2113
2113
2113
2113
2113
2113
2113
2113
2113
2113
2113
2113
2113
2113
2113
2113
2113
2113
2113
2113
2113
2113
2113
2113
2113
2113
2113
2113
2113
2113
2113
2113
2113
2113
2113
2113
2113
2113
2113
2113
2113
2113
2113
2113
2113
2113
2113
2113
2113
2113
2113
2113
2113
2113
2113
2113
2113
2113
2113
2113
2113
2113
2113
2113
2113
2113
2113
2113
2113
2113
2113
2113
2113
2113
2113
2113
2113
2113
2113
2113
2113
2113
2362
2362
2362
2362
2362
2362
2362
2362
2362
2362
2362
2362
2362
2362
2362
2362
2362
2362
2362
2362
2362
2362
2362
2362
2362
2362
2362
2362
2362
2362
2362
2113
2113
2113
2113
2113
2113
2113
2113
2113
2113
2113
2113
2113
2113
2113
2113
2113
2113
2113
2113
2113
2113
2113
2113
2113
2113
2113
2113
2113
2113
2113
2113
2113
2113
2113
2113
2113
2113
2113
2113
2113
2113
2113
2113
2113
2113
2113
2113
2113
2113
2113
2113
2113
2113
2113
2113
2113
2113
2113
2113
2113
2113
2113
2113
2113
2113
2113
2113
2113
2113
2113
2113
2113
2113
2113
2113
2113
2113
2113
2113
2113
2113
2113
2113
2113
2113
2113
2113
2113
2113
2113
2113
2113
2113
2113
2113
2113
2113
2113
2113
2113
2113
2113
2113
2113
2113
2113
2113
2113
2113
2113
2113
2113
2113
2113
2113
2113
2113
2113
2113
2113
2113
2113
2113
2113
2113
2113
2113
2113
2113
2113
2113
2113
2113
2113
2113
2113
2113
2113
2113
2113
2113
2113
2113
2113
2113
2113
2113
2113
2113
2113
2113
2113
2113
2113
2113
2113
2113
2113
2113
2113
2113
2113
2113
2113
2113
2113
2113
2113
2113
2113
2113
2113
2113
2113
2113
2113
2113
2113
2113
2113
2113
2113
2113
2113
2113
2113
2113
2113
2113
2113
2113
2113
2113
2113
2113
2113
2113
2113
2113
2113
2113
2113
2113
2113
2113
2113
2113
2113
2113
2113
2113
2113
2113
2113
2113
2113
2113
2113
2113
2113
2113
2113
2113
2113
2113
2113
2113
2113
2113
2113
2113
2113
2113
2113
2113
2113
2113
2113
2113
2113
2113
2113
2113
2113
2113
2113
2113
2113
2113
2113
2113
2113
2113
2113
2113
2113
2113
2113
2113
2113
2113
2113
2113
2113
2113
2113
2113
2113
2113
2113
2113
2113
2113
2113
2113
2113
2113
2113
2113
2113
2113
2113
2113
2113
2113
2113
2113
2113
2113
2113
2113
2113
2113
2113
2113
2113
2113
2113
2113
2113
2113
2113
2113
2113
2113
2113
2113
2113
2113
2113
2113
2113
2113
2113
2113
2113
2113
2113
2113
2113
2113
2113
2113
2113
2113
2113
2113
2113
2113
2113
2113
2113
2113
2113
2113
2113
2113
2113
2113
2113
2113
2113
2113
2113
2113
2113
2113
2113
2113
2113
2113
2113
2113
2113
2113
2113
2113
2113
2113
2113
2113
2113
2113
2113
2113
2113
2113
2113
2113
2113
2113
2113
2113
2113
2113
2113
2113
2113
2113
2113
2113
2113
2113
2113
2113
2113
2113
2113
2113
2113
2113
2113
2113
2113
2113
2113
2113
2113
2113
2113
2113
2113
2113
2113
2113
2113
2113
2113
2113
2113
2113
2113
2113
2113
2113
2113
2113
2113
2113
2113
2113
2113
2113
2113
2113
2113
2113
2113
2113
2113
2113
2113
2113
2113
2113
2113
2113
2113
2113
2113
2113
2113
2113
2113
2113
2113
2113
2113
2113
2113
2113
2113
2113
2113
2113
2113
2113
2113
2113
2113
2113
2113
2113
2113
2113
2113
2113
2113
2113
2113
2113
2113
2113
2113
2113
2113
2113
2113
2113
2113
2113
2113
2113
2113
2113
2113
2113
2113
2113
2113
2113
2113
2113
2113
2113
2113
2113
2113
2113
2113
2113
2113
2113
2113
2113
2113
2113
2113
2113
2113
2113
2113
2113
2113
2113
2113
2113
2113
2113
2113
2113
2113
2113
2113
2113
2113
2113
2113
2113
2113
2113
2113
2113
2113
2113
2113
2113
2113
2113
2113
2113
2113
2113
2113
2113
2113
2113
2113
2113
2113
2113
2113
2113
2113
2113
2113
2113
2113
2113
2113
2113
2113
2113
2113
2113
2113
2113
2113
2113
2113
2113
2113
2113
2113
2113
2113
2113
2113
2113
2113
2113
2113
2113
2113
2113
2113
2113
2113
2113
2113
2113
2113
2113
2113
2113
2113
2113
2113
2113
2113
2113
2113
2113
2113
2113
2113
2113
2113
2113
2113
2113
2113
2113
2113
2113
2113
2113
2113
2113
2113
2113
2113
2113
2113
2113
2113
2113
2113
2113
2113
2113
2113
2113
2113
2113
2113
2113
2113
2113
2113
2113
2113
2113
2113
2113
2113
2113
2113
2113
2113
2113
2113
2113
2113
2113
2113
2113
2113
2113
2113
2113
2113
2113
2113
2113
2113
2113
2113
2113
2113
2113
2113
2113
2113
2113
2113
2113
2113
2113
2113
2113
2113
2113
2113
2113
2113
2113
2113
2113
2113
2113
2113
2113
2113
2113
2113
2113
2113
2113
2113
2113
2113
2113
2113
2113
2113
2113
2113
2113
2113
2113
2113
2113
2113
2113
2113
2113
2113
2113
2113
2113
2113
2113
2113
2113
2113
2113
2113
2113
2113
2113
2113
2113
2113
2113
2113
2113
2113
2113
2113
2113
2113
2113
2113
2113
2113
2113
2113
2113
2113
2113
2113
2113
2113
2113
2113
2113
2113
2113
2113
2113
2113
2113
2113
2113
2113
2113
2113
2113
2113
2113
2113
2113
2113
2113
2113
2113
2113
2113
2113
2113
2113
2113
2113
2113
2113
2113
2113
2113
2113
2113
2113
2113
2113
2113
2113
2113
2113
2113
2113
2113
2113
2113
2113
2113
2113
2113
2113
2113
2113
2113
2113
2113
2113
2113
2113
2113
2113
2113
2113
2113
2113
2113
2113
2113
2113
2113
2113
2113
2113
2113
2113
2113
2113
2113
2113
2113
2113
2113
2113
2113
2113
2113
2113
2113
2113
2113
2113
2113
2113
2113
2113
2113
2113
2113
2113
2113
2113
2113
2113
2113
2113
2113
2113
2113
2113
2113
2113
2113
2113
2113
2113
2113
2113
2113
2113
2113
2113
2113
2113
2113
2113
2113
2113
2113
2113
2113
2113
2113
2113
2113
2113
2113
2113
2113
2113
2113
2113
2113
2113
2113
2113
2113
2113
2113
2113
2113
2113
2113
2113
2113
2113
2113
2113
2113
2113
2113
2113
2113
2113
2113
2113
2113
2113
2113
2113
2113
2113
2113
2113
2113
2113
2113
2113
2113
2113
2113
2113
2113
2113
2113
2113
2113
2113
2113
2113
2113
2113
2113
2113
2113
2113
2113
2113
2113
2113
2113
2113
2113
2113
2113
2113
2113
2113
2113
2113
2113
2113
2113
2113
2113
2113
2113
2113
2113
2113
2113
2113
2113
2113
2113
2113
2113
2113
2113
2113
2113
2362
2362
2362
2362
2362
2362
2362
2362
2362
2362
2362
2362
2362
2362
2362
2362
2362
2362
2362
2362
2362
2362
2362
2362
2362
2362
2362
2362
2362
2362
2362
2362
2362
2362
2362
2362
2362
2362
2362
2362
2362
2362
2362
2362
2362
2362
2362
2362
2362
2362
2362
2362
2362
2362
2362
2362
2362
2362
2362
2362
2362
2362
2362
2362
2113
2113
2113
2113
2113
2113
2113
2113
2113
2113
2113
2113
2113
2113
2113
2113
2113
2113
2113
2113
2113
2113
2113
2113
2113
2113
2113
2113
2113
2113
2113
2113
2113
2113
2113
2113
2113
2113
2113
2113
2113
2113
2113
2113
2113
2113
2113
2113
2113
2113
2113
2113
2113
2113
2113
2113
2113
2113
2113
2113
2113
2113
2113
2113
2113
2113
2113
2113
2113
2113
2113
2113
2113
2113
2113
2113
2113
2113
2113
2113
2113
2113
2113
2113
2113
2113
2113
2113
2113
2113
2113
2113
2113
2113
2113
2113
2113
2113
2113
2113
2113
2113
2113
2113
2113
2113
2113
2113
2113
2113
2113
2113
2113
2113
2113
2113
2113
2113
2113
2113
2113
2113
2113
2113
2113
2113
2113
2113
2113
2113
2113
2113
2113
2113
2113
2113
2113
2113
2113
2113
2113
2113
2113
2113
2113
2113
2113
2113
2113
2113
2113
2113
2113
2113
2113
2113
2113
2113
2113
2113
2113
2113
2113
2113
2113
2113
2113
2113
2113
2113
2113
2113
2113
2113
2113
2113
2113
2113
2113
2113
2113
2113
2113
2113
2113
2113
2113
2113
2113
2113
2113
2113
2113
2113
2113
2113
2113
2113
2113
2113
2113
2113
2113
2113
2113
2113
2113
2113
2113
2113
2113
2113
2113
2113
2113
2113
2113
2113
2113
2113
2113
2113
2113
2113
2113
2113
2113
2113
2113
2113
2113
2113
2113
2113
2113
2113
2113
2113
2113
2113
2113
2113
2113
2113
2113
2113
2113
2113
2113
2113
2113
2113
2113
2113
2113
2113
2113
2113
2113
2113
2113
2113
2113
2113
2113
2113
2113
2113
2113
2113
2113
2113
2113
2113
2113
2113
2113
2113
2113
2113
2113
2113
2113
2113
2113
2113
2113
2113
2113
2113
2113
2113
2113
2113
2113
2113
2113
2113
2113
2113
2113
2113
2113
2113
2113
2113
2113
2113
2113
2113
2113
2113
2113
2113
2113
2113
2113
2113
2113
2113
2113
2113
2113
2113
2113
2113
2113
2113
2113
2113
2113
2113
2113
2113
2113
2113
2113
2113
2113
2113
2113
2113
2113
2113
2113
2113
2113
2113
2113
2113
2113
2113
2113
2113
2113
2113
2113
2113
2113
2113
2113
2113
2113
2113
2113
2113
2113
2113
2113
2113
2113
2113
2113
2113
2113
2113
2113
2113
2113
2113
2113
2113
2113
2113
2113
2113
2113
2113
2113
2113
2113
2113
2113
2113
2113
2113
2113
2113
2113
2113
2113
2113
2113
2113
2113
2113
2113
2113
2113
2113
2113
2113
2113
2113
2113
2113
2113
2113
2113
2113
2113
2113
2113
2113
2113
2113
2113
2113
2113
2113
2113
2113
2113
2113
2113
2113
2113
2113
2113
2113
2113
2113
2113
2113
2113
2113
2113
2113
2113
2113
2113
2113
2113
2113
2113
2113
2113
2113
2113
2113
2113
2113
2362
2362
2362
2362
2362
2362
2362
2362
2362
2362
2362
2362
2362
2362
2362
2362
2362
2362
2362
2362
2362
2362
2362
2362
2362
2362
2362
2362
2362
2362
2362
2362
2362
2362
2362
2362
2362
2362
2362
2362
2362
2362
2362
2362
2362
2362
2362
2362
2362
2362
2362
2362
2362
2362
2362
2362
2362
2362
2362
2362
2362
2362
2362
2362
2113
2113
2113
2113
2113
2113
2113
2113
2113
2113
2113
2113
2113
2113
2113
2113
2113
2113
2113
2113
2113
2113
2113
2113
2113
2113
2113
2113
2113
2113
2113
2113
2113
2113
2113
2113
2113
2113
2113
2113
2113
2113
2113
2113
2113
2113
2113
2113
2113
2113
2113
2113
2113
2113
2113
2113
2113
2113
2113
2113
2113
2113
2113
2113
2113
2113
2113
2113
2113
2113
2113
2113
2113
2113
2113
2113
2113
2113
2113
2113
2113
2113
2113
2113
2113
2113
2113
2113
2113
2113
2113
2113
2113
2113
2113
2113
2113
2113
2113
2113
2113
2113
2113
2113
2113
2113
2113
2113
2113
2113
2113
2113
2113
2113
2113
2113
2113
2113
2113
2113
2113
2113
2113
2113
2113
2113
2113
2113
2113
2113
2113
2113
2113
2113
2113
2113
2113
2113
2113
2113
2113
2113
2113
2113
2113
2113
2113
2113
2113
2113
2113
2113
2113
2113
2113
2113
2113
2113
2113
2113
2113
2113
2113
2113
2113
2113
2113
2113
2113
2113
2113
2113
2113
2113
2113
2113
2113
2113
2113
2113
2113
2113
2113
2113
2113
2113
2113
2113
2113
2113
2113
2113
2113
2113
2113
2113
2113
2113
2113
2113
2113
2113
2113
2113
2113
2113
2113
2113
2113
2113
2362
2362
2362
2362
2362
2362
2362
2362
2362
2362
2362
2362
2362
2362
2362
2362
2362
2362
2362
2362
2362
2362
2362
2362
2362
2362
2362
2362
2362
2362
2362
2362
2362
2362
2362
2362
2362
2362
2362
2362
2362
2362
2362
2362
2362
2362
2362
2362
2362
2362
2362
2362
2362
2362
2362
2362
2362
2362
2362
2362
2362
2362
2362
2362
2362
2362
2362
2362
2362
2362
2362
2362
2362
2362
2362
2362
2362
2362
2362
2362
2362
2362
2362
2362
2362
2362
2362
2362
2362
2362
2362
2362
2362
2362
2362
2362
2362
2362
2362
2362
2362
2362
2362
2362
2362
2362
2362
2362
2362
2362
2362
2362
2362
2362
2362
2362
2362
2362
2362
2362
2362
2362
2362
2362
2362
2362
2362
2362
2362
2362
2362
2362
2362
2362
2362
2362
2362
2362
2362
2362
2362
2362
2362
2362
2362
2362
2362
2362
2362
2362
2362
2362
2362
2362
2362
2362
2362
2362
2362
2362
2362
2362
2362
2362
2362
2362
2362
2362
2362
2362
2362
2362
2362
2362
2362
2362
2362
2362
2362
2362
2362
2362
2362
2362
2362
2362
2362
2362
2362
2362
2362
2362
2362
2362
2362
2362
2362
2362
2362
2362
2362
2362
2362
2362
2362
2362
2362
2362
2362
2362
2615
2615
2615
2615
2615
2615
2615
2615
2615
2615
2615
2615
2615
2615
2615
2615
2615
2615
2615
2615
2615
2615
2615
2615
2615
2615
2615
2615
2615
2615
2615
2615
2615
2615
2615
2615
2615
2615
2615
2615
2615
2615
2615
2615
2615
2615
2615
2615
2615
2615
2615
2615
2615
2615
2615
2615
2615
2615
2615
2615
2615
2615
2615
2615
2615
2615
2615
2615
2615
2615
2615
2615
2615
2615
2615
2615
2615
2615
2615
2615
2615
2615
2615
2615
2615
2615
2615
2615
2615
2615
2615
2615
2615
2615
2615
2615
2615
2615
2615
2615
2615
2615
2615
2615
2615
2615
2113
2113
2113
2113
2113
2113
2113
2113
2113
2113
2113
2113
2113
2113
2113
2113
2113
2113
2113
2113
2113
2113
2113
2113
2113
2113
2113
2113
2113
2113
2113
2113
2113
2113
2113
2113
2113
2113
2113
2113
2113
2113
2113
2113
2113
2113
2113
2113
2113
2113
2113
2113
2113
2113
2113
2113
2113
2113
2113
2113
2113
2113
2113
2113
2113
2113
2113
2113
2113
2113
2113
2113
2113
2113
2113
2113
2113
2113
2113
2113
2113
2113
2113
2113
2113
2113
2113
2113
2113
2113
2113
2113
2113
2113
2113
2113
2113
2113
2113
2113
2113
2113
2113
2113
2113
2113
2113
2113
2113
2113
2113
2113
2113
2113
2113
2113
2113
2113
2113
2113
2362
2362
2362
2362
2362
2362
2362
2362
2362
2362
2362
2362
2362
2362
2362
2362
2362
2362
2362
2362
2362
2362
2362
2362
2362
2362
2362
2362
2362
2362
2362
2362
2362
2362
2362
2362
2362
2362
2362
2362
2362
2362
2362
2362
2362
2362
2362
2362
2362
2362
2362
2362
2362
2362
2362
2362
2362
2362
2362
2362
2362
2362
2362
2362
2362
2362
2362
2362
2362
2362
2362
2362
2362
2362
2362
2362
2362
2362
2362
2362
2362
2362
2362
2362
2362
2362
2362
2362
2362
2362
2362
2362
2362
2362
2362
2362
2362
2362
2362
2362
2362
2362
2362
2362
2362
2362
2362
2362
2362
2362
2362
2362
2362
2362
2362
2362
2362
2362
2362
2362
2615
2615
2615
2615
2615
2615
2615
2615
2615
2615
2615
2615
2615
2615
2615
2615
2615
2615
2615
2615
2615
2615
2615
2615
2615
2615
2615
2615
2615
2615
2615
2615
2615
2615
2615
2615
2615
2615
2615
2615
2615
2615
2615
2615
2615
2615
2615
2615
2615
2615
2615
2615
2615
2615
2615
2615
2615
2615
2615
2615
2615
2615
2615
2615
2615
2615
2615
2615
2615
2615
2615
2615
2615
2615
2615
2615
2615
2615
2615
2615
2615
2615
2615
2615
2615
2615
2615
2615
2615
2615
2615
2615
2615
2615
2615
2615
2615
2615
2615
2615
2615
2615
2615
2615
2615
2615
2615
2615
2615
2615
2615
2615
2615
2615
2615
2615
2615
2615
2615
2615
4251
4251
4251
4251
4251
4251
4251
4251
4251
4251
4251
4251
4251
4251
4251
4251
4251
4251
4251
4251
4251
4251
4251
4251
4251
4251
4251
4251
4251
4251
4251
4251
4251
4251
4251
4251
4251
4251
4251
4251
4251
4251
4251
4251
4251
4251
4251
4251
4251
4251
4251
4251
4251
4251
4251
4251
4251
4251
4251
4251
4251
4251
4251
4251
4251
4251
4251
4251
4251
4251
4251
4251
4251
4251
4251
4251
4251
4251
4251
4251
4251
4251
4251
4251
4251
4251
4251
4251
4251
4251
4251
4251
4251
4251
4251
4251
4251
4251
4251
4251
4251
4251
4251
4251
4251
4251
4251
4251
4251
4251
4251
4251
4251
4251
4251
4251
4251
4251
4251
4251
4251
4251
4251
4251
4251
4251
4251
4251
4251
4251
4251
4251
4251
4251
4251
4251
4251
4251
4251
4251
4251
4251
4251
4251
4251
4251
4251
4251
4251
4251
4251
4251
4251
4251
4251
4251
4251
4251
4251
4251
4251
4251
4251
4251
4251
4251
2113
2113
2113
2113
2113
2113
2113
2113
2113
2113
2113
2113
2113
2113
2113
2113
2113
2113
2113
2113
2113
2113
2113
2113
2113
2113
2113
2113
2113
2113
2113
2113
2113
2113
2113
2113
2362
2362
2362
2362
2362
2362
2362
2362
2362
2362
2362
2362
2362
2362
2362
2362
2362
2362
2362
2362
2362
2362
2362
2362
2362
2362
2362
2362
2362
2362
2362
2362
2362
2362
2362
2362
2615
2615
2615
2615
2615
2615
2615
2615
2615
2615
2615
2615
2615
2615
2615
2615
2615
2615
2615
2615
2615
2615
2615
2615
2615
2615
2615
2615
2615
2615
2615
2615
2615
2615
2615
2615
4251
4251
4251
4251
4251
4251
4251
4251
4251
4251
4251
4251
4251
4251
4251
4251
4251
4251
4251
4251
4251
4251
4251
4251
4251
4251
4251
4251
4251
4251
4251
4251
4251
4251
4251
4251
4251
4251
4251
4251
4251
4251
4251
4251
4251
4251
4251
4251
4251
4251
4251
4251
4251
4251
4251
4251
4251
4251
4251
4251
4251
4251
4251
4251
4251
4251
4251
4251
4251
4251
4251
4251
4251
4251
4251
4251
4251
4251
4251
4251
4251
4251
4251
4251
4251
4251
4251
4251
4251
4251
4251
4251
4251
4251
4251
4251
4251
4251
4251
4251
4251
4251
4251
4251
4251
4251
4251
4251
4251
4251
4251
4251
4251
4251
4251
4251
4251
4251
4251
4251
5269
5269
5269
5269
5269
5269
5269
5269
5269
5269
5269
5269
5269
5269
5269
5269
5269
5269
5269
5269
5269
5269
5269
5269
5269
5269
5269
5269
5269
5269
5269
5269
5269
5269
5269
5269
5269
5269
5269
5269
5269
5269
5269
5269
5269
5269
5269
5269
5269
5269
5269
5269
5269
5269
5269
5269
5269
5269
5269
5269
5269
5269
5269
5269
5269
5269
5269
5269
5269
5269
5269
5269
5269
5269
5269
5269
5269
5269
5269
5269
5269
5269
5269
5269
5269
5269
5269
5269
5269
5269
5269
5269
5269
5269
5269
5269
5269
5269
5269
5269
5269
5269
5269
5269
5269
5269
5269
5269
5269
5269
5269
5269
5269
5269
5269
5269
5269
5269
5269
5269
5635
5635
5635
5635
5635
5635
5635
5635
5635
5635
5635
5635
5635
5635
5635
5635
5635
5635
5635
5635
5635
5635
5635
5635
5635
5635
5635
5635
5635
5635
5635
5635
5635
5635
5635
5635
7619
7619
7619
7619
7619
7619
7619
7619
7619
7619
7619
7619
7619
7619
7619
7619
7619
7619
7619
7619
7619
7619
7619
7619
7619
7619
7619
7619
7619
7619
7619
7619
7619
7619
7619
7619
10120
10120
10120
10120
10120
10120
10120
10120
10120
10120
10120
10120
10120
10120
10120
10120
10120
10120
10120
10120
10120
10120
10120
10120
10120
10120
10120
10120
10120
10120
10120
10120
10120
10120
10120
10120
10120
10120
10120
10120
10120
10120
10120
10120
10120
10120
10120
10120
10120
10120
10120
10120
10120
10120
10120
10120
10120
10120
10120
10120
10120
10120
10120
10120
10120
10120
10120
10120
10120
10120
10120
10120
10120
10120
10120
10120
10120
10120
10120
10120
10120
10120
10120
10120
10120
10120
10120
10120
10120
10120
10120
10120
10120
10120
10120
10120
10120
10120
10120
10120
10120
10120
10120
10120
10120
10120
2113
2113
2113
2113
2113
2113
2113
2113
2113
2362
2362
2362
2362
2362
2362
2362
2362
2362
2615
2615
2615
2615
2615
2615
2615
2615
2615
4251
4251
4251
4251
4251
4251
4251
4251
4251
4251
4251
4251
4251
4251
4251
4251
4251
4251
4251
4251
4251
4251
4251
4251
4251
4251
4251
4251
4251
4251
4251
4251
4251
4251
4251
4251
4251
4251
4251
4251
4251
4251
4251
4251
4251
5269
5269
5269
5269
5269
5269
5269
5269
5269
5269
5269
5269
5269
5269
5269
5269
5269
5269
5269
5269
5269
5269
5269
5269
5269
5269
5269
5269
5269
5269
5269
5269
5269
5269
5269
5269
5269
5269
5269
5269
5269
5269
5269
5269
5269
5635
5635
5635
5635
5635
5635
5635
5635
5635
7619
7619
7619
7619
7619
7619
7619
7619
7619
10120
10120
10120
10120
10120
10120
10120
10120
10120
10120
10120
10120
10120
10120
10120
10120
10120
10120
10120
10120
10120
10120
10120
10120
10120
10120
10120
10120
10120
10120
10120
10120
10120
10120
10120
10120
10120
10120
10120
10120
10120
10120
10120
10120
10120
10845
10845
10845
10845
10845
10845
10845
10845
10845
10845
10845
10845
10845
10845
10845
10845
10845
10845
10845
10845
10845
10845
10845
10845
10845
10845
10845
10845
10845
10845
10845
10845
10845
10845
10845
10845
10845
10845
10845
10845
10845
10845
10845
10845
10845
11763
11763
11763
11763
11763
11763
11763
11763
11763
11763
11763
11763
11763
11763
11763
11763
11763
11763
11763
11763
11763
11763
11763
11763
11763
11763
11763
11763
11763
11763
11763
11763
11763
11763
11763
11763
11763
11763
11763
11763
11763
11763
11763
11763
11763
12299
12299
12299
12299
12299
12299
12299
12299
12299
13540
13540
13540
13540
13540
13540
13540
13540
13540
13598
13598
13598
13598
13598
13598
13598
13598
13598
15752
15752
15752
15752
15752
15752
15752
15752
15752
15752
15752
15752
15752
15752
15752
15752
15752
15752
15752
15752
15752
15752
15752
15752
15752
15752
15752
15752
15752
15752
15752
15752
15752
15752
15752
15752
15752
15752
15752
15752
15752
15752
15752
15752
15752
16001
16001
16001
16001
16001
16001
16001
16001
16001
19034
19034
19034
19034
19034
19034
19034
19034
19034
19034
19034
19034
19034
19034
19034
19034
19034
19034
19034
19034
19034
19034
19034
19034
19034
19034
19034
19034
19034
19034
19034
19034
19034
19034
19034
19034
19034
19034
19034
19034
19034
19034
19034
19034
19034
20550
20550
20550
20550
20550
20550
20550
20550
20550
20550
20550
20550
20550
20550
20550
20550
20550
20550
20550
20550
20550
20550
20550
20550
20550
20550
20550
20550
20550
20550
20550
20550
20550
20550
20550
20550
20550
20550
20550
20550
20550
20550
20550
20550
20550
20934
20934
20934
20934
20934
20934
20934
20934
20934
21491
21491
21491
21491
21491
21491
21491
21491
21491
23440
23440
23440
23440
23440
23440
23440
23440
23440
24124
24124
24124
24124
24124
24124
24124
24124
24124
28423
28423
28423
28423
28423
28423
28423
28423
28423
28423
28423
28423
28423
28423
28423
28423
28423
28423
28423
28423
28423
28423
28423
28423
28423
28423
28423
28423
28423
28423
28423
28423
28423
28423
28423
28423
28423
28423
28423
28423
28423
28423
28423
28423
28423
29053
29053
29053
29053
2113
2362
2615
4251
4251
4251
4251
4251
4251
4251
4251
4251
5269
5269
5269
5269
5269
5269
5269
5269
5269
5635
7619
10120
10120
10120
10120
10120
10120
10120
10120
10120
10845
10845
10845
10845
10845
10845
10845
10845
10845
11763
11763
11763
11763
11763
11763
11763
11763
11763
12299
13540
13598
15752
15752
15752
15752
15752
15752
15752
15752
15752
16001
19034
19034
19034
19034
19034
19034
19034
19034
19034
20550
20550
20550
20550
20550
20550
20550
20550
20550
20934
21491
23440
24124
28423
28423
28423
28423
28423
28423
28423
28423
28423
29053
31355
34282
34307
34307
34307
34307
34307
34307
34307
34307
34307
34979
35280
35391
35928
35928
35928
35928
35928
35928
35928
35928
35928
37392
37392
37392
37392
37392
37392
37392
37392
37392
38829
39392
39758
39758
39758
39758
39758
39758
39758
39758
39758
40500
41159
41159
41159
41159
41159
41159
41159
41159
41159
42365
44353
44353
44353
44353
44353
44353
44353
44353
44353
44526
44819
44819
44819
44819
44819
44819
44819
44819
44819
44962
44962
44962
44962
44962
44962
44962
44962
44962
45156
45156
45156
45156
45156
45156
45156
45156
45156
46824
46852
46852
46852
46852
46852
46852
46852
46852
46852
46942
47406
49997
50063
50293
50293
50293
50293
50293
50293
50293
50293
50293
52018
52567
52567
52567
52567
52567
52567
52567
52567
52567
55232
55232
55232
55232
55232
55232
55232
55232
55232
58800
58800
58800
58800
58800
58800
58800
58800
58800
59720
60987
61151
61151
61151
61151
61151
61151
61151
61151
61151
61918
61918
61918
61918
61918
61918
61918
61918
61918
62548
62548
62548
62548
62548
62548
62548
62548
62548
65643
65643
65643
65643
65643
65643
65643
65643
65643
65812
65812
65812
65812
65812
65812
65812
65812
65812
66975
67431
69030
71201
71510
72213
72606
72606
72606
72606
72606
72606
72606
72606
72606
72943
72943
72943
72943
72943
72943
72943
72943
72943
73181
73181
73181
73181
73181
73181
73181
73181
73181
73505
75155
75615
76139
78259
79381
79381
79381
79381
79381
79381
79381
79381
79381
79957
80605
80776
80830
82460
82460
82460
82460
82460
82460
82460
82460
82460
83304
83304
83304
83304
83304
83304
83304
83304
83304
83448
85972
87711
87711
87711
87711
87711
87711
87711
87711
87711
87928
87928
87928
87928
87928
87928
87928
87928
87928
88208
89128
89128
89128
89128
89128
89128
89128
89128
89128
90023
90023
90023
90023
90023
90023
90023
90023
90023
90200
90200
90200
90200
90200
90200
90200
90200
90200
90987
91042
91042
91042
91042
91042
91042
91042
91042
91042
91686
91686
91686
91686
91686
91686
91686
91686
91686
92609
92792
92923
92923
92923
92923
92923
92923
92923
92923
92923
93152
94174
94749
95475
95475
95475
95475
95475
95475
95475
95475
95475
96176
96176
96176
96176
96176
96176
96176
96176
96176
96358
97408
97408
97408
97408
97408
97408
97408
97408
97408
97660
97660
97660
97660
97660
97660
97660
97660
97660
100161
100161
100161
100161
100161
100161
100161
100161
100161
105141
105141
105141
105141
105141
105141
105141
105141
105141
105342
105342
105342
105342
105342
105342
105342
105342
105342
106038
106038
106038
106038
106038
106038
106038
106038
106038
114053
114053
114053
114053
114053
114053
114053
114053
114053
115152
116941
116941
116941
116941
116941
116941
116941
116941
116941
4251
5269
10120
10845
11763
15752
19034
20550
28423
34307
35928
37392
39758
41159
44353
44819
44962
45156
46852
50293
52567
55232
58800
61151
61918
62548
65643
65812
72606
72943
73181
79381
82460
83304
87711
87928
89128
90023
90200
91042
91686
92923
95475
96176
97408
97660
100161
105141
105342
106038
114053
116941
117195
118252
118325
118800
124337
125086
125657
126510
127616
128121
129408
131151
135518
135729
139471
142779
143910
145375
147554
149720
150125
152161
152910
153621
154714
155872
158590
161527
162672
163926
164292
167852
170170
170506
175400
177718
180548
183718
184072
186952
200792
201069
204645
205062
206243
207480
214815
215898
216090
218751
221155
222428
222754
228721
231761
232425
232805
233114
233570
235053
236214
242050
242635
242834
243468
247757
248175
248364
248977
250008
254884
256678
256816
257597
258306
261667
263497
264854
265391
266194
267292
267725
270742
271360
271401
276103
281052
283253
283738
287600
289123
290255
290720
291485
299699
299808
300579
300742
301192
313082
316750
317249
320483
321357
322915
323691
330491
336386
339198
341798
346827
349502
350766
351718
354908
363200
363260
363341
366070
367445
370732
373053
375218
375222
375728
376256
376468
376731
380292
380323
381465
381916
382524
383281
386851
386917
393988
396164
401014
401378
401461
402092
402750
409802
412323
412617
413554
413566
414135
415518
416139
417411
417593
418103
419723
420041
423750
424864
425614
426165
426538
427417
428888
429128
429541
431447
435744
437697
438747
439146
440770
443334
444293
445998
446925
447599
447997
448028
448738
450104
450460
451076
452213
456208
459366
465442
466810
468482
471694
472033
472174
473438
481397
482884
483452
484696
487927
492425
494676
495251
496076
496389
497417
497502
499486
499599
500668
504959
506915
508186
508528
510499
512028
513620
515728
516833
517115
518566
519030
519149
519606
521490
524777
525932
526532
527886
528026
528119
528221
529168
529297
531229
533153
538274
538576
538954
539794
540471
542297
543664
545117
546119
549909
551015
551074
551138
554294
557577
562945
565081
567177
568036
568384
571677
572935
573559
575413
577120
578354
579561
583223
587750
589103
590765
594918
596029
599179
599311
599384
601863
609233
609782
610331
616368
617091
618460
619435
620130
620603
620893
622281
626887
630420
630751
630889
630990
631439
632098
636673
637267
637607
639044
640970
641554
642177
643794
645538
647974
648000
648392
650301
650574
650635
651091
651652
655158
655302
655733
658322
661180
661343
669224
676291
676538
678424
678649
681244
683120
688454
688519
688700
689013
692607
695705
696038
699081
701105
704113
705436
706704
707277
707442
708726
709879
710668
715175
716271
716771
722032
722106
722137
723804
724071
724587
725017
725050
725716
726823
727551
728141
729707
732036
740576
740939
745083
746624
747335
747367
747414
748897
749078
750254
751403
752255
753405
754130
756338
757102
759867
760099
762344
763458
765221
767755
771048
779037
785819
790866
791138
791312
791514
791664
792293
792559
798426
803171
803427
804722
806591
811236
815548
823888
826703
826941
830940
832291
833713
834812
835171
835495
838164
838184
838693
840006
845014
849722
852481
852701
852790
853023
855714
856043
856258
858570
860517
862416
870680
871046
872382
873501
876599
880017
885154
897588
898702
909989
911180
913208
916064
918943
918972
920852
922886
924677
924783
926754
927221
927532
930180
933138
933610
939414
939951
940183
943939
945629
947209
948028
950122
953064
953312
953447
954327
959500
960801
962847
967501
971114
975881
978850
979569
982271
985199
985290
986452
987523
991719
991833
992448
993382
996512
997000
998402
999382
944573
287797
480021
920292
459307
609430
