5211
5211
5211
5211
5211
5211
5211
5211
5211
5211
5211
5211
5211
5211
5211
5211
5211
5211
5211
5211
5211
18456
18456
18456
18456
18456
18456
18456
18456
18456
18456
18456
18456
18456
18456
18456
95060
95060
95060
95060
95060
95060
95060
95060
95060
95060
95060
95060
95060
95060
95060
95060
95060
95060
95060
95060
95060
95060
95060
95060
95060
95060
95060
95060
95060
95060
95060
95060
95060
95060
95060
95060
95060
95060
95060
95060
95060
95060
95060
95060
95060
95060
95060
95060
95060
95060
95060
95060
95060
95060
95060
549676
947739
993368
999932
210012
636226
698586
348094
297539
