5211
18456
21530
89172
95060
100545
117276
126505
133069
171087
174067
175011
176229
180540
202362
210012
233367
238335
241873
268980
289383
297539
313750
336327
344043
348094
353895
368690
377373
383426
392754
393584
413784
420925
426808
455736
465782
477084
478042
484421
490027
497281
502651
513926
513929
515434
516649
520059
544919
549676
95060
100545
117276
126505
171087
210012
233367
241873
268980
297539
313750
336327
344043
348094
353895
392754
393584
420925
426808
477084
497281
502651
515434
549676
566413
612399
616124
621729
636226
660336
661313
695788
698586
702305
705403
750846
759956
776091
803526
806862
819582
898814
906996
925857
947178
947739
990364
993368
999170
999932
