81
569
681
2245
2904
3033
3493
5211
9097
11017
12497
14412
15720
18456
19593
20127
21530
23311
26272
26304
27284
28067
28624
31326
31536
32172
32460
32919
33002
33333
34945
35021
35217
35325
35568
36029
36159
37525
39021
40743
41805
43324
44599
44878
47641
48829
51528
53144
53959
54081
55805
56552
56856
57522
58025
58109
59426
59479
60028
60049
60910
62949
65818
66249
66342
66601
67917
68977
72641
73850
73940
76376
77375
77888
79296
79444
80154
80308
80928
80967
82195
85273
86990
87764
89159
89172
89368
89412
89438
90032
90428
92622
95060
95820
97467
97487
100237
100545
101360
101839
102747
102829
103348
104339
107205
107722
108117
108581
109485
110197
110294
110699
110991
112297
114613
116466
117276
118606
120709
121308
122573
122846
124030
125849
126087
126505
127828
127955
132002
132133
133069
133589
134047
138377
138722
139932
140528
140795
141723
142618
144500
145550
146081
148365
149314
151432
152040
152274
152433
152959
153275
154259
158660
160269
160358
160379
165193
166342
167637
170337
171087
171692
172261
173109
174067
174232
175011
176229
178224
178736
179497
180540
186593
187190
187516
189435
191309
192379
193512
195746
196431
197314
198987
199181
199759
202254
202362
202900
204346
204916
205057
206725
207672
208324
209188
209441
209933
210012
210498
211388
213258
214677
215350
217462
218004
218189
218593
219756
220853
222842
223205
226057
226340
228023
228398
228444
228458
228794
228804
229320
229904
230297
231011
233367
235128
235189
235379
238046
238283
238335
241081
241873
241888
243555
245196
245830
245975
247255
247643
247686
248626
250262
250573
250774
251746
252715
252996
253414
254586
255763
256190
258270
259470
260289
260756
261796
262009
262754
266748
266761
267605
268139
268980
271232
272379
272813
273303
274570
275569
275856
276121
276965
277217
277685
278050
278611
279207
280524
281936
282134
288819
289383
289672
290071
290596
292122
294892
295499
297278
297539
298285
298490
299708
299904
300606
300925
301039
302647
304789
305000
305153
305624
306640
306710
307398
308542
308902
311131
311574
311705
311776
313563
313750
316437
318776
319301
319529
319847
321648
321801
322197
322227
322404
322532
323875
324176
324914
325578
326717
327684
327814
328205
332231
332871
333378
334471
335821
335928
336327
336503
338082
340713
343768
344043
344234
344818
346228
346491
346619
348094
348142
349250
349614
352298
353895
354340
355115
356620
356728
359211
359231
359415
360099
363368
363827
365084
366143
367770
367818
368690
369633
370163
370347
370888
371155
372231
372260
372555
372661
373743
376348
376882
377017
377373
378130
379107
380595
381494
383303
383426
384172
385644
387090
387677
387981
388027
388464
388777
390179
390358
390868
391521
392292
392735
392754
393584
393740
395528
399134
400346
400657
401255
401947
402336
405989
406219
407971
408282
409117
409503
411898
412924
413173
413784
414639
415775
416931
416949
418418
418627
418657
419379
419805
420925
421244
421993
422090
423428
423943
425661
426808
426815
429689
430639
433452
433483
433518
433890
436840
436873
439214
441500
442062
443181
443376
445884
448036
448566
449122
449291
450907
451659
452551
453195
453826
454154
455306
455736
456682
457753
460008
462951
465782
466127
466996
467587
468858
469786
469841
469911
470124
473059
473416
473730
473788
474762
475776
477084
478042
478179
480570
484421
485054
486715
487131
487770
489114
490000
490027
491298
81
3493
9097
11017
14412
15720
19593
20127
26272
27284
28067
31536
32919
33002
34945
35021
35217
35325
37525
39021
41805
47641
53959
55805
56552
56856
57522
58025
58109
59426
59479
60910
62949
66342
68977
72641
76376
77375
77888
79296
80154
80308
80928
80967
82195
89159
89368
89438
90032
92622
95820
97487
100237
101360
101839
102747
107205
107722
109485
110294
110699
110991
112297
121308
122573
124030
125849
126087
127955
133589
134047
138377
138722
139932
140528
141723
146081
149314
152040
152274
152433
160269
160358
170337
172261
173109
178224
186593
187516
189435
191309
193512
196431
197314
198987
199181
199759
202254
204346
204916
205057
208324
209933
211388
214677
215350
217462
218189
218593
220853
226057
228023
228398
228458
228794
230297
235379
238283
241081
241888
245196
245830
247643
250262
250573
250774
252715
261796
266761
271232
272379
274570
275569
277217
277685
279207
289672
290596
292122
297278
299708
299904
300606
300925
302647
304789
305000
305153
306710
307398
311131
311574
311776
313563
319847
322197
322532
323875
324176
325578
326717
327814
328205
332231
333378
334471
335821
336503
343768
344234
349250
349614
355115
356620
356728
359211
359231
359415
360099
363827
367770
367818
369633
370347
370888
372231
372260
372555
372661
376882
377017
378130
380595
381494
384172
387090
387677
388777
390179
390358
391521
392735
393740
395528
399134
400346
400657
401947
405989
409117
411898
413173
414639
415775
416931
418627
418657
419805
421244
423428
423943
426815
430639
433483
433518
433890
436873
439214
443181
448566
449122
449291
450907
453195
454154
456682
460008
462951
466127
469911
473059
474762
475776
478179
485054
487770
489114
490000
491298
495425
498338
498976
501962
504234
504292
505236
506582
508860
513970
515334
515797
518157
519218
519934
522071
522325
524566
526309
528946
530126
532290
533149
533459
538839
539036
539390
539848
539862
541312
543437
544266
544918
547084
550253
550270
550551
552528
552805
554010
554098
554603
558955
560997
561041
561886
563291
564285
565100
565421
575055
575223
576590
580952
582338
588711
588954
590181
590930
591100
591171
591281
593093
593499
593614
596963
598382
602726
610537
613073
614030
618996
620483
621269
621703
622954
626924
627321
630443
631233
631491
631626
633074
633417
634225
634994
639006
641892
645729
647283
648412
648518
651136
651476
653516
653714
663950
666328
668363
669086
671338
673168
675105
679262
684278
686763
687483
689126
689685
690360
692685
696532
696776
698571
709016
710873
712350
714904
720090
721120
722604
723382
723618
725218
726312
726651
727088
730690
734713
735990
740049
740865
742587
742698
745691
745791
746139
748720
752506
754116
754552
755199
756851
756970
760235
764524
765404
767057
767868
768825
770478
771559
772757
776787
777560
781486
784812
785147
785404
788355
790417
794427
794583
796157
796892
798898
799051
799631
801052
803074
804289
804310
806355
806367
806445
806732
810563
811783
816539
819080
825171
826607
826621
828993
829204
830857
836610
836836
844822
850543
858270
858969
859999
862806
871137
875640
876982
880226
884850
886059
887560
887982
888574
889618
889744
893529
894018
894977
895021
897490
897525
898506
901063
903190
903682
909211
909365
909610
914653
917955
918184
925433
927335
928577
933681
935710
937457
938701
945053
945082
945486
947386
955081
956042
963858
963981
966189
966950
967637
967857
970072
973813
974580
975266
982030
984857
989683
990415
990783
992393
994984
