64
81
93
323
549
569
681
681
745
820
867
1171
1206
1244
1354
1379
1511
1642
1842
1914
1925
2039
2245
2362
2427
2463
2503
2606
2615
2780
2902
2904
3033
3050
3094
3296
3476
3493
3615
3637
3979
4039
4062
4082
4251
4308
4310
4340
4513
5009
5211
5216
5226
5269
5510
5601
5635
5667
5979
6046
6071
6484
6734
6816
7057
7144
7199
7339
7619
8216
8292
8430
8693
8764
9097
9120
9206
9241
9428
9431
9719
10038
10120
10122
10165
10272
10417
10431
10569
10736
10845
10946
10947
11016
11017
11053
11351
11520
11703
11735
11763
11789
11867
11964
11984
12299
12459
12497
12582
12585
12713
13321
13372
13405
13537
13540
13598
13617
13669
13888
13917
14007
14057
14148
14385
14412
14523
14811
15033
15056
15057
15469
15533
15633
15720
15752
15781
16001
16110
16204
16228
16259
16323
16449
16522
16538
17135
17223
17315
17501
17566
17630
17638
17808
17808
17833
17881
18184
18190
18202
18448
18456
18481
18507
18654
18704
18859
19034
19278
19304
19420
19486
19540
19593
20127
20172
20468
20550
20567
20847
20934
21008
21018
21091
21414
21485
21491
21530
21743
22104
22181
22190
22298
22300
22765
22924
22939
23023
23078
23182
23311
23415
23440
23591
23787
23856
23949
24020
24100
24122
24124
24136
24145
24451
24561
24605
24745
24776
25015
25165
25496
25861
26160
26196
26234
26272
26304
26445
26650
26652
26776
26856
27138
27157
27172
27284
27320
27458
27489
27495
27536
27572
27583
27639
27710
28067
28215
28313
28380
28423
28624
28656
28806
28828
28861
28943
28996
29053
29098
29215
29375
29438
29448
29501
29573
29729
29949
30096
30183
30386
30530
30706
30774
31020
31224
31326
31355
31502
31536
31600
31639
31790
32073
32101
32172
32248
32276
32277
32310
32460
32538
32862
32908
32919
32933
32976
33002
33062
33081
33333
33621
33786
33808
33882
33915
34190
34225
34282
34303
34307
34551
34589
34596
34633
34736
34821
34945
34979
34986
35021
35109
35217
35280
35325
35368
35391
35568
35733
35879
35928
36029
36055
36126
36159
36189
36214
36421
36437
36461
36857
36936
37062
37126
37138
37200
37392
37472
37525
37545
37710
37876
38320
38566
38585
38602
38829
38879
38894
38936
39021
39021
39129
39195
39334
39392
39626
39758
39810
39828
39875
39875
39908
39916
39960
40072
40077
40140
40194
40215
40220
40400
40403
40500
40584
40702
40743
40881
40898
40926
40972
41159
41167
41351
41598
41598
41768
41792
41805
41882
41991
42122
42210
42348
42365
42417
42484
42659
42772
42831
42856
42992
43067
43102
43320
43324
43453
43592
43633
43682
43725
43860
43914
43983
44101
44131
44317
44353
44365
44526
44599
44646
44687
44746
44757
44819
44878
44901
44962
45042
45063
45156
45329
45389
45901
45979
46007
46017
46341
46355
46380
46387
46549
46588
46647
46824
46828
46852
46942
47189
47329
47395
47406
47510
47641
47775
47928
47983
47996
48074
48267
48401
48425
48498
48529
48586
48599
48623
48626
48628
48829
48860
48977
49613
49646
49676
49764
49773
49997
50063
50197
50293
50440
50466
50499
50531
50707
50740
50808
51019
51103
51333
51463
51477
51498
51528
51571
51584
51735
51878
51986
52018
52097
52176
52251
52464
52567
52621
52630
52732
52918
52927
53079
53144
53150
53418
53428
53499
53542
53762
53801
53842
53882
53959
54024
54081
54180
54364
54525
54660
55232
55323
55336
55382
55435
55776
55793
55805
56055
56151
56448
56552
56561
56591
56618
56675
56687
56699
56747
56757
56788
56791
56794
56842
56856
56927
57115
57229
57460
57522
57570
57602
57661
57911
58025
58106
58109
58218
58261
58320
58531
58752
58800
58814
58856
58976
59129
59234
59426
59476
59479
59543
59560
59619
59720
59765
59772
59803
59895
60014
60028
60049
60319
60498
60642
60707
60809
60908
60910
60987
61048
61087
61151
61567
61648
61690
61759
61770
61773
61918
61991
62189
62251
62258
62315
62382
62426
62548
62638
62718
62760
62795
62900
62923
62934
62949
62958
62975
63046
63073
63084
63133
63141
63179
63328
64049
64088
64091
64260
64335
64472
64662
64825
64835
64901
64959
65054
65080
65186
65643
65666
65812
65818
65965
65969
66064
66103
66249
66317
66342
66343
66444
66487
66537
66601
66623
66681
66805
66975
67183
67223
67367
67431
67609
67660
67697
67764
67850
67917
68011
68012
68107
68339
68399
68427
68506
68632
68689
68818
68972
68977
69004
69027
69030
69232
69410
69883
70285
70330
70392
70491
70491
70592
70757
70847
70927
70999
71006
71116
71125
71161
71201
71478
71510
71710
71774
71892
72213
72293
72485
72486
72606
72641
72699
72703
72943
72999
73039
73181
73370
73505
73627
73764
73828
73847
73850
73870
73940
73990
74537
74602
75076
75122
75155
75218
75412
75615
75616
75704
75743
76077
76139
76169
76217
76376
76445
76486
76585
76672
76773
76780
77304
77375
77589
77591
77645
77773
77888
78002
78044
78259
78408
78592
78721
79088
79095
79145
79269
79296
79322
79342
79373
79381
79421
79422
79444
79540
79690
79841
79908
79933
79957
80124
80154
80254
80261
80262
80308
80532
80605
80636
80776
80830
80843
80886
80928
80967
81198
81555
81815
81858
81925
82014
82050
82060
82195
82199
82379
82424
82460
82466
82539
82830
83031
83088
83304
83448
83598
83781
84007
84100
84148
84216
84267
84292
84303
84315
84506
84542
84579
84672
84746
84821
85106
85193
85273
85507
85544
85739
85972
86034
86305
86317
86469
86480
86681
86990
87126
87183
87195
87531
87586
87662
87688
87710
87711
87764
87854
87928
87997
88030
88109
88131
88208
88411
88421
88434
88582
88883
88980
89128
89159
89172
89174
89325
89358
89368
89412
89438
89491
89503
89727
89965
90023
90032
90057
90086
90192
90200
90212
90428
90717
90859
90960
90987
91009
91042
91185
91251
91583
91686
91749
91751
91840
92024
92061
92234
92351
92376
92396
92489
92609
92622
92792
92923
93152
93316
93397
93640
93662
94112
94165
94174
94417
94749
94909
95018
95020
95022
95027
95042
95060
95160
95475
95572
95609
95655
95731
95745
95745
95765
95815
95820
96107
96169
96176
96177
96180
96271
96358
96382
96879
96913
97051
97161
97218
97408
97467
97487
97529
97567
97602
97654
97660
97871
97874
98032
98165
98480
98605
98734
98738
98739
98823
99355
99393
99451
99484
99538
99901
100161
100237
100255
100321
100486
100514
100545
100669
100731
100857
101110
101113
101281
101331
101360
101489
101662
101665
101760
101832
101839
101877
101940
101996
102296
102393
102501
102675
102747
102829
103030
103124
103241
103348
103537
103654
103807
103978
104061
104068
104339
104407
104510
104522
104524
104635
104667
104697
104712
104812
104896
105082
105141
105196
105340
105342
105473
105994
106038
106226
106312
106321
106348
106407
106413
106685
106687
106892
106956
107205
107280
107478
107603
107681
107722
107964
108003
108019
108117
108129
108342
108354
108581
108594
108957
109339
109352
109445
109485
109608
109644
109849
109859
110059
110094
110115
110174
110185
110197
110270
110294
110427
110508
110661
110699
110751
110799
110911
110991
111021
111427
111448
111544
111612
111793
111994
112110
112132
112297
112466
112644
112711
112818
112927
113030
113083
113190
113236
113244
113328
113606
114053
114180
114218
114447
114462
114526
114544
114587
114613
114641
115152
115381
115464
115873
115921
115934
115945
116035
116330
116354
116466
116473
116548
116632
116840
116941
117027
117155
117174
117184
117195
117276
117507
117731
117792
117832
118130
118159
118234
118252
118325
118450
118475
118513
118606
118762
118800
119080
119157
119161
119204
119326
119375
119446
119502
119540
119836
119944
120160
120356
120688
120709
120804
120867
120896
121027
121288
121308
121784
121924
121937
121989
122004
122023
122032
122045
122177
122272
122429
122431
122439
122523
122573
122590
122594
122729
122846
122980
123090
123202
123519
123558
123568
123786
123840
124030
124046
124220
124337
125086
125139
125140
125244
125276
125315
125336
125357
125383
125413
125657
125849
125972
126087
126162
126168
126381
126447
126505
126510
126598
126763
126901
126950
126997
127098
127156
127179
127249
127303
127367
127369
127513
127597
127616
127682
127828
127955
128121
128223
128425
128464
128526
128616
128825
129067
129085
129205
129326
129408
129524
129559
129706
129793
129860
129877
129954
130017
130772
130791
130834
130872
130908
130939
130968
130985
131125
131151
131385
131424
131489
131527
131589
131635
132002
132043
132048
132133
132244
132347
132501
132540
132557
132781
132946
133069
133130
133589
133596
133608
133822
133984
134047
134136
134158
134463
134495
134722
134822
135018
135205
135236
135240
135338
135339
135518
135590
135719
135729
136052
136104
136154
136219
136476
136907
136977
137020
137088
137091
137166
137418
137590
137703
138000
138264
138282
138326
138377
138380
138496
138548
138644
138651
138715
138722
138863
138864
138954
138989
139053
139265
139471
139563
139784
139885
139932
140068
140091
140172
140186
140292
140470
140492
140528
140795
140826
140875
141009
141133
141247
141723
142227
142334
142383
142481
142496
142618
142779
142838
142902
143421
143910
144042
144308
144369
144491
144500
144529
144830
144854
145053
145207
145257
145323
145325
145375
145472
145489
145494
145550
145669
146081
146145
146244
146246
146290
146451
146542
146546
146590
146692
146790
146961
147069
147070
147326
147408
147484
147498
147515
147554
147567
147571
147732
147774
147997
148075
148151
148194
148346
148365
148569
148604
148632
148711
148990
149010
149023
149078
149314
149446
149517
149637
149720
149776
149832
149955
150109
150125
150212
150254
150323
150462
150508
150654
150799
150811
150859
150997
151121
151213
151225
151249
151432
151948
151970
152040
152161
152167
152226
152274
152336
152410
152433
152493
152760
152910
152959
152978
152986
153006
153143
153275
153538
153579
153621
153674
153916
153954
154073
154091
154259
154289
154508
154589
154714
154861
154863
154913
154931
155027
155066
155181
155554
155594
155624
155633
155710
155872
155895
155988
156066
156181
156217
156407
156489
156584
156615
156802
156975
157106
157265
157360
157511
157620
157793
158124
158436
158547
158590
158627
158660
158732
158823
158967
159016
159138
159161
159346
159487
159495
159527
159651
159745
159999
160106
160269
160292
160358
160374
160379
160450
160530
160558
160574
160923
161002
161140
161257
161521
161527
161528
161534
161631
161708
161956
162035
162051
162069
162141
162161
162283
162286
162289
162325
162493
162496
162652
162672
162844
162945
162964
163036
163038
163042
163043
163132
163338
163351
163438
163487
163767
163787
163925
163926
164213
164292
164556
164576
164626
164681
164757
164871
165193
165198
165203
165407
165449
165457
165483
165683
165730
165879
165898
165915
166264
166342
166488
166549
166582
166697
166829
166929
166951
167279
167297
167308
167332
167637
167711
167715
167716
167744
167852
168133
168164
168275
168754
168837
168920
169080
169347
169370
169437
169487
169591
169790
169939
169957
170114
170159
170170
170269
170311
170337
170506
170620
170893
170911
170982
171054
171087
171275
171637
171692
171794
171880
171884
171894
171932
172025
172190
172261
172326
172467
172497
172621
172631
172657
172784
172980
173109
173136
173172
173201
173294
173332
173402
173528
173533
173797
173865
173939
173960
174067
174069
174232
174721
174967
175011
175400
175406
175571
175617
175679
175739
175780
175890
175905
176022
176229
176239
176279
176307
176347
176620
176737
176897
177151
177161
177203
177207
177265
177290
177358
177440
177503
177718
177751
178046
178123
178224
178440
178497
178604
178665
178690
178726
178736
178779
178849
178855
179117
179218
179285
179334
179453
179474
179497
179830
179911
179915
180183
180200
180237
180407
180529
180540
180548
180570
180601
180653
180921
181467
181562
181851
181862
182039
182057
182160
182313
182394
182467
182790
183017
183171
183202
183242
183255
183327
183332
183393
183422
183458
183540
183547
183675
183718
183745
184072
184096
184120
184274
184324
184447
184454
184492
184662
184680
184765
184889
184964
185046
185143
185160
185185
185480
185642
185677
185712
185876
185889
185994
186306
186354
186358
186431
186440
186480
186593
186709
186733
186746
186872
186952
187079
187134
187190
187346
187500
187516
187618
187727
187937
187956
188170
188314
188317
188534
189012
189141
189168
189196
189291
189300
189375
189435
189497
189562
189595
189617
189833
189838
189876
190158
190168
190428
190495
190528
190642
190702
190800
190821
190922
190952
191005
191269
191309
191412
191544
191614
191653
191662
191742
191794
191847
191893
192086
192177
192190
192209
192218
192379
192435
192594
192934
193368
193468
193485
193512
193721
193736
193785
193837
193842
193908
193944
194011
194185
194465
194528
194625
194650
194684
194731
194778
194850
194872
195123
195176
195195
195397
195511
195540
195746
195809
195941
196008
196158
196228
196295
196342
196431
196444
196471
196637
196782
196827
196879
197086
197203
197219
197235
197247
197274
197314
197315
197734
197811
197917
197930
197930
198032
198099
198105
198392
198451
198455
198483
198530
198656
198673
198697
198752
198812
198918
198918
198952
198987
199086
199088
199093
199181
199257
199267
199319
199372
199492
199531
199759
199861
199972
200077
200279
200313
200345
200406
200474
200707
200792
200801
200848
200885
200987
201069
201114
201132
201211
201435
201745
201937
202235
202254
202324
202362
202512
202568
202788
202900
202906
202977
203049
203107
203165
203608
203630
203759
204105
204319
204346
204404
204445
204606
204628
204634
204645
204680
204721
204760
204916
204984
205010
205057
205062
205108
205660
205738
205740
205852
205946
206202
206243
206371
206644
206657
206668
206725
206766
206781
206797
206829
206898
207056
207128
207249
207394
207428
207433
207466
207480
207672
207767
207829
207915
207993
208154
208324
208466
208466
208501
208513
208618
208942
209095
209118
209188
209439
209441
209675
209802
209817
209933
209943
210012
210050
210128
210192
210206
210224
210306
210352
210498
210525
210541
210619
210708
210801
210812
210884
210979
210980
211014
211136
211322
211388
211597
211756
211926
211983
212032
212037
212148
212151
212866
213046
213073
213077
213171
213258
213314
213404
213486
213496
213652
213948
214055
214107
214191
214197
214314
214337
214393
214636
214647
214677
214779
214815
214896
215004
215215
215233
215264
215350
215450
215463
215546
215689
215898
216090
216242
216246
216249
216347
216439
216446
216454
216746
217043
217069
217177
217281
217462
217497
217685
217690
217741
217934
217972
218004
218189
218236
218377
218397
218417
218466
218593
218652
218657
218704
218751
218785
218967
219170
219419
219639
219654
219756
219986
220161
220239
220263
220360
220377
220435
220440
220510
220734
220851
220853
220943
220968
221117
221155
221236
221263
221326
221743
222095
222218
222232
222407
222428
222704
222754
222833
222842
223059
223060
223193
223205
223415
223437
223735
223780
223782
223820
223956
224149
224178
224472
224505
224547
224864
225205
225213
225844
225920
226057
226130
226340
226398
226513
226917
226967
227022
227118
227241
227338
227440
227667
227843
228023
228101
228371
228398
228399
228444
228458
228669
228721
228785
228794
228804
228804
228807
228875
229011
229153
229157
229189
229291
229307
229320
229329
229337
229780
229904
230151
230297
230302
230642
230775
231011
231109
231349
231367
231456
231726
231761
231791
231941
231996
232088
232173
232233
232273
232325
232381
232425
232475
232676
232734
232805
232983
233021
233114
233336
233355
233367
233494
233518
233570
233683
233950
234140
234431
234555
234646
234660
234751
234956
235053
235104
235128
235189
235362
235379
235462
235624
235673
235706
235839
235955
235957
235975
236129
236196
236214
236448
236486
236503
236614
236872
237012
237027
237129
237140
237199
237385
237575
237639
237892
237927
238046
238230
238283
238311
238319
238335
238390
238469
238470
238502
238761
238783
238812
238858
238867
238957
239531
239828
239833
240174
240349
240642
240853
240993
241042
241081
241302
241306
241427
241694
241707
241873
241888
241979
241990
242006
242050
242061
242587
242589
242635
242671
242834
242864
242869
243076
243281
243428
243468
243555
243658
243700
243750
243767
243823
243938
244506
244564
244623
244823
244856
244944
245196
245382
245400
245409
245415
245482
245562
245745
245774
245786
245820
245829
245830
245975
246127
246677
246831
246894
247035
247255
247397
247452
247643
247686
247757
247776
248064
248130
248175
248263
248359
248364
248446
248473
248540
248617
248626
248671
248677
248836
248977
249025
249025
249238
249395
249610
249680
249758
249794
249809
250008
250011
250231
250256
250262
250573
250610
250649
250732
250747
250774
250819
250886
251201
251304
251327
251530
251593
251743
251746
251761
251768
251816
251819
251990
252101
252277
252327
252481
252715
252777
252833
252911
252996
253031
253100
253124
253188
253215
253414
253491
253510
253540
253681
254146
254228
254283
254466
254568
254586
254732
254786
254884
254946
255018
255076
255140
255162
255233
255251
255288
255332
255351
255472
255610
255763
255808
255812
255825
255977
256109
256132
256187
256190
256271
256340
256387
256391
256477
256479
256490
256508
256530
256678
256709
256816
256876
256880
256914
256958
256975
257224
257325
257597
257692
257755
257917
257991
258001
258051
258232
258257
258270
258306
258726
258803
258962
259134
259316
259470
259617
259631
259683
260053
260054
260289
260595
260674
260756
260757
261050
261129
261157
261420
261451
261667
261749
261796
261900
261902
261921
262009
262092
262331
262337
262431
262432
262458
262520
262547
262583
262754
262766
262999
263301
263333
263370
263421
263497
263590
263655
263674
263748
263794
263904
263958
264014
264029
264227
264286
264360
264389
264398
264453
264801
264839
264854
264932
265238
265375
265391
265405
265522
265587
265917
266066
266131
266194
266229
266356
266406
266659
266748
266761
266818
266858
266877
266994
267199
267292
267402
267480
267605
267667
267672
267705
267725
267731
267737
267971
267990
268023
268139
268277
268399
268428
268496
268569
268714
268780
268824
268864
268980
269022
269240
269508
269512
269559
270181
270210
270296
270347
270742
270867
270887
271028
271058
271173
271232
271246
271360
271361
271401
271487
271690
271908
271957
272000
272000
272028
272083
272225
272379
272592
272669
272695
272763
272784
272813
272888
273209
273303
273378
273398
273413
273487
273567
273655
273679
273718
273865
273879
273952
274432
274570
274723
274789
274956
274971
275111
275358
275444
275456
275515
275532
275569
275643
275812
275856
275860
276103
276121
276125
276174
276234
276274
276451
276617
276965
277052
277107
277188
277217
277479
277486
277685
277843
277883
277950
278050
278068
278415
278611
278674
278851
278854
278990
279082
279136
279172
279192
279207
279239
279370
279397
279465
279545
279640
279777
279876
279893
279944
280206
280396
280524
280526
280548
280603
280947
281052
281209
281413
281468
281936
282134
282255
282619
282815
283253
283437
283539
283572
283738
283855
283858
283917
284199
284832
284967
285188
285287
285314
285513
285608
285753
285836
286141
286196
286229
286284
286813
286845
286931
286977
287125
287458
287504
287600
287600
287639
287719
287797
287828
288019
288131
288515
288549
288709
288777
288819
288820
289072
289094
289123
289233
289270
289323
289383
289672
289773
289812
289868
289888
290021
290071
290176
290255
290596
290636
290720
290775
291125
291161
291216
291485
291499
291638
291743
291980
291986
292122
292139
292267
292453
292515
292538
292789
292890
292956
293026
293255
293325
293418
293469
293554
293807
293996
294213
294404
294732
294814
294815
294892
295008
295031
295098
295100
295153
295252
295407
295466
295499
295539
295657
295879
296002
296009
296072
296358
296449
296600
296630
296774
296835
296984
297005
297099
297278
297406
297508
297539
297783
297893
298036
298129
298285
298490
298506
298730
298784
298941
298960
299067
299142
299226
299455
299468
299513
299699
299706
299708
299774
299808
299853
299868
299904
299958
300131
300213
300260
300579
300599
300606
300691
300712
300742
300821
300925
300961
300996
301002
301039
301088
301167
301183
301192
301418
301462
302059
302073
302120
302443
302451
302457
302580
302647
302697
302720
303315
303482
303590
303604
303605
303708
303818
304040
304130
304183
304213
304389
304435
304465
304487
304607
304789
304817
305000
305058
305153
305250
305624
305737
305843
305981
305995
306240
306396
306466
306508
306577
306616
306629
306640
306681
306710
306879
307000
307071
307084
307272
307354
307398
307607
307629
307750
308338
308422
308425
308542
308582
308628
308630
308902
308970
309556
309587
309884
310010
310085
310636
310840
310992
311065
311131
311574
311705
311776
311796
311956
312086
312109
312496
312684
312851
313043
313082
313220
313225
313265
313492
313522
313563
313736
313750
313871
313970
314107
314197
314281
314462
314592
314788
314835
315047
315081
315115
315128
315265
315329
315612
315644
315855
315861
315995
316151
316153
316428
316437
316586
316653
316701
316706
316750
316897
316929
317249
317287
317428
317444
317458
317565
317824
318023
318288
318485
318550
318627
318776
318908
318984
319199
319291
319300
319301
319332
319456
319529
319700
319847
320049
320152
320483
320512
320526
320585
320763
320788
320799
320870
321100
321179
321335
321357
321408
321442
321496
321554
321648
321676
321698
321738
321787
321801
321813
321825
321869
321892
321929
322037
322042
322141
322197
322227
322269
322285
322394
322404
322500
322512
322532
322541
322667
322902
322915
323015
323172
323221
323286
323427
323466
323524
323580
323691
323726
323875
324025
324065
324176
324309
324323
324366
324504
324635
324810
324908
324914
324960
324966
325361
325554
325578
325578
325695
325922
326046
326130
326173
326312
326423
326456
326572
326644
326657
326717
326885
326920
326984
327046
327084
327263
327308
327407
327630
327684
327704
327814
327934
328134
328187
328205
328242
328364
328516
328686
328932
329164
329225
329499
329519
329528
329709
329765
329928
330334
330491
330509
330757
330959
331055
331249
331354
331367
331784
331834
331867
332060
332231
332313
332566
332700
332871
332873
332892
332973
333205
333222
333297
333378
333399
333506
333576
333694
333732
333872
333907
333996
334002
334055
334107
334271
334471
334527
334604
334697
334728
334779
334813
334813
334942
334982
335066
335133
335164
335280
335344
335410
335526
335672
335742
335821
335928
335935
335936
336066
336255
336313
336327
336386
336503
336672
336688
336718
336829
336947
336956
337001
337023
337207
337227
337242
337281
337363
337375
337836
338082
338131
338460
338524
339198
339349
339467
339602
339609
339643
339680
340012
340127
340353
340414
340448
340564
340634
340650
340713
340773
340947
340950
341087
341089
341138
341203
341551
341616
341786
341798
341966
341973
341976
342013
342196
342203
342337
342428
342482
342508
342723
342733
342789
343058
343238
343390
343444
343702
343750
343768
343899
343915
344019
344023
344043
344234
344235
344385
344536
344685
344718
344774
344818
344903
345020
345135
345178
345225
345269
345318
345703
345764
346039
346092
346115
346168
346228
346276
346364
346491
346619
346685
346768
346827
346896
347180
347194
347223
347227
347640
347869
348094
348129
348142
348181
348687
349144
349250
349476
349502
349542
349542
349614
349737
349946
350259
350310
350359
350731
350766
350768
350826
350916
351072
351142
351160
351186
351323
351500
351585
351718
351825
351989
352042
352160
352298
352324
352346
352512
352604
352646
352683
352742
352861
352949
352976
353127
353187
353198
353347
353426
353644
353696
353825
353867
353885
353895
353914
353969
354089
354103
354279
354340
354671
354718
354719
354754
354908
355115
355230
355511
355856
355903
356108
356264
356391
356489
356554
356569
356620
356631
356649
356656
356728
356819
357055
357080
357096
357308
357509
357840
357860
357998
358023
358132
358641
358697
358698
358825
358898
359154
359196
359202
359211
359216
359231
359264
359305
359337
359398
359415
359445
359469
359509
359554
359574
359602
359759
359767
359939
359979
360099
360161
360401
360494
360602
360755
360857
360871
361246
361464
361489
361591
361647
361677
361717
361729
361823
361873
362124
362173
362196
362297
362380
362461
362972
363101
363193
363200
363260
363341
363368
363501
363546
363551
363558
363565
363610
363827
363923
363941
364616
364788
364792
364920
365029
365084
365159
365223
365403
365439
365509
365723
365760
365914
365981
366026
366070
366143
366146
366256
366332
366445
366559
366596
366796
366797
366821
367198
367395
367423
367445
367538
367555
367563
367596
367734
367770
367818
367994
368056
368071
368144
368447
368523
368542
368543
368690
369028
369081
369130
369615
369633
369755
370120
370163
370245
370347
370448
370732
370888
370984
371155
371198
371254
371388
371392
371435
371690
371707
371774
371823
371903
371971
372052
372072
372147
372231
372260
372305
372440
372555
372618
372661
372729
373053
373140
373349
373537
373743
373832
373855
373997
374069
374276
374295
374366
374550
374581
374729
374759
374771
374817
374844
374883
375218
375222
375320
375451
375482
375525
375728
375861
375873
375974
376042
376088
376242
376243
376250
376256
376263
376348
376426
376468
376621
376647
376671
376731
376838
376850
376882
376898
376925
376938
377017
377259
377313
377373
377470
377500
377601
378125
378130
378194
378250
378337
378384
378491
378865
379107
379174
379574
379704
379851
380098
380177
380259
380270
380292
380323
380367
380595
380683
380902
381003
381035
381216
381409
381465
381494
381560
381604
381616
381652
381775
381894
381916
382211
382427
382524
382700
382704
382853
382894
383032
383233
383281
383303
383426
383561
383727
383757
383844
384071
384172
384280
384564
384719
384795
384829
384862
385037
385336
385371
385387
385391
385503
385644
385755
385907
385948
386023
386147
386216
386251
386300
386319
386343
386450
386656
386697
386851
386865
386917
386922
386966
386989
387090
387142
387191
387211
387226
387350
387409
387453
387536
387536
387570
387633
387677
387708
387902
387964
387973
387981
388027
388310
388315
388337
388370
388403
388427
388464
388584
388777
389002
389304
389569
389733
389838
389873
390179
390279
390358
390523
390646
390744
390752
390769
390852
390868
390884
390979
391076
391104
391107
391521
391565
391568
391879
392059
392187
392292
392511
392597
392612
392735
392739
392754
393098
393119
393169
393584
393701
393740
393799
393829
393921
393988
394080
394218
394319
394660
395007
395173
395389
395489
395528
395546
395727
395735
395738
395776
395971
396003
396164
396211
396293
396296
396429
396580
396914
397243
397243
397309
397551
397607
397820
397965
398163
398210
398337
398403
398698
398759
398850
398892
398934
398977
399015
399083
399134
399162
399195
399260
399616
399815
399826
400044
400346
400443
400536
400657
400702
400734
400735
400960
401014
401051
401064
401070
401091
401255
401305
401378
401392
401425
401433
401461
401657
401666
401695
401777
401868
401947
402092
402260
402293
402303
402336
402361
402489
402557
402720
402750
402908
403134
403228
403454
403472
403529
403532
403847
403933
404069
404090
404311
404619
404628
404700
404949
405070
405071
405135
405211
405247
405279
405344
405350
405665
405690
405811
405871
405989
405991
406200
406219
406332
406422
406424
406543
406649
406667
406819
406847
406904
406912
407063
407330
407396
407452
407458
407918
407971
408135
408182
408282
408437
408917
408935
408978
408990
409053
409117
409217
409271
409503
409559
409560
409617
409645
409675
409802
409831
409912
409934
409938
409954
410091
410116
410241
410399
410471
410544
410655
410762
410949
411204
411260
411266
411305
411310
411376
411556
411614
411641
411749
411898
412034
412082
412173
412323
412400
412412
412418
412433
412617
412660
412819
412843
412924
412975
413002
413008
413022
413069
413094
413173
413260
413323
413388
413412
413554
413566
413640
413714
413784
413811
413831
413882
413891
413934
414049
414135
414422
414583
414639
414644
414816
414865
415139
415147
415338
415389
415411
415497
415507
415518
415530
415548
415775
415930
416008
416032
416065
416116
416139
416216
416219
416429
416639
416748
416757
416758
416931
416945
416949
417016
417072
417140
417183
417405
417411
417540
417593
417603
417719
417809
417873
418103
418235
418241
418325
418417
418418
418446
418557
418564
418627
418657
418791
418816
418852
419017
419087
419117
419163
419369
419379
419480
419494
419535
419677
419716
419723
419805
419879
419962
420005
420041
420171
420235
420424
420528
420696
420696
420721
420782
420894
420925
420959
421244
421294
421514
421993
422090
422101
422147
422206
422246
422292
422328
422376
422411
422429
422715
422891
423094
423156
423304
423304
423328
423428
423444
423537
423542
423611
423739
423750
423768
423919
423943
424175
424260
424290
424342
424424
424538
424758
424768
424773
424864
424865
425202
425259
425329
425614
425661
425672
425676
425683
425785
425786
425834
425913
426070
426165
426169
426270
426360
426428
426538
426555
426576
426701
426808
426815
426865
427010
427197
427397
427405
427412
427417
427736
427746
427991
428239
428386
428484
428525
428585
428608
428651
428725
428888
428923
429018
429128
429249
429296
429541
429566
429649
429650
429689
429808
430207
430275
430639
430644
430683
430898
430901
430927
430932
431017
431190
431238
431327
431429
431447
431554
431673
431721
431801
432072
432100
432104
432110
432192
432299
432483
432999
433063
433452
433483
433518
433521
433764
433878
433890
434070
434154
434205
434309
434358
434455
434573
434581
434825
434826
435043
435392
435413
435518
435690
435744
435776
435786
435800
436157
436333
436351
436388
436665
436758
436826
436840
436873
436982
437032
437215
437271
437329
437574
437589
437668
437685
437697
437997
438014
438038
438144
438146
438180
438469
438492
438548
438702
438747
438799
438953
439048
439060
439124
439146
439214
439259
439379
439570
440074
440376
440562
440579
440598
440610
440770
440876
441089
441138
441264
441309
441500
442043
442062
442362
442496
442530
442570
442652
442929
442949
443037
443181
443203
443272
443280
443334
443370
443376
443437
443704
443731
443745
443968
444036
444267
444293
444300
444350
444543
444584
444704
444898
444944
444981
445033
445090
445143
445259
445431
445510
445884
445950
445998
446038
446286
446562
446571
446575
446676
446832
446847
446870
446912
446925
447137
447351
447374
447374
447433
447445
447450
447534
447599
447706
447757
447997
448028
448036
448215
448430
448452
448499
448566
448664
448681
448708
448738
448881
449004
449122
449291
449294
449299
449381
449400
449583
449638
449659
449807
449833
449966
450030
450052
450104
450127
450250
450254
450290
450385
450460
450700
450789
450857
450907
451076
451192
451238
451352
451449
451467
451503
451546
451659
451979
452111
452213
452352
452470
452551
452574
452831
453149
453188
453195
453333
453361
453596
453694
453810
453826
453865
454154
454226
454328
454391
454414
454443
454833
454918
455306
455411
455562
455662
455736
455932
456057
456081
456208
456289
456375
456432
456510
456600
456618
456682
456725
456903
456911
457220
457236
457257
457512
457580
457666
457669
457702
457716
457753
457914
458000
458209
458260
458317
458380
458676
458701
458743
458780
458793
458800
458889
458924
459131
459168
459200
459253
459307
459366
459373
459389
459473
459672
459833
459928
459948
459967
459970
460008
460090
460396
460737
460751
460810
460991
461075
461139
461191
461366
461481
461670
461918
461929
462029
462069
462158
462166
462197
462266
462271
462294
462314
462563
462592
462701
462857
462879
462918
462951
463495
463558
463633
463645
463952
463993
464105
464430
464525
464777
464893
464932
464947
465002
465115
465189
465261
465442
465512
465626
465657
465782
465875
465974
465979
466127
466146
466194
466289
466327
466382
466467
466483
466788
466810
466821
466996
467039
467046
467106
467234
467276
467324
467361
467455
467587
467702
467798
467930
467935
468160
468232
468303
468482
468858
469147
469168
469184
469366
469380
469492
469679
469786
469841
469911
469976
470124
470216
470380
470641
471008
471147
471652
471694
471704
471744
471994
472033
472058
472064
472101
472154
472174
472223
472296
472374
472410
472515
472612
472633
472692
472944
473059
473067
473152
473287
473348
473388
473416
473438
473439
473495
473567
473730
473788
473819
473950
474005
474193
474285
474762
474917
474976
474981
475082
475113
475154
475623
475737
475776
475789
475883
476021
476172
476175
476218
476224
476364
476660
476780
476845
477009
477084
477504
477583
477679
477694
477699
477752
477853
477949
478004
478042
478145
478179
478226
478257
478499
478538
478661
478823
478979
478999
479036
479138
479186
479279
479345
479703
479771
479782
479885
480021
480129
480550
480570
480685
480709
480751
480869
480878
480879
481106
481123
481135
481274
481397
481434
481660
481690
481700
481701
481724
481764
481776
481884
481940
482131
482206
482280
482339
482362
482437
482438
482649
482781
482840
482884
482892
483036
483085
483162
483303
483316
483372
483445
483452
483538
483778
484028
484169
484362
484421
484488
484654
484696
484833
484950
485026
485054
485056
485079
485179
485213
485269
485307
485374
485445
485487
485522
485746
486034
486052
486058
486128
486221
486310
486506
486530
486666
486715
486766
486766
486877
486946
487131
487236
487330
487483
487534
487770
487783
487927
488114
488116
488263
488323
488339
488613
488630
488636
488688
488777
488863
488875
488897
489022
489038
489114
489210
489423
489644
489949
489992
490000
490027
490061
490107
490118
490177
490504
490591
490959
491027
491186
491243
491298
491586
491755
491800
491953
491977
491982
492335
492373
492425
492499
492631
492692
492728
492731
492747
492800
492803
492905
492930
492972
493053
493053
493080
493093
493161
493245
493320
493451
493503
493634
493785
493787
493790
493854
494010
494151
494676
494695
495011
495096
495191
495251
495274
495343
495354
495367
495425
495632
495633
495688
495910
495924
495994
496076
496144
496389
496414
496585
496593
496619
496664
496746
496780
496870
496983
497247
497281
497417
497502
497565
497640
497683
497762
497857
497886
497922
497987
497994
498187
498256
498338
498415
498433
498481
498915
498940
498976
498980
499281
499297
499321
499336
499430
499433
499465
499486
499599
499895
499950
500113
500154
500202
64
681
745
820
867
1206
1244
1511
2039
2362
2463
2503
2615
2902
3094
3296
3476
3615
3979
4062
4082
4251
4308
4310
5009
5226
5269
5635
5667
5979
6734
6816
7144
7199
7619
8292
9206
9241
9431
10120
10122
10165
10272
10417
10845
11016
11351
11703
11763
11789
11867
11984
12299
12459
12713
13372
13405
13540
13598
13617
13888
13917
14007
14148
14385
15056
15057
15633
15752
15781
16001
16110
16449
16522
17501
17630
17808
17833
17881
18448
18507
18654
18704
19034
19278
19420
19486
20172
20468
20550
20847
20934
21485
21491
21743
22104
23023
23415
23440
23591
23949
24020
24100
24124
24136
24451
24605
24745
24776
25496
25861
26160
26445
26650
26776
27138
27157
27320
27489
27536
27710
28313
28423
28806
28943
28996
29053
29098
29215
29375
29438
29573
30183
30706
30774
31020
31224
31355
31600
31639
31790
32073
32101
32248
32276
32277
32310
32862
32933
32976
33081
33786
33808
33915
34282
34303
34307
34596
34633
34736
34821
34979
35109
35280
35391
35733
35879
35928
36055
36126
36437
36461
36857
36936
37062
37138
37392
37472
37545
37876
38829
38879
38894
39129
39392
39758
39810
39828
39908
39916
39960
40072
40220
40400
40500
40898
40972
41159
41167
41598
41768
41792
42122
42210
42365
42484
42856
43067
43102
43453
43592
43914
44101
44131
44353
44526
44646
44687
44757
44819
44901
44962
45042
45156
45329
45389
45901
45979
46017
46341
46549
46588
46824
46852
46942
47189
47406
47775
47928
47996
48267
48425
48529
48599
49646
49773
49997
50063
50197
50293
50466
50499
50531
50740
50808
51019
51333
51498
51584
51986
52018
52097
52567
52621
52630
52732
52927
53079
53499
53762
53801
53882
54024
54180
54364
55232
55323
55435
55776
55793
56151
56448
56561
56591
56687
56699
56747
56788
56791
56842
56927
57115
57229
57570
57602
57911
58218
58320
58531
58800
59129
59234
59543
59720
59803
60498
60642
60809
60987
61087
61151
61759
61773
61918
62258
62315
62548
62923
63073
63084
63141
64049
64959
65054
65080
65643
65666
65812
65965
66064
66103
66343
66444
66623
66681
66805
66975
67183
67223
67367
67431
67609
68107
68339
68427
68632
68818
69030
69232
69883
70285
70330
70491
70491
70592
70757
70927
70999
71116
71201
71478
71510
71774
71892
72213
72293
72485
72606
72703
72943
73039
73181
73505
73627
75076
75122
75155
75218
75615
75616
75743
76077
76139
76445
76486
76672
76773
78002
78044
78259
78592
79088
79095
79322
79373
79381
79540
79841
79908
79933
79957
80124
80254
80261
80605
80636
80776
80830
80843
80886
81198
81815
81858
81925
82379
82460
82466
82539
83031
83304
83448
83781
84007
84216
84267
84315
84542
84579
84746
85106
85507
85739
85972
86469
86480
86681
87531
87586
87662
87688
87710
87711
87928
87997
88030
88208
88434
88980
89128
89174
89491
89727
89965
90023
90086
90200
90859
90960
90987
91042
91251
91686
91751
91840
92024
92234
92351
92376
92396
92489
92609
92792
92923
93152
93316
93397
93640
94112
94165
94174
94749
95018
95020
95022
95027
95160
95475
95609
95655
95731
95745
96176
96177
96271
96358
96879
96913
97408
97567
97602
97654
97660
97871
97874
98605
98734
98739
99393
99538
100161
100321
100486
100514
100731
100857
101113
101331
101760
101940
102296
102501
102675
103030
103537
103654
104061
104068
104407
104510
104522
104635
104712
104812
105082
105141
105196
105342
105473
106038
106226
106321
106348
106407
106413
106685
107478
108129
108354
108957
109339
109352
109445
109608
110059
110094
110174
110185
110270
110427
110508
111427
111448
111612
111793
111994
112466
112818
112927
113030
113328
114053
114180
114462
114587
115152
115381
115934
115945
116354
116473
116840
116941
117174
117195
117731
118130
118159
118234
118252
118325
118450
118475
118513
118762
118800
119080
119161
119326
119375
119446
119502
119836
120867
121027
121937
121989
122004
122023
122045
122177
122439
122594
122729
123202
123519
123558
123568
124337
125086
125140
125244
125276
125336
125357
125657
126168
126510
126598
127098
127156
127179
127249
127369
127513
127616
128121
128464
128526
129067
129408
129524
129706
129860
129877
129954
130791
130834
130908
130939
130968
130985
131125
131151
131635
132043
132048
132501
132781
132946
133596
133822
133984
134136
134722
134822
135240
135339
135518
135590
135719
135729
136052
136154
136219
136476
136907
136977
137020
137091
137418
137590
137703
138282
138380
138496
138548
138651
138715
138864
138989
139471
139784
139885
140068
140091
140470
140826
140875
141133
141247
142383
142481
142779
142838
143910
144042
144308
144491
144529
145053
145207
145257
145375
145472
145489
145494
145669
146145
146244
146246
146451
146542
146692
146961
147326
147498
147554
147567
147571
147774
147997
148194
148604
149023
149078
149446
149637
149720
149776
149832
150125
150508
150654
150811
150859
150997
151121
151213
151948
151970
152161
152226
152336
152410
152910
153006
153621
153916
154073
154508
154714
154861
154863
155181
155554
155624
155633
155872
156066
156217
156407
156489
156584
156615
156802
156975
157511
158124
158436
158547
158590
158627
158732
158823
158967
159016
159138
159487
159495
159527
159745
160106
160292
160374
160530
160574
160923
161140
161521
161527
162051
162141
162161
162325
162493
162496
162652
162672
163132
163338
163351
163438
163487
163767
163787
163926
164292
164757
164871
165198
165203
165483
165683
165730
165879
165898
165915
166264
166488
166549
166582
166697
166951
167297
167308
167711
167852
168133
168164
168275
168754
168920
169080
169437
169487
169790
169957
170170
170269
170311
170506
170620
170893
171637
171880
171932
172190
172467
172621
172631
172657
172980
173136
173172
173294
173332
173402
173528
173865
173939
175400
175406
175571
175780
175890
176239
176279
176307
176347
176897
177161
177203
177265
177358
177718
177751
178046
178123
178497
178604
178665
178690
178779
178855
179218
179285
179453
179474
179830
179911
179915
180183
180200
180407
180548
180601
180653
181562
181862
182039
182057
182160
183017
183171
183202
183242
183255
183393
183422
183540
183547
183675
183718
183745
184072
184120
184274
184447
184662
184765
184889
184964
185046
185143
185480
185642
185712
185876
186480
186746
186952
187079
187346
187727
187956
188170
188314
188317
189291
189375
189595
189617
189833
189838
189876
190428
190642
190702
190821
190922
191269
191544
191662
191742
191893
192086
192177
192209
192218
192435
192594
192934
193368
193468
193721
193785
193908
193944
194185
194731
194778
194850
195123
195195
195540
195809
196158
196444
196637
196782
196879
197203
197247
197274
197315
197930
198032
198099
198105
198451
198455
198483
198752
198812
198918
198918
199086
199319
199372
199861
200279
200345
200406
200792
200885
201069
201435
202235
202324
202512
202568
202977
203049
203608
204404
204445
204606
204628
204634
204645
204760
204984
205010
205062
205660
205852
206243
206644
206668
206766
206781
206829
207056
207128
207480
207767
207915
207993
208154
208466
208513
208618
208942
209675
209817
209943
210128
210192
210206
210224
210306
210708
210812
210884
210979
210980
211014
211322
211597
212032
212037
212148
212151
212866
213046
213077
213314
213404
213496
213652
213948
214055
214191
214197
214314
214393
214647
214815
215233
215264
215689
215898
216090
216242
216454
216746
217685
217741
217972
218236
218417
218652
218657
218751
218785
219654
220161
220377
220851
220968
221155
221263
221326
221743
222232
222428
222704
222754
223059
223060
223437
223735
223780
223782
223820
224178
224472
224505
224864
225205
225213
225920
226398
226917
226967
227118
227338
227440
227843
228101
228669
228721
228804
228807
229011
229291
229329
229337
229780
230302
230642
231367
231726
231761
231791
231941
232088
232233
232273
232325
232425
232734
232805
233114
233336
233355
233570
233950
234431
234751
235053
235362
235462
235673
235955
235957
236129
236196
236214
236486
236503
237012
237027
237129
237140
237199
237385
237639
237927
238311
238469
238470
238761
238783
238812
238867
239531
239828
240174
240642
240993
241427
241979
241990
242006
242050
242635
242834
242864
243076
243468
243750
243767
244506
244823
245382
245400
245745
245774
245786
246127
246677
246831
246894
247397
247452
247757
248064
248130
248175
248359
248364
248446
248671
248677
248977
249025
249025
249238
249395
249610
249680
249758
249794
250008
250011
250256
250610
250649
250747
250819
251201
251593
251819
252911
253031
253100
253188
254146
254283
254466
254568
254786
254884
254946
255076
255233
255251
255288
255472
255610
255808
255977
256109
256132
256187
256271
256340
256477
256479
256490
256530
256678
256816
256876
256880
256914
256975
257325
257597
257917
258001
258257
258306
260054
260674
261050
261129
261157
261420
261667
261921
262431
262458
262520
262583
262766
263333
263421
263497
263655
263674
263794
264014
264360
264389
264398
264453
264854
264932
265391
265522
265917
266194
266229
266406
266659
266818
266858
266877
267199
267292
267480
267667
267725
267731
267737
268277
268496
268569
268714
269022
269240
269508
269512
270181
270742
270867
271028
271058
271173
271246
271360
271401
271487
271690
271908
271957
272028
272083
272225
272888
273209
273487
273567
273655
273718
273865
273952
274432
274789
274971
275111
275456
275515
275532
275643
275812
275860
276103
276234
276274
277188
277843
278068
278415
278851
278854
278990
279082
279172
279239
279397
279640
279893
279944
280206
280526
280548
280603
280947
281052
281209
281468
282255
282815
283253
283437
283539
283572
283738
283855
283917
284199
284832
284967
285188
285287
285513
285836
286284
286813
287125
287458
287504
287600
287600
287719
287797
288019
288515
288777
289072
289123
289233
289323
289773
289868
289888
290021
290255
290720
290775
291125
291161
291485
291743
291980
292139
292267
292453
292515
292789
292890
292956
293325
293807
293996
294213
294404
294732
294815
295031
295252
295466
296002
296009
296449
296600
296774
297005
297099
297406
298036
298506
298730
298784
298960
299142
299226
299513
299699
299706
299774
299808
299868
300213
300260
300579
300599
300691
300712
300742
300961
300996
301002
301088
301167
301192
301462
302059
302451
302457
302580
302697
303482
303590
304040
304130
304389
304487
304607
304817
305737
305843
306396
306466
306508
306577
306681
306879
307000
307084
307272
307354
307607
307750
308338
308425
308628
309556
309884
310010
310636
311065
312684
313082
313220
313265
313736
313871
314197
314281
314592
314835
315047
315081
315855
315995
316153
316706
316750
316897
316929
317249
317287
317428
317444
318288
318485
318550
318627
319456
319700
320049
320483
320585
320870
321100
321357
321408
321554
321787
321869
322285
322394
322512
322541
322915
323427
323466
323524
323580
323691
323726
324025
324065
324366
324504
324810
324908
324960
324966
325578
325695
325922
326046
326173
326312
326657
326885
326920
326984
327084
327263
327407
327704
328134
328187
328516
328686
328932
329164
329225
329528
329709
329765
329928
330491
330509
330959
331249
331784
332060
332313
332873
332892
333222
333732
333872
333996
334002
334527
334697
334942
335066
335133
335280
335410
335672
335935
335936
336255
336313
336386
336672
336829
336947
337207
337227
337281
337375
338131
338460
338524
339198
339602
340414
340448
340564
340650
340773
340950
341203
341551
341786
341798
341966
342482
342508
343238
343390
343750
343915
344019
344023
344235
344385
344536
344903
345020
345135
345178
345225
345269
345318
345703
346115
346168
346364
346685
346827
347180
347227
347640
348181
348687
349502
349542
349737
350359
350731
350766
350826
350916
351072
351160
351323
351500
351585
351718
351825
351989
352512
352604
352646
352683
352742
352861
353347
353867
353885
354103
354671
354719
354754
354908
355230
356108
356264
356391
356489
356554
356656
356819
357308
357840
357860
358023
358898
359196
359202
359398
359445
359509
359602
359767
359979
360401
360755
360857
361464
361489
361647
361677
361717
361823
362380
363200
363260
363341
363546
363551
363565
364616
364788
364792
364920
365029
365403
366070
366445
366559
366821
367198
367445
367538
367555
367596
367734
367994
368056
368071
368144
368523
368543
369028
369130
369615
370120
370245
370732
370984
371388
371392
371435
371690
371707
371774
371823
371903
371971
372052
372440
372618
372729
373053
373140
373997
374069
374366
374550
374581
374817
375218
375222
375320
375451
375525
375728
375873
376042
376243
376256
376468
376647
376671
376731
376838
376898
377313
377500
378125
378194
378250
378384
378865
379574
379704
379851
380098
380259
380292
380323
380367
380683
381003
381035
381409
381465
381560
381604
381652
381775
381916
382427
382524
383032
383233
383281
383561
383727
383757
383844
384071
384564
384719
385037
385336
385371
385391
385503
386319
386343
386697
386851
386917
386922
387211
387453
387536
387973
388310
388337
388403
388584
389002
389733
389838
390646
390744
390752
390852
390884
390979
391076
391104
391107
391565
392059
392511
392597
392612
392739
393098
393119
393169
393701
393921
393988
394319
395007
395173
395489
395546
395727
395776
395971
396164
396211
396293
396580
397243
397309
397551
397607
397820
397965
398163
398698
398759
398850
398892
398934
398977
399162
399195
399260
399616
400044
400443
400536
400702
400734
400735
401014
401051
401064
401070
401091
401378
401461
401657
401695
401868
402092
402260
402361
402489
402720
402750
403228
403472
403933
404069
404090
404311
404700
405070
405071
405135
405211
405344
405350
405665
405690
405811
405871
406200
406332
406422
406543
406667
406819
406904
406912
407396
407452
407918
408135
408182
408917
408935
408990
409053
409217
409271
409559
409617
409645
409802
409934
410091
410116
410241
410544
410949
411260
411266
411376
411614
411749
412173
412323
412412
412418
412433
412617
412819
412843
413260
413323
413388
413554
413566
413714
413811
413891
413934
414049
414135
414583
414644
414816
415147
415338
415411
415518
415530
415930
416116
416139
416216
416219
416429
416639
417072
417405
417411
417593
417873
418103
418791
419087
419163
419480
419535
419716
419723
419879
420041
420171
420235
420894
421294
422101
422147
422206
422246
422292
422411
422429
422891
423094
423156
423304
423304
423444
423537
423542
423739
423750
424175
424290
424342
424424
424768
424773
424864
424865
425202
425329
425614
425672
425683
425785
426070
426165
426270
426360
426428
426538
427010
427197
427405
427412
427417
427736
427991
428239
428725
428888
428923
429018
429128
429249
429296
429541
429566
429650
429808
430275
430644
430683
430898
430901
430927
430932
431017
431190
431238
431327
431447
431673
431801
432072
432104
432299
432999
433521
433764
434070
434205
434309
434358
434825
435043
435392
435413
435690
435744
435786
435800
436333
436351
436388
436758
436982
437032
437574
437589
437668
437697
437997
438038
438144
438180
438492
438702
438747
438953
439048
439060
439124
439146
439570
440562
440598
440770
441264
441309
442362
442496
442570
442652
442949
443272
443334
443704
443968
444036
444293
444300
444350
444704
444898
444944
445033
445090
445259
445998
446038
446562
446575
446832
446847
446925
447137
447351
447374
447445
447534
447599
447706
447997
448028
448215
448430
448452
448708
448738
448881
449004
449381
449400
449583
449659
450104
450290
450385
450460
450700
450789
451076
451192
451449
451467
452213
452352
452574
452831
453149
453361
453865
454226
454391
454414
454918
455411
455562
456057
456081
456208
456432
456600
456618
456725
456903
456911
457220
457236
457512
457580
457702
458000
458209
458380
458676
458701
458889
459168
459200
459307
459366
459373
459473
459672
459833
459928
459948
460737
460751
460810
460991
461139
461191
461481
461670
461918
462166
462266
462271
462294
462314
462563
462592
462701
462857
462879
463495
463952
463993
464105
464430
464525
464777
464893
464932
465189
465261
465442
465657
465875
465974
466146
466194
466327
466467
466483
466810
466821
467039
467046
467106
467234
467361
467702
467798
467930
468160
468303
468482
469184
469366
469380
469492
469679
471147
471652
471694
471994
472033
472064
472154
472174
472223
472374
472410
472692
473067
473152
473388
473438
473819
474005
474193
474285
474981
475082
475113
475623
476172
476218
476224
476660
476780
476845
477009
477504
477679
477694
477699
477853
478145
478226
478538
478823
479036
479138
479186
479345
479771
479782
480021
480685
480751
480879
481106
481274
481397
481434
481660
481701
481724
481764
482131
482840
482884
482892
483036
483085
483303
483372
483452
483538
484028
484362
484654
484696
484833
484950
485179
485307
485487
485522
485746
486221
486310
486530
486666
486877
487927
488114
488116
488630
488636
488688
488875
489022
489038
489423
489644
489949
490061
490118
490504
491755
491800
492425
492692
492731
492747
493053
493093
493161
493634
493785
493787
493790
493854
494676
495251
495274
495632
495688
495910
495924
496076
496144
496389
496593
496664
496780
496870
496983
497417
497502
497762
497857
497922
497987
497994
498256
498415
498481
498915
498940
498980
499297
499465
499486
499599
499895
500154
500668
500721
500760
500941
501082
501092
501163
501218
501240
501255
501626
501661
501666
501685
501832
501895
502206
502349
502400
502484
502696
502734
502801
503595
504242
504476
504598
504827
504959
505047
505333
505530
505638
505642
505776
505905
505954
506025
506252
506595
506645
506685
506915
507092
507888
507959
508186
508528
508606
509174
509401
509578
509848
510023
510029
510094
510489
510499
510631
511021
511237
511559
511610
511941
511965
512028
512531
512858
513515
513620
513768
513994
514500
514519
514659
514934
515087
515728
515824
516270
516633
516645
516833
516996
517115
518150
518566
518845
518947
519030
519112
519149
519422
519606
520005
520269
520295
520407
520460
520797
520918
520965
521213
521297
521438
521450
521490
521668
521838
522538
522636
522791
523447
523653
523678
524254
524403
524594
524777
525033
525173
525187
525398
525515
525932
525963
526035
526048
526411
526532
526759
526843
526873
527007
527093
527490
527773
527785
527886
528010
528026
528119
528136
528221
528260
528370
528508
528605
528725
528787
529168
529242
529297
529518
529715
530018
530568
530777
531229
531234
531336
531426
531738
531752
531794
531881
532031
532038
532233
532339
532448
532892
532949
533153
533177
533206
533904
534194
534561
534628
535128
535883
536186
536242
536452
536492
536681
536753
536879
537475
538049
538160
538274
538316
538386
538576
538714
538754
538773
538877
538954
539387
539794
539863
540471
540655
540959
541128
541201
541320
541876
542297
542394
542732
543001
543151
543455
543664
543751
544032
544405
544495
544687
544720
545117
545323
545657
546119
546412
546482
546523
546849
546868
547451
547491
547519
547534
547597
548334
548506
548654
548894
549016
549195
549373
549484
549611
549887
549909
550001
550093
550446
550627
551015
551045
551074
551138
551820
552041
552044
552065
552293
553239
553286
553303
554182
554257
554294
554631
554811
555233
555299
555504
555898
556669
556917
557130
557260
557457
557577
557630
557795
557970
558022
558184
558185
558994
559090
559784
560053
560228
560305
560540
560978
561342
561867
561908
562244
562421
562945
562992
563461
563491
563574
563645
563677
563729
563816
563924
563969
564026
564119
564182
564362
564480
564510
564525
564810
564922
565081
565109
565737
566047
566222
566586
566592
566973
566995
567177
567528
567869
567971
568036
568116
568155
568276
568290
568295
568384
568591
568612
568830
568974
569051
569528
569538
569792
569816
569839
570504
570524
570569
570919
571076
571137
571677
571909
572202
572935
573191
573273
573559
573640
573876
573917
574048
574246
574449
574682
574801
574872
575056
575226
575413
575676
575765
576509
576803
576914
577054
577057
577091
577120
577122
577559
577718
577770
577948
577956
577963
578186
578354
578912
579530
579531
579561
579791
579860
579920
579988
580059
580150
580226
581163
581221
581226
581659
581734
582023
582474
582664
582735
582865
583223
583362
583675
584176
584179
584545
584633
584927
585120
585426
585478
585745
585923
586048
586254
586284
586319
586405
586432
586455
586903
587600
587750
587771
587942
588011
588736
589103
589771
589844
590078
590180
590256
590590
590765
590865
591139
591486
591752
591804
591844
591845
591957
592277
592290
592327
592431
592480
592595
593589
594057
594374
594457
594465
594697
594767
594918
595011
595022
595074
595380
595520
595853
595956
596029
596200
596234
596875
597238
597513
597582
597914
597939
598095
598296
598457
598922
598957
599172
599179
599258
599311
599384
599402
599619
599919
600487
600940
601157
601241
601315
601412
601478
601863
601912
602186
602532
602752
602881
603198
603207
603565
603745
604016
604081
604107
604223
604296
604876
605197
605206
605270
605494
605683
605841
606032
606221
606230
606300
606442
606669
606994
607026
607328
607582
608995
609000
609233
609430
609464
609498
609598
609782
610071
610160
610331
610391
610391
610747
611256
611343
611409
611449
611770
611820
612439
612596
612602
612995
613081
613134
613193
613301
613693
613748
614082
614149
614255
614417
614513
614537
614710
615209
615253
615648
616094
616368
616468
616533
616668
617015
617091
617122
617140
617405
617659
617841
618164
618236
618460
618770
618790
619100
619429
619435
619592
619604
619923
620130
620421
620548
620603
620848
620893
620985
621140
621224
621233
621380
621710
622281
622342
622445
622652
622654
622720
622789
622929
623206
623293
623293
623656
624029
624491
624772
625290
625396
625524
625565
625567
625673
625677
625765
625769
625916
625998
626005
626033
626400
626448
626724
626887
627171
627512
627540
627803
627840
627894
627941
628357
628984
629906
629923
629936
630215
630251
630257
630388
630420
630604
630751
630889
630905
630990
631257
631361
631439
631486
632098
632161
632228
632498
632555
632731
632822
633083
633193
633776
633998
634488
634855
634882
634982
635083
635252
635878
636027
636158
636273
636640
636673
636938
637040
637199
637267
637607
637675
638053
638566
638677
638678
639044
639137
639169
639191
639843
640094
640296
640550
640735
640778
640970
641147
641217
641402
641554
641629
642177
642235
642356
643794
643820
644008
644439
644533
644824
645073
645484
645486
645533
645538
645818
646493
646552
647278
647495
647660
647847
647893
647974
648000
648095
648392
648401
648989
649175
649393
649716
649746
650032
650123
650272
650301
650303
650574
650635
650762
650846
651091
651108
651148
651184
651341
651652
651692
651787
652312
652492
652544
652950
653039
653303
653408
654075
654762
654840
655117
655158
655159
655191
655196
655302
655327
655353
655423
655576
655576
655607
655719
655733
655788
656132
656700
657236
657521
657730
658322
658347
658456
659091
659815
659952
660104
660286
660613
661180
661343
661636
661741
661764
662274
663220
663249
663325
663777
663793
663852
664164
664285
664328
664542
664702
664778
664967
665044
665385
665740
665852
666021
666051
666173
666467
666501
666650
666764
666825
666853
666902
667394
667694
667944
667998
668112
668206
668551
668629
668681
669161
669207
669224
669460
669516
669615
669664
669792
670086
670123
670286
670350
670719
670801
670882
670983
671172
671376
671445
671823
671941
672001
672071
672320
672635
672783
673185
673288
673627
673882
674783
675260
675867
675953
676012
676224
676259
676291
676368
676538
676837
677436
677468
677622
677694
678075
678173
678174
678424
678506
678649
678859
678963
679470
679709
679743
680016
680018
680130
680229
680389
680429
680459
680838
681244
681342
681627
681702
681801
681806
681861
681876
681877
681884
681921
681975
682196
682444
682821
682823
683085
683120
683220
683403
683412
683953
684099
684410
684761
684921
685205
685888
686029
686155
686583
687112
687167
687297
687531
687681
687919
688411
688454
688519
688700
688989
689013
689481
689571
689917
690294
690885
691109
691430
691472
691606
691704
691735
692035
692607
692780
692812
692876
692994
693245
693409
694082
694242
695057
695190
695231
695316
695551
695705
695798
695984
696038
696174
696183
696224
696435
696487
697057
697147
697247
697454
697565
697699
698023
698506
698569
698626
699027
699081
699240
699656
699776
699846
699865
699897
699927
700216
700224
701105
701161
701200
701314
701462
701519
701659
701746
701812
702650
703419
703785
703850
704072
704113
704136
704205
704325
704518
704617
704796
704939
705436
705458
705486
705690
706126
706704
706802
706944
707034
707238
707246
707277
707442
707480
707662
707757
707847
707975
707997
708374
708625
708726
709520
709539
709879
710236
710668
710679
710819
711703
711873
712023
712476
713053
713118
713172
713271
713469
713716
713814
713943
714141
714440
714683
714733
714798
714926
715175
715232
715400
715489
715985
716116
716271
716492
716576
716599
716771
716929
716956
717041
717081
717246
717276
717278
717293
717581
717648
718393
718567
718861
718873
718902
718942
719076
719216
719224
719259
719802
719938
720168
720485
720766
720801
720835
720910
721112
721594
721819
721873
721894
721992
722032
722033
722106
722107
722137
722163
722363
722386
722402
722460
722593
722663
722895
723562
723600
723783
723804
724071
724345
724587
725017
725050
725219
725379
725716
725842
725893
726037
726175
726197
726660
726823
726897
726953
726965
727002
727023
727356
727551
727863
728141
728634
728674
728872
728944
728954
728962
729086
729707
729913
730292
730436
730850
730970
731157
731245
731323
731735
731924
732036
732120
732992
733237
733273
733429
733544
733683
733894
734373
734431
734570
734689
734870
734876
734918
735140
735180
735306
735552
735740
736078
736275
736636
736763
736858
736951
736981
737078
737184
737257
737459
737522
737643
737840
737916
738089
738382
738557
738678
739205
739405
740447
740449
740576
740888
740939
741448
741529
741634
741667
742367
742588
742675
742793
743049
743259
743829
743885
744047
744169
744613
744673
745017
745083
745105
745414
745702
745797
746249
746254
746624
746710
747178
747271
747335
747367
747414
747481
748387
748566
748897
749078
749111
749117
749253
750051
750186
750254
750266
750471
750561
750723
750753
750887
751173
751403
751559
751884
752255
752538
752746
753124
753170
753203
753405
753642
753768
753853
753884
753946
754130
754140
754212
754365
754885
754977
755563
755766
755776
755997
756122
756256
756338
756446
756623
756931
757102
757532
757662
757944
758116
758343
759355
759602
759810
759867
760005
760060
760099
760494
760620
760793
761564
761659
761673
761804
761981
762344
763102
763458
763697
763967
764098
764240
764488
764814
764828
764957
765221
765382
765757
765852
766056
766075
766367
766461
766608
766615
766632
766712
766780
767213
767338
767522
767755
767876
768504
768654
768766
769166
769350
769458
769484
769567
770326
770444
770520
771000
771048
771586
772020
772071
772124
772234
772882
773198
773484
773587
773630
774064
774465
774618
774787
774931
775010
775096
775113
775270
775386
776255
776845
777013
777184
777389
777667
777750
777918
778017
778146
778175
778181
778398
778828
779037
779111
779227
779269
779461
780651
780922
781508
781645
781810
781887
782340
782692
783667
783727
784154
784195
784207
784600
784621
784698
784764
784786
785341
785426
785428
785634
785739
785758
785819
786335
786338
786528
786772
787158
787758
787814
787884
788782
788789
789124
789236
789305
789923
790001
790085
790267
790459
790527
790666
790753
790866
790986
791138
791262
791312
791514
791664
791925
791958
792036
792293
792301
792346
792406
792502
792559
793107
793504
793640
793800
794521
794669
794759
794960
795088
795366
795445
796394
796618
796728
796820
796939
797141
797354
797710
797827
798202
798203
798298
798340
798383
798426
798942
798971
799050
799130
799287
799367
799678
799924
800308
800553
800760
800805
800816
801028
801055
801153
801284
801442
801511
801876
802181
802398
802689
803171
803207
803427
803708
804212
804315
804329
804478
804676
804722
804741
804774
804838
805037
805128
805258
805858
806051
806073
806591
806760
806878
806931
807222
807234
807716
807764
807784
808027
808274
808416
808741
808780
808927
808940
809090
809452
809492
810042
810436
810512
810615
810673
810686
810947
811050
811236
811272
811320
811796
812080
812280
812811
812949
812972
812974
813070
813271
813323
813720
813938
814612
814652
814816
815225
815277
815305
815380
815548
815939
816050
816098
816104
816155
816168
817034
817201
817574
817733
818718
818955
818961
819068
819101
819290
819339
819363
819515
819743
819949
819949
820531
820606
820974
820993
821123
821261
821724
822040
822376
822516
822750
822940
823197
823298
823352
823749
823809
823888
824015
824259
824495
824807
824859
824910
825105
825311
825325
825333
825584
825604
825630
826144
826460
826567
826668
826693
826703
826722
826801
826896
826941
827124
827267
828236
828258
828293
828923
829160
829357
829877
829904
830027
830110
830222
830235
830365
830465
830593
830701
830878
830940
831264
831585
831636
831979
832291
833335
833386
833428
833713
833850
834346
834532
834812
835136
835171
835312
835495
835607
835608
835666
835785
836432
836593
836767
836795
837342
837390
837568
837643
837700
838164
838184
838280
838425
838461
838558
838693
838762
838779
838809
838847
839441
839582
839639
839760
839949
840006
840040
840146
840163
840553
840563
840588
840718
840870
841505
841593
842195
842299
842435
842631
842943
843023
843188
843845
843956
844006
844197
844238
844550
844788
845004
845014
845099
845204
845269
845528
846018
846072
846184
846238
846333
846552
846587
846768
846768
846854
847027
847471
848021
848205
848335
848347
848787
848896
849177
849192
849265
849722
849808
850084
850244
850343
850532
850627
850682
850741
850772
851013
851172
851391
851426
851476
851486
852004
852039
852481
852701
852790
852791
852795
853023
853384
853942
854106
854206
854224
854602
855237
855284
855657
855714
855746
855869
855938
856043
856098
856128
856258
856424
856468
856688
856841
857159
857769
857976
858054
858069
858256
858570
858606
858908
859015
859315
859551
859928
860081
860260
860279
860517
860542
860548
860959
861027
861064
861636
862310
862327
862416
862565
862639
862830
863078
863160
863478
863770
863809
863821
863828
864326
864921
865220
865319
865322
865840
865958
866225
867182
867750
867970
868146
868156
868189
868796
868921
869397
869432
869899
869957
869986
870019
870249
870254
870269
870288
870680
871009
871046
871166
871181
871402
871502
872162
872249
872382
872531
872633
872657
872672
872734
872805
873340
873478
873501
873802
873849
873964
874026
874455
874686
875815
876130
876567
876599
876723
877014
877025
877171
877362
877502
877624
877728
877981
878070
878187
878516
878539
878660
879183
879519
879613
879630
879842
880017
880123
880163
880941
881504
881530
881600
882112
882164
882606
882679
882893
883666
883880
884025
884396
884636
884784
884942
885055
885154
885246
885249
885808
885991
886105
886206
886271
886687
887057
887198
887392
887569
887693
887786
888244
888358
888611
888731
888786
888835
888980
889079
889327
889408
889885
890115
890538
890698
890982
891187
891434
891797
892045
892379
892498
892613
893135
893147
893507
893884
893930
894232
894604
894610
894715
894818
894840
894876
895669
895675
895730
895807
895997
896152
896658
896755
897485
897588
897638
897652
898012
898111
898397
898603
898702
898752
898927
898994
899220
899831
900004
900178
900253
900257
900352
900574
900980
901056
901068
901111
901145
901593
901625
901632
901980
901984
902164
902255
902814
903141
903352
903653
904405
904491
904586
905499
905605
905664
905839
906021
906078
906197
906622
906630
906829
907165
907370
907441
907736
908160
908254
908490
908502
908529
908548
908968
909202
909486
909614
909618
909699
909913
909962
909989
910072
910265
910276
910364
910498
910825
910886
910977
911180
911225
911563
911745
911826
912470
912494
912643
912989
913027
913208
913373
913884
913901
913922
913970
914085
914363
914800
914857
915125
915209
915741
915895
915896
916029
916064
916074
916090
916240
916269
916354
916418
916894
916965
917092
917094
917216
917313
917358
917383
917759
918124
918602
918619
918746
918875
918943
918972
919159
919184
919225
919265
919411
919426
919447
919770
919772
920245
920292
920561
920852
920996
921664
921772
921832
922167
922186
922341
922886
922909
923201
923237
923279
923439
923474
923492
923598
923973
924138
924215
924221
924304
924464
924677
924783
924812
924967
925238
925537
925566
925575
925790
926143
926243
926591
926754
927180
927193
927221
927301
927532
927664
928040
928843
928911
929947
930067
930180
930490
930771
930983
931185
931809
931902
932069
932094
932915
933138
933150
933199
933610
933610
933927
934046
934396
934444
934702
934762
935396
935666
936070
936136
936515
937120
937264
937346
937463
937673
937718
937732
937987
938349
938416
938574
938699
938717
939119
939414
939951
940086
940183
940701
940910
941036
941238
941457
941604
941743
942085
942212
942307
942374
943171
943939
944095
944264
944427
944460
944539
944573
944648
945266
945308
945550
945629
946245
946291
946369
946414
946794
946845
947119
947209
947366
947645
947684
948004
948028
948247
948400
948522
948891
949023
949884
949964
950070
950082
950088
950122
950177
951576
951680
951996
952074
952487
952628
952921
953064
953312
953447
953612
953959
953964
953968
954032
954327
954403
954631
955051
955381
955972
956354
956713
956813
956831
957539
958027
958091
958425
958449
958517
958573
958996
959058
959220
959500
959576
959656
959710
959737
959864
960392
960801
961077
961127
961255
961297
961353
961472
961686
961856
961997
962500
962575
962847
963288
963524
963760
964647
964936
965196
965375
965469
965537
966009
966143
966376
966463
967051
967060
967237
967487
967501
967600
967621
967870
968378
968635
969377
969447
969589
969796
969907
969968
970279
970409
970514
970562
970727
971017
971114
971323
971475
971714
971844
971908
972619
972926
973021
973591
973703
973815
973847
973942
974018
974103
974323
974391
974502
974801
975230
975669
975881
975927
976362
976441
976653
976763
977337
977413
977441
977497
977554
977882
977971
977971
978198
978516
978850
979569
979716
979846
979865
980131
980228
980286
981092
981351
981973
982066
982271
982431
982993
983086
983346
983411
983534
983567
983652
984211
984273
984672
984705
985092
985199
985199
985290
985672
986157
986208
986333
986452
986736
986754
987038
987067
987084
987086
987422
987437
987523
987739
987776
987953
988174
988229
988308
988628
988668
988790
989605
989675
989741
989935
990173
991046
991182
991275
991384
991403
991491
991719
991833
992107
992238
992371
992448
992939
993274
993382
993731
993805
993881
993985
994110
994550
994585
994662
995128
995556
995668
995688
995797
995992
996178
996512
996743
996816
996828
997000
997339
997685
997827
998214
998215
998305
998402
998876
999117
999343
999382
