81
209
209
209
209
209
209
209
209
209
209
209
209
209
209
209
209
209
209
209
209
209
209
209
209
209
209
209
209
209
209
209
209
209
209
209
209
209
209
209
209
209
209
209
209
209
209
209
209
209
209
209
209
209
209
209
209
209
209
209
209
209
209
209
209
209
209
209
209
209
209
209
209
209
209
209
209
209
209
209
209
209
209
209
209
209
209
209
209
209
209
209
209
209
209
209
209
209
209
209
209
209
209
209
209
209
209
209
209
209
209
209
209
209
209
209
209
209
209
209
209
209
209
209
209
209
209
209
209
209
209
209
209
209
209
209
209
209
209
209
209
209
209
209
209
209
209
209
209
209
209
209
209
209
209
209
209
209
209
209
209
209
209
209
209
209
209
209
209
209
209
209
209
209
209
209
209
209
209
209
209
209
209
209
209
209
209
209
209
209
209
209
209
209
209
209
209
209
209
209
209
209
209
209
209
209
209
209
209
209
209
209
209
209
209
209
209
209
209
209
209
209
209
209
209
209
209
209
209
209
209
209
209
209
209
209
209
209
209
209
209
209
209
209
209
209
209
209
209
209
209
209
209
209
209
209
209
209
209
209
209
209
209
209
209
209
209
209
209
209
209
209
209
209
209
209
209
209
209
209
209
209
209
209
209
209
209
209
209
209
209
209
209
209
209
209
209
209
209
209
209
209
209
209
209
209
209
209
209
209
209
209
209
209
209
209
209
209
209
209
209
209
209
209
209
209
209
209
209
209
209
209
209
209
209
209
209
209
209
209
209
209
209
209
209
209
209
209
209
209
209
209
209
209
209
209
209
209
209
209
209
209
209
209
209
209
209
209
209
209
209
209
209
209
209
209
209
209
209
209
209
209
209
209
209
209
209
209
209
209
209
209
209
209
209
209
209
209
209
209
209
209
209
209
209
209
209
209
209
209
209
209
209
209
209
209
209
209
209
209
209
209
209
209
209
209
209
209
209
209
209
209
209
209
209
209
209
209
209
209
209
209
209
209
209
569
569
569
569
569
209
209
209
209
209
209
209
209
209
209
569
681
3493
3493
3493
3493
3493
3493
3493
3493
3493
3493
3493
3493
3493
3493
3493
3493
3493
3493
3493
3493
3493
3493
3493
3493
3493
3493
3493
3493
3493
3493
3493
3493
3493
3493
3493
3493
3493
3493
209
3493
3493
3493
3493
3493
3493
3493
3493
3493
3493
9097
9097
9097
9097
9097
9097
9097
9097
9097
9097
9097
9097
9097
9097
9097
9097
9097
9097
9097
9097
9097
9097
9097
9097
9097
9097
9097
9097
9097
9097
9097
9097
9097
9097
9097
9097
9097
9097
9097
3493
9097
9097
9097
9097
9097
9097
9097
9097
9097
9097
9097
9097
9097
9097
9097
9097
9097
9097
9097
9097
9097
9097
9097
9097
9097
9097
9097
9097
9097
9097
9097
9097
9097
9097
9097
9097
9097
9097
9097
9097
9097
9097
9097
9097
9097
9097
9097
9097
9097
9097
9097
9097
9097
9097
9097
9097
9097
9097
9097
9097
9097
9097
9097
9097
9097
9097
9097
9097
9097
9097
9097
9097
9097
9097
9097
9097
9097
9097
9097
9097
9097
9097
9097
9097
9097
9097
9097
9097
9097
9097
9097
9097
9097
9097
9097
9097
9097
9097
9097
9097
9097
9097
9097
9097
9097
9097
9097
9097
9097
9097
9097
9097
9097
9097
9097
9097
9097
9097
9097
9097
9097
9097
9097
9097
9097
9097
9097
9097
9097
9097
9097
9097
9097
9097
9097
9097
9097
9097
9097
9097
9097
9097
9097
9097
9097
9097
9097
9097
9097
9097
9097
9097
9097
9097
9097
9097
9097
9097
9097
9097
9097
9097
9097
9097
9097
9097
9097
9097
9097
9097
9097
9097
9097
9097
9097
9097
9097
9097
9097
9097
9097
9097
9097
9097
9097
9097
9097
9097
9097
9097
9097
9097
9097
9097
9097
9097
9097
9097
9097
9097
9097
9097
9097
9097
9097
9097
9097
9097
9097
9097
9097
9097
9097
9097
9097
9097
9097
9097
9097
9097
9097
9097
9097
9097
9097
9097
9097
9097
9097
9097
9097
9097
9097
9097
9097
9097
9097
9097
9097
9097
9097
9097
9097
9097
9097
9097
9097
9097
9097
9097
9097
9097
9097
9097
9097
9097
9097
9097
9097
9097
9097
9097
9097
9097
9097
9097
9097
9097
9097
9097
9097
9097
9097
9097
9097
9097
9097
9097
9097
9097
9097
9097
9097
9097
9097
9097
9097
9097
9097
9097
9097
9097
9097
9097
15720
15720
15720
15720
15720
9097
9097
9097
9097
9097
9097
9097
9097
9097
9097
15720
19593
19593
19593
19593
19593
19593
19593
19593
19593
19593
19593
19593
19593
19593
19593
19593
19593
19593
19593
19593
19593
19593
19593
19593
19593
19593
19593
19593
19593
19593
19593
19593
19593
19593
19593
19593
19593
19593
19593
9097
19593
19593
19593
19593
19593
19593
19593
19593
19593
19593
37525
55805
55805
55805
55805
55805
55805
55805
55805
55805
55805
60910
60910
60910
60910
60910
60910
60910
60910
60910
60910
72641
72641
72641
72641
72641
72641
72641
72641
72641
72641
80308
80308
80308
80308
80308
80308
80308
80308
19593
55805
60910
72641
80308
89368
126087
140528
228398
238283
241888
250774
289672
297278
305000
322197
360099
372555
377017
388777
392735
400657
416931
423428
430639
433890
448566
453195
466127
491298
498976
522325
533149
552528
560997
565421
580952
588954
598382
648412
696776
726651
754552
755199
806445
836610
918184
928577
975266
992393
