5211
5211
5211
5211
5211
5211
5211
5211
5211
5211
5211
5211
5211
5211
5211
5211
5211
5211
5211
5211
5211
18456
18456
18456
18456
18456
18456
18456
18456
18456
18456
18456
18456
18456
18456
18456
95060
95060
95060
95060
95060
95060
95060
95060
95060
95060
95060
95060
95060
95060
95060
95060
95060
95060
95060
95060
95060
95060
95060
95060
95060
95060
95060
95060
95060
95060
95060
95060
95060
95060
95060
95060
95060
95060
95060
95060
95060
95060
95060
95060
95060
95060
95060
95060
95060
95060
95060
95060
95060
95060
95060
210012
210012
210012
210012
210012
297539
348094
636226
698586
