81
81
569
569
681
681
2245
2904
3033
3033
3493
3493
5211
9097
11017
12497
12497
14412
14412
15720
18456
19593
20127
20127
21530
23311
26272
26304
26304
27284
27284
28067
28624
31326
31326
31536
31536
32172
32460
32460
32919
33002
33002
33333
33333
34945
34945
35021
35021
35217
35217
35325
35325
35568
36029
36159
36159
37525
39021
39021
40743
40743
41805
43324
44599
44878
47641
47641
48829
51528
53144
53144
53959
54081
54081
55805
56552
56552
56856
56856
57522
58025
58025
58109
59426
59479
59479
60028
60028
60049
60049
60910
62949
65818
66249
66249
66342
66601
67917
68977
72641
73850
73850
73940
76376
77375
77888
77888
79296
79444
80154
80308
80928
80967
82195
85273
85273
86990
86990
87764
89159
89172
89368
89412
89438
89438
90032
90428
90428
92622
92622
95060
95820
97467
97487
100237
100237
100545
101360
101839
101839
102747
102829
102829
103348
104339
104339
107205
107205
107722
108117
108581
108581
109485
110197
110294
110699
110699
110991
112297
114613
116466
117276
118606
120709
121308
122573
122846
124030
125849
125849
126087
126505
127828
127955
132002
132002
132133
132133
133069
133589
134047
138377
138722
139932
140528
140795
141723
142618
144500
144500
145550
146081
148365
149314
149314
151432
152040
152274
152274
152433
152959
153275
154259
154259
158660
160269
160358
160358
160379
160379
165193
166342
167637
170337
171087
171692
171692
172261
172261
173109
174067
174232
174232
175011
176229
178224
178736
179497
180540
186593
187190
187516
187516
189435
191309
192379
193512
193512
195746
196431
196431
197314
198987
198987
199181
199759
199759
202254
202362
202900
202900
204346
204346
204916
204916
205057
205057
206725
207672
207672
208324
209188
209188
209441
209933
210012
210498
210498
211388
211388
213258
214677
214677
215350
217462
217462
218004
218004
218189
218593
218593
219756
220853
222842
222842
223205
223205
226057
226057
226340
228023
228023
228398
228444
228458
228458
228794
228794
228804
229320
229904
230297
231011
233367
235128
235189
235189
235379
235379
238046
238046
238283
238335
241081
241081
241873
241888
243555
245196
245830
245975
245975
247255
247255
247643
247686
247686
248626
250262
250573
250774
251746
81
569
681
3033
3493
9097
11017
12497
14412
15720
19593
20127
26272
26304
27284
28067
31326
31536
32460
32919
33002
33333
34945
35021
35217
35325
36159
37525
39021
40743
41805
47641
53144
53959
54081
55805
56552
56856
57522
58025
58109
59426
59479
60028
60049
60910
62949
66249
66342
68977
72641
73850
76376
77375
77888
79296
80154
80308
80928
80967
82195
85273
86990
89159
89368
89438
90032
90428
92622
95820
97487
100237
101360
101839
102747
102829
104339
107205
107722
108581
109485
110294
110699
110991
112297
121308
122573
124030
125849
126087
127955
132002
132133
133589
134047
138377
138722
139932
140528
141723
144500
146081
149314
152040
152274
152433
154259
160269
160358
160379
170337
171692
172261
173109
174232
178224
186593
187516
189435
191309
193512
196431
197314
198987
199181
199759
202254
202900
204346
204916
205057
207672
208324
209188
209933
210498
211388
214677
215350
217462
218004
218189
218593
220853
222842
223205
226057
228023
228398
228458
228794
230297
235189
235379
238046
238283
241081
241888
245196
245830
245975
247255
247643
247686
250262
250573
250774
251746
252715
253414
256190
260289
261796
262754
266748
266761
271232
272379
273303
274570
275569
277217
277685
278050
279207
280524
282134
288819
289672
290596
292122
294892
297278
298285
299708
299904
300606
300925
301039
302647
304789
305000
305153
306640
306710
307398
308902
311131
311574
311705
311776
313563
319529
319847
321648
322197
322532
323875
324176
325578
326717
327814
328205
332231
333378
334471
335821
336503
340713
343768
344234
346228
348142
349250
349614
352298
355115
356620
356728
359211
359231
359415
360099
363827
367770
367818
369633
370347
370888
371155
372231
372260
372555
372661
376882
377017
378130
380595
381494
383303
384172
387090
387677
388027
388777
390179
390358
390868
391521
392292
392735
393740
395528
399134
400346
400657
401947
405989
407971
409117
411898
413173
414639
415775
416931
416949
418627
418657
419805
421244
421993
423428
423943
426815
430639
433483
433518
433890
436873
439214
443181
445884
448036
448566
449122
449291
450907
453195
453826
454154
456682
457753
460008
462951
466127
469911
473059
473788
474762
475776
478179
485054
487770
489114
490000
491298
495343
495367
495425
495994
498338
498976
499336
9097
11017
15720
19593
26272
28067
32919
37525
41805
53959
55805
57522
58109
59426
60910
62949
66342
68977
72641
76376
77375
79296
80154
80308
80928
80967
82195
89159
89368
90032
95820
97487
101360
102747
107722
109485
110294
110991
112297
121308
122573
124030
126087
127955
133589
134047
138377
138722
139932
140528
141723
146081
152040
152433
160269
170337
173109
178224
186593
189435
191309
197314
199181
202254
208324
209933
215350
218189
220853
228398
230297
238283
241888
245196
245830
247643
250262
250573
250774
252715
271232
272379
274570
277217
277685
289672
290596
292122
297278
299708
300925
304789
305000
305153
306710
307398
311131
311574
311776
313563
322197
322532
323875
326717
327814
332231
333378
335821
336503
343768
344234
349250
356728
359211
359415
360099
363827
367770
369633
370347
370888
372555
372661
376882
377017
378130
380595
381494
384172
387090
387677
388777
390179
392735
395528
399134
400346
400657
405989
411898
414639
415775
416931
418657
419805
421244
423428
423943
426815
430639
433518
433890
443181
448566
449122
449291
450907
453195
454154
460008
466127
474762
475776
478179
489114
490000
491298
498976
501962
506582
508860
515334
515797
519934
522071
522325
530126
533149
538839
539036
539848
543437
544266
544918
547084
550253
550551
552528
552805
554010
554603
558955
560997
561041
563291
564285
575055
575223
576590
580952
588711
588954
590181
590930
591171
591281
593093
593614
596963
598382
613073
621269
621703
622954
626924
627321
630443
634225
639006
641892
647283
648412
651136
651476
653714
666328
669086
671338
679262
684278
686763
687483
689126
689685
696532
696776
698571
709016
712350
714904
721120
722604
723382
725218
726651
727088
734713
735990
740049
740865
742587
742698
745691
748720
752506
754116
754552
755199
756851
760235
765404
767057
767868
768825
771559
776787
781486
785147
794427
794583
796892
798898
801052
803074
804310
806445
806732
810563
811783
816539
825171
826621
828993
829204
836610
836836
844822
850543
858270
859999
862806
871137
875640
876982
880226
884850
886059
887560
887982
889618
894018
895021
897490
897525
898506
901063
903682
909211
909365
914653
917955
918184
927335
928577
935710
937457
938701
945053
945082
945486
955081
963858
963981
966950
967857
970072
973813
975266
982030
989683
990415
992393
994984
565421
