5211
18456
18456
21530
89172
95060
100545
117276
126505
126505
133069
133069
171087
174067
175011
175011
176229
176229
180540
202362
210012
233367
238335
241873
241873
268980
268980
289383
313750
336327
336327
344043
348094
18456
95060
100545
117276
126505
133069
171087
175011
176229
210012
233367
241873
268980
313750
336327
344043
348094
353895
377373
392754
393584
413784
420925
426808
477084
478042
484421
497281
502651
515434
544919
549676
566413
95060
100545
117276
171087
210012
233367
313750
344043
348094
353895
392754
393584
426808
502651
515434
549676
612399
616124
621729
636226
661313
695788
698586
705403
750846
819582
898814
925857
947178
947739
990364
993368
999932
297539
