5211
18456
18456
21530
21530
89172
95060
100545
117276
126505
133069
133069
171087
174067
174067
175011
175011
176229
176229
180540
202362
210012
233367
238335
241873
18456
18456
21530
21530
95060
95060
100545
117276
117276
126505
133069
133069
171087
171087
174067
174067
175011
175011
176229
176229
210012
210012
233367
233367
241873
18456
21530
95060
100545
117276
126505
133069
171087
174067
175011
176229
210012
233367
241873
268980
297539
313750
336327
344043
348094
353895
377373
392754
393584
413784
95060
117276
171087
210012
233367
297539
313750
344043
348094
392754
393584
426808
502651
515434
549676
612399
636226
695788
698586
705403
947178
947739
990364
993368
999932
