5211
5211
18456
18456
21530
21530
89172
89172
89172
95060
100545
100545
117276
126505
126505
133069
133069
171087
174067
174067
5211
18456
21530
89172
89172
100545
126505
133069
174067
175011
176229
180540
180540
202362
202362
233367
238335
238335
241873
268980
95060
100545
100545
117276
126505
126505
171087
176229
176229
176229
176229
210012
233367
233367
241873
241873
241873
241873
268980
268980
95060
100545
117276
126505
171087
176229
176229
210012
233367
241873
241873
268980
268980
297539
313750
336327
344043
348094
353895
377373
100545
126505
176229
233367
241873
268980
313750
336327
344043
353895
377373
413784
420925
477084
484421
497281
515434
544919
566413
575198
