64
81
93
93
323
323
549
549
569
681
681
681
745
745
745
820
820
867
1171
1206
1244
1354
1379
1379
1379
1379
1511
1511
1642
1642
1642
1642
1842
1842
1842
1842
1914
1914
1925
1925
1925
1925
2039
2039
2245
2362
2427
2427
2463
2463
2463
2503
2503
2503
2606
2615
2780
2780
2780
2780
2902
2902
2902
2904
3033
3050
3094
3094
3094
3296
3296
3296
3476
3476
3493
3615
3615
3615
3637
3637
3979
3979
4039
4039
4039
4039
4062
4082
4082
4082
4251
4308
4308
4308
4310
4310
4310
4340
4340
4340
4340
4513
4513
4513
4513
5009
5009
5009
5211
5216
5226
5226
5226
5269
5510
5510
5601
5601
5601
5601
5635
5667
5667
5979
5979
6046
6046
6046
6046
6071
6071
6071
6071
6484
6484
6484
6484
6734
6734
6816
6816
6816
7057
7144
7144
7144
7199
7339
7619
8216
8216
8216
8216
8292
8430
8430
8430
8430
8693
8764
8764
8764
8764
9097
9120
9120
9206
9206
9206
9241
9241
9241
9428
9428
9428
9428
9431
9719
9719
9719
9719
10038
10038
10038
10038
10120
10122
10165
10165
10165
10272
10272
10417
10417
10417
10431
10569
10736
10736
10736
10736
10845
10946
10946
10946
10946
10947
10947
10947
10947
11016
11017
11053
11053
11053
11053
11351
11520
11703
11735
11735
11763
11789
11789
11867
11867
11867
11964
11964
11964
11964
11984
11984
11984
12299
12459
12459
12497
12582
12582
12582
12582
12585
12585
12713
12713
12713
13321
13321
13321
13321
13372
13372
13372
13405
13405
13405
13537
13537
13537
13537
13540
13598
13617
13617
13617
13669
13669
13888
13888
13888
13917
13917
13917
14007
14007
14007
14057
14057
14057
14057
14148
14148
14148
14385
14385
14385
14412
14523
14523
14811
15033
15033
15033
15033
15056
15056
15057
15057
15057
15469
15469
15469
15469
15533
15533
15533
15533
15633
15633
15633
15720
15752
15781
16001
16110
16110
16204
16204
16228
16228
16228
16228
16259
16323
16323
16323
16323
16449
16449
16522
16522
16522
16538
16538
16538
16538
17135
17223
17223
17315
17315
17501
17501
17566
17566
17566
17566
17630
17638
17638
17638
17638
17808
17808
17808
17808
17808
17808
17808
17833
17833
17833
17881
18184
18184
18184
18184
18190
18190
18190
18190
18202
18202
18202
18202
18448
18448
18448
18456
18481
18507
18507
18654
18654
18704
18704
18859
19034
19278
19304
19420
19486
19540
19540
19540
19540
19593
20127
20172
20172
20172
20468
20468
20550
20567
20567
20847
20847
20847
20934
21008
21008
21018
21018
21018
21018
21091
21091
21414
21414
21414
21414
21485
21485
21485
21491
21530
21743
21743
22104
22181
22190
22190
22190
22190
22298
22298
22300
22765
22924
22939
23023
23023
23078
23078
23182
23182
23182
23182
23311
23415
23415
23440
23591
23787
23856
23856
23949
24020
24020
24020
24100
24100
24122
24122
24122
24122
24124
24136
24136
24136
24145
24145
24451
24451
24451
24561
24561
24561
24561
24605
24605
24745
24745
24745
24776
25015
25165
25496
25496
25496
25861
26160
26160
26160
26196
26196
26234
26234
26234
26234
26272
26304
26445
26445
26445
26650
26650
26650
26652
26776
26776
26856
26856
26856
26856
27138
27138
27157
27157
27157
27172
27172
27172
27172
27284
27320
27320
27320
27458
27489
27489
27489
27495
27495
27495
27495
27536
27536
27536
27572
27572
27572
27572
27583
27639
27639
27639
27639
27710
27710
28067
28215
28215
28215
28215
28313
28313
28313
28380
28380
28380
28380
28423
28624
28656
28656
28656
28656
28806
28806
28806
28828
28861
28861
28861
28861
28943
28943
28996
28996
28996
29053
29098
29098
29098
29215
29375
29375
29375
29438
29448
29448
29448
29448
29501
29501
29501
29501
29573
29573
29573
29729
29729
29729
29729
29949
29949
29949
29949
30096
30096
30096
30096
30183
30386
30386
30386
30386
30530
30530
30530
30530
30706
30706
30706
30774
30774
30774
31020
31020
31020
31224
31326
31355
31502
31502
31502
31502
31536
31600
31600
31600
31639
31790
31790
31790
32073
32073
32073
32101
32172
32248
32248
32248
32276
32276
32276
32277
32310
32310
32310
32460
32538
32862
32862
32862
32908
32908
32908
32908
32919
32933
32976
32976
32976
33002
33062
33081
33081
33333
33621
33621
33621
33621
33786
33786
33786
33808
33882
33882
33882
33882
33915
34190
34190
34225
34225
34225
34225
34282
34303
34303
34303
34307
34551
34551
34589
34589
34589
34589
34596
34596
34596
34633
34633
34633
34736
34736
34821
34945
34979
34986
35021
35109
35109
35109
35217
35280
35325
35368
35368
35368
35368
35391
35568
35733
35733
35733
35879
35879
35928
36029
36055
36055
36055
36126
36159
36189
36189
36214
36214
36214
36214
36421
36437
36437
36437
36461
36461
36857
36857
36936
36936
36936
37062
37062
37062
37126
37126
37126
37126
37138
37138
37138
37200
37200
37392
37472
37472
37472
37525
37545
37545
37545
37710
37876
38320
38566
38585
38602
38829
38879
38879
38894
38894
38936
38936
39021
39021
39021
39021
39021
39129
39129
39195
39195
39195
39195
39334
39334
39334
39334
39392
39626
39626
39758
39810
39810
39810
39828
39875
39875
39875
39875
39875
39908
39916
39916
39916
39960
40072
40072
40077
40077
40077
40077
40140
40194
40194
40215
40215
40215
40215
40220
40220
40220
40400
40403
40403
40403
40403
40500
40584
40584
40702
40702
40702
40702
40743
40881
40881
40881
40881
40898
40926
40972
40972
40972
41159
41167
41167
41351
41598
41598
41598
41768
41792
41792
41792
41805
41882
41882
41882
41882
41991
41991
42122
42210
42210
42348
42365
42417
42417
42417
42417
42484
42484
42659
42772
42772
42772
42772
42831
42831
42831
42831
42856
42992
42992
42992
42992
43067
43067
43067
43102
43102
43102
43320
43324
43453
43592
43592
43592
43633
43633
43633
43633
43682
43682
43682
43682
43725
43725
43725
43725
43860
43860
43860
43860
43914
43914
43914
43983
43983
43983
43983
44101
44131
44131
44317
44317
44353
44365
44365
44526
44599
44646
44646
44687
44687
44746
44746
44757
44819
44878
44901
44901
44962
45042
45063
45156
45329
45329
45389
45389
45389
45901
45901
45901
45979
45979
45979
46007
46007
46007
46007
46017
46017
46017
46341
46341
46355
46355
46355
46355
46380
46380
46387
46387
46387
46387
46549
46549
46588
46647
46647
46647
46647
46824
46828
46828
46828
46828
46852
46942
47189
47189
47189
47329
47329
47395
47395
47395
47395
47406
47510
47510
47641
47775
47928
47983
47983
47983
47983
47996
47996
47996
48074
48074
48074
48074
48267
48267
48267
48401
48401
48401
48401
48425
48425
48498
48529
48529
48529
48586
48586
48599
48599
48599
48623
48623
48623
48623
48626
48626
48626
48626
48628
48628
48829
48860
48977
49613
49646
49646
49646
49676
49676
49764
49773
49773
49997
50063
50197
50197
50197
50293
50440
50440
50440
50440
50466
50466
50466
50499
50499
50499
50531
50531
50531
50707
50707
50740
50740
50808
50808
50808
51019
51103
51103
51333
51463
51463
51463
51463
51477
51477
51477
51477
51498
51498
51528
51571
51571
51571
51571
51584
51584
51584
51735
51878
51878
51878
51878
51986
51986
52018
52097
52097
52097
52176
52176
52176
52176
52251
52464
52464
52567
52621
52630
52732
52732
52732
52918
52918
52927
53079
53079
53144
53150
53150
53150
53150
53418
53428
53428
53428
53428
53499
53542
53542
53542
53542
53762
53801
53801
53801
53842
53842
53842
53842
53882
53882
53882
53959
54024
54024
54024
54081
54180
54180
54364
54364
54525
54525
54660
54660
54660
54660
55232
55323
55323
55323
55336
55336
55382
55435
55435
55776
55776
55793
55793
55805
56055
56055
56151
56151
56448
56448
56552
56561
56561
56591
56591
56591
56618
56618
56618
56618
56675
56675
56675
56675
56687
56687
56699
56747
56747
56747
56757
56757
56788
56788
56788
56791
56791
56791
56794
56842
56842
56856
56927
56927
57115
57115
57115
57229
57229
57229
57460
57460
57522
57570
57570
57570
57602
57602
57602
57661
57661
57661
57661
57911
57911
58025
58106
58106
58106
58106
58109
58218
58261
58261
58320
58320
58320
58531
58531
58752
58800
58814
58814
58856
58856
58856
58856
58976
58976
58976
58976
59129
59129
59234
59234
59234
59426
59476
59476
59476
59476
59479
59543
59543
59543
59560
59619
59619
59619
59619
59720
59765
59765
59765
59765
59772
59772
59772
59772
59803
59803
59803
59895
60014
60014
60014
60014
60028
60049
60319
60319
60498
60642
60707
60707
60809
60809
60809
60908
60908
60908
60908
60910
60987
61048
61048
61048
61048
61087
61087
61087
61151
61567
61567
61567
61567
61648
61648
61648
61648
61690
61690
61690
61690
61759
61759
61770
61770
61770
61770
61773
61773
61918
61991
61991
62189
62189
62251
62251
62251
62251
62258
62258
62258
62315
62315
62315
62382
62382
62382
62382
62426
62426
62426
62426
62548
62638
62638
62638
62638
62718
62718
62718
62718
62760
62795
62795
62795
62795
62900
62900
62900
62900
62923
62923
62923
62934
62934
62934
62934
62949
62958
62975
62975
62975
62975
63046
63046
63046
63046
63073
63073
63073
63084
63084
63084
63133
63141
63141
63141
63179
63328
63328
63328
63328
64049
64088
64091
64091
64260
64260
64260
64260
64335
64335
64335
64335
64472
64472
64472
64472
64662
64662
64825
64825
64825
64825
64835
64835
64835
64835
64901
64959
64959
65054
65054
65080
65080
65186
65643
65666
65666
65666
65812
65818
65965
65969
65969
65969
65969
66064
66103
66103
66103
66249
66317
66317
66342
66343
66343
66343
66444
66444
66444
66487
66537
66537
66537
66537
66601
66623
66681
66805
66975
67183
67223
67367
67367
67431
67609
67660
67660
67660
67660
67697
67697
67697
67697
67764
67764
67850
67850
67850
67850
67917
68011
68012
68107
68107
68107
68339
68339
68339
68399
68399
68399
68399
68427
68427
68506
68632
68632
68632
68689
68689
68818
68972
68977
69004
69004
69027
69027
69027
69027
69030
69232
69232
69410
69410
69410
69410
69883
70285
70285
70330
70330
70330
70392
70392
70491
70491
70491
70491
70491
70592
70592
70592
70757
70847
70847
70847
70847
70927
70999
71006
71006
71006
71006
71116
71116
71116
71125
71125
71125
71125
71161
71161
71161
71161
71201
71478
71478
71478
71510
71710
71710
71774
71774
71774
71892
71892
71892
72213
72293
72293
72485
72486
72486
72606
72641
72699
72699
72703
72703
72703
72943
72999
72999
72999
72999
73039
73039
73039
73181
73370
73370
73370
73370
73505
73627
73764
73764
73828
73828
73847
73850
73870
73870
73940
73990
73990
73990
73990
74537
74537
74602
74602
75076
75122
75122
75155
75218
75218
75412
75412
75412
75412
75615
75616
75616
75616
75704
75704
75704
75704
75743
75743
76077
76077
76077
76139
76169
76169
76217
76376
76445
76445
76445
76486
76486
76486
76585
76585
76585
76585
76672
76672
76672
76773
76780
76780
76780
76780
77304
77304
77304
77304
77375
77589
77591
77591
77591
77591
77645
77773
77773
77888
78002
78002
78002
78044
78044
78044
78259
78408
78408
78408
78408
78592
78592
78721
79088
79088
79095
79095
79145
79145
79269
79269
79269
79269
79296
79322
79342
79373
79373
79373
79381
79421
79422
79422
79422
79422
79444
79540
79540
79540
79690
79690
79690
79690
79841
79908
79908
79908
79933
79933
79933
79957
80124
80124
80154
80254
80261
80261
80262
80262
80308
80532
80532
80532
80532
80605
80636
80636
80636
80776
80830
80843
80843
80843
80886
80928
80967
81198
81198
81555
81555
81815
81858
81858
81858
81925
81925
82014
82014
82014
82014
82050
82050
82050
82050
82060
82060
82195
82199
82199
82199
82199
82379
82424
82424
82424
82424
82460
82466
82539
82830
82830
82830
82830
83031
83088
83088
83088
83088
83304
83448
83598
83598
83598
83598
83781
83781
83781
84007
84007
84007
84100
84148
84148
84148
84148
84216
84216
84216
84267
84267
84267
84292
84303
84315
84315
84506
84506
84506
84506
84542
84579
84579
84579
84672
84672
84672
84672
84746
84746
84821
84821
84821
84821
85106
85106
85106
85193
85193
85193
85193
85273
85507
85507
85507
85544
85544
85544
85544
85739
85972
86034
86034
86034
86034
86305
86305
86305
86305
86317
86469
86469
86480
86681
86681
86990
87126
87126
87126
87126
87183
87183
87195
87195
87195
87195
87531
87531
87586
87586
87662
87662
87662
87688
87688
87688
87710
87711
87764
87854
87854
87854
87854
87928
87997
88030
88030
88030
88109
88109
88109
88109
88131
88208
88411
88421
88434
88434
88434
88582
88582
88582
88582
88883
88883
88980
88980
88980
89128
89159
89172
89174
89325
89325
89325
89325
89358
89358
89368
89412
89438
89491
64
93
323
549
681
745
745
820
867
1206
1244
1379
1379
1511
1642
1642
1842
1842
1914
1925
1925
2039
2362
2427
2463
2463
2503
2503
2615
2780
2780
2902
2902
3094
3094
3296
3296
3476
3615
3615
3637
3979
4039
4039
4062
4082
4082
4251
4308
4308
4310
4310
4340
4340
4513
4513
5009
5009
5226
5226
5269
5510
5601
5601
5635
5667
5979
6046
6046
6071
6071
6484
6484
6734
6816
6816
7144
7144
7199
7619
8216
8216
8292
8430
8430
8764
8764
9120
9206
9206
9241
9241
9428
9428
9431
9719
9719
10038
10038
10120
10122
10165
10165
10272
10417
10417
10736
10736
10845
10946
10946
10947
10947
11016
11053
11053
11351
11703
11735
11763
11789
11867
11867
11964
11964
11984
11984
12299
12459
12582
12582
12585
12713
12713
13321
13321
13372
13372
13405
13405
13537
13537
13540
13598
13617
13617
13669
13888
13888
13917
13917
14007
14007
14057
14057
14148
14148
14385
14385
14523
15033
15033
15056
15057
15057
15469
15469
15533
15533
15633
15633
15752
15781
16001
16110
16204
16228
16228
16323
16323
16449
16522
16522
16538
16538
17223
17315
17501
17566
17566
17630
17638
17638
17808
17808
17808
17808
17833
17833
17881
18184
18184
18190
18190
18202
18202
18448
18448
18507
18654
18704
19034
19278
19420
19486
19540
19540
20172
20172
20468
20550
20567
20847
20847
20934
21008
21018
21018
21091
21414
21414
21485
21485
21491
21743
22104
22190
22190
22298
23023
23078
23182
23182
23415
23440
23591
23856
23949
24020
24020
24100
24122
24122
24124
24136
24136
24145
24451
24451
24561
24561
24605
24745
24745
24776
25496
25496
25861
26160
26160
26196
26234
26234
26445
26445
26650
26650
26776
26856
26856
27138
27157
27157
27172
27172
27320
27320
27489
27489
27495
27495
27536
27536
27572
27572
27639
27639
27710
28215
28215
28313
28313
28380
28380
28423
28656
28656
28806
28806
28861
28861
28943
28996
28996
29053
29098
29098
29215
29375
29375
29438
29448
29448
29501
29501
29573
29573
29729
29729
29949
29949
30096
30096
30183
30386
30386
30530
30530
30706
30706
30774
30774
31020
31020
31224
31355
31502
31502
31600
31600
31639
31790
31790
32073
32073
32101
32248
32248
32276
32276
32277
32310
32310
32862
32862
32908
32908
32933
32976
32976
33081
33621
33621
33786
33786
33808
33882
33882
33915
34190
34225
34225
34282
34303
34303
34307
34551
34589
34589
34596
34596
34633
34633
34736
34821
34979
35109
35109
35280
35368
35368
35391
35733
35733
35879
35928
36055
36055
36126
36189
36214
36214
36437
36437
36461
36857
36936
36936
37062
37062
37126
37126
37138
37138
37200
37392
37472
37472
37545
37545
37876
38829
38879
38894
38936
39021
39021
39129
39195
39195
39334
39334
39392
39626
39758
39810
39810
39828
39875
39875
39908
39916
39916
39960
40072
40077
40077
40194
40215
40215
40220
40220
40400
40403
40403
40500
40584
40702
40702
40881
40881
40898
40972
40972
41159
41167
41598
41768
41792
41792
41882
41882
41991
42122
42210
42365
42417
42417
42484
42772
42772
42831
42831
42856
42992
42992
43067
43067
43102
43102
43453
43592
43592
43633
43633
43682
43682
43725
43725
43860
43860
43914
43914
43983
43983
44101
44131
44317
44353
44365
44526
44646
44687
44746
44757
44819
44901
44962
45042
45156
45329
45389
45389
45901
45901
45979
45979
46007
46007
46017
46017
46341
46355
46355
46380
46387
46387
46549
46588
46647
46647
46824
46828
46828
46852
46942
47189
47189
47329
47395
47395
47406
47510
47775
47928
47983
47983
47996
47996
48074
48074
48267
48267
48401
48401
48425
48529
48529
48586
48599
48599
48623
48623
48626
48626
48628
49646
49646
49676
49773
49997
50063
50197
50197
50293
50440
50440
50466
50466
50499
50499
50531
50531
50707
50740
50808
50808
51019
51103
51333
51463
51463
51477
51477
51498
51571
51571
51584
51584
51878
51878
51986
52018
52097
52097
52176
52176
52464
52567
52621
52630
52732
52732
52918
52927
53079
53150
53150
53428
53428
53499
53542
53542
53762
53801
53801
53842
53842
53882
53882
54024
54024
54180
54364
54525
54660
54660
55232
55323
55323
55336
55435
55776
55793
56055
56151
56448
56561
56591
56591
56618
56618
56675
56675
56687
56699
56747
56747
56757
56788
56788
56791
56791
56842
56927
57115
57115
57229
57229
57460
57570
57570
57602
57602
57661
57661
57911
58106
58106
58218
58261
58320
58320
58531
58800
58814
58856
58856
58976
58976
59129
59234
59234
59476
59476
59543
59543
59619
59619
59720
59765
59765
59772
59772
59803
59803
60014
60014
60319
60498
60642
60707
60809
60809
60908
60908
60987
61048
61048
61087
61087
61151
61567
61567
61648
61648
61690
61690
61759
61770
61770
61773
61918
61991
62189
62251
62251
62258
62258
62315
62315
62382
62382
62426
62426
62548
62638
62638
62718
62718
62795
62795
62900
62900
62923
62923
62934
62934
62975
62975
63046
63046
63073
63073
63084
63084
63141
63141
63328
63328
64049
64091
64260
64260
64335
64335
64472
64472
64662
64825
64825
64835
64835
64959
65054
65080
65643
65666
65666
65812
65965
65969
65969
66064
66103
66103
66317
66343
66343
66444
66444
66537
66537
66623
66681
66805
66975
67183
67223
67367
67431
67609
67660
67660
67697
67697
67764
67850
67850
68107
68107
68339
68339
68399
68399
68427
68632
68632
68689
68818
69004
69027
69027
69030
69232
69410
69410
69883
70285
70330
70330
70392
70491
70491
70491
70592
70592
70757
70847
70847
70927
70999
71006
71006
71116
71116
71125
71125
71161
71161
71201
71478
71478
71510
71710
71774
71774
71892
71892
72213
72293
72485
72486
72606
72699
72703
72703
72943
72999
72999
73039
73039
73181
73370
73370
73505
73627
73764
73828
73870
73990
73990
74537
74602
75076
75122
75155
75218
75412
75412
75615
75616
75616
75704
75704
75743
76077
76077
76139
76169
76445
76445
76486
76486
76585
76585
76672
76672
76773
76780
76780
77304
77304
77591
77591
77773
78002
78002
78044
78044
78259
78408
78408
78592
79088
79095
79145
79269
79269
79322
79373
79373
79381
79422
79422
79540
79540
79690
79690
79841
79908
79908
79933
79933
79957
80124
80254
80261
80262
80532
80532
80605
80636
80636
80776
80830
80843
80843
80886
81198
81555
81815
81858
81858
81925
82014
82014
82050
82050
82060
82199
82199
82379
82424
82424
82460
82466
82539
82830
82830
83031
83088
83088
83304
83448
83598
83598
83781
83781
84007
84007
84148
84148
84216
84216
84267
84267
84315
84506
84506
84542
84579
84579
84672
84672
84746
84821
84821
85106
85106
85193
85193
85507
85507
85544
85544
85739
85972
86034
86034
86305
86305
86469
86480
86681
87126
87126
87183
87195
87195
87531
87586
87662
87662
87688
87688
87710
87711
87854
87854
87928
87997
88030
88030
88109
88109
88208
88434
88434
88582
88582
88883
88980
88980
89128
89174
89325
89325
89358
89491
89491
89727
89727
89965
90023
90057
90057
90086
90200
90212
90212
90717
90859
90960
90987
91009
91009
91042
91185
91185
91251
91251
91583
91686
91749
91751
91840
92024
92061
92061
92234
92351
92376
92396
92396
92489
92609
92792
92923
93152
93316
93397
93397
93640
93640
93662
93662
94112
94165
94174
94417
94749
94909
95018
95020
95020
95022
95022
95027
95027
95042
95160
95160
95475
95572
95572
95609
95655
95731
95731
95745
95745
95745
95765
95765
96169
96176
96177
96177
96271
96271
96358
96382
96879
96879
96913
96913
97161
97161
97218
97218
97408
97529
97529
97567
97602
97654
97660
97871
97871
97874
97874
98032
98032
98165
98605
98734
98734
98739
99393
99393
99538
99538
100161
100255
100321
100321
100486
100486
100514
100731
100857
100857
101110
101113
101113
101331
101489
101662
101662
101665
101760
101760
101940
102296
102393
102501
102675
103030
103241
103537
103537
103654
103978
104061
104061
104068
104068
104407
104407
104510
104522
104524
104524
104635
104635
104712
104712
104812
104896
104896
105082
105082
105141
105196
105196
105342
105473
106038
106226
106321
106321
106348
106407
106407
106413
106413
106685
106685
106687
106687
106892
106892
106956
106956
107478
107603
107603
107681
107964
107964
108003
108003
108019
108019
108129
108129
108342
108342
108354
108354
108594
108957
108957
109339
109339
109352
109352
109445
109445
109608
109608
109644
109849
109859
109859
110059
110059
110094
110174
110185
110185
110270
110270
110427
110427
110508
110661
110799
110911
110911
111021
111021
111427
111427
111448
111544
111544
111612
111612
111793
111793
111994
111994
112110
112110
112466
112466
112644
112644
112711
112711
112818
112927
113030
113030
113190
113244
113244
113328
113328
113606
114053
114180
114180
114218
114447
114447
114462
114526
114526
114587
114587
114641
115152
115381
115934
115945
116035
116035
116330
116354
116354
116473
116548
116548
116632
116632
116840
116941
117027
117027
117155
117174
117174
117184
117195
117507
117507
117731
117792
118130
118159
118234
118234
118252
118325
118450
118475
118475
118513
118513
118762
118762
118800
119080
119080
119157
119157
119161
119161
119204
119204
119326
119326
119375
119446
119502
119502
119836
119836
119944
119944
120160
120160
120688
120688
120804
120804
120867
120896
121027
121027
121288
121288
121924
121924
121937
121937
121989
121989
122004
122004
122023
122023
122032
122045
122045
122177
122429
122429
122431
122431
122439
122523
122590
122594
122594
122729
122980
123090
123090
123202
123519
123558
123568
123568
123786
123786
123840
124046
124046
124337
125086
125140
125140
125244
125244
125276
125276
125315
125315
125336
125357
125413
125413
125657
125972
125972
126162
126162
126168
126381
126447
126510
126598
126763
126763
126901
126901
126950
126950
126997
127098
127156
127156
127179
127249
127303
127367
127367
127369
127513
127597
127616
127682
127682
128121
128425
128425
128464
128526
128616
128616
128825
128825
129067
129085
129205
129326
129326
129408
129524
129524
129559
129706
129793
129793
129860
129860
129877
129954
130772
130772
130791
130834
130834
130872
130872
130908
130939
130968
130968
130985
130985
131125
131125
131151
131385
131424
131527
131527
131589
131589
131635
131635
132043
132048
132048
132244
132244
132347
132347
132501
132781
132781
132946
132946
133130
133130
133596
133596
133608
133608
133822
133822
133984
133984
134136
134463
134463
134495
134495
134722
134722
134822
135205
135205
135240
135240
135338
135338
135339
135339
135518
135590
135590
135719
135719
135729
136052
136154
136154
136219
136219
136476
136907
136977
137020
137020
137091
137166
137418
137590
137590
137703
137703
138264
138264
138282
138326
138326
138380
138496
138496
138548
138548
138651
138715
138863
138864
138864
138954
138989
139265
139471
139784
139885
139885
140068
140091
140172
140172
140186
140186
140470
140492
140492
140826
140875
141133
141133
141247
142227
142334
142334
142383
142481
142481
142496
142496
142779
142838
142902
143910
144042
144042
144308
144369
144369
144491
144491
144529
144830
145053
145207
145257
145323
145323
145375
145472
145489
145489
145494
145669
145669
146145
146244
146244
146246
146246
146290
146451
146451
146542
146542
146546
146692
146790
146790
146961
146961
147069
147069
147070
147326
147408
147484
147484
147498
147554
147567
147567
147571
147571
147732
147774
147997
148075
148075
148151
148151
148194
148604
148632
148711
148990
148990
149023
149078
149446
149446
149637
149637
149720
149776
149832
150125
150212
150212
150254
150462
150508
150654
150799
150811
150859
150859
150997
151121
151213
151213
151249
151249
151948
151970
151970
152161
152167
152167
152226
152336
152336
152410
152410
152760
152760
152910
152978
152986
152986
153006
153143
153143
153538
153579
153579
153621
153916
153916
153954
153954
154073
154091
154091
154289
154289
154508
154508
154589
154589
154714
154861
154861
154863
154863
154913
154913
154931
154931
155027
155027
155066
155066
155181
155554
155594
155594
155624
155633
155872
155895
155988
156066
156066
156181
156181
156217
156407
156489
156584
156615
156802
156975
157106
157265
157265
157360
157360
157511
157620
157620
158124
158436
158547
158590
158627
158732
158732
158823
158967
158967
159016
159016
159138
159138
159161
159161
159346
159346
159487
159495
159495
159527
159651
159651
159745
159999
159999
160106
160292
160292
160374
160450
160450
160530
160558
160574
160923
161002
161002
161140
161140
161257
161257
161521
161521
161527
161534
161631
161631
162051
162069
162069
162141
162161
162161
162283
162283
162286
162289
162289
162325
162325
162493
162496
162652
162672
162945
162964
162964
163038
163042
163042
163043
163043
163132
163338
163351
163351
163438
163487
163767
163787
163925
163925
163926
164213
164292
164556
164556
164576
164576
164626
164626
164681
164757
164757
164871
164871
165198
165198
165203
165407
165449
165483
165683
165683
165730
165730
165879
165898
165915
165915
166264
166264
166488
166549
166549
166582
166582
166697
166697
166829
166929
166929
166951
166951
167297
167308
167332
167711
167711
167715
167744
167744
167852
168133
168133
168164
168275
168754
168837
168920
169080
169347
169370
169370
169437
169487
169487
169591
169591
169790
169957
170114
170159
170170
170269
170311
64
64
93
323
549
681
745
745
820
867
867
1206
1206
1244
1244
1379
1511
1642
1842
1914
1925
2039
2362
2362
2427
2463
2463
2503
2503
2615
2615
2780
2902
2902
3094
3094
3296
3296
3476
3615
3615
3637
3979
4039
4062
4062
4082
4082
4251
4251
4308
4308
4310
4310
4340
4513
5009
5009
5226
5226
5269
5269
5510
5601
5635
5635
5667
5979
6046
6071
6484
6734
6816
6816
7144
7144
7199
7199
7619
7619
8216
8292
8292
8430
8764
9120
9206
9206
9241
9241
9428
9431
9431
9719
10038
10120
10120
10122
10122
10165
10165
10272
10417
10417
10736
10845
10845
10946
10947
11016
11016
11053
11351
11351
11703
11703
11735
11763
11763
11789
11867
11867
11964
11984
11984
12299
12299
12459
12582
12585
12713
12713
13321
13372
13372
13405
13405
13537
13540
13540
13598
13598
13617
13617
13669
13888
13888
13917
13917
14007
14007
14057
14148
14148
14385
14385
14523
15033
15056
15057
15057
15469
15533
15633
15633
15752
15752
15781
15781
16001
16001
16110
16204
16228
16323
16449
16522
16522
16538
17223
17315
17501
17566
17630
17630
17638
17808
17808
17808
17833
17833
17881
17881
18184
18190
18202
18448
18448
18507
18654
18704
19034
19034
19278
19278
19420
19420
19486
19486
19540
20172
20172
20468
20550
20550
20567
20847
20847
20934
20934
21008
21018
21091
21414
21485
21485
21491
21491
21743
22104
22104
22190
22298
23023
23078
23182
23415
23440
23440
23591
23591
23856
23949
23949
24020
24020
24100
24122
24124
24124
24136
24136
24145
24451
24451
24561
24605
24745
24745
24776
24776
25496
25496
25861
25861
26160
26160
26196
26234
26445
26445
26650
26650
26776
26856
27138
27157
27157
27172
27320
27320
27489
27489
27495
27536
27536
27572
27639
27710
28215
28313
28313
28380
28423
28423
28656
28806
28806
28861
28943
28996
28996
29053
29053
29098
29098
29215
29215
29375
29375
29438
29438
29448
29501
29573
29573
29729
29949
30096
30183
30183
30386
30530
30706
30706
30774
30774
31020
31020
31224
31224
31355
31355
31502
31600
31600
31639
31639
31790
31790
32073
32073
32101
32101
32248
32248
32276
32276
32277
32277
32310
32310
32862
32862
32908
32933
32933
32976
32976
33081
33621
33786
33786
33808
33808
33882
33915
33915
34190
34225
34282
34282
34303
34303
34307
34307
34551
34589
34596
34596
34633
34633
34736
34821
34821
34979
34979
35109
35109
35280
35280
35368
35391
35391
35733
35733
35879
35928
35928
36055
36055
36126
36126
36189
36214
36437
36437
36461
36857
36936
36936
37062
37062
37126
37138
37138
37200
37392
37392
37472
37472
37545
37545
37876
37876
38829
38829
38879
38894
38936
39021
39129
39195
39334
39392
39392
39626
39758
39758
39810
39810
39828
39828
39875
39908
39908
39916
39916
39960
39960
40072
40077
40194
40215
40220
40220
40400
40400
40403
40500
40500
40584
40702
40881
40898
40898
40972
40972
41159
41159
41167
41598
41768
41768
41792
41792
41882
41991
42122
42122
42210
42365
42365
42417
42484
42772
42831
42856
42856
42992
43067
43067
43102
43102
43453
43453
43592
43592
43633
43682
43725
43860
43914
43914
43983
44101
44101
44131
44317
44353
44353
44365
44526
44526
44646
44687
44746
44757
44757
44819
44819
44901
44962
44962
45042
45042
45156
45156
45329
45389
45389
45901
45901
45979
45979
46007
46017
46017
46341
46355
46380
46387
46549
46588
46588
46647
46824
46824
46828
46852
46852
46942
46942
47189
47189
47329
47395
47406
47406
47510
47775
47775
47928
47928
47983
47996
47996
48074
48267
48267
48401
48425
48529
48529
48586
48599
48599
48623
48626
48628
49646
49646
49676
49773
49997
49997
50063
50063
50197
50197
50293
50293
50440
50466
50466
50499
50499
50531
50531
50707
50740
50808
50808
51019
51019
51103
51333
51333
51463
51477
51498
51571
51584
51584
51878
51986
52018
52018
52097
52097
52176
52464
52567
52567
52621
52621
52630
52630
52732
52732
52918
52927
52927
53079
53150
53428
53499
53499
53542
53762
53762
53801
53801
53842
53882
53882
54024
54024
54180
54364
54525
54660
55232
55232
55323
55323
55336
55435
55776
55793
56055
56151
56448
56561
56591
56591
56618
56675
56687
56699
56699
56747
56747
56757
56788
56788
56791
56791
56842
56927
57115
57115
57229
57229
57460
57570
57570
57602
57602
57661
57911
58106
58218
58218
58261
58320
58320
58531
58800
58800
58814
58856
58976
59129
59234
59234
59476
59543
59543
59619
59720
59720
59765
59772
59803
59803
60014
60319
60498
60498
60642
60642
60707
60809
60809
60908
60987
60987
61048
61087
61087
61151
61151
61567
61648
61690
61759
61770
61773
61918
61918
61991
62189
62251
62258
62258
62315
62315
62382
62426
62548
62548
62638
62718
62795
62900
62923
62923
62934
62975
63046
63073
63073
63084
63084
63141
63141
63328
64049
64049
64091
64260
64335
64472
64662
64825
64835
64959
65054
65080
65643
65643
65666
65666
65812
65812
65965
65965
65969
66064
66064
66103
66103
66317
66343
66343
66444
66444
66537
66623
66623
66681
66681
66805
66805
66975
66975
67183
67183
67223
67223
67367
67431
67431
67609
67609
67660
67697
67764
67850
68107
68107
68339
68339
68399
68427
68632
68632
68689
68818
68818
69004
69027
69030
69030
69232
69410
69883
69883
70285
70330
70330
70392
70491
70491
70491
70592
70592
70757
70757
70847
70927
70927
70999
70999
71006
71116
71116
71125
71161
71201
71201
71478
71478
71510
71510
71710
71774
71774
71892
71892
72213
72213
72293
72485
72485
72486
72606
72606
72699
72703
72703
72943
72943
72999
73039
73039
73181
73181
73370
73505
73505
73627
73627
73764
73828
73870
73990
74537
74602
75076
75076
75122
75155
75155
75218
75412
75615
75615
75616
75616
75704
75743
76077
76077
76139
76139
76169
76445
76445
76486
76486
76585
76672
76672
76773
76773
76780
77304
77591
77773
78002
78002
78044
78044
78259
78259
78408
78592
79088
79095
79145
79269
79322
79322
79373
79373
79381
79381
79422
79540
79540
79690
79841
79841
79908
79908
79933
79933
79957
79957
80124
80254
80254
80261
80262
80532
80605
80605
80636
80636
80776
80776
80830
80830
80843
80843
80886
80886
81198
81555
81815
81815
81858
81858
81925
82014
82050
82060
82199
82379
82379
82424
82460
82460
82466
82466
82539
82539
82830
83031
83031
83088
83304
83304
83448
83448
83598
83781
83781
84007
84007
84148
84216
84216
84267
84267
84315
84506
84542
84542
84579
84579
84672
84746
84821
85106
85106
85193
85507
85507
85544
85739
85739
85972
85972
86034
86305
86469
86480
86480
86681
87126
87183
87195
87531
87586
87662
87662
87688
87688
87710
87710
87711
87711
87854
87928
87928
87997
87997
88030
88030
88109
88208
88208
88434
88434
88582
88883
88980
88980
89128
89128
89174
89174
89325
89358
89491
89491
89727
89727
89965
89965
90023
90023
90057
90086
90200
90200
90212
90717
90859
90960
90960
90987
90987
91009
91042
91042
91185
91251
91251
91583
91686
91686
91749
91751
91840
92024
92061
92234
92351
92351
92376
92396
92396
92489
92489
92609
92609
92792
92792
92923
92923
93152
93152
93316
93397
93397
93640
93640
93662
94112
94165
94174
94174
94417
94749
94749
94909
95018
95020
95020
95022
95022
95027
95027
95042
95160
95160
95475
95475
95572
95609
95655
95731
95731
95745
95745
95765
96169
96176
96176
96177
96177
96271
96271
96358
96358
96382
96879
96879
96913
96913
97161
97218
97408
97408
97529
97567
97602
97654
97660
97660
97871
97871
97874
97874
98032
98165
98605
98734
98734
98739
98739
99393
99393
99538
99538
100161
100161
100255
100321
100321
100486
100486
100514
100514
100731
100857
100857
101110
101113
101113
101331
101331
101489
101662
101665
101760
101760
101940
102296
102393
102501
102501
102675
102675
103030
103030
103241
103537
103537
103654
103978
104061
104061
104068
104068
104407
104407
104510
104522
104524
104635
104635
104712
104712
104812
104812
104896
105082
105082
105141
105141
105196
105196
105342
105342
105473
105473
106038
106038
106226
106226
106321
106321
106348
106407
106407
106413
106413
106685
106685
106687
106892
106956
107478
107603
107681
107964
108003
108019
108129
108129
108342
108354
108354
108594
108957
108957
109339
109339
109352
109352
109445
109445
109608
109608
109644
109849
109859
110059
110059
110094
110174
110174
110185
110185
110270
110270
110427
110427
110508
110508
110661
110799
110911
111021
111427
111427
111448
111544
111612
111612
111793
111793
111994
111994
112110
112466
112466
112644
112711
112818
112818
112927
113030
113030
113190
113244
113328
113328
113606
114053
114053
114180
114180
114218
114447
114462
114526
114587
114587
114641
115152
115152
115381
115934
115934
115945
116035
116330
116354
116354
116473
116548
116632
116840
116840
116941
116941
117027
117155
117174
117174
117184
117195
117195
117507
117731
117731
117792
118130
118130
118159
118234
118234
118252
118252
118325
118325
118450
118475
118475
118513
118513
118762
118762
118800
118800
119080
119080
119157
119161
119161
119204
119326
119326
119375
119446
119446
119502
119502
119836
119836
119944
120160
120688
120804
120867
120896
121027
121027
121288
121924
121937
121937
121989
121989
122004
122004
122023
122023
122032
122045
122045
122177
122177
122429
122431
122439
122523
122590
122594
122594
122729
122729
122980
123090
123202
123519
123558
123568
123568
123786
123840
124046
124337
124337
125086
125086
125140
125140
125244
125244
125276
125276
125315
125336
125357
125413
125657
125657
125972
126162
126168
126381
126447
126510
126510
126598
126598
126763
126901
126950
126997
127098
127098
127156
127156
127179
127179
127249
127249
127303
127367
127369
127369
127513
127513
127597
127616
127616
127682
128121
128121
128425
128464
128464
128526
128526
128616
128825
129067
129067
129085
129205
129326
129408
129408
129524
129524
129559
129706
129793
129860
129860
129877
129877
129954
129954
130772
130791
130834
130834
130872
130908
130939
130968
130968
130985
130985
131125
131125
131151
131151
131385
131424
131527
131589
131635
131635
132043
132048
132048
132244
132347
132501
132781
132781
132946
132946
133130
133596
133596
133608
133822
133822
133984
133984
134136
134463
134495
134722
134722
134822
134822
135205
135240
135240
135338
135339
135339
135518
135518
135590
135590
135719
135719
135729
135729
136052
136154
136154
136219
136219
136476
136907
136907
136977
136977
137020
137020
137091
137091
137166
137418
137418
137590
137590
137703
137703
138264
138282
138326
138380
138380
138496
138496
138548
138548
138651
138651
138715
138715
138863
138864
138864
138954
138989
138989
139265
139471
139471
139784
139784
139885
139885
140068
140068
140091
140091
140172
140186
140470
140492
140826
140826
140875
140875
141133
141133
141247
141247
142227
142334
142383
142481
142481
142496
142779
142779
142838
142838
142902
143910
143910
144042
144042
144308
144308
144369
144491
144491
144529
144830
145053
145053
145207
145207
145257
145257
145323
145375
145375
145472
145472
145489
145489
145494
145494
145669
145669
146145
146244
146244
146246
146246
146290
146451
146451
146542
146542
146546
146692
146692
146790
146961
146961
147069
147070
147326
147326
147408
147484
147498
147554
147554
147567
147567
147571
147571
147732
147774
147774
147997
147997
148075
148151
148194
148604
148604
148632
148711
148990
149023
149078
149078
149446
149446
149637
149637
149720
149720
149776
149832
149832
150125
150125
150212
150254
150462
150508
150508
150654
150654
150799
150811
150811
150859
150859
150997
150997
151121
151121
151213
151213
151249
151948
151970
151970
152161
152161
152167
152226
152226
152336
152336
152410
152410
152760
152910
152910
152978
152986
153006
153006
153143
153538
153579
153621
153621
153916
153916
153954
154073
154091
154289
154508
154508
154589
154714
154714
154861
154861
154863
154863
154913
154931
155027
155066
155181
155554
155554
155594
155624
155624
155633
155633
155872
155872
155895
155988
156066
156066
156181
156217
156217
156407
156407
156489
156584
156615
156802
156802
156975
157106
157265
157360
157511
157511
157620
158124
158124
158436
158436
158547
158547
158590
158590
158627
158732
158732
158823
158967
158967
159016
159016
159138
159138
159161
159346
159487
159487
159495
159495
159527
159527
159651
159745
159745
159999
160106
160106
160292
160292
160374
160450
160530
160558
160574
160923
160923
161002
161140
161140
161257
161521
161521
161527
161527
161534
161631
162051
162051
162069
162141
162161
162161
162283
162286
162289
162325
162325
162493
162496
162652
162652
162672
162672
162945
162964
163038
163042
163043
163132
163132
163338
163351
163351
163438
163438
163487
163487
163767
163767
163787
163925
163926
163926
164213
164292
164292
164556
164576
164626
164681
164757
164757
164871
164871
165198
165198
165203
165203
165407
165449
165483
165683
165683
165730
165730
165879
165898
165915
165915
166264
166264
166488
166549
166549
166582
166582
166697
166697
166829
166929
166951
166951
167297
167297
167308
167332
167711
167711
167715
167744
167852
167852
168133
168133
168164
168275
168754
168754
168837
168920
169080
169347
169370
169437
169437
169487
169487
169591
169790
169957
170114
170159
64
64
745
867
867
1206
1206
1244
1244
2362
2362
2463
2503
2615
2615
2902
3094
3296
3615
4062
4062
4082
4251
4251
4308
4310
5009
5226
5269
5269
5635
5635
6816
7144
7199
7199
7619
7619
8292
8292
9206
9241
9431
9431
10120
10120
10122
10122
10165
10417
10845
10845
11016
11016
11351
11351
11703
11703
11763
11763
11867
11984
12299
12299
12713
13372
13405
13540
13540
13598
13598
13617
13888
13917
14007
14148
14385
15057
15633
15752
15752
15781
15781
16001
16001
16522
17630
17630
17808
17833
17881
17881
18448
19034
19034
19278
19278
19420
19420
19486
19486
20172
20550
20550
20847
20934
20934
21485
21491
21491
22104
22104
23440
23440
23591
23591
23949
23949
24020
24124
24124
24136
24451
24745
24776
24776
25496
25861
25861
26160
26445
26650
27157
27320
27489
27536
28313
28423
28423
28806
28996
29053
29053
29098
29215
29215
29375
29438
29438
29573
30183
30183
30706
30774
31020
31224
31224
31355
31355
31600
31639
31639
31790
32073
32101
32101
32248
32276
32277
32277
32310
32862
32933
32933
32976
33786
33808
33808
33915
33915
34282
34282
34303
34307
34307
34596
34633
34821
34821
34979
34979
35109
35280
35280
35391
35391
35733
35928
35928
36055
36126
36126
36437
36936
37062
37138
37392
37392
37472
37545
37876
37876
38829
38829
39392
39392
39758
39758
39810
39828
39828
39908
39908
39916
39960
39960
40220
40400
40400
40500
40500
40898
40898
40972
41159
41159
41768
41768
41792
42122
42122
42365
42365
42856
42856
43067
43102
43453
43453
43592
43914
44101
44101
44353
44353
44526
44526
44757
44757
44819
44819
44962
44962
45042
45042
45156
45156
45389
45901
45979
46017
46588
46588
46824
46824
46852
46852
46942
46942
47189
47406
47406
47775
47775
47928
47928
47996
48267
48529
48599
49646
49997
49997
50063
50063
50197
50293
50293
50466
50499
50531
50808
51019
51019
51333
51333
51584
52018
52018
52097
52567
52567
52621
52621
52630
52630
52732
52927
52927
53499
53499
53762
53762
53801
53882
54024
55232
55232
55323
56591
56699
56699
56747
56788
56791
57115
57229
57570
57602
58218
58218
58320
58800
58800
59234
59543
59720
59720
59803
60498
60498
60642
60642
60809
60987
60987
61087
61151
61151
61918
61918
62258
62315
62548
62548
62923
63073
63084
63141
64049
64049
65643
65643
65666
65812
65812
65965
65965
66064
66064
66103
66343
66444
66623
66623
66681
66681
66805
66805
66975
66975
67183
67183
67223
67223
67431
67431
67609
67609
68107
68339
68632
68818
68818
69030
69030
69883
69883
70330
70491
70592
70757
70757
70927
70927
70999
70999
71116
71201
71201
71478
71510
71510
71774
71892
72213
72213
72485
72485
72606
72606
72703
72943
72943
73039
73181
73181
73505
73505
73627
73627
75076
75076
75155
75155
75615
75615
75616
76077
76139
76139
76445
76486
76672
76773
76773
78002
78044
78259
78259
79322
79322
79373
79381
79381
79540
79841
79841
79908
79933
79957
79957
80254
80254
80605
80605
80636
80776
80776
80830
80830
80843
80886
80886
81815
81815
81858
82379
82379
82460
82460
82466
82466
82539
82539
83031
83031
83304
83304
83448
83448
83781
84007
84216
84267
84542
84542
84579
85106
85507
85739
85739
85972
85972
86480
86480
87662
87688
87710
87710
87711
87711
87928
87928
87997
87997
88030
88208
88208
88434
88980
89128
89128
89174
89174
89491
89727
89965
89965
90023
90023
90200
90200
90960
90960
90987
90987
91042
91042
91251
91686
91686
92351
92351
92396
92489
92489
92609
92609
92792
92792
92923
92923
93152
93152
93397
93640
94174
94174
94749
94749
95020
95022
95027
95160
95475
95475
95731
96176
96176
96177
96271
96358
96358
96879
96913
97408
97408
97660
97660
97871
97874
98734
98739
98739
99393
99538
100161
100161
100321
100486
100514
100514
100857
101113
101331
101331
101760
102501
102501
102675
102675
103030
103030
103537
104061
104068
104407
104635
104712
104812
104812
105082
105141
105141
105196
105342
105342
105473
105473
106038
106038
106226
106226
106321
106407
106413
106685
108129
108354
108957
109339
109352
109445
109608
110059
110174
110174
110185
110270
110427
110508
110508
111427
111612
111793
111994
112466
112818
112818
113030
113328
114053
114053
114180
114587
115152
115152
115934
115934
116354
116840
116840
116941
116941
117174
117195
117195
117731
117731
118130
118130
118234
118252
118252
118325
118325
118475
118513
118762
118800
118800
119080
119161
119326
119446
119446
119502
119836
121027
121937
121989
122004
122023
122045
122177
122177
122594
122729
122729
123568
124337
124337
125086
125086
125140
125244
125276
125657
125657
126510
126510
126598
126598
127098
127098
127156
127179
127179
127249
127249
127369
127369
127513
127513
127616
127616
128121
128121
128464
128464
128526
128526
129067
129067
129408
129408
129524
129860
129877
129877
129954
129954
130834
130968
130985
131125
131151
131151
131635
132048
132781
132946
133596
133822
133984
134722
134822
134822
135240
135339
135518
135518
135590
135719
135729
135729
136154
136219
136907
136907
136977
136977
137020
137091
137091
137418
137418
137590
137703
138380
138380
138496
138548
138651
138651
138715
138715
138864
138989
138989
139471
139471
139784
139784
139885
140068
140068
140091
140091
140826
140826
140875
140875
141133
141247
141247
142481
142779
142779
142838
142838
143910
143910
144042
144308
144308
144491
145053
145053
145207
145207
145257
145257
145375
145375
145472
145472
145489
145494
145494
145669
146244
146246
146451
146542
146692
146692
146961
147326
147326
147554
147554
147567
147571
147774
147774
147997
147997
148604
148604
149078
149078
149446
149637
149720
149720
149832
149832
150125
150125
150508
150508
150654
150654
150811
150811
150859
150997
150997
151121
151121
151213
151970
152161
152161
152226
152226
152336
152410
152910
152910
153006
153006
153621
153621
153916
154508
154714
154714
154861
154863
155554
155554
155624
155624
155633
155633
155872
155872
156066
156217
156217
156407
156407
156802
156802
157511
157511
158124
158124
158436
158436
158547
158547
158590
158590
158732
158967
159016
159138
159487
159487
159495
159527
159527
159745
159745
160106
160106
160292
160923
160923
161140
161521
161527
161527
162051
162051
162161
162325
162652
162652
162672
162672
163132
163132
163351
163438
163438
163487
163487
163767
163767
163926
163926
164292
164292
164757
164871
165198
165203
165203
165683
165730
165915
166264
166549
166582
166697
166951
167297
167297
167711
167852
167852
168133
168754
168754
169437
169437
169487
170170
170170
170269
170269
170311
170506
170506
171637
171637
171880
172190
172190
172621
172631
172657
172980
173136
173294
173332
173332
173402
173865
175400
175400
175406
175406
175571
175571
175780
175780
175890
176279
176307
176347
176347
176897
177265
177265
177358
177718
177718
177751
177751
178497
178497
178604
178665
178665
178690
178779
178855
178855
179218
179285
179285
179830
179830
179911
179911
179915
180183
180200
180407
180407
180548
180548
180601
180601
180653
181562
181862
182039
182057
182057
182160
182160
183017
183171
183202
183242
183255
183255
183422
183422
183540
183547
183675
183675
183718
183718
183745
183745
184072
184072
184120
184274
184274
184662
184662
184765
184765
184889
184964
184964
185046
185143
185143
185480
185480
185642
185712
186480
186746
186952
186952
187079
187079
187727
187956
187956
188170
188170
188314
188317
189291
189291
189375
189595
189595
189617
189833
189838
189876
189876
190428
190428
190642
190642
190702
190922
191269
191269
191544
191544
191662
191742
191893
191893
192086
192177
192177
192209
192209
192218
192218
192435
192934
192934
193368
193468
193721
193785
193785
193944
193944
194185
194778
194850
195123
195123
195809
196158
196637
196637
196782
196879
197203
197247
197930
198032
198099
198105
198451
198455
198483
198483
198752
198752
198812
198918
198918
198918
199086
199086
199319
199372
199861
200345
200406
200792
200792
200885
201069
201069
201435
202235
202235
202324
202977
203608
204404
204445
204606
204634
204634
204645
204645
204760
204760
204984
205010
205010
205062
205062
205660
205852
206243
206243
206644
206668
206766
206766
206781
206781
207056
207056
207128
207480
207480
207767
207915
207915
207993
207993
208154
208466
208466
208513
208618
209675
209675
209817
209817
210128
210128
210206
210224
210224
210306
210708
210708
210812
210812
210979
211014
211597
212032
212148
213046
213046
213077
213314
213404
213496
213652
213652
213948
214055
214191
214191
214197
214314
214393
214647
214815
214815
215233
215233
215264
215264
215689
215898
215898
216090
216090
216454
216746
217741
217972
218657
218657
218751
218751
218785
219654
220161
220377
220851
220968
220968
221155
221155
221263
222232
222232
222428
222428
222704
222754
222754
223059
223060
223437
223437
223735
223735
223780
223820
223820
224178
224178
224472
224505
225213
225213
225920
225920
226398
226917
226967
226967
227118
227338
227338
227440
227440
227843
227843
228101
228101
228669
228669
228721
228721
228804
228807
229011
229011
229329
229329
229337
229780
229780
230302
231367
231367
231726
231761
231761
231791
232088
232233
232233
232325
232325
232425
232425
232734
232805
232805
233114
233114
233336
233336
233355
233355
233570
233570
233950
233950
234431
234751
234751
235053
235053
235362
235955
235955
235957
235957
236196
236196
236214
236214
236486
236486
236503
237012
237027
237129
237199
237639
238311
238469
238470
238761
238761
238783
238867
239531
239828
240174
240174
240993
241427
241427
241979
241979
242006
242006
242050
242050
242635
242635
242834
242834
242864
243076
243468
243468
243767
243767
245382
245400
245400
245745
245786
245786
246127
246831
246831
247452
247452
247757
247757
248064
248130
248175
248175
248359
248364
248364
248446
248677
248977
248977
249025
249025
249025
249025
249238
249395
249395
249610
249610
249680
249758
249794
250008
250008
250011
250256
250610
250649
250649
250747
250819
250819
251201
251593
251819
252911
252911
253100
253100
253188
254283
254283
254568
254786
254884
254884
254946
254946
255076
255233
255251
255472
255610
255808
255977
255977
256132
256187
256271
256271
256477
256477
256479
256479
256490
256490
256530
256530
256678
256678
256816
256816
256880
256914
256975
256975
257325
257597
257597
257917
258001
258257
258306
258306
260054
260674
261050
261050
261129
261667
261667
262431
262431
262520
262520
262583
262583
262766
263421
263421
263497
263497
263655
263655
263794
264014
264014
264360
264360
264398
264398
264854
264854
264932
264932
265391
265391
265522
266194
266194
266229
266406
266659
266659
266818
266858
266877
267199
267199
267292
267292
267725
267725
267731
268277
268496
268569
269240
269508
269508
269512
269512
270742
270742
271058
271173
271173
271360
271360
271401
271401
271487
271487
271690
271908
271908
272028
272083
272888
272888
273209
273567
273567
273655
273655
273865
273865
273952
273952
274432
274432
274789
274971
275111
275456
275515
275515
275532
275532
275860
275860
276103
276103
276234
277188
277188
278068
278415
278851
278854
278854
278990
278990
279082
279082
279172
279239
279239
279640
279893
279893
279944
280206
280206
280526
280526
280548
280603
280947
281052
281052
281468
282255
282255
283253
283253
283437
283437
283539
283572
283738
283738
283855
284199
284199
284832
285188
285513
285836
285836
286284
286813
287125
287458
287504
287600
287600
287600
287719
287797
287797
288019
288515
288777
288777
289072
289123
289123
289233
289233
289323
289773
289773
289868
290021
290021
290255
290255
290720
290720
290775
291161
291161
291485
291485
291743
291980
291980
292139
292139
292267
292267
292453
292789
292890
292956
293325
293807
293996
294404
294404
294732
294815
295252
295466
296002
296600
296774
297005
297099
297406
298036
298506
298730
298730
298784
298784
299142
299142
299226
299513
299513
299699
299699
299706
299706
299774
299774
299808
299808
300213
300579
300579
300712
300712
300742
300742
300961
300961
300996
300996
301088
301167
301167
301192
301192
301462
302059
302059
302457
302697
304040
304130
304389
304487
304817
305737
306396
306577
306681
306879
306879
307000
307084
307272
307354
307354
307607
307750
308628
310010
310010
310636
311065
311065
312684
313082
313082
313220
313220
313265
313265
313736
313871
313871
314197
314281
314281
314835
315047
315047
315081
315855
315995
316153
316706
316706
316750
316750
316897
316897
316929
317249
317249
317287
317287
317444
318288
318288
318485
318550
319456
319700
320049
320483
320483
320870
321100
321357
321357
321408
321554
321554
321787
321787
321869
322285
322512
322915
322915
323427
323466
323580
323691
323691
324025
324025
324065
324504
324810
324908
324908
324960
324960
325578
325695
325695
325922
326046
326173
326657
326920
326920
327084
327084
327263
327407
327407
327704
328134
328187
328187
328516
328516
328686
328686
328932
329164
329164
329225
329528
329528
329709
329765
329928
330491
330491
330509
331249
331784
331784
332060
332060
332313
332892
332892
333222
333732
333732
333872
334002
334697
334942
335066
335133
335410
335672
335936
336255
336255
336313
336313
336386
336386
336672
336672
336829
336829
337207
337227
337227
337281
337375
337375
338131
338131
338460
338460
338524
339198
339198
339602
340414
340448
340448
340564
340650
340773
340773
340950
340950
341551
341551
341786
341786
341798
341798
341966
341966
342482
342508
343238
343750
343915
344019
344023
344023
344235
344536
344903
344903
345020
345135
345135
345178
345225
345269
345703
346115
346115
346168
346685
346685
346827
346827
348181
348181
348687
348687
349502
349502
349542
64
867
1206
1244
2362
2615
4062
4251
5269
5635
7199
7619
8292
9431
10120
10122
10845
11016
11351
11703
11763
12299
13540
13598
15752
15781
16001
17630
17881
19034
19278
19420
19486
20550
20934
21491
22104
23440
23591
23949
24124
24776
25861
28423
29053
29215
29438
30183
31224
31355
31639
32101
32277
32933
33808
33915
34282
34307
34821
34979
35280
35391
35928
36126
37392
37876
38829
39392
39758
39828
39908
39960
40400
40500
40898
41159
41768
42122
42365
42856
43453
44101
44353
44526
44757
44819
44962
45042
45156
46588
46824
46852
46942
47406
47775
47928
49997
50063
50293
51019
51333
52018
52567
52621
52630
52927
53499
53762
55232
56699
58218
58800
59720
60498
60642
60987
61151
61918
62548
64049
65643
65812
65965
66064
66623
66681
66805
66975
67183
67223
67431
67609
68818
69030
69883
70757
70927
70999
71201
71510
72213
72485
72606
72943
73181
73505
73627
75076
75155
75615
76139
76773
78259
79322
79381
79841
79957
80254
80605
80776
80830
80886
81815
82379
82460
82466
82539
83031
83304
83448
84542
85739
85972
86480
87710
87711
87928
87997
88208
89128
89174
89965
90023
90200
90960
90987
91042
91686
92351
92489
92609
92792
92923
93152
94174
94749
95475
96176
96358
97408
97660
98739
100161
100514
101331
102501
102675
103030
104812
105141
105342
105473
106038
106226
110174
110508
112818
114053
115152
115934
116840
116941
117195
117731
118130
118252
118325
118800
119446
122177
122729
124337
125086
125657
126510
126598
127098
127179
127249
127369
127513
127616
128121
128464
128526
129067
129408
129877
129954
131151
134822
135518
135729
136907
136977
137091
137418
138380
138651
138715
138989
139471
139784
140068
140091
140826
140875
141247
142779
142838
143910
144308
145053
145207
145257
145375
145472
145494
146692
147326
147554
147774
147997
148604
149078
149720
149832
150125
150508
150654
150811
150997
151121
152161
152226
152910
153006
153621
154714
155554
155624
155633
155872
156217
156407
156802
157511
158124
158436
158547
158590
159487
159527
159745
160106
160923
161527
162051
162652
162672
163132
163438
163487
163767
163926
164292
165203
167297
167852
168754
169437
170170
170269
170506
171637
172190
173332
175400
175406
175571
175780
176347
177265
177718
177751
178497
178665
178855
179285
179830
179911
180407
180548
180601
182057
182160
183255
183422
183675
183718
183745
184072
184274
184662
184765
184964
185143
185480
186952
187079
187956
188170
189291
189595
189876
190428
190642
191269
191544
191893
192177
192209
192218
192934
193785
193944
195123
196637
198483
198752
198918
199086
200792
201069
202235
204634
204645
204760
205010
205062
206243
206766
206781
207056
207480
207915
207993
208466
209675
209817
210128
210224
210708
210812
213046
213652
214191
214815
215233
215264
215898
216090
218657
218751
220968
221155
222232
222428
222754
223437
223735
223820
224178
225213
225920
226967
227338
227440
227843
228101
228669
228721
229011
229329
229780
231367
231761
232233
232325
232425
232805
233114
233336
233355
233570
233950
234751
235053
235955
235957
236196
236214
236486
238761
240174
241427
241979
242006
242050
242635
242834
243468
243767
245400
245786
246831
247452
247757
248175
248364
248977
249025
249025
249395
249610
250008
250649
250819
252911
253100
254283
254884
254946
255977
256271
256477
256479
256490
256530
256678
256816
256975
257597
258306
261050
261667
262431
262520
262583
263421
263497
263655
264014
264360
264398
264854
264932
265391
266194
266659
267199
267292
267725
269508
269512
270742
271173
271360
271401
271487
271908
272888
273567
273655
273865
273952
274432
275515
275532
275860
276103
277188
278854
278990
279082
279239
279893
280206
280526
281052
282255
283253
283437
283738
284199
285836
287600
287797
288777
289123
289233
289773
290021
290255
290720
291161
291485
291980
292139
292267
294404
298730
298784
299142
299513
299699
299706
299774
299808
300579
300712
300742
300961
300996
301167
301192
302059
306879
307354
310010
311065
313082
313220
313265
313871
314281
315047
316706
316750
316897
317249
317287
318288
320483
321357
321554
321787
322915
323691
324025
324908
324960
325695
326920
327084
327407
328187
328516
328686
329164
329528
330491
331784
332060
332892
333732
336255
336313
336386
336672
336829
337227
337375
338131
338460
339198
340448
340773
340950
341551
341786
341798
341966
344023
344903
345135
346115
346685
346827
348181
348687
349502
349737
350359
350731
350766
350826
350916
351072
351718
352604
352683
354754
354908
355230
356108
356489
356819
357308
359202
359767
361464
361489
361647
361677
361823
363200
363260
363341
363551
363565
364616
364792
364920
365029
366070
367445
367734
368056
369028
370120
370732
370984
371971
372618
372729
373053
373140
374366
374817
375218
375222
375320
375728
375873
376256
376468
376647
376671
376731
376898
378194
379574
379704
380292
380323
380367
381465
381652
381775
381916
382427
382524
383281
383561
384071
384719
386319
386697
386851
386917
386922
388310
388337
388584
389733
390752
390852
390979
391076
392059
392511
392739
393701
393988
395007
395173
395776
396164
396211
397243
398698
398850
398892
400443
400536
400735
401014
401070
401378
401461
402092
402361
402750
403933
405070
405071
405135
405211
405350
405871
406332
406422
406543
406904
407452
408135
408935
408990
409617
409802
410949
411266
412173
412323
412433
412617
413554
413566
413714
413934
414135
414583
415518
415530
416139
416216
416219
416639
417411
417593
418103
419087
419723
420041
420235
422411
422891
423156
423739
423750
424424
424864
424865
425202
425614
425785
426070
426165
426270
426428
426538
427417
428888
429128
429541
429808
430275
430683
430927
431447
431801
432999
434070
434205
434309
435413
435744
435800
436333
436388
436758
437589
437697
438038
438747
439124
439146
440770
441309
442949
443334
443704
443968
444036
444293
444300
445033
445259
445998
446562
446925
447374
447445
447534
447599
447997
448028
448708
448738
448881
449004
449583
450104
450460
451076
452213
452352
452574
453361
454226
454391
454414
455411
456081
456208
456618
457220
457512
457580
457702
458209
458701
458889
459307
459366
459473
459833
460737
460810
460991
461139
461670
461918
462857
463952
463993
464430
464525
464777
465189
465442
466146
466467
466483
466810
468482
469184
471694
471994
472033
472064
472174
473067
473388
473438
475623
476780
476845
477679
478538
479036
479138
479186
479782
480021
481274
481397
481660
481724
482884
483085
483372
483452
484696
485179
485746
486310
487927
488116
489644
490061
490504
492425
493161
493790
493854
494676
495251
495924
496076
496389
496664
496870
496983
497417
497502
497857
497987
498415
498481
498915
499297
499465
499486
499599
500154
500668
501163
502484
504598
504827
504959
505047
505638
505642
505905
506025
506685
506915
508186
508528
508606
509174
509578
510029
510094
510499
512028
513515
513620
513994
514659
515728
516833
517115
518566
519030
519149
519606
520005
520269
520295
521297
521490
522538
522636
522791
523653
524254
524777
525187
525932
525963
526035
526532
526759
527773
527785
527886
528010
528026
528119
528136
528221
528508
528605
529168
529242
529297
531229
531738
531794
532031
532233
532448
532892
532949
533153
533206
534194
535128
536186
536492
536879
538049
538274
538576
538954
539387
539794
540471
541201
542297
542732
543001
543455
543664
543751
544032
545117
546119
546412
546523
546868
547451
547519
547534
548654
549016
549909
550001
551015
551045
551074
551138
552044
552293
554182
554294
555299
557457
557577
557970
558022
558184
559090
560228
560305
561908
562421
562945
562992
564182
564362
564480
564510
564525
565081
566222
566586
566592
567177
567971
568036
568155
568295
568384
568591
568974
569528
571137
571677
572935
573191
573559
573640
573876
574872
575056
575413
575765
576509
577120
577559
577718
577963
578354
579561
579791
581659
581734
582023
582474
582664
583223
583362
583675
584179
585120
585745
586048
586903
587600
587750
587771
587942
588011
589103
590765
590865
591139
591752
591844
591845
591957
592290
592431
592480
592595
594374
594767
594918
595011
595380
596029
596875
597582
598457
599179
599311
599384
599402
599919
600940
601157
601241
601412
601863
602532
602881
603565
603745
604081
605494
605841
606032
606669
606994
607026
609000
609233
609430
609782
610071
610331
610391
610747
611256
611770
611820
612439
612602
612995
616094
616368
616533
616668
617091
618460
618770
618790
619435
619592
619923
620130
620603
620893
621224
621380
622281
622652
623206
623293
625769
626005
626033
626887
627171
627512
628357
628984
629906
629936
630215
630257
630388
630420
630751
630889
630990
631257
631439
631486
632098
632161
634855
634882
634982
635252
635878
636673
637267
637607
638677
639044
640550
640970
641402
641554
642177
642356
643794
644533
644824
645533
645538
645818
647278
647660
647974
648000
648392
648989
649175
649393
649716
650301
650574
650635
651091
651652
651787
652312
652492
652950
653039
653303
654075
655158
655302
655607
655719
655733
655788
656132
657236
657730
658322
659815
659952
660104
660286
661180
661343
661636
661764
662274
663249
664285
664328
665044
665385
665852
666467
666501
666853
667394
667998
668629
669161
669207
669224
670086
670719
670801
671823
672783
673627
676291
676538
677436
678173
678424
678506
678649
678859
680016
680018
680130
680229
680389
680429
681244
681806
681876
682196
682821
682823
683120
683220
683412
684099
684921
686583
687297
688411
688454
688519
688700
689013
689917
691430
691704
692035
692607
692780
693409
695190
695551
695705
695798
696038
696487
697147
697247
698506
699081
699865
700216
701105
701200
701462
704113
704136
704325
704617
704796
705436
706704
707034
707277
707442
707757
707847
708726
709520
709879
710668
710679
710819
711873
712023
713469
713716
713814
713943
714926
715175
715232
715489
715985
716271
716576
716771
716929
716956
717041
717276
718567
718873
718942
719216
719938
720766
720835
721594
721873
722032
722106
722107
722137
722593
722895
723804
724071
724587
725017
725050
725716
726175
726660
726823
726953
727551
728141
729707
731323
732036
732120
733237
733429
733683
733894
734431
735140
735306
735552
736275
736763
736981
737459
737522
737840
738089
738557
739205
739405
740447
740449
740576
740939
742367
742588
742675
742793
743885
744169
744673
745017
745083
745105
746254
746624
747271
747335
747367
747414
748387
748897
749078
750051
750254
750753
751403
752255
752746
753170
753203
753405
753642
753884
753946
754130
754365
755563
756122
756256
756338
756623
757102
757944
758116
759602
759867
760099
760494
760793
761981
762344
763458
763697
764240
765221
766615
766632
767755
769166
769350
769567
770520
771048
771586
772071
772124
772882
773587
774064
775386
776845
777013
777184
777389
777667
777918
778017
779037
779111
779269
779461
781508
781645
782340
784154
784698
784764
785341
785739
785819
786338
786528
786772
787158
788782
788789
789236
790267
790753
790866
790986
791138
791262
791312
791514
791664
792293
792301
792346
792559
796728
796820
798203
798298
798426
799287
800308
801511
802689
803171
803207
803427
803708
804212
804676
804722
805258
806051
806591
806760
806878
807222
807716
808274
808780
808927
808940
810042
810673
811236
811272
811796
812972
813323
813720
813938
814612
815380
815548
817034
817733
818955
819743
819949
820606
820993
821261
821724
823197
823749
823809
823888
824807
824910
825105
825584
825630
826460
826703
826801
826941
827267
829160
829357
830222
830235
830365
830940
831979
832291
833386
833713
834812
835171
835495
835607
835785
836432
836593
836767
836795
837342
837390
837568
837643
837700
838164
838184
838693
838847
839949
840006
840040
840870
841505
842299
842435
843188
843956
844006
844197
845014
845099
845204
845269
845528
846552
846587
846768
847027
848021
848205
848335
849192
849722
849808
850343
850627
850772
851013
851172
852004
852039
852481
852701
852790
852795
853023
853942
854206
855237
855714
855869
856043
856258
856424
856688
856841
858069
858256
858570
858606
858908
859551
860279
860517
860542
861064
862416
862565
863478
863809
863821
865319
865322
867182
868146
868921
869397
870249
870288
870680
871046
871502
872382
872672
873340
873501
873802
874455
876130
876599
876723
877014
877502
879519
879613
880017
880163
880941
881600
882112
882679
882893
883666
884396
884636
884942
885055
885154
886105
886206
887198
887392
888611
890115
890698
892379
892498
894840
894876
895669
895675
895807
896658
896755
897485
897588
897652
898012
898111
898702
898752
898994
900004
900574
901056
901980
901984
902814
905499
905605
905664
906021
906622
906630
907736
908160
908490
908502
908548
909618
909962
909989
910364
910498
911180
911826
913208
913901
913922
913970
914085
914857
915209
915896
916064
916074
916269
916418
918619
918875
918943
918972
919225
919265
919411
919770
920292
920852
920996
921772
922167
922886
923237
924138
924221
924677
924783
925566
925790
926754
927180
927193
927221
927532
928843
929947
930180
930490
931185
932094
933138
933610
933927
934702
935396
936515
937120
937264
937346
937673
937987
938349
939119
939414
939951
940086
940183
940910
941036
941238
942085
942212
942374
943171
943939
944095
944427
944573
944648
945629
946291
946369
946414
946845
947209
948004
948028
949023
950088
950122
950177
951680
952628
953064
953312
953447
953964
954327
954631
955051
955972
958027
958091
958425
958517
958996
959500
959656
960801
961255
961353
961472
961997
962575
962847
963524
965196
967501
967621
968378
969907
970727
971017
971114
971844
973021
973847
974801
975881
976653
977441
977882
978850
979569
979716
979865
981092
981973
982271
983411
983567
985092
985199
985199
985290
985672
986208
986333
986452
986754
987067
987523
987739
987776
987953
989605
989741
991719
991833
992107
992371
992448
993382
993731
993985
994110
994550
994662
995556
995992
996512
996828
997000
997339
997827
998402
998876
999343
999382
