81
81
569
569
681
681
2245
2904
2904
2904
2904
3033
3033
3493
3493
5211
9097
11017
11017
11017
12497
12497
14412
14412
15720
18456
19593
20127
20127
20127
21530
23311
23311
23311
23311
26272
26304
26304
27284
27284
28067
28624
31326
31326
31326
31326
31536
31536
31536
32172
32172
32172
32172
32460
32460
32919
32919
32919
33002
33002
33002
33333
33333
34945
34945
35021
35021
35021
35217
35217
35325
35325
35325
35568
35568
35568
35568
36029
36159
36159
37525
39021
39021
39021
40743
40743
41805
41805
41805
43324
43324
43324
43324
44599
44599
44599
44599
44878
44878
44878
44878
47641
47641
48829
51528
53144
53144
53959
54081
54081
54081
54081
55805
56552
56552
56856
56856
57522
57522
57522
58025
58025
58109
59426
59479
59479
60028
60028
60049
60049
60910
62949
62949
62949
65818
66249
66249
66342
66342
66342
66601
67917
67917
67917
67917
68977
72641
73850
73850
73850
73850
73940
73940
73940
73940
76376
77375
77375
77375
77888
77888
79296
79444
79444
79444
79444
80154
80308
80928
80967
80967
80967
82195
82195
82195
85273
85273
85273
85273
86990
86990
87764
89159
89159
89159
89172
89368
89412
89412
89412
89412
89438
89438
90032
90428
90428
92622
92622
92622
95060
81
569
681
2904
2904
3033
3493
9097
11017
11017
12497
14412
15720
19593
20127
20127
23311
23311
26272
26304
27284
28067
31326
31326
31536
31536
32172
32172
32460
32919
32919
33002
33002
33333
34945
35021
35021
35217
35325
35325
35568
35568
36159
37525
39021
39021
40743
41805
41805
43324
43324
44599
44599
44878
44878
47641
53144
53959
54081
54081
55805
56552
56856
57522
57522
58025
58109
59426
59479
60028
60049
60910
62949
62949
66249
66342
66342
67917
67917
68977
72641
73850
73850
73940
73940
76376
77375
77375
77888
79296
79444
79444
80154
80308
80928
80967
80967
82195
82195
85273
85273
86990
89159
89159
89368
89412
89412
89438
90032
90428
92622
92622
95820
97487
100237
101360
101839
101839
102747
102829
103348
103348
104339
107205
107722
108581
108581
109485
109485
110197
110197
110294
110294
110699
110699
110991
112297
114613
114613
116466
116466
118606
118606
121308
122573
122573
124030
124030
125849
126087
127828
127828
127955
127955
132002
132133
133589
133589
134047
134047
138377
138377
138722
139932
140528
141723
141723
144500
145550
145550
146081
149314
152040
152040
152274
152433
152959
152959
154259
154259
158660
158660
160269
160358
160379
160379
166342
166342
167637
167637
170337
171692
172261
173109
174232
178224
178736
178736
186593
186593
81
569
681
2904
3033
3493
9097
9097
11017
11017
12497
14412
15720
15720
19593
19593
20127
20127
23311
26272
26272
26304
27284
28067
28067
31326
31536
31536
32172
32460
32919
32919
33002
33002
33333
34945
35021
35021
35217
35325
35325
35568
36159
37525
37525
39021
39021
40743
41805
41805
43324
44599
44878
47641
53144
53959
53959
54081
55805
55805
56552
56856
57522
57522
58025
58109
58109
59426
59426
59479
60028
60049
60910
60910
62949
62949
66249
66342
66342
67917
68977
68977
72641
72641
73850
73940
76376
76376
77375
77375
77888
79296
79296
79444
80154
80154
80308
80308
80928
80928
80967
80967
82195
82195
85273
86990
89159
89159
89368
89368
89412
89438
90032
90032
90428
92622
92622
95820
95820
97487
97487
100237
101360
101360
101839
101839
102747
102747
102829
103348
104339
107205
107722
107722
108581
109485
109485
110197
110294
110294
110699
110699
110991
110991
112297
112297
114613
116466
118606
121308
121308
122573
122573
124030
124030
125849
126087
126087
127828
127955
127955
132002
132133
133589
133589
134047
134047
138377
138377
138722
138722
139932
139932
140528
140528
141723
141723
144500
145550
146081
146081
149314
152040
152040
152274
152433
152433
152959
154259
158660
160269
160269
160358
160379
166342
167637
170337
170337
171692
172261
9097
9097
11017
15720
15720
19593
19593
20127
26272
26272
28067
28067
31536
32919
33002
35021
35325
37525
37525
39021
41805
53959
53959
55805
55805
57522
58109
58109
59426
59426
60910
60910
62949
66342
68977
68977
72641
72641
76376
76376
77375
79296
79296
80154
80154
80308
80308
80928
80928
80967
82195
89159
89368
89368
90032
90032
92622
95820
95820
97487
97487
101360
101360
101839
102747
102747
107722
107722
109485
110294
110699
110991
110991
112297
112297
121308
121308
122573
124030
126087
126087
127955
133589
134047
138377
138722
138722
139932
139932
140528
140528
141723
146081
146081
152040
152433
152433
160269
160269
170337
170337
173109
173109
178224
178224
186593
187516
189435
191309
191309
196431
197314
197314
199181
199181
199759
202254
202254
205057
208324
209933
209933
215350
215350
217462
218189
218189
220853
220853
228398
228398
228794
230297
230297
235379
238283
238283
241081
241888
241888
245196
245830
247643
247643
250262
250573
250774
250774
252715
252715
261796
271232
272379
274570
274570
275569
277217
277685
277685
279207
289672
289672
290596
292122
292122
297278
297278
299708
299708
299904
300925
304789
305000
305000
305153
306710
307398
311131
311131
311574
311776
311776
313563
313563
319847
322197
322197
322532
323875
323875
324176
326717
327814
332231
332231
333378
333378
335821
335821
336503
9097
15720
19593
26272
28067
37525
53959
55805
58109
59426
60910
68977
72641
76376
79296
80154
80308
80928
89368
90032
95820
97487
101360
102747
107722
110991
112297
121308
126087
138722
139932
140528
146081
152433
160269
170337
173109
178224
191309
197314
199181
202254
209933
215350
218189
220853
228398
230297
238283
241888
247643
250774
252715
274570
277685
289672
292122
297278
299708
305000
311131
311776
313563
322197
323875
332231
333378
335821
356728
359415
360099
363827
370888
372555
377017
380595
381494
388777
390179
392735
395528
399134
400657
405989
416931
418657
423428
426815
430639
433890
443181
448566
449122
450907
453195
454154
460008
466127
475776
489114
490000
491298
498976
501962
506582
508860
515334
515797
522071
522325
533149
538839
543437
544266
547084
550551
552528
554010
554603
560997
564285
565421
575223
576590
580952
588954
590181
590930
591171
591281
598382
621269
621703
634225
641892
648412
651136
651476
669086
671338
687483
689126
696532
696776
709016
712350
723382
725218
726651
735990
742587
742698
748720
752506
754116
754552
755199
765404
767057
768825
771559
776787
785147
794583
796892
798898
801052
804310
806445
811783
816539
825171
826621
836610
859999
862806
884850
887982
889618
895021
897490
897525
898506
903682
909211
909365
914653
917955
918184
927335
928577
937457
938701
945053
955081
967857
973813
975266
990415
992393
