64
81
93
323
549
569
681
681
745
820
867
1171
1206
1244
1354
1379
1511
1642
1842
1914
1925
2039
2245
2362
2427
2463
2503
2606
2615
2780
2902
2904
3033
3050
3094
3296
3476
3493
3615
3637
3979
4039
4062
4082
4251
4308
4310
4340
4513
5009
5211
5216
5226
5269
5510
5601
5635
5667
5979
6046
6071
6484
6734
6816
7057
7144
7199
7339
7619
8216
8292
8430
8693
8764
9097
9120
9206
9241
9428
9431
9719
10038
10120
10122
10165
10272
10417
10431
10569
10736
10845
10946
10947
11016
11017
11053
11351
11520
11703
11735
11763
11789
11867
11964
11984
12299
12459
12497
12582
12585
12713
13321
13372
13405
13537
13540
13598
13617
13669
13888
13917
14007
14057
14148
14385
14412
14523
14811
15033
15056
15057
15469
15533
15633
15720
15752
15781
16001
16110
16204
16228
16259
16323
16449
16522
16538
17135
17223
17315
17501
17566
17630
17638
17808
17808
17833
17881
18184
18190
18202
18448
18456
18481
18507
18654
18704
18859
19034
19278
19304
19420
19486
19540
19593
20127
20172
20468
20550
20567
20847
20934
21008
21018
21091
21414
21485
21491
21530
21743
22104
22181
22190
22298
22300
22765
22924
22939
23023
23078
23182
23311
23415
23440
23591
23787
23856
23949
24020
24100
24122
24124
24136
24145
24451
24561
24605
24745
24776
25015
25165
25496
25861
26160
26196
26234
26272
26304
26445
26650
26652
26776
26856
27138
27157
27172
27284
27320
27458
27489
27495
27536
27572
27583
27639
27710
28067
28215
28313
28380
28423
28624
28656
28806
28828
28861
28943
28996
29053
29098
29215
29375
29438
29448
29501
29573
29729
29949
30096
30183
30386
30530
30706
30774
31020
31224
31326
31355
31502
31536
31600
31639
31790
32073
32101
32172
32248
32276
32277
32310
32460
32538
32862
32908
32919
32933
32976
33002
33062
33081
33333
33621
33786
33808
33882
33915
34190
34225
34282
34303
34307
34551
34589
34596
34633
34736
34821
34945
34979
34986
35021
35109
35217
35280
35325
35368
35391
35568
35733
35879
35928
36029
36055
36126
36159
36189
36214
36421
36437
36461
36857
36936
37062
37126
37138
37200
37392
37472
37525
37545
37710
37876
38320
38566
38585
38602
38829
38879
38894
38936
39021
39021
39129
39195
39334
39392
39626
39758
39810
39828
39875
39875
39908
39916
39960
40072
40077
40140
40194
40215
40220
40400
40403
40500
40584
40702
40743
40881
40898
40926
40972
41159
41167
41351
41598
41598
41768
41792
41805
41882
41991
42122
42210
42348
42365
42417
42484
42659
42772
42831
42856
42992
43067
43102
43320
43324
43453
43592
43633
43682
43725
43860
43914
43983
44101
44131
44317
44353
44365
44526
44599
44646
44687
44746
44757
44819
44878
44901
44962
45042
45063
45156
45329
45389
45901
45979
46007
46017
46341
46355
46380
46387
46549
46588
46647
46824
46828
46852
46942
47189
47329
47395
47406
47510
47641
47775
47928
47983
47996
48074
48267
48401
48425
48498
48529
48586
48599
48623
48626
48628
48829
48860
48977
49613
49646
49676
49764
49773
49997
50063
50197
50293
50440
50466
50499
50531
50707
50740
50808
51019
51103
51333
51463
51477
51498
51528
51571
51584
51735
51878
51986
52018
52097
52176
52251
52464
52567
52621
52630
52732
52918
52927
53079
53144
53150
53418
53428
53499
53542
53762
53801
53842
53882
53959
54024
54081
54180
54364
54525
54660
55232
55323
55336
55382
55435
55776
55793
55805
56055
56151
56448
56552
56561
56591
56618
56675
56687
56699
56747
56757
56788
56791
56794
56842
56856
56927
57115
57229
57460
57522
57570
57602
57661
57911
58025
58106
58109
58218
58261
58320
58531
58752
58800
58814
58856
58976
59129
59234
59426
59476
59479
59543
59560
59619
59720
59765
59772
59803
59895
60014
60028
60049
60319
60498
60642
60707
60809
60908
60910
60987
61048
61087
61151
61567
61648
61690
61759
61770
61773
61918
61991
62189
62251
62258
62315
62382
62426
62548
62638
62718
62760
62795
62900
62923
62934
62949
62958
62975
63046
63073
63084
63133
63141
63179
63328
64049
64088
64091
64260
64335
64472
64662
64825
64835
64901
64959
65054
65080
65186
65643
65666
65812
65818
65965
65969
66064
66103
66249
66317
66342
66343
66444
66487
66537
66601
66623
66681
66805
66975
67183
67223
67367
67431
67609
67660
67697
67764
67850
67917
68011
68012
68107
68339
68399
68427
68506
68632
68689
68818
68972
68977
69004
69027
69030
69232
69410
69883
70285
70330
70392
70491
70491
70592
70757
70847
70927
70999
71006
71116
71125
71161
71201
71478
71510
71710
71774
71892
72213
72293
72485
72486
72606
72641
72699
72703
72943
72999
73039
73181
73370
73505
73627
73764
73828
73847
73850
73870
73940
73990
74537
74602
75076
75122
75155
75218
75412
75615
75616
75704
75743
76077
76139
76169
76217
76376
76445
76486
76585
76672
76773
76780
77304
77375
77589
77591
77645
77773
77888
78002
78044
78259
78408
78592
78721
79088
79095
79145
79269
79296
79322
79342
79373
79381
79421
79422
79444
79540
79690
79841
79908
79933
79957
80124
80154
80254
80261
80262
80308
80532
80605
80636
80776
80830
80843
80886
80928
80967
81198
81555
81815
81858
81925
82014
82050
82060
82195
82199
82379
82424
82460
82466
82539
82830
83031
83088
83304
83448
83598
83781
84007
84100
84148
84216
84267
84292
84303
84315
84506
84542
84579
84672
84746
84821
85106
85193
85273
85507
85544
85739
85972
86034
86305
86317
86469
86480
86681
86990
87126
87183
87195
87531
87586
87662
87688
87710
87711
87764
87854
87928
87997
88030
88109
88131
88208
88411
88421
88434
88582
88883
88980
89128
89159
89172
89174
89325
89358
89368
89412
89438
89491
89503
89727
89965
90023
90032
90057
90086
90192
90200
90212
90428
90717
90859
90960
90987
91009
91042
91185
91251
91583
91686
91749
91751
91840
92024
92061
92234
92351
92376
92396
92489
92609
92622
92792
92923
93152
93316
93397
93640
93662
94112
94165
94174
94417
94749
94909
95018
95020
95022
95027
95042
95060
95160
95475
95572
95609
95655
95731
95745
95745
95765
95815
95820
96107
96169
96176
96177
96180
96271
96358
96382
96879
96913
97051
97161
97218
97408
97467
97487
97529
97567
97602
97654
97660
97871
97874
98032
98165
98480
98605
98734
98738
98739
98823
99355
99393
99451
99484
99538
99901
100161
100237
100255
100321
100486
100514
100545
100669
100731
100857
101110
101113
101281
101331
101360
101489
101662
101665
101760
101832
101839
101877
101940
101996
102296
102393
102501
102675
102747
102829
103030
103124
103241
103348
103537
103654
103807
103978
104061
104068
104339
104407
104510
104522
104524
104635
104667
104697
104712
104812
104896
105082
105141
105196
105340
105342
105473
105994
106038
106226
106312
106321
106348
106407
106413
106685
106687
106892
106956
107205
107280
107478
107603
107681
107722
107964
108003
108019
108117
108129
108342
108354
108581
108594
108957
109339
109352
109445
109485
109608
109644
109849
109859
110059
110094
110115
110174
110185
110197
110270
110294
110427
110508
110661
110699
110751
110799
110911
110991
111021
111427
111448
111544
111612
111793
111994
112110
112132
112297
112466
112644
112711
112818
112927
113030
113083
113190
113236
113244
113328
113606
114053
114180
114218
114447
114462
114526
114544
114587
114613
114641
115152
115381
115464
115873
115921
115934
115945
116035
116330
116354
116466
116473
116548
116632
116840
116941
117027
117155
117174
117184
117195
117276
117507
117731
117792
117832
118130
118159
118234
118252
118325
118450
118475
118513
118606
118762
118800
119080
119157
119161
119204
119326
119375
119446
119502
119540
119836
119944
120160
120356
120688
120709
120804
120867
120896
121027
121288
121308
121784
121924
121937
121989
122004
122023
122032
122045
122177
122272
122429
122431
122439
122523
122573
122590
122594
122729
122846
122980
123090
123202
123519
123558
123568
123786
123840
124030
124046
124220
124337
125086
125139
125140
125244
125276
125315
125336
125357
125383
125413
125657
125849
125972
126087
126162
126168
126381
126447
126505
126510
126598
126763
126901
126950
126997
127098
127156
127179
127249
127303
127367
127369
127513
127597
127616
127682
127828
127955
128121
128223
128425
128464
128526
128616
128825
129067
129085
129205
129326
129408
129524
129559
129706
129793
129860
129877
129954
130017
130772
130791
130834
130872
130908
130939
130968
130985
131125
131151
131385
131424
131489
131527
131589
131635
132002
132043
132048
132133
132244
132347
132501
132540
132557
132781
132946
133069
133130
133589
133596
133608
133822
133984
134047
134136
134158
134463
134495
134722
134822
135018
135205
135236
135240
135338
135339
135518
135590
135719
135729
136052
136104
136154
136219
136476
136907
136977
137020
137088
137091
137166
137418
137590
137703
138000
138264
138282
138326
138377
138380
138496
138548
138644
138651
138715
138722
138863
138864
138954
138989
139053
139265
139471
139563
139784
139885
139932
140068
140091
140172
140186
140292
140470
140492
140528
140795
140826
140875
141009
141133
141247
141723
142227
142334
142383
142481
142496
142618
142779
142838
142902
143421
143910
144042
144308
144369
144491
144500
144529
144830
144854
145053
145207
145257
145323
145325
145375
145472
145489
145494
145550
145669
146081
146145
146244
146246
146290
146451
146542
146546
146590
146692
146790
146961
147069
147070
147326
147408
147484
147498
147515
147554
147567
147571
147732
147774
147997
148075
148151
148194
148346
148365
148569
148604
148632
148711
148990
149010
149023
149078
149314
149446
149517
149637
149720
149776
149832
149955
150109
150125
150212
150254
150323
150462
150508
150654
150799
150811
150859
150997
151121
151213
151225
151249
151432
151948
151970
152040
152161
152167
152226
152274
152336
152410
152433
152493
152760
152910
152959
152978
152986
153006
153143
153275
153538
153579
153621
153674
153916
153954
154073
154091
154259
154289
154508
154589
154714
154861
154863
154913
154931
155027
155066
155181
155554
155594
155624
155633
155710
155872
155895
155988
156066
156181
156217
156407
156489
156584
156615
156802
156975
157106
157265
157360
157511
157620
157793
158124
158436
158547
158590
158627
158660
158732
158823
158967
159016
159138
159161
159346
159487
159495
159527
159651
159745
159999
160106
160269
160292
160358
160374
160379
160450
160530
160558
160574
160923
161002
161140
161257
161521
161527
161528
161534
161631
161708
161956
162035
162051
162069
162141
162161
162283
162286
162289
162325
162493
162496
162652
162672
162844
162945
162964
163036
163038
163042
163043
163132
163338
163351
163438
163487
163767
163787
163925
163926
164213
164292
164556
164576
164626
164681
164757
164871
165193
165198
165203
165407
165449
165457
165483
165683
165730
165879
165898
165915
166264
166342
166488
166549
166582
166697
166829
166929
166951
167279
167297
167308
167332
167637
167711
167715
167716
167744
167852
168133
168164
168275
168754
168837
168920
169080
169347
169370
169437
169487
169591
169790
250886
251201
251304
251327
251530
251743
251746
251761
251768
251816
251990
252101
252277
252327
252481
252715
252777
6673
6816
7144
7199
7619
8292
9431
10120
10122
10417
10845
11016
11351
11703
11763
11867
12299
12713
13372
13405
13540
13598
13617
13917
14007
14148
14385
15057
15633
15752
15781
16001
16522
17630
17808
17833
17881
18448
19034
19278
19420
19486
20172
20550
20934
21491
22104
23440
23591
23949
24124
24451
24745
24776
25861
26160
26650
27157
27489
27536
28423
28806
28996
29053
29215
29375
29438
30183
30706
30774
31020
31224
31355
31639
31790
32073
32101
32276
32277
32310
32933
32976
33786
33808
33915
34282
34303
34307
34596
34633
34821
34979
35109
35280
35391
35733
35928
36126
36437
37062
37138
37392
37472
37545
37876
38829
39392
39758
39828
39908
39960
40220
40400
40500
40898
40972
41159
41768
41792
42122
42365
42856
43067
43102
43453
43592
43914
44101
44353
44526
44757
44819
44962
45042
45156
45389
45901
46588
46824
46852
46942
47189
47406
47775
47928
47996
48267
48529
49646
49997
50063
50293
50466
50499
50531
50808
51019
51333
52018
52097
52567
52621
52630
52732
52927
53499
53762
53801
53882
55232
55323
56591
56699
56747
56788
56791
57115
57229
57570
57602
58218
58800
59234
59720
59803
60498
60642
60809
60987
61087
61151
61918
62258
62548
62923
63084
63141
64049
65643
65666
65812
65965
66064
66103
66444
66623
66681
66805
66975
67183
67223
67431
67609
68107
68339
68818
69030
69883
70491
70592
70757
70927
70999
71201
71478
71510
71774
71892
72213
72485
72606
72943
73039
73181
73505
73627
75076
75155
75615
76077
76139
76486
76672
76773
78259
79322
79373
79381
79540
79841
79908
79933
79957
80254
80605
80636
80776
80830
80843
80886
81815
81858
82379
82460
82466
82539
83031
83304
83448
83781
84007
84216
84542
84579
85106
85507
85739
85972
86480
87662
87688
87710
87711
87928
87997
88030
88208
88434
88980
89128
89174
89491
89727
89965
90023
90200
90960
90987
91042
91251
91686
92351
92396
92489
92609
92792
92923
93152
93397
93640
94174
94749
95022
95027
95475
95731
96176
96177
96271
96358
96879
96913
97408
97660
97871
97874
98734
98739
99393
99538
100161
100486
100514
100857
101113
101331
102501
102675
103030
103537
104061
104635
104712
104812
105141
105196
105342
105473
106038
106226
106321
106407
106413
106685
108129
108354
108957
109339
109608
110059
110174
110185
110270
110508
111427
111612
111793
112818
113328
114053
114180
114587
115152
115934
116354
116840
116941
117174
117195
117731
118130
118234
118252
118325
118475
118513
118800
119080
119161
119326
119446
119502
119836
121027
121989
122004
122045
122177
122729
124337
125086
125276
125657
126510
126598
127098
127179
127249
127369
127513
127616
128121
128464
128526
129067
129408
129524
129877
129954
130834
131151
132048
132781
132946
133596
133984
134722
134822
135240
135339
135518
135590
135719
135729
136154
136219
136907
136977
137020
137091
137418
137590
138380
138548
138651
138715
138864
138989
139471
139784
139885
140068
140091
140826
140875
141247
142481
142779
142838
143910
144042
144308
144491
145053
145207
145257
145375
145472
145494
146244
146246
146451
146542
146692
146961
147326
147554
147567
147571
147774
147997
148604
149078
149637
149720
149832
150125
150508
150654
150811
150859
150997
151121
151213
151970
152161
152226
152910
153006
153621
153916
154714
154863
155554
155624
155633
155872
156066
156217
156407
156802
157511
158124
158436
158547
158590
158732
159016
159138
159487
159527
159745
160106
160292
160923
161527
162051
162652
162672
163132
163351
163438
163487
163767
163926
164292
164757
165198
165203
165683
165730
166582
166697
166951
167297
167711
167852
168754
169437
169487
170170
170269
170311
170506
171637
172190
172621
172631
172657
172980
173294
173332
173402
173865
175400
175406
175571
175780
176307
176347
176897
177265
177358
177718
177751
178497
178604
178665
178690
178855
179218
179285
179830
179911
180183
180407
180548
180601
182057
182160
183017
183171
183202
183255
183422
183547
183675
183718
183745
184072
184120
184274
184662
184765
184964
185143
185480
185712
186480
186746
186952
187079
187727
187956
188170
188314
189291
189375
189595
189617
189838
189876
190428
190642
190702
191269
191544
191662
191742
191893
192086
192177
192209
192218
192435
192934
193368
193468
193721
193785
193944
194850
195123
195809
196158
196637
196782
196879
197247
197930
198032
198451
198455
198483
198752
198812
198918
199086
199319
199372
199861
200345
200406
200792
200885
201069
201435
202235
202324
202977
203608
204404
204445
204606
204634
204645
204760
204984
205010
205062
205852
206243
206668
206766
206781
207056
207480
207915
207993
208466
208513
209675
209817
210128
210206
210224
210708
210812
210979
212032
212148
213046
213077
213314
213404
213652
214055
214191
214197
214314
214815
215233
215264
215689
215898
216090
216454
218657
218751
219654
220161
220968
221155
221263
222232
222428
222704
222754
223059
223437
223735
223780
223820
224178
224472
224505
225213
225920
226398
226917
226967
227338
227440
227843
228101
228669
228721
228804
229011
229329
229780
231367
231726
231761
232088
232233
232325
232425
232805
233114
233336
233355
233570
233950
234431
234751
235053
235955
235957
236196
236214
236486
236503
237129
237199
237639
238311
238469
238761
239531
239828
240174
240993
241427
241979
242006
242050
242635
242834
242864
243076
243468
243767
245382
245400
245745
245786
246127
246831
247452
247757
248064
248130
248175
248359
248364
248977
249025
249025
249238
249395
249610
249758
249794
250008
250011
250610
250649
250747
250819
251593
251819
252911
253100
253188
254283
254884
254946
255076
255251
255977
256132
256187
256271
256477
256479
256490
256530
256678
256816
256975
257325
257597
258001
258257
258306
260674
261050
261129
261667
262431
262520
262583
262766
263421
263497
263655
263794
264014
264360
264398
264854
264932
265391
265522
266194
266406
266659
266818
266858
266877
267199
267292
267725
267731
268496
268569
269508
269512
270742
271173
271360
271401
271487
271690
271908
272028
272888
273209
273567
273655
273865
273952
274432
274971
275111
275456
275515
275532
275860
276103
276234
277188
278068
278415
278854
278990
279082
279172
279239
279893
279944
280206
280526
280548
280947
281052
281468
282255
283253
283437
283572
283738
283855
284199
284832
285188
285836
286284
286813
287125
287504
287600
287600
287719
287797
288019
288515
288777
289072
289123
289233
289323
289773
289868
290021
290255
290720
290775
291161
291485
291743
291980
292139
292267
292453
292789
292956
293325
293996
294404
294732
294815
295252
295466
296002
296600
296774
297005
298730
298784
299142
299226
299513
299699
299706
299774
299808
300579
300712
300742
300961
300996
301088
301167
301192
301462
302059
302697
304130
304389
304487
304817
305737
306577
306681
306879
307000
307084
307272
307354
307607
308628
310010
310636
311065
312684
313082
313220
313265
313736
313871
314197
314281
314835
315047
315081
315855
315995
316706
316750
316897
317249
317287
317444
318288
319700
320049
320483
320870
321100
321357
321408
321554
321787
322285
322512
322915
323427
323691
324025
324065
324504
324810
324908
324960
325578
325695
326046
326920
327084
327263
327407
327704
328134
328187
328516
328686
329164
329225
329528
329709
329765
329928
330491
330509
331784
332060
332892
333222
333732
333872
334002
334942
335066
335133
335410
335672
335936
336255
336313
336386
336672
336829
337227
337281
337375
338131
338460
338524
339198
339602
340414
340448
340564
340650
340773
340950
341551
341786
341798
341966
342508
343915
344019
344023
344235
344536
344903
345135
345178
345225
345269
346115
346168
346685
346827
348181
348687
349502
349542
349737
350359
350731
350766
350826
350916
351072
351500
351718
352604
352683
352861
353867
354103
354671
354719
354754
354908
355230
356108
356391
356489
356554
356656
356819
357308
357840
357860
359202
359509
359767
360857
361464
361489
361647
361677
361717
361823
363200
363260
363341
363551
363565
364616
364792
364920
365029
366070
366559
367445
367555
367734
367994
368056
368071
368144
369028
370120
370245
370732
370984
371435
371690
371823
371971
372052
372618
372729
373053
373140
373997
374366
374550
374817
375218
375222
375320
375525
375728
375873
376256
376468
376647
376671
376731
376898
377500
378194
378250
378384
378865
379574
379704
380259
380292
380323
380367
381409
381465
381560
381652
381775
381916
382427
382524
383032
383233
383281
383561
384071
384564
384719
385336
386319
386343
386697
386851
386917
386922
387211
388310
388337
388584
389002
389733
389838
390752
390852
390884
390979
391076
391107
392059
392511
392612
392739
393701
393988
395007
395173
395489
395776
395971
396164
396211
397243
397551
397820
398698
398850
398892
398934
398977
399195
399616
400443
400536
400735
401014
401070
401091
401378
401461
401695
402092
402361
402750
403472
403933
404090
404311
405070
405071
405135
405211
405344
405350
405665
405871
406200
406332
406422
406543
406904
407452
407918
408135
408935
408990
409053
409271
409617
409645
409802
410091
410544
410949
411266
411376
411749
412173
412323
412433
412617
413323
413388
413554
413566
413714
413811
413934
414135
414583
414644
414816
415338
415518
415530
416139
416216
416219
416639
417072
417411
417593
417873
418103
419087
419163
419480
419716
419723
420041
420171
420235
420894
421294
422147
422411
422429
422891
423094
423156
423304
423304
423739
423750
424290
424424
424864
424865
425202
425614
425683
425785
426070
426165
426270
426428
426538
427197
427417
427991
428239
428725
428888
429128
429296
429541
429808
430275
430683
430927
430932
431017
431447
431801
432072
432999
433521
433764
434070
434205
434309
434358
435413
435690
435744
435800
436333
436351
436388
436758
437574
437589
437697
437997
438038
438180
438747
439048
439124
439146
439570
440562
440770
441309
442496
442652
442949
443272
443334
443704
443968
444036
444293
444300
445033
445259
445998
446562
446847
446925
447137
447351
447374
447445
447534
447599
447997
448028
448430
448452
448708
448738
448881
449004
449381
449583
450104
450460
450700
450789
451076
451192
452213
452352
452574
453361
454226
454391
454414
455411
456081
456208
456618
456725
456903
456911
457220
457236
457512
457580
457702
458000
458209
458380
458701
458889
459168
459366
459473
459833
460737
460751
460810
460991
461139
461191
461670
461918
462166
462294
462314
462592
462857
463495
463952
463993
464430
464525
464777
464893
465189
465442
465875
465974
466146
466194
466467
466483
466810
466821
467106
467234
467361
467702
467798
467930
468303
468482
469184
469366
469380
471694
471994
472033
472064
472174
472223
472374
472692
473067
473388
473438
474005
475082
475113
475623
476172
476780
476845
477504
477679
478145
478226
478538
478823
479036
479138
479186
479345
479782
480879
481106
481274
481397
481434
481660
481701
481724
482131
482840
482884
483085
483372
483452
483538
484028
484362
484654
484696
485179
485522
485746
486221
486310
486530
486666
486877
487927
488114
488116
488636
488688
488875
489022
489644
489949
490061
490504
492425
492731
492930
492930
493053
493053
493080
493080
493093
493161
493245
493320
493451
493503
493634
493634
493785
493785
493787
493790
493854
494010
494010
494151
494676
494695
495011
495096
495096
495191
495251
495274
495343
495354
495367
495425
495632
495632
495633
495633
495688
495688
495910
495910
495924
495994
496076
492930
492930
493080
493080
493634
493634
493785
493785
494010
494010
495096
495096
495632
495632
495633
495633
495688
495688
495910
495910
496144
496144
496585
496585
497247
497247
497565
497565
497640
497640
497762
497762
497886
6673
6816
7144
7199
7619
8292
9431
10120
10122
10417
10845
11016
11351
11703
11763
11867
12299
12713
13372
13405
13540
13598
13617
13917
14007
14148
14385
15057
15633
15752
15781
16001
16522
17630
17808
17833
17881
18448
19034
19278
19420
19486
20172
20550
20934
21491
22104
23440
23591
23949
24124
24451
24745
24776
25861
26160
26650
27157
27489
27536
28423
28806
28996
29053
29215
29375
29438
30183
30706
30774
31020
31224
31355
31639
31790
32073
32101
32276
32277
32310
32933
32976
33786
33808
33915
34282
34303
34307
34596
34633
34821
34979
35109
35280
35391
35733
35928
36126
36437
37062
37138
37392
37472
37545
37876
38829
39392
39758
39828
39908
39960
40220
40400
40500
40898
40972
41159
41768
41792
42122
42365
42856
43067
43102
43453
43592
43914
44101
44353
44526
44757
44819
44962
45042
45156
45389
45901
46588
46824
46852
46942
47189
47406
47775
47928
47996
48267
48529
49646
49997
50063
50293
50466
50499
50531
50808
51019
51333
52018
52097
52567
52621
52630
52732
52927
53499
53762
53801
53882
55232
55323
56591
56699
56747
56788
56791
57115
57229
57570
57602
58218
58800
59234
59720
59803
60498
60642
60809
60987
61087
61151
61918
62258
62548
62923
63084
63141
64049
65643
65666
65812
65965
66064
66103
66444
66623
66681
66805
66975
67183
67223
67431
67609
68107
68339
68818
69030
69883
70491
70592
70757
70927
70999
71201
71478
71510
71774
71892
72213
72485
72606
72943
73039
73181
73505
73627
75076
75155
75615
76077
76139
76486
76672
76773
78259
79322
79373
79381
79540
79841
79908
79933
79957
80254
80605
80636
80776
80830
80843
80886
81815
81858
82379
82460
82466
82539
83031
83304
83448
83781
84007
84216
84542
84579
85106
85507
85739
85972
86480
87662
87688
87710
87711
87928
87997
88030
88208
88434
88980
89128
89174
89491
89727
89965
90023
90200
90960
90987
91042
91251
91686
92351
92396
92489
92609
92792
92923
93152
93397
93640
94174
94749
95022
95027
95475
95731
96176
96177
96271
96358
96879
96913
97408
97660
97871
97874
98734
98739
99393
99538
100161
100486
100514
100857
101113
101331
102501
102675
103030
103537
104061
104635
104712
104812
105141
105196
105342
105473
106038
106226
106321
106407
106413
106685
108129
108354
108957
109339
109608
110059
110174
110185
110270
110508
111427
111612
111793
112818
113328
114053
114180
114587
115152
115934
116354
116840
116941
117174
117195
117731
118130
118234
118252
118325
118475
118513
118800
119080
119161
119326
119446
119502
119836
121027
121989
122004
122045
122177
122729
124337
125086
125276
125657
126510
126598
127098
127179
127249
127369
127513
127616
128121
128464
128526
129067
129408
129524
129877
129954
130834
131151
132048
132781
132946
133596
133984
134722
134822
135240
135339
135518
135590
135719
135729
136154
136219
136907
136977
137020
137091
137418
137590
138380
138548
138651
138715
138864
138989
139471
139784
139885
140068
140091
140826
140875
141247
142481
142779
142838
143910
144042
144308
144491
145053
145207
145257
145375
145472
145494
146244
146246
146451
146542
146692
146961
147326
147554
147567
147571
147774
147997
148604
149078
149637
149720
149832
150125
150508
150654
150811
150859
150997
151121
151213
151970
152161
152226
152910
153006
153621
153916
154714
154863
155554
155624
155633
155872
156066
156217
156407
156802
157511
158124
158436
158547
158590
158732
159016
159138
159487
159527
159745
160106
160292
160923
161527
162051
162652
162672
163132
163351
163438
163487
163767
163926
164292
164757
165198
165203
165683
165730
166582
166697
166951
167297
167711
167852
168754
169437
169487
170170
170269
170311
170506
171637
172190
172621
172631
172657
172980
173294
173332
173402
173865
175400
175406
175571
175780
176307
176347
176897
177265
177358
177718
177751
178497
178604
178665
178690
178855
179218
179285
179830
179911
180183
180407
180548
180601
182057
182160
183017
183171
183202
183255
183422
183547
183675
183718
183745
184072
184120
184274
184662
184765
184964
185143
185480
185712
186480
186746
186952
187079
187727
187956
188170
188314
189291
189375
189595
189617
189838
189876
190428
190642
190702
191269
191544
191662
191742
191893
192086
192177
192209
192218
192435
192934
193368
193468
193721
193785
193944
194850
195123
195809
196158
196637
196782
196879
197247
197930
198032
198451
198455
198483
198752
198812
198918
199086
199319
199372
199861
200345
200406
200792
200885
201069
201435
202235
202324
202977
203608
204404
204445
204606
204634
204645
204760
204984
205010
205062
205852
206243
206668
206766
206781
207056
207480
207915
207993
208466
208513
209675
209817
210128
210206
210224
210708
210812
210979
212032
212148
213046
213077
213314
213404
213652
214055
214191
214197
214314
214815
215233
215264
215689
215898
216090
216454
218657
218751
219654
220161
220968
221155
221263
222232
222428
222704
222754
223059
223437
223735
223780
223820
224178
224472
224505
225213
225920
226398
226917
226967
227338
227440
227843
228101
228669
228721
228804
229011
229329
229780
231367
231726
231761
232088
232233
232325
232425
232805
233114
233336
233355
233570
233950
234431
234751
235053
235955
235957
236196
236214
236486
236503
237129
237199
237639
238311
238469
238761
239531
239828
240174
240993
241427
241979
242006
242050
242635
242834
242864
243076
243468
243767
245382
245400
245745
245786
246127
246831
247452
247757
248064
248130
248175
248359
248364
248977
249025
249025
249238
249395
249610
249758
249794
250008
250011
250610
250649
250747
250819
251593
251819
252911
253100
253188
254283
254884
254946
255076
255251
255977
256132
256187
256271
256477
256479
256490
256530
256678
256816
256975
257325
257597
258001
258257
258306
260674
261050
261129
261667
262431
262520
262583
262766
263421
263497
263655
263794
264014
264360
264398
264854
264932
265391
265522
266194
266406
266659
266818
266858
266877
267199
267292
267725
267731
268496
268569
269508
269512
270742
271173
271360
271401
271487
271690
271908
272028
272888
273209
273567
273655
273865
273952
274432
274971
275111
275456
275515
275532
275860
276103
276234
277188
278068
278415
278854
278990
279082
279172
279239
279893
279944
280206
280526
280548
280947
281052
281468
282255
283253
283437
283572
283738
283855
284199
284832
285188
285836
286284
286813
287125
287504
287600
287600
287719
287797
288019
288515
288777
289072
289123
289233
289323
289773
289868
290021
290255
290720
290775
291161
291485
291743
291980
292139
292267
292453
292789
292956
293325
293996
294404
294732
294815
295252
295466
296002
296600
296774
297005
298730
298784
299142
299226
299513
299699
299706
299774
299808
300579
300712
300742
300961
300996
301088
301167
301192
301462
302059
302697
304130
304389
304487
304817
305737
306577
306681
306879
307000
307084
307272
307354
307607
308628
310010
310636
311065
312684
313082
313220
313265
313736
313871
314197
314281
314835
315047
315081
315855
315995
316706
316750
316897
317249
317287
317444
318288
319700
320049
320483
320870
321100
321357
321408
321554
321787
322285
322512
322915
323427
323691
324025
324065
324504
324810
324908
324960
325578
325695
326046
326920
327084
327263
327407
327704
328134
328187
328516
328686
329164
329225
329528
329709
329765
329928
330491
330509
331784
332060
332892
333222
333732
333872
334002
334942
335066
335133
335410
335672
335936
336255
336313
336386
336672
336829
337227
337281
337375
338131
338460
338524
339198
339602
340414
340448
340564
340650
340773
340950
341551
341786
341798
341966
342508
343915
344019
344023
344235
344536
344903
345135
345178
345225
345269
346115
346168
346685
346827
348181
348687
349502
349542
349737
350359
350731
350766
350826
350916
351072
351500
351718
352604
352683
352861
353867
354103
354671
354719
354754
354908
355230
356108
356391
356489
356554
356656
356819
357308
357840
357860
359202
359509
359767
360857
361464
361489
361647
361677
361717
361823
363200
363260
363341
363551
363565
364616
364792
364920
365029
366070
366559
367445
367555
367734
367994
368056
368071
368144
369028
370120
370245
370732
370984
371435
371690
371823
371971
372052
372618
372729
373053
373140
373997
374366
374550
374817
375218
375222
375320
375525
375728
375873
376256
376468
376647
376671
376731
376898
377500
378194
378250
378384
378865
379574
379704
380259
380292
380323
380367
381409
381465
381560
381652
381775
381916
382427
382524
383032
383233
383281
383561
384071
384564
384719
385336
386319
386343
386697
386851
386917
386922
387211
388310
388337
388584
389002
389733
389838
390752
390852
390884
390979
391076
391107
392059
392511
392612
392739
393701
393988
395007
395173
395489
395776
395971
396164
396211
397243
397551
397820
398698
398850
398892
398934
398977
399195
399616
400443
400536
400735
401014
401070
401091
401378
401461
401695
402092
402361
402750
403472
403933
404090
404311
405070
405071
405135
405211
405344
405350
405665
405871
406200
406332
406422
406543
406904
407452
407918
408135
408935
408990
409053
409271
409617
409645
409802
410091
410544
410949
411266
411376
411749
412173
412323
412433
412617
413323
413388
413554
413566
413714
413811
413934
414135
414583
414644
414816
415338
415518
415530
416139
416216
416219
416639
417072
417411
417593
417873
418103
419087
419163
419480
419716
419723
420041
420171
420235
420894
421294
422147
422411
422429
422891
423094
423156
423304
423304
423739
423750
424290
424424
424864
424865
425202
425614
425683
425785
426070
426165
426270
426428
426538
427197
427417
427991
428239
428725
428888
429128
429296
429541
429808
430275
430683
430927
430932
431017
431447
431801
432072
432999
433521
433764
434070
434205
434309
434358
435413
435690
435744
435800
436333
436351
436388
436758
437574
437589
437697
437997
438038
438180
438747
439048
439124
439146
439570
440562
440770
441309
442496
442652
442949
443272
443334
443704
443968
444036
444293
444300
445033
445259
445998
446562
446847
446925
447137
447351
447374
447445
447534
447599
447997
448028
448430
448452
448708
448738
448881
449004
449381
449583
450104
450460
450700
450789
451076
451192
452213
452352
452574
453361
454226
454391
454414
455411
456081
456208
456618
456725
456903
456911
457220
457236
457512
457580
457702
458000
458209
458380
458701
458889
459168
459366
459473
459833
460737
460751
460810
460991
461139
461191
461670
461918
462166
462294
462314
462592
462857
463495
463952
463993
464430
464525
464777
464893
465189
465442
465875
465974
466146
466194
466467
466483
466810
466821
467106
467234
467361
467702
467798
467930
468303
468482
469184
469366
469380
471694
471994
472033
472064
472174
472223
472374
472692
473067
473388
473438
474005
475082
475113
475623
476172
476780
476845
477504
477679
478145
478226
478538
478823
479036
479138
479186
479345
479782
480879
481106
481274
481397
481434
481660
481701
481724
482131
482840
482884
483085
483372
483452
483538
484028
484362
484654
484696
485179
485522
485746
486221
486310
486530
486666
486877
487927
488114
488116
488636
488688
488875
489022
489644
489949
490061
490504
492425
492731
493053
493093
493161
493787
493790
493854
494676
495251
495274
495924
496076
496389
496593
496664
496780
496870
496983
497417
497502
497857
497886
6673
6816
7144
7199
7619
8292
9431
10120
492930
493080
493634
493785
494010
495096
495632
495633
495688
495910
496144
496585
497247
497565
497640
497762
497886
6673
6816
7144
7199
7619
8292
9431
10120
10122
10417
10845
11016
11351
11703
11763
11867
12299
12713
13372
13405
13540
13598
13617
13917
14007
14148
14385
15057
15633
15752
15781
16001
16522
17630
17808
17833
17881
18448
19034
19278
19420
19486
20172
20550
20934
21491
22104
23440
23591
23949
24124
24451
24745
24776
25861
26160
26650
27157
27489
27536
28423
28806
28996
29053
29215
29375
29438
30183
30706
30774
31020
31224
31355
31639
31790
32073
32101
32276
32277
32310
32933
32976
33786
33808
33915
34282
34303
34307
34596
34633
34821
34979
35109
35280
35391
35733
35928
36126
36437
37062
37138
37392
37472
37545
37876
38829
39392
39758
39828
39908
39960
40220
40400
40500
40898
40972
41159
41768
41792
42122
42365
42856
43067
43102
43453
43592
43914
44101
44353
44526
44757
44819
44962
45042
45156
45389
45901
46588
46824
46852
46942
47189
47406
47775
47928
47996
48267
48529
49646
49997
50063
50293
50466
50499
50531
50808
51019
51333
52018
52097
52567
52621
52630
52732
52927
53499
53762
53801
53882
55232
55323
56591
56699
56747
56788
56791
57115
57229
57570
57602
58218
58800
59234
59720
59803
60498
60642
60809
60987
61087
61151
61918
62258
62548
62923
63084
63141
64049
65643
65666
65812
65965
66064
66103
66444
66623
66681
66805
66975
67183
67223
67431
67609
68107
68339
68818
69030
69883
70491
70592
70757
70927
70999
71201
71478
71510
71774
71892
72213
72485
72606
72943
73039
73181
73505
73627
75076
75155
75615
76077
76139
76486
76672
76773
78259
79322
79373
79381
79540
79841
79908
79933
79957
80254
80605
80636
80776
80830
80843
80886
81815
81858
82379
82460
82466
82539
83031
83304
83448
83781
84007
84216
84542
84579
85106
85507
85739
85972
86480
87662
87688
87710
87711
87928
87997
88030
88208
88434
88980
89128
89174
89491
89727
89965
90023
90200
90960
90987
91042
91251
91686
92351
92396
92489
92609
92792
92923
93152
93397
93640
94174
94749
95022
95027
95475
95731
96176
96177
96271
96358
96879
96913
97408
97660
97871
97874
98734
98739
99393
99538
100161
100486
100514
100857
101113
101331
102501
102675
103030
103537
104061
104635
104712
104812
105141
105196
105342
105473
106038
106226
106321
106407
106413
106685
108129
108354
108957
109339
109608
110059
110174
110185
110270
110508
111427
111612
111793
112818
113328
114053
114180
114587
115152
115934
116354
116840
116941
117174
117195
117731
118130
118234
118252
118325
118475
118513
118800
119080
119161
119326
119446
119502
119836
121027
121989
122004
122045
122177
122729
124337
125086
125276
125657
126510
126598
127098
127179
127249
127369
127513
127616
128121
128464
128526
129067
129408
129524
129877
129954
130834
131151
132048
132781
132946
133596
133984
134722
134822
135240
135339
135518
135590
135719
135729
136154
136219
136907
136977
137020
137091
137418
137590
138380
138548
138651
138715
138864
138989
139471
139784
139885
140068
140091
140826
140875
141247
142481
142779
142838
143910
144042
144308
144491
145053
145207
145257
145375
145472
145494
146244
146246
146451
146542
146692
146961
147326
147554
147567
147571
147774
147997
148604
149078
149637
149720
149832
150125
150508
150654
150811
150859
150997
151121
151213
151970
152161
152226
152910
153006
153621
153916
154714
154863
155554
155624
155633
155872
156066
156217
156407
156802
157511
158124
158436
158547
158590
158732
159016
159138
159487
159527
159745
160106
160292
160923
161527
162051
162652
162672
163132
163351
163438
163487
163767
163926
164292
164757
165198
165203
165683
165730
166582
166697
166951
167297
167711
167852
168754
169437
169487
170170
170269
170311
170506
171637
172190
172621
172631
172657
172980
173294
173332
173402
173865
175400
175406
175571
175780
176307
176347
176897
177265
177358
177718
177751
178497
178604
178665
178690
178855
179218
179285
179830
179911
180183
180407
180548
180601
182057
182160
183017
183171
183202
183255
183422
183547
183675
183718
183745
184072
184120
184274
184662
184765
184964
185143
185480
185712
186480
186746
186952
187079
187727
187956
188170
188314
189291
189375
189595
189617
189838
189876
190428
190642
190702
191269
191544
191662
191742
191893
192086
192177
192209
192218
192435
192934
193368
193468
193721
193785
193944
194850
195123
195809
196158
196637
196782
196879
197247
197930
198032
198451
198455
198483
198752
198812
198918
199086
199319
199372
199861
200345
200406
200792
200885
201069
201435
202235
202324
202977
203608
204404
204445
204606
204634
204645
204760
204984
205010
205062
205852
206243
206668
206766
206781
207056
207480
207915
207993
208466
208513
209675
209817
210128
210206
210224
210708
210812
210979
212032
212148
213046
213077
213314
213404
213652
214055
214191
214197
214314
214815
215233
215264
215689
215898
216090
216454
218657
218751
219654
220161
220968
221155
221263
222232
222428
222704
222754
223059
223437
223735
223780
223820
224178
224472
224505
225213
225920
226398
226917
226967
227338
227440
227843
228101
228669
228721
228804
229011
229329
229780
231367
231726
231761
232088
232233
232325
232425
232805
233114
233336
233355
233570
233950
234431
234751
235053
235955
235957
236196
236214
236486
236503
237129
237199
237639
238311
238469
238761
239531
239828
240174
240993
241427
241979
242006
242050
242635
242834
242864
243076
243468
243767
245382
245400
245745
245786
246127
246831
247452
247757
248064
248130
248175
248359
248364
248977
249025
249025
249238
249395
249610
249758
249794
250008
250011
250610
250649
250747
250819
251593
251819
252911
253100
253188
254283
254884
254946
255076
255251
255977
256132
256187
256271
256477
256479
256490
256530
256678
256816
256975
257325
257597
258001
258257
258306
260674
261050
261129
261667
262431
262520
262583
262766
263421
263497
263655
263794
264014
264360
264398
264854
264932
265391
265522
266194
266406
266659
266818
266858
266877
267199
267292
267725
267731
268496
268569
269508
269512
270742
271173
271360
271401
271487
271690
271908
272028
272888
273209
273567
273655
273865
273952
274432
274971
275111
275456
275515
275532
275860
276103
276234
277188
278068
278415
278854
278990
279082
279172
279239
279893
279944
280206
280526
280548
280947
281052
281468
282255
283253
283437
283572
283738
283855
284199
284832
285188
285836
286284
286813
287125
287504
287600
287600
287719
287797
288019
288515
288777
289072
289123
289233
289323
289773
289868
290021
290255
290720
290775
291161
291485
291743
291980
292139
292267
292453
292789
292956
293325
293996
294404
294732
294815
295252
295466
296002
296600
296774
297005
298730
298784
299142
299226
299513
299699
299706
299774
299808
300579
300712
300742
300961
300996
301088
301167
301192
301462
302059
302697
304130
304389
304487
304817
305737
306577
306681
306879
307000
307084
307272
307354
307607
308628
310010
310636
311065
312684
313082
313220
313265
313736
313871
314197
314281
314835
315047
315081
315855
315995
316706
316750
316897
317249
317287
317444
318288
319700
320049
320483
320870
321100
321357
321408
321554
321787
322285
322512
322915
323427
323691
324025
324065
324504
324810
324908
324960
325578
325695
326046
326920
327084
327263
327407
327704
328134
328187
328516
328686
329164
329225
329528
329709
329765
329928
330491
330509
331784
332060
332892
333222
333732
333872
334002
334942
335066
335133
335410
335672
335936
336255
336313
336386
336672
336829
337227
337281
337375
338131
338460
338524
339198
339602
340414
340448
340564
340650
340773
340950
341551
341786
341798
341966
342508
343915
344019
344023
344235
344536
344903
345135
345178
345225
345269
346115
346168
346685
346827
348181
348687
349502
349542
349737
350359
350731
350766
350826
350916
351072
351500
351718
352604
352683
352861
353867
354103
354671
354719
354754
354908
355230
356108
356391
356489
356554
356656
356819
357308
357840
357860
359202
359509
359767
360857
361464
361489
361647
361677
361717
361823
363200
363260
363341
363551
363565
364616
364792
364920
365029
366070
366559
367445
367555
367734
367994
368056
368071
368144
369028
370120
370245
370732
370984
371435
371690
371823
371971
372052
372618
372729
373053
373140
373997
374366
374550
374817
375218
375222
375320
375525
375728
375873
376256
376468
376647
376671
376731
376898
377500
378194
378250
378384
378865
379574
379704
380259
380292
380323
380367
381409
381465
381560
381652
381775
381916
382427
382524
383032
383233
383281
383561
384071
384564
384719
385336
386319
386343
386697
386851
386917
386922
387211
388310
388337
388584
389002
389733
389838
390752
390852
390884
390979
391076
391107
392059
392511
392612
392739
393701
393988
395007
395173
395489
395776
395971
396164
396211
397243
397551
397820
398698
398850
398892
398934
398977
399195
399616
400443
400536
400735
401014
401070
401091
401378
401461
401695
402092
402361
402750
403472
403933
404090
404311
405070
405071
405135
405211
405344
405350
405665
405871
406200
406332
406422
406543
406904
407452
407918
408135
408935
408990
409053
409271
409617
409645
409802
410091
410544
410949
411266
411376
411749
412173
412323
412433
412617
413323
413388
413554
413566
413714
413811
413934
414135
414583
414644
414816
415338
415518
415530
416139
416216
416219
416639
417072
417411
417593
417873
418103
419087
419163
419480
419716
419723
420041
420171
420235
420894
421294
422147
422411
422429
422891
423094
423156
423304
423304
423739
423750
424290
424424
424864
424865
425202
425614
425683
425785
426070
426165
426270
426428
426538
427197
427417
427991
428239
428725
428888
429128
429296
429541
429808
430275
430683
430927
430932
431017
431447
431801
432072
432999
433521
433764
434070
434205
434309
434358
435413
435690
435744
435800
436333
436351
436388
436758
437574
437589
437697
437997
438038
438180
438747
439048
439124
439146
439570
440562
440770
441309
442496
442652
442949
443272
443334
443704
443968
444036
444293
444300
445033
445259
445998
446562
446847
446925
447137
447351
447374
447445
447534
447599
447997
448028
448430
448452
448708
448738
448881
449004
449381
449583
450104
450460
450700
450789
451076
451192
452213
452352
452574
453361
454226
454391
454414
455411
456081
456208
456618
456725
456903
456911
457220
457236
457512
457580
457702
458000
458209
458380
458701
458889
459168
459366
459473
459833
460737
460751
460810
460991
461139
461191
461670
461918
462166
462294
462314
462592
462857
463495
463952
463993
464430
464525
464777
464893
465189
465442
465875
465974
466146
466194
466467
466483
466810
466821
467106
467234
467361
467702
467798
467930
468303
468482
469184
469366
469380
471694
471994
472033
472064
472174
472223
472374
472692
473067
473388
473438
474005
475082
475113
475623
476172
476780
476845
477504
477679
478145
478226
478538
478823
479036
479138
479186
479345
479782
480879
481106
481274
481397
481434
481660
481701
481724
482131
482840
482884
483085
483372
483452
483538
484028
484362
484654
484696
485179
485522
485746
486221
486310
486530
486666
486877
487927
488114
488116
488636
488688
488875
489022
489644
489949
490061
490504
492425
492731
493053
493093
493161
493787
493790
493854
494676
495251
495274
495924
496076
496389
496593
496664
496780
496870
496983
497417
497502
497857
497922
497987
498256
498415
498481
498915
499297
499465
499486
499599
500154
500668
500721
501082
501163
501240
501255
501666
501685
501832
502206
502349
502400
502484
502696
987422
987437
988229
988668
988790
989675
991275
992238
993805
994585
995128
995556
995556
995668
995668
995688
995797
996178
996743
996816
997685
997685
998214
998214
998215
6673
6816
7144
7199
7619
8292
9431
10120
10122
10417
10845
11016
11351
11703
11763
11867
12299
12713
13372
13405
13540
13598
13617
13917
14007
14148
14385
15057
15633
15752
15781
16001
16522
17630
17808
17833
17881
18448
19034
19278
19420
19486
20172
20550
20934
21491
22104
23440
23591
23949
24124
24451
24745
24776
25861
26160
26650
27157
27489
27536
28423
28806
28996
29053
29215
29375
29438
30183
30706
30774
31020
31224
31355
31639
31790
32073
32101
32276
32277
32310
32933
32976
33786
33808
33915
34282
34303
34307
34596
34633
34821
34979
35109
35280
35391
35733
35928
36126
36437
37062
37138
37392
37472
37545
37876
38829
39392
39758
39828
39908
39960
40220
40400
40500
40898
40972
41159
41768
41792
42122
42365
42856
43067
43102
43453
43592
43914
44101
44353
44526
44757
44819
44962
45042
45156
45389
45901
46588
46824
46852
46942
47189
47406
47775
47928
47996
48267
48529
49646
49997
50063
50293
50466
50499
50531
50808
51019
51333
52018
52097
52567
52621
52630
52732
52927
53499
53762
53801
53882
55232
55323
56591
56699
56747
56788
56791
57115
57229
57570
57602
58218
58800
59234
59720
59803
60498
60642
60809
60987
61087
61151
61918
62258
62548
62923
63084
63141
64049
65643
65666
65812
65965
66064
66103
66444
66623
66681
66805
66975
67183
67223
67431
67609
68107
68339
68818
69030
69883
70491
70592
70757
70927
70999
71201
71478
71510
71774
71892
72213
72485
72606
72943
73039
73181
73505
73627
75076
75155
75615
76077
76139
76486
76672
76773
78259
79322
79373
79381
79540
79841
79908
79933
79957
80254
80605
80636
80776
80830
80843
80886
81815
81858
82379
82460
82466
82539
83031
83304
83448
83781
84007
84216
84542
84579
85106
85507
85739
85972
86480
87662
87688
87710
87711
87928
87997
88030
88208
88434
88980
89128
89174
89491
89727
89965
90023
90200
90960
90987
91042
91251
91686
92351
92396
92489
92609
92792
92923
93152
93397
93640
94174
94749
95022
95027
95475
95731
96176
96177
96271
96358
96879
96913
97408
97660
97871
97874
98734
98739
99393
99538
100161
100486
100514
100857
101113
101331
102501
102675
103030
103537
104061
104635
104712
104812
105141
105196
105342
105473
106038
106226
106321
106407
106413
106685
108129
108354
108957
109339
109608
110059
110174
110185
110270
110508
111427
111612
111793
112818
113328
114053
114180
114587
115152
115934
116354
116840
116941
117174
117195
117731
118130
118234
118252
118325
118475
118513
118800
119080
119161
119326
119446
119502
119836
121027
121989
122004
122045
122177
122729
124337
125086
125276
125657
126510
126598
127098
127179
127249
127369
127513
127616
128121
128464
128526
129067
129408
129524
129877
129954
130834
131151
132048
132781
132946
133596
133984
134722
134822
135240
135339
135518
135590
135719
135729
136154
136219
136907
136977
137020
137091
137418
137590
138380
138548
138651
138715
138864
138989
139471
139784
139885
140068
140091
140826
140875
141247
142481
142779
142838
143910
144042
144308
144491
145053
145207
145257
145375
145472
145494
146244
146246
146451
146542
146692
146961
147326
147554
147567
147571
147774
147997
148604
149078
149637
149720
149832
150125
150508
150654
150811
150859
150997
151121
151213
151970
152161
152226
152910
153006
153621
153916
154714
154863
155554
155624
155633
155872
156066
156217
156407
156802
157511
158124
158436
158547
158590
158732
159016
159138
159487
159527
159745
160106
160292
160923
161527
162051
162652
162672
163132
163351
163438
163487
163767
163926
164292
164757
165198
165203
165683
165730
166582
166697
166951
167297
167711
167852
168754
169437
169487
170170
170269
170311
170506
171637
172190
172621
172631
172657
172980
173294
173332
173402
173865
175400
175406
175571
175780
176307
176347
176897
177265
177358
177718
177751
178497
178604
178665
178690
178855
179218
179285
179830
179911
180183
180407
180548
180601
182057
182160
183017
183171
183202
183255
183422
183547
183675
183718
183745
184072
184120
184274
184662
184765
184964
185143
185480
185712
186480
186746
186952
187079
187727
187956
188170
188314
189291
189375
189595
189617
189838
189876
190428
190642
190702
191269
191544
191662
191742
191893
192086
192177
192209
192218
192435
192934
193368
193468
193721
193785
193944
194850
195123
195809
196158
196637
196782
196879
197247
197930
198032
198451
198455
198483
198752
198812
198918
199086
199319
199372
199861
200345
200406
200792
200885
201069
201435
202235
202324
202977
203608
204404
204445
204606
204634
204645
204760
204984
205010
205062
205852
206243
206668
206766
206781
207056
207480
207915
207993
208466
208513
209675
209817
210128
210206
210224
210708
210812
210979
212032
212148
213046
213077
213314
213404
213652
214055
214191
214197
214314
214815
215233
215264
215689
215898
216090
216454
218657
218751
219654
220161
220968
221155
221263
222232
222428
222704
222754
223059
223437
223735
223780
223820
224178
224472
224505
225213
225920
226398
226917
226967
227338
227440
227843
228101
228669
228721
228804
229011
229329
229780
231367
231726
231761
232088
232233
232325
232425
232805
233114
233336
233355
233570
233950
234431
234751
235053
235955
235957
236196
236214
236486
236503
237129
237199
237639
238311
238469
238761
239531
239828
240174
240993
241427
241979
242006
242050
242635
242834
242864
243076
243468
243767
245382
245400
245745
245786
246127
246831
247452
247757
248064
248130
248175
248359
248364
248977
249025
249025
249238
249395
249610
249758
249794
250008
250011
250610
250649
250747
250819
251593
251819
252911
253100
253188
254283
254884
254946
255076
255251
255977
256132
256187
256271
256477
256479
256490
256530
256678
256816
256975
257325
257597
258001
258257
258306
260674
261050
261129
261667
262431
262520
262583
262766
263421
263497
263655
263794
264014
264360
264398
264854
264932
265391
265522
266194
266406
266659
266818
266858
266877
267199
267292
267725
267731
268496
268569
269508
269512
270742
271173
271360
271401
271487
271690
271908
272028
272888
273209
273567
273655
273865
273952
274432
274971
275111
275456
275515
275532
275860
276103
276234
277188
278068
278415
278854
278990
279082
279172
279239
279893
279944
280206
280526
280548
280947
281052
281468
282255
283253
283437
283572
283738
283855
284199
284832
285188
285836
286284
286813
287125
287504
287600
287600
287719
287797
288019
288515
288777
289072
289123
289233
289323
289773
289868
290021
290255
290720
290775
291161
291485
291743
291980
292139
292267
292453
292789
292956
293325
293996
294404
294732
294815
295252
295466
296002
296600
296774
297005
298730
298784
299142
299226
299513
299699
299706
299774
299808
300579
300712
300742
300961
300996
301088
301167
301192
301462
302059
302697
304130
304389
304487
304817
305737
306577
306681
306879
307000
307084
307272
307354
307607
308628
310010
310636
311065
312684
313082
313220
313265
313736
313871
314197
314281
314835
315047
315081
315855
315995
316706
316750
316897
317249
317287
317444
318288
319700
320049
320483
320870
321100
321357
321408
321554
321787
322285
322512
322915
323427
323691
324025
324065
324504
324810
324908
324960
325578
325695
326046
326920
327084
327263
327407
327704
328134
328187
328516
328686
329164
329225
329528
329709
329765
329928
330491
330509
331784
332060
332892
333222
333732
333872
334002
334942
335066
335133
335410
335672
335936
336255
336313
336386
336672
336829
337227
337281
337375
338131
338460
338524
339198
339602
340414
340448
340564
340650
340773
340950
341551
341786
341798
341966
342508
343915
344019
344023
344235
344536
344903
345135
345178
345225
345269
346115
346168
346685
346827
348181
348687
349502
349542
349737
350359
350731
350766
350826
350916
351072
351500
351718
352604
352683
352861
353867
354103
354671
354719
354754
354908
355230
356108
356391
356489
356554
356656
356819
357308
357840
357860
359202
359509
359767
360857
361464
361489
361647
361677
361717
361823
363200
363260
363341
363551
363565
364616
364792
364920
365029
366070
366559
367445
367555
367734
367994
368056
368071
368144
369028
370120
370245
370732
370984
371435
371690
371823
371971
372052
372618
372729
373053
373140
373997
374366
374550
374817
375218
375222
375320
375525
375728
375873
376256
376468
376647
376671
376731
376898
377500
378194
378250
378384
378865
379574
379704
380259
380292
380323
380367
381409
381465
381560
381652
381775
381916
382427
382524
383032
383233
383281
383561
384071
384564
384719
385336
386319
386343
386697
386851
386917
386922
387211
388310
388337
388584
389002
389733
389838
390752
390852
390884
390979
391076
391107
392059
392511
392612
392739
393701
393988
395007
395173
395489
395776
395971
396164
396211
397243
397551
397820
398698
398850
398892
398934
398977
399195
399616
400443
400536
400735
401014
401070
401091
401378
401461
401695
402092
402361
402750
403472
403933
404090
404311
405070
405071
405135
405211
405344
405350
405665
405871
406200
406332
406422
406543
406904
407452
407918
408135
408935
408990
409053
409271
409617
409645
409802
410091
410544
410949
411266
411376
411749
412173
412323
412433
412617
413323
413388
413554
413566
413714
413811
413934
414135
414583
414644
414816
415338
415518
415530
416139
416216
416219
416639
417072
417411
417593
417873
418103
419087
419163
419480
419716
419723
420041
420171
420235
420894
421294
422147
422411
422429
422891
423094
423156
423304
423304
423739
423750
424290
424424
424864
424865
425202
425614
425683
425785
426070
426165
426270
426428
426538
427197
427417
427991
428239
428725
428888
429128
429296
429541
429808
430275
430683
430927
430932
431017
431447
431801
432072
432999
433521
433764
434070
434205
434309
434358
435413
435690
435744
435800
436333
436351
436388
436758
437574
437589
437697
437997
438038
438180
438747
439048
439124
439146
439570
440562
440770
441309
442496
442652
442949
443272
443334
443704
443968
444036
444293
444300
445033
445259
445998
446562
446847
446925
447137
447351
447374
447445
447534
447599
447997
448028
448430
448452
448708
448738
448881
449004
449381
449583
450104
450460
450700
450789
451076
451192
452213
452352
452574
453361
454226
454391
454414
455411
456081
456208
456618
456725
456903
456911
457220
457236
457512
457580
457702
458000
458209
458380
458701
458889
459168
459366
459473
459833
460737
460751
460810
460991
461139
461191
461670
461918
462166
462294
462314
462592
462857
463495
463952
463993
464430
464525
464777
464893
465189
465442
465875
465974
466146
466194
466467
466483
466810
466821
467106
467234
467361
467702
467798
467930
468303
468482
469184
469366
469380
471694
471994
472033
472064
472174
472223
472374
472692
473067
473388
473438
474005
475082
475113
475623
476172
476780
476845
477504
477679
478145
478226
478538
478823
479036
479138
479186
479345
479782
480879
481106
481274
481397
481434
481660
481701
481724
482131
482840
482884
483085
483372
483452
483538
484028
484362
484654
484696
485179
485522
485746
486221
486310
486530
486666
486877
487927
488114
488116
488636
488688
488875
489022
489644
489949
490061
490504
492425
492731
493053
493093
493161
493787
493790
493854
494676
495251
495274
495924
496076
496389
496593
496664
496780
496870
496983
497417
497502
497857
497922
497987
498256
498415
498481
498915
499297
499465
499486
499599
500154
500668
500721
501082
501163
501240
501255
995556
995668
997685
998214
998305
998876
999117
6673
7619
8292
9431
10120
10122
10845
11016
11703
11763
12299
13540
13598
15752
15781
16001
17630
19034
19420
19486
20550
20934
21491
23440
23949
24124
24776
28423
29053
29438
30183
31355
31639
32101
32277
32933
33808
33915
34282
34307
34821
34979
35280
35391
35928
36126
37392
37876
38829
39392
39758
39828
39908
39960
40400
40500
40898
41159
41768
42122
42365
42856
44101
44353
44526
44757
44819
44962
45156
46824
46852
46942
47406
47775
49997
50063
50293
52018
52567
52621
53499
55232
56699
58800
59720
60498
60642
60987
61151
61918
62548
65643
65812
65965
66064
66623
66681
66805
66975
67223
67431
67609
69030
70757
70999
71201
71510
72213
72606
72943
73181
73505
73627
75155
75615
76139
76773
78259
79381
79957
80254
80605
80776
80830
80886
81815
82379
82460
83304
83448
85972
87710
87711
87928
87997
88208
89128
89174
89965
90023
90200
90960
90987
91042
91686
92351
92609
92792
92923
93152
94174
94749
95475
96176
96358
97408
97660
100161
101331
102675
103030
104812
105141
105342
106038
106226
110174
112818
114053
115152
116840
116941
117195
117731
118130
118252
118325
118800
122177
122729
124337
125086
125657
126510
126598
127098
127179
127249
127369
127513
127616
128121
128464
129067
129408
129877
129954
131151
134822
135518
135729
136907
137091
137418
138380
138651
138715
138989
139471
139784
140068
140091
140826
140875
141247
142779
142838
143910
144308
145053
145207
145257
145375
145472
145494
146692
147326
147554
147774
147997
148604
149078
149720
149832
150125
150508
150811
150997
151121
152161
152226
152910
153006
153621
154714
155554
155624
155872
156217
156407
156802
157511
158124
158590
159487
159527
159745
160106
160923
161527
162051
162652
162672
163132
163926
164292
165203
167297
167852
168754
169437
170170
170506
171637
172190
173332
175400
175406
175780
176347
177265
177718
178497
178665
178855
179285
179911
180407
180548
180601
182160
183255
183675
183718
184072
184662
184765
184964
185143
186952
187956
188170
189595
189876
190428
190642
191269
191544
191893
192177
192209
192218
192934
193785
193944
195123
196637
198483
198752
199086
200792
201069
202235
204634
204645
204760
205010
205062
206243
206781
207056
207480
207915
208466
209675
210128
210224
210708
213046
213652
214191
214815
215233
215264
215898
216090
218657
218751
220968
221155
222428
222754
223735
223820
224178
225213
225920
227338
228101
228669
228721
229011
229329
229780
231761
232233
232325
232425
232805
233114
233336
233355
233570
233950
235053
235955
235957
236196
236214
236486
240174
241427
242006
242050
242635
242834
243468
243767
245400
246831
247452
247757
248175
248364
248977
249025
249025
249395
249610
250008
250649
250819
253100
254283
254884
254946
256271
256477
256479
256490
256530
256678
256816
256975
257597
258306
261050
261667
262431
262520
262583
263421
263497
263655
264014
264360
264398
264854
264932
265391
266194
266659
267199
267292
267725
269512
270742
271173
271360
271401
271487
271908
272888
273567
273655
273865
273952
274432
275515
275532
275860
276103
277188
278854
278990
279893
281052
282255
283253
283738
284199
285836
287600
287797
288777
289123
289773
290021
290255
290720
291161
291485
291980
292139
292267
294404
298730
298784
299142
299513
299699
299706
299808
300579
300712
300742
300961
300996
301167
301192
302059
307354
310010
313082
313220
313265
314281
315047
316706
316750
316897
317249
317287
318288
320483
321357
321554
322915
323691
324025
324908
324960
325695
326920
327084
327407
328187
328516
328686
329164
329528
330491
331784
332060
333732
336313
336386
336829
337227
337375
338131
338460
339198
340448
340950
341551
341786
341798
341966
344023
345135
346115
346685
346827
348181
349502
350359
350766
350826
350916
351072
351718
352683
354754
354908
356108
356489
356819
359202
359767
361464
361489
361677
363200
363260
363341
363551
363565
364616
364792
364920
366070
367445
367734
368056
369028
370120
370732
370984
372618
372729
373053
373140
374366
374817
375218
375222
375320
375728
375873
376256
376468
376647
376671
376731
376898
378194
379574
380292
380323
380367
381465
381652
381775
381916
382427
382524
383281
383561
384071
386319
386697
386851
386917
386922
388337
388584
389733
390752
392511
393988
395007
395173
396164
396211
397243
398698
398850
398892
400536
400735
401014
401378
401461
402092
402361
402750
403933
405070
405071
405135
405211
405871
406332
406422
406543
407452
408135
408935
409802
410949
412173
412323
412433
412617
413554
413566
413714
414135
414583
415518
416139
416219
416639
417411
417593
418103
419087
419723
420041
420235
422411
423156
423750
424424
424864
424865
425202
425614
425785
426070
426165
426270
426538
427417
428888
429128
429541
429808
430683
430927
431447
431801
432999
434070
434309
435744
435800
436388
436758
437589
437697
438038
438747
439124
439146
440770
441309
442949
443334
443968
444036
444293
444300
445033
445259
445998
446925
447445
447599
447997
448028
448708
448738
448881
449004
449583
450104
450460
451076
452213
452574
454226
454391
454414
456081
456208
457220
457580
457702
458209
458701
458889
459366
459833
460737
460810
460991
461139
461670
463952
463993
464777
465189
465442
466146
466483
466810
468482
469184
471694
471994
472033
472064
472174
473067
473388
473438
475623
476780
477679
478538
479036
479138
479186
479782
481397
481660
481724
482884
483085
483372
483452
484696
485179
485746
486310
487927
489644
490061
490504
492425
493161
493790
493854
494676
495251
495924
496076
496389
496664
496870
496983
497417
497502
497857
497987
498415
498481
498915
499297
499486
499599
500668
501163
504959
505047
505642
505905
506025
506685
506915
508186
508528
508606
509578
510029
510094
510499
512028
513515
513620
513994
514659
515728
516833
517115
518566
519030
519149
519606
520005
520269
520295
521297
521490
522538
522636
522791
523653
524777
525932
526035
526532
526759
527773
527785
527886
528010
528026
528119
528221
528508
528605
529168
529242
529297
531229
531794
532031
532233
532448
532892
533153
533206
536186
536492
536879
538274
538576
538954
539387
539794
540471
541201
542297
542732
543664
543751
544032
545117
546119
546412
546868
547451
547519
547534
548654
549909
550001
551015
551045
551074
551138
552044
552293
554182
554294
557457
557577
557970
558022
558184
559090
560228
560305
561908
562945
564362
564480
564510
564525
565081
566222
566592
567177
567971
568036
568155
568384
568591
568974
569528
571137
571677
572935
573559
573640
573876
575056
575413
575765
577120
577559
577718
577963
578354
579561
579791
581659
581734
582474
582664
583223
583362
584179
585120
585745
586048
587750
587771
588011
589103
590765
590865
591139
591845
591957
592290
592480
592595
594918
595011
595380
596029
596875
598457
599179
599311
599384
599402
599919
600940
601157
601241
601412
601863
602532
602881
603745
604081
605494
605841
606032
606669
609233
609782
610331
610391
610747
611770
611820
612439
612602
612995
616094
616368
616533
616668
617091
618460
618770
618790
619435
619592
619923
620130
620603
620893
621224
621380
622281
623206
623293
626005
626887
627171
627512
628357
629906
630215
630420
630751
630889
630990
631257
631439
632098
632161
634855
634882
634982
635252
635878
636673
637267
637607
638677
639044
640970
641554
642177
642356
643794
644533
644824
645533
645538
647278
647974
648000
648392
648989
649175
649393
649716
650301
650574
650635
651091
651652
651787
652312
653039
653303
654075
655158
655302
655719
655733
656132
657236
657730
658322
659952
660286
661180
661343
661636
661764
662274
663249
664285
664328
665044
665852
666853
667394
667998
668629
669161
669224
670086
670719
670801
671823
672783
673627
676291
676538
677436
678173
678424
678506
678649
678859
680016
680018
680130
680229
680429
681244
681876
682196
682821
682823
683120
683220
683412
684921
687297
688454
688519
688700
689013
689917
691430
691704
692035
692607
693409
695190
695705
696038
696487
697147
697247
698506
699081
699865
700216
701105
701462
704113
704136
704325
704617
704796
705436
706704
707034
707277
707442
707847
708726
709879
710668
710679
710819
712023
713469
713716
713814
713943
714926
715175
715232
715489
715985
716271
716576
716771
716956
717041
717276
718567
718873
719216
719938
720766
720835
721594
721873
722032
722106
722107
722137
722593
723804
724071
724587
725017
725050
725716
726175
726660
726823
726953
727551
728141
729707
731323
732036
732120
733237
733429
733894
735140
736275
736763
736981
737459
737522
737840
738089
738557
739205
739405
740447
740449
740576
740939
742367
742588
742675
744673
745017
745083
745105
746254
746624
747335
747367
747414
748387
748897
749078
750051
750254
750753
751403
752255
752746
753170
753405
753642
753884
753946
754130
754365
755563
756338
756623
757102
757944
758116
759602
759867
760099
760494
761981
762344
763458
763697
764240
765221
766615
766632
767755
769166
769350
769567
770520
771048
771586
772071
772124
772882
773587
774064
775386
776845
777013
777184
777389
777918
778017
779037
779111
779461
781508
781645
784698
784764
785341
785739
785819
787158
789236
790267
790753
790866
790986
791138
791262
791312
791514
791664
792293
792301
792559
796728
796820
798203
798298
798426
799287
800308
801511
803171
803207
803427
803708
804676
804722
805258
806591
806878
807222
807716
808780
808927
808940
810042
810673
811236
811272
811796
812972
813323
813720
813938
814612
815380
815548
817733
818955
819743
819949
820606
820993
821261
821724
823197
823749
823809
823888
824910
825105
825584
825630
826460
826703
826801
826941
827267
829160
829357
830222
830940
831979
832291
833713
834812
835171
835495
835607
835785
836593
836795
837390
837568
837643
837700
838164
838184
838693
839949
840006
840040
841505
842435
843188
844006
844197
845014
845099
845204
845269
845528
846552
846587
846768
847027
848021
848205
848335
849192
849722
849808
850343
850772
851013
852004
852039
852481
852701
852790
852795
853023
853942
854206
855237
855714
855869
856043
856258
856841
858256
858570
858606
858908
859551
860279
860517
860542
862416
862565
863809
863821
865322
868921
869397
870680
871046
871502
872382
872672
873501
873802
876599
876723
877014
877502
879519
879613
880017
880941
882112
883666
884396
884942
885055
885154
887392
890115
892379
892498
894840
894876
895669
895675
896658
896755
897588
897652
898012
898111
898702
898994
900004
901056
901980
901984
905499
905605
905664
906622
906630
908160
908490
908502
908548
909618
909962
909989
910364
911180
911826
913208
913901
913922
913970
914857
915896
916064
916269
916418
918619
918875
918943
918972
919225
919265
919411
919770
920852
920996
921772
922167
922886
923237
924138
924221
924677
924783
925566
925790
926754
927180
927193
927221
927532
928843
929947
930180
930490
931185
933138
933610
933927
934702
935396
936515
937120
937264
937346
937673
937987
938349
939119
939414
939951
940086
940183
941036
941238
942212
942374
943171
943939
944427
944573
944648
945629
946369
946414
946845
947209
948004
948028
949023
950088
950122
950177
952628
953064
953312
953447
953964
954327
954631
958027
958425
958517
958996
959500
959656
960801
961255
961472
961997
962847
963524
967501
967621
968378
970727
971017
971114
971844
973021
973847
974801
975881
977441
978850
979569
979716
979865
981092
981973
982271
983411
983567
985199
985199
985290
985672
986208
986333
986452
986754
987067
987523
987739
987776
987953
989741
991719
991833
992107
992371
992448
993382
993731
993985
994110
994550
994662
995992
996512
996828
997000
997339
997827
998402
999343
999382
480021
920292
459307
609430
