5211
5211
5211
18456
18456
18456
21530
21530
21530
89172
89172
89172
95060
100545
117276
126505
5211
18456
18456
18456
21530
89172
95060
95060
95060
95060
95060
100545
100545
100545
100545
117276
18456
95060
95060
95060
95060
100545
100545
100545
117276
117276
117276
117276
126505
126505
126505
133069
95060
95060
95060
95060
95060
95060
100545
100545
100545
117276
117276
117276
117276
117276
117276
126505
95060
95060
95060
100545
117276
117276
117276
126505
171087
171087
171087
210012
210012
210012
233367
313750
95060
117276
171087
210012
392754
393584
426808
502651
549676
612399
695788
705403
947178
947739
993368
999932
636226
698586
348094
297539
