81
81
81
81
81
81
81
81
81
81
81
81
81
81
81
81
81
81
81
81
81
81
81
81
81
81
81
81
81
81
81
81
81
81
81
81
81
81
81
81
81
81
81
81
81
81
81
81
81
81
81
81
81
81
81
81
81
81
81
81
81
81
81
81
81
81
81
81
81
81
81
81
81
81
81
81
81
81
81
81
81
81
81
81
81
81
81
81
81
81
81
81
81
81
81
81
81
81
81
81
81
81
81
81
81
81
81
81
81
81
81
81
81
81
81
81
81
81
81
81
81
81
81
81
81
81
81
81
81
81
81
81
81
81
81
81
81
81
81
81
81
81
81
81
81
81
81
81
81
81
81
81
81
81
81
81
81
81
81
81
81
81
81
81
81
81
81
81
81
81
81
81
81
81
81
81
81
81
81
81
81
81
81
81
81
81
81
81
81
81
81
81
81
81
81
81
81
81
81
81
81
81
81
81
81
81
81
81
81
81
81
81
81
81
81
81
81
81
81
81
81
81
81
81
81
81
81
81
81
81
81
81
81
81
81
81
81
81
81
81
81
81
81
81
81
81
81
81
81
81
81
81
81
81
81
81
81
81
81
81
81
81
81
81
81
81
81
81
81
81
81
81
81
81
81
81
81
81
81
81
81
81
81
81
81
81
81
81
81
81
81
81
81
81
81
81
81
81
81
81
81
81
81
81
81
81
81
81
81
81
81
81
81
81
81
81
81
81
81
81
81
81
81
81
81
81
81
81
81
81
81
81
81
81
81
81
81
81
81
81
81
81
81
81
81
81
81
81
81
81
81
81
81
81
81
81
81
81
81
81
81
81
81
81
81
81
81
81
81
81
81
81
81
81
81
81
81
81
81
81
81
81
81
81
81
81
81
81
81
81
81
81
81
81
81
81
81
81
81
81
81
81
81
81
81
81
81
81
81
81
81
81
81
81
81
81
81
81
81
81
81
81
81
81
81
81
81
81
81
81
81
81
81
81
81
81
81
81
81
81
81
81
81
81
81
81
81
81
81
81
81
81
81
81
81
81
81
81
81
81
81
81
81
81
81
81
81
81
81
81
81
81
81
81
81
81
81
81
81
81
81
81
81
81
81
81
81
81
81
81
81
81
81
81
81
81
81
81
81
81
81
81
81
81
81
81
81
81
81
81
81
81
81
81
81
81
81
81
81
81
81
81
81
81
81
81
81
81
3493
3493
3493
3493
3493
3493
3493
3493
3493
3493
3493
3493
3493
3493
3493
3493
3493
3493
3493
3493
3493
3493
3493
3493
3493
3493
3493
3493
3493
3493
3493
3493
3493
3493
3493
3493
3493
3493
3493
3493
3493
3493
3493
3493
3493
3493
3493
3493
3493
3493
3493
3493
3493
3493
3493
3493
3493
3493
3493
3493
3493
3493
3493
3493
3493
3493
3493
3493
3493
3493
3493
3493
3493
3493
3493
3493
3493
3493
3493
3493
3493
3493
3493
3493
3493
3493
3493
3493
3493
3493
3493
3493
3493
3493
3493
3493
9097
9097
9097
9097
9097
9097
9097
9097
9097
9097
9097
9097
9097
9097
9097
9097
9097
9097
9097
9097
9097
9097
9097
9097
9097
9097
9097
9097
9097
9097
9097
9097
9097
9097
9097
9097
9097
9097
9097
9097
9097
9097
9097
9097
9097
9097
9097
9097
9097
9097
9097
9097
9097
9097
9097
9097
9097
9097
9097
9097
9097
9097
9097
9097
9097
9097
9097
9097
9097
9097
9097
9097
9097
9097
9097
9097
9097
9097
9097
9097
9097
9097
9097
9097
9097
9097
9097
9097
9097
9097
9097
9097
9097
9097
9097
9097
9097
9097
9097
9097
9097
9097
9097
9097
9097
9097
9097
9097
9097
9097
9097
9097
9097
9097
9097
9097
9097
9097
9097
9097
9097
9097
9097
9097
9097
9097
9097
9097
9097
9097
9097
9097
9097
9097
9097
9097
9097
9097
9097
9097
9097
9097
9097
9097
9097
9097
9097
9097
9097
9097
9097
9097
9097
9097
9097
9097
9097
9097
9097
9097
9097
9097
9097
9097
9097
9097
9097
9097
9097
9097
9097
9097
9097
9097
9097
9097
9097
9097
9097
9097
9097
9097
9097
9097
9097
9097
9097
9097
9097
9097
9097
9097
9097
9097
9097
9097
9097
9097
9097
9097
9097
9097
9097
9097
9097
9097
9097
9097
9097
9097
9097
9097
9097
9097
9097
9097
9097
9097
9097
9097
9097
9097
9097
9097
9097
9097
9097
9097
9097
9097
9097
9097
9097
9097
9097
9097
9097
9097
9097
9097
9097
9097
9097
9097
9097
9097
9097
9097
9097
9097
9097
9097
9097
9097
9097
9097
9097
9097
9097
9097
9097
9097
9097
9097
9097
9097
9097
9097
9097
9097
9097
9097
9097
9097
9097
9097
9097
9097
9097
9097
9097
9097
9097
9097
9097
9097
9097
9097
9097
9097
9097
9097
9097
9097
9097
9097
9097
9097
9097
9097
9097
9097
9097
9097
9097
9097
9097
9097
9097
9097
9097
9097
9097
9097
9097
9097
9097
9097
9097
9097
9097
9097
9097
9097
9097
9097
9097
9097
9097
9097
9097
9097
9097
9097
9097
9097
433890
498976
755199
754552
416931
126087
388777
360099
400657
448566
580952
377017
72641
392735
89368
491298
918184
453195
696776
55805
975266
423428
588954
552528
80308
19593
297278
322197
372555
289672
250774
806445
305000
522325
560997
238283
648412
466127
598382
565421
