5211
5211
5211
5211
18456
18456
18456
18456
18456
18456
21530
21530
21530
21530
5211
18456
18456
18456
21530
89172
95060
100545
100545
100545
100545
100545
117276
117276
18456
95060
95060
95060
95060
95060
100545
100545
100545
100545
100545
100545
100545
100545
95060
95060
95060
95060
100545
100545
100545
100545
100545
100545
117276
117276
117276
117276
95060
95060
95060
95060
95060
95060
100545
100545
100545
100545
117276
117276
117276
117276
95060
95060
95060
100545
117276
171087
210012
210012
210012
233367
313750
344043
353895
392754
95060
210012
392754
393584
502651
549676
612399
636226
695788
698586
705403
947739
993368
999932
348094
297539
