81
569
681
2245
2245
2904
2904
3033
3493
3493
3493
3493
3493
5211
9097
11017
11017
11017
11017
11017
12497
14412
15720
18456
19593
20127
20127
20127
20127
20127
21530
23311
23311
26272
26272
26272
26272
26272
26272
26304
27284
28067
28067
28067
28067
28067
28067
28624
31326
31536
31536
31536
31536
31536
32172
32460
32919
32919
32919
32919
32919
33002
33002
33002
33002
33002
33333
34945
34945
34945
34945
34945
35021
35021
35021
35021
35021
35217
35217
35217
35217
35217
35325
35325
35325
35325
35325
35568
35568
36029
36029
36159
37525
39021
39021
39021
39021
39021
40743
41805
41805
41805
41805
41805
43324
43324
44599
44878
44878
47641
48829
48829
51528
53144
53959
53959
53959
53959
53959
53959
54081
55805
56552
56856
57522
57522
57522
57522
57522
57522
58025
58025
58025
58025
58025
58109
58109
58109
58109
58109
58109
59426
3493
3493
3493
3493
9097
11017
11017
11017
11017
15720
19593
20127
20127
20127
20127
26272
26272
26272
26272
26272
28067
28067
28067
28067
28067
31536
31536
31536
31536
32919
32919
32919
32919
33002
33002
33002
33002
34945
34945
34945
34945
35021
35021
35021
35021
35217
35217
35217
35217
35325
35325
35325
35325
37525
39021
39021
39021
39021
41805
41805
41805
41805
53959
53959
53959
53959
53959
55805
57522
57522
57522
57522
57522
58025
58025
58025
58025
58109
58109
58109
58109
58109
59426
59426
59426
59426
59426
60910
62949
62949
62949
62949
62949
66342
66342
66342
66342
66342
68977
72641
76376
76376
76376
76376
76376
77375
77375
77375
77375
79296
80154
80308
80928
80967
80967
80967
80967
80967
82195
82195
82195
82195
82195
89159
89159
89159
89159
89159
89368
89438
89438
89438
89438
90032
92622
92622
92622
92622
95820
97487
100237
100237
3493
3493
3493
3493
3493
3493
9097
9097
9097
9097
9097
11017
11017
11017
11017
11017
11017
15720
15720
15720
15720
15720
19593
19593
19593
19593
19593
20127
20127
20127
20127
20127
20127
26272
26272
26272
26272
26272
26272
26272
26272
26272
26272
28067
28067
28067
28067
28067
28067
28067
28067
28067
28067
31536
31536
31536
31536
31536
31536
32919
32919
32919
32919
32919
32919
33002
33002
33002
33002
33002
33002
34945
34945
34945
34945
34945
34945
35021
35021
35021
35021
35021
35021
35217
35217
35217
35217
35217
35217
35325
35325
35325
35325
35325
35325
37525
37525
37525
37525
37525
39021
39021
39021
39021
39021
39021
41805
41805
41805
41805
41805
41805
53959
53959
53959
53959
53959
53959
53959
53959
53959
53959
55805
55805
55805
55805
55805
57522
57522
57522
57522
57522
57522
57522
57522
57522
57522
58025
58025
58025
58025
58025
3493
3493
3493
9097
9097
9097
9097
11017
11017
11017
15720
15720
15720
15720
19593
19593
19593
19593
20127
20127
20127
26272
26272
26272
26272
26272
26272
28067
28067
28067
28067
28067
28067
31536
31536
31536
32919
32919
32919
33002
33002
33002
34945
34945
34945
35021
35021
35021
35217
35217
35217
35325
35325
35325
37525
37525
37525
37525
39021
39021
39021
41805
41805
41805
53959
53959
53959
53959
53959
53959
55805
55805
55805
55805
57522
57522
57522
57522
57522
57522
58025
58025
58025
58109
58109
58109
58109
58109
58109
59426
59426
59426
59426
59426
59426
60910
60910
60910
60910
62949
62949
62949
62949
62949
62949
66342
66342
66342
66342
66342
66342
68977
68977
68977
68977
72641
72641
72641
72641
76376
76376
76376
76376
76376
76376
77375
77375
77375
79296
79296
79296
79296
80154
80154
80154
80154
80308
80308
80308
80308
80928
80928
3493
9097
9097
9097
9097
9097
9097
11017
15720
15720
15720
15720
15720
15720
19593
19593
19593
19593
19593
19593
20127
26272
26272
26272
26272
28067
28067
28067
28067
31536
32919
33002
34945
35021
35217
35325
37525
37525
37525
37525
37525
37525
39021
41805
53959
53959
53959
53959
55805
55805
55805
55805
55805
55805
57522
57522
57522
57522
58025
58109
58109
58109
58109
59426
59426
59426
59426
60910
60910
60910
60910
60910
60910
62949
62949
62949
62949
66342
66342
66342
66342
68977
68977
68977
68977
68977
68977
72641
72641
72641
72641
72641
72641
76376
76376
76376
76376
77375
79296
79296
79296
79296
79296
79296
80154
80154
80154
80154
80154
80154
80308
80308
80308
80308
80308
80308
80928
80928
80928
80928
80928
80928
80967
80967
80967
80967
82195
82195
82195
82195
89159
89159
89159
89159
89368
89368
89368
89368
89368
89368
89438
90032
9097
9097
9097
15720
15720
15720
19593
19593
19593
26272
28067
37525
37525
37525
53959
55805
55805
55805
57522
58109
59426
60910
60910
60910
62949
66342
68977
68977
68977
72641
72641
72641
76376
79296
79296
79296
80154
80154
80154
80308
80308
80308
80928
80928
80928
80967
82195
89159
89368
89368
89368
90032
90032
90032
95820
95820
95820
97487
97487
97487
101360
101360
101360
102747
107722
107722
107722
109485
110991
112297
112297
112297
121308
122573
126087
126087
126087
127955
134047
138722
138722
138722
139932
139932
139932
140528
140528
140528
141723
146081
146081
146081
152040
152433
152433
152433
160269
170337
170337
170337
173109
178224
189435
191309
191309
191309
197314
197314
197314
199181
199181
199181
202254
202254
202254
208324
209933
215350
215350
215350
218189
220853
220853
220853
228398
228398
228398
230297
230297
230297
241888
241888
241888
245196
245830
247643
247643
247643
250262
250573
250774
250774
9097
15720
19593
37525
55805
60910
68977
72641
79296
80154
80308
80928
89368
90032
95820
97487
101360
107722
112297
126087
138722
139932
140528
146081
152433
170337
191309
197314
199181
202254
215350
220853
228398
230297
241888
247643
250774
274570
277685
289672
292122
297278
299708
305000
311131
313563
322197
323875
332231
359415
360099
363827
370888
372555
377017
380595
381494
388777
390179
392735
395528
399134
400657
416931
418657
423428
426815
430639
433890
443181
448566
453195
460008
475776
491298
498976
501962
506582
508860
522071
522325
533149
538839
543437
544266
550551
552528
554603
564285
576590
580952
588954
590181
590930
591281
621269
634225
641892
651136
651476
669086
687483
689126
696532
696776
712350
723382
726651
735990
742587
754116
754552
755199
765404
767057
768825
776787
794583
796892
804310
806445
811783
826621
836610
859999
884850
887982
889618
895021
897490
897525
898506
903682
909211
917955
918184
928577
967857
973813
975266
990415
992393
560997
238283
648412
466127
598382
565421
