5211
5211
5211
5211
18456
18456
18456
18456
18456
18456
18456
18456
5211
18456
18456
18456
18456
18456
18456
18456
18456
18456
18456
21530
18456
18456
18456
18456
21530
95060
95060
95060
95060
95060
95060
100545
18456
95060
95060
95060
95060
95060
95060
95060
95060
95060
95060
95060
95060
95060
95060
95060
95060
95060
95060
95060
95060
95060
100545
100545
95060
95060
95060
95060
95060
95060
95060
95060
95060
95060
100545
100545
95060
95060
95060
95060
100545
117276
171087
210012
210012
210012
210012
233367
95060
210012
392754
393584
502651
549676
612399
695788
705403
947739
993368
999932
636226
698586
348094
297539
