64
81
93
323
549
569
681
681
745
820
867
1171
1206
1244
1354
1379
1511
1642
1842
1914
1925
2039
2245
2362
2427
2463
2503
2606
2615
2780
2902
2904
3033
3050
3094
3296
3476
3493
3615
3637
3979
4039
4062
4082
4251
4308
4310
4340
4513
5009
5211
5216
5226
5269
5510
5601
5635
5667
5979
6046
6071
6484
6734
6816
7057
7144
7199
7339
7619
8216
8292
8430
8693
8764
9097
9120
9206
9241
9428
9431
9719
10038
10120
10122
10165
10272
10417
10431
10569
10736
10845
10946
10947
11016
11017
11053
11351
11520
11703
11735
11763
11789
11867
11964
11984
12299
12459
12497
12582
12585
12713
13321
13372
13405
13537
13540
13598
13617
13669
13888
13917
14007
14057
14148
14385
14412
14523
14811
15033
15056
15057
15469
15533
15633
15720
15752
15781
16001
16110
16204
16228
16259
16323
16449
16522
16538
17135
17223
17315
17501
17566
17630
17638
17808
17808
17833
17881
18184
18190
18202
18448
18456
18481
18507
18654
18704
18859
19034
19278
19304
19420
19486
19540
19593
20127
20172
20468
20550
20567
20847
20934
21008
21018
21091
21414
21485
21491
21530
21743
22104
22181
22190
22298
22300
22765
22924
22939
23023
23078
23182
23311
23415
23440
23591
23787
23856
23949
24020
24100
24122
24124
24136
24145
24451
24561
24605
24745
24776
25015
25165
25496
25861
26160
26196
26234
26272
26304
26445
26650
26652
26776
26856
27138
27157
27172
27284
27320
27458
27489
27495
27536
27572
27583
27639
27710
28067
28215
28313
28380
28423
28624
28656
28806
28828
28861
28943
28996
29053
29098
29215
29375
29438
29448
29501
29573
29729
29949
30096
30183
30386
30530
30706
30774
31020
31224
31326
31355
31502
31536
31600
31639
31790
32073
32101
32172
32248
32276
32277
32310
32460
32538
32862
32908
32919
32933
32976
33002
33062
33081
33333
33621
33786
33808
33882
33915
34190
34225
34282
34303
34307
34551
34589
34596
34633
34736
34821
34945
34979
34986
35021
35109
35217
35280
35325
35368
35391
35568
35733
35879
35928
36029
36055
36126
36159
36189
36214
36421
36437
36461
36857
36936
37062
37126
37138
37200
37392
37472
37525
37545
37710
37876
38320
38566
38585
38602
38829
38879
38894
38936
39021
39021
39129
39195
39334
39392
39626
39758
39810
39828
39875
39875
39908
39916
39960
40072
40077
40140
40194
40215
40220
40400
40403
40500
40584
40702
40743
40881
40898
40926
40972
41159
41167
41351
41598
41598
41768
41792
41805
41882
41991
42122
42210
42348
42365
42417
42484
42659
42772
42831
42856
42992
43067
43102
43320
43324
43453
43592
43633
43682
43725
43860
43914
43983
44101
44131
44317
44353
44365
44526
44599
44646
44687
44746
44757
44819
44878
44901
44962
45042
45063
45156
45329
45389
45901
45979
46007
46017
46341
46355
46380
46387
46549
46588
46647
46824
46828
46852
46942
47189
47329
47395
47406
47510
47641
47775
47928
47983
47996
48074
48267
48401
48425
48498
48529
48586
48599
48623
48626
48628
48829
48860
48977
49613
49646
49676
49764
49773
49997
50063
50197
50293
50440
50466
50499
50531
50707
50740
50808
51019
51103
51333
51463
51477
51498
51528
51571
51584
51735
51878
51986
52018
52097
52176
52251
52464
52567
52621
52630
52732
52918
52927
53079
53144
53150
53418
53428
53499
53542
53762
53801
53842
53882
53959
54024
54081
54180
54364
54525
54660
55232
55323
55336
55382
55435
55776
55793
55805
56055
56151
56448
56552
56561
56591
56618
56675
56687
56699
56747
56757
56788
56791
56794
56842
56856
56927
57115
57229
57460
57522
57570
57602
57661
57911
58025
58106
58109
58218
58261
58320
58531
58752
58800
58814
58856
58976
59129
59234
59426
59476
59479
59543
59560
59619
59720
59765
59772
59803
59895
60014
60028
60049
60319
60498
60642
60707
60809
60908
60910
60987
61048
61087
61151
61567
61648
61690
61759
61770
61773
61918
61991
62189
62251
62258
62315
62382
62426
62548
62638
62718
62760
62795
62900
62923
62934
62949
62958
62975
63046
63073
63084
63133
63141
63179
63328
64049
64088
64091
64260
64335
64472
64662
64825
64835
64901
64959
65054
65080
65186
65643
65666
65812
65818
65965
65969
66064
66103
66249
66317
66342
66343
66444
66487
66537
66601
66623
66681
66805
66975
67183
67223
67367
67431
67609
67660
67697
67764
67850
67917
68011
68012
68107
68339
68399
68427
68506
68632
68689
68818
68972
68977
69004
69027
69030
69232
69410
69883
70285
70330
70392
70491
70491
70592
70757
70847
70927
70999
71006
71116
71125
71161
71201
71478
71510
71710
71774
71892
72213
72293
72485
72486
72606
72641
72699
72703
72943
72999
73039
73181
73370
73505
73627
73764
73828
73847
73850
73870
73940
73990
74537
74602
75076
75122
75155
75218
75412
75615
75616
75704
75743
76077
76139
76169
76217
76376
76445
76486
76585
76672
76773
76780
77304
77375
77589
77591
77645
77773
77888
78002
78044
78259
78408
78592
78721
79088
79095
79145
79269
79296
79322
79342
79373
79381
79421
79422
79444
79540
79690
79841
79908
79933
79957
80124
80154
80254
80261
80262
80308
80532
80605
80636
80776
80830
80843
80886
80928
80967
81198
81555
81815
81858
81925
82014
82050
82060
82195
82199
82379
82424
82460
82466
82539
82830
83031
83088
83304
83448
83598
83781
84007
84100
84148
84216
84267
84292
84303
84315
84506
84542
84579
84672
84746
84821
85106
85193
85273
85507
85544
85739
85972
86034
86305
86317
86469
86480
86681
86990
87126
87183
87195
87531
87586
87662
87688
87710
87711
87764
87854
87928
87997
88030
88109
88131
88208
88411
88421
88434
88582
88883
88980
89128
89159
89172
89174
89325
89358
89368
89412
89438
89491
89503
89727
89965
90023
90032
90057
90086
90192
90200
90212
90428
90717
90859
90960
90987
91009
91042
91185
91251
91583
91686
91749
91751
91840
92024
92061
92234
92351
92376
92396
92489
92609
92622
92792
92923
93152
93316
93397
93640
93662
94112
94165
94174
94417
94749
94909
95018
95020
95022
95027
95042
95060
95160
95475
95572
95609
95655
95731
95745
95745
95765
95815
95820
96107
96169
96176
96177
96180
96271
96358
96382
96879
96913
97051
97161
97218
97408
97467
97487
97529
97567
97602
97654
97660
97871
97874
98032
98165
98480
98605
98734
98738
98739
98823
99355
99393
99451
99484
99538
99901
100161
100237
100255
100321
100486
100514
100545
100669
100731
100857
101110
101113
101281
101331
101360
101489
101662
101665
101760
101832
101839
101877
101940
101996
102296
102393
102501
102675
102747
102829
103030
103124
103241
103348
103537
103654
103807
103978
104061
104068
104339
104407
104510
104522
104524
104635
104667
104697
104712
104812
104896
105082
105141
105196
105340
105342
105473
105994
106038
106226
106312
106321
106348
106407
106413
106685
106687
106892
106956
107205
107280
107478
107603
107681
107722
107964
108003
108019
108117
108129
108342
108354
108581
108594
108957
109339
109352
109445
109485
109608
109644
109849
109859
110059
110094
110115
110174
110185
110197
110270
110294
110427
110508
110661
110699
110751
110799
110911
110991
111021
111427
111448
111544
111612
111793
111994
112110
112132
112297
112466
112644
112711
112818
112927
113030
113083
113190
113236
113244
113328
113606
114053
114180
114218
114447
114462
114526
114544
114587
114613
114641
115152
115381
115464
115873
115921
115934
115945
116035
116330
116354
116466
116473
116548
116632
116840
116941
117027
117155
117174
117184
117195
117276
117507
117731
117792
117832
118130
118159
118234
118252
118325
118450
118475
118513
118606
118762
118800
119080
119157
119161
119204
119326
119375
119446
119502
119540
119836
119944
120160
120356
120688
120709
120804
120867
120896
121027
121288
121308
121784
121924
121937
121989
122004
122023
122032
122045
122177
122272
122429
122431
122439
122523
122573
122590
122594
122729
122846
122980
123090
123202
123519
123558
123568
123786
123840
124030
124046
124220
124337
125086
125139
125140
125244
125276
125315
125336
125357
125383
125413
125657
125849
125972
126087
126162
126168
126381
126447
126505
126510
126598
167716
167744
168133
168164
168275
168837
168920
169080
5009
5009
5269
5635
6816
7144
7199
7619
8292
9431
10120
10122
10417
10845
11016
11351
11703
11763
11867
12299
12713
13405
13540
13598
13917
14385
15752
15781
16001
16522
17630
17881
19034
19278
19420
19486
20550
20934
21491
22104
23440
23591
23949
24124
24776
25861
26160
27536
28423
29053
29215
29438
30183
30706
30774
31224
31355
31639
32101
32276
32277
32310
32933
33808
33915
34282
34307
34633
34821
34979
35280
35391
35928
36126
37392
37876
38829
39392
39758
39828
39908
39960
40400
40500
40898
41159
41768
42122
42365
42856
43453
43592
44101
44353
44526
44757
44819
44962
45042
45156
45901
46588
46824
46852
46942
47406
47775
47928
49997
50063
50293
51019
51333
52018
52567
52621
52630
52927
53499
53762
53882
55232
56591
56699
56747
56791
57229
57602
58218
58800
59720
60498
60642
60987
61087
61151
61918
62548
62923
63084
64049
65643
65812
65965
66064
66103
66623
66681
66805
66975
67183
67223
67431
67609
68818
69030
69883
70757
70927
70999
71201
71510
71774
72213
72485
72606
72943
73039
73181
73505
73627
75076
75155
75615
76077
76139
76486
76773
78259
79322
79373
79381
79841
79908
79933
79957
80254
80605
80636
80776
80830
80843
80886
81815
82379
82460
82466
82539
83031
83304
83448
84542
85106
85739
85972
86480
87688
87710
87711
87928
87997
88208
89128
89174
89491
89727
89965
90023
90200
90960
90987
91042
91686
92351
92489
92609
92792
92923
93152
93640
94174
94749
95022
95475
95731
96176
96358
96879
96913
97408
97660
98734
98739
99538
100161
100514
101113
101331
102501
102675
103030
104812
105141
105342
105473
106038
106226
106413
108129
108354
110174
110508
111427
112818
114053
114180
115152
115934
116354
116840
116941
117174
117195
117731
118130
118252
118325
118513
118800
119161
119446
119836
122004
122045
122177
122729
124337
125086
125657
126510
126598
127098
127179
127249
127369
127513
127616
128121
128464
128526
129067
129408
129524
129877
129954
131151
132781
134722
134822
135518
135719
135729
136907
136977
137091
137418
137590
138380
138651
138715
138989
139471
139784
139885
140068
140091
140826
140875
141247
142481
142779
142838
143910
144042
144308
144491
145053
145207
145257
145375
145472
145494
146692
147326
147554
147774
147997
148604
149078
149637
149720
149832
150125
150508
150654
150811
150859
150997
151121
151213
152161
152226
152910
153006
153621
154714
154863
155554
155624
155633
155872
156217
156407
156802
157511
158124
158436
158547
158590
158732
159138
159487
159527
159745
160106
160923
161527
162051
162652
162672
163132
163438
163487
163767
163926
164292
165203
165683
166951
167297
167852
168754
169437
169487
170170
170269
170311
170506
171637
172190
172631
172657
173294
173332
175400
175406
175571
175780
176307
176347
176897
177265
177718
177751
178497
178604
178665
178855
179218
179285
179830
179911
180407
180548
180601
182057
182160
183017
183171
183255
183422
183675
183718
183745
184072
184274
184662
184765
184964
185143
185480
186952
187079
187727
187956
188170
189291
189375
189595
189838
189876
190428
190642
191269
191544
191662
191742
191893
192086
192177
192209
192218
192934
193368
193785
193944
195123
195809
196158
196637
196782
197247
197930
198483
198752
198812
198918
199086
199319
199372
199861
200792
201069
201435
202235
202324
204634
204645
204760
205010
205062
206243
206766
206781
207056
207480
207915
207993
208466
208513
209675
209817
210128
210224
210708
210812
212032
212148
213046
213077
213652
214055
214191
214815
215233
215264
215898
216090
216454
218657
218751
219654
220968
221155
221263
222232
222428
222754
223437
223735
223820
224178
224505
225213
225920
226967
227338
227440
227843
228101
228669
228721
229011
229329
229780
231367
231726
231761
232233
232325
232425
232805
233114
233336
233355
233570
233950
234431
234751
235053
235955
235957
236196
236214
236486
238311
238761
239828
240174
240993
241427
241979
242006
242050
242635
242834
243468
243767
245382
245400
245786
246831
247452
247757
248175
248359
248364
248977
249025
249025
249238
249395
249610
249758
250008
250649
250747
250819
251304
251327
251530
251743
251746
251761
251768
251816
251819
251990
252101
252277
252327
252481
252715
5009
5226
5667
5979
6734
9206
9241
10165
10272
11789
11984
12459
13372
13617
13888
14007
14148
15056
15057
15633
16110
16449
17501
17808
17833
18448
18507
18654
18704
20172
20468
20847
21485
21743
23023
23415
24020
24100
24136
24451
24605
24745
25496
26445
26650
26776
27138
27157
27320
27489
27710
28313
28806
28943
28996
29098
29375
29573
31020
31600
31790
32073
32248
32862
32976
33081
33786
34303
34596
34736
35109
35733
35879
36055
36437
36461
36857
36936
37062
37138
37472
37545
38879
38894
39129
39810
39916
40072
40220
40972
41167
41598
41792
42210
42484
43067
43102
43914
44131
44646
44687
44901
45329
45389
45979
46017
46341
46549
47189
47996
48267
48425
48529
48599
49646
49773
50197
50466
50499
50531
50740
50808
51498
51584
51986
52097
52732
53079
53801
54024
54180
54364
55323
55435
55776
55793
56151
56448
56561
56687
56788
56842
56927
57115
57570
57911
58320
58531
59129
59234
59543
59803
60809
61759
61773
62258
62315
63073
63141
64959
65054
65080
65666
66343
66444
67367
68107
68339
68427
68632
69232
70285
70330
70491
70491
70592
71116
71478
71892
72293
72703
75122
75218
75616
75743
76445
76672
78002
78044
78592
79088
79095
79540
80124
80261
81198
81858
81925
83781
84007
84216
84267
84315
84579
84746
85507
86469
86681
87531
87586
87662
88030
88434
88980
90086
90859
91251
91751
91840
92024
92234
92376
92396
93316
93397
94112
94165
95018
95020
95027
95160
95609
95655
95745
96177
96271
97567
97602
97654
97871
97874
98605
99393
100321
100486
100731
100857
101760
101940
102296
103537
103654
104061
104068
104407
104510
104522
104635
104712
105082
105196
106321
106348
106407
106685
107478
108957
109339
109352
109445
109608
110059
110094
110185
110270
110427
111448
111612
111793
111994
112466
112927
113030
113328
114462
114587
115381
115945
116473
118159
118234
118450
118475
118762
119080
119326
119375
119502
120867
121027
121937
121989
122023
122439
122594
123202
123519
123558
123568
125140
125244
125276
125336
125357
126168
127156
129706
129860
130791
130834
130908
130939
130968
130985
131125
131635
132043
132048
132501
132946
133596
133822
133984
134136
135240
135339
135590
136052
136154
136219
136476
137020
137703
138282
138496
138548
138864
140470
141133
142383
144529
145489
145669
146145
146244
146246
146451
146542
146961
147498
147567
147571
148194
149023
149446
149776
151948
151970
152336
152410
153916
154073
154508
154861
155181
156066
156489
156584
156615
156975
158627
158823
158967
159016
159495
160292
160374
160530
160574
161140
161521
162141
162161
162325
162493
162496
163338
163351
163787
164757
164871
165198
165483
165730
165879
165898
165915
166264
166488
166549
166582
166697
167308
167711
168133
168164
168275
168920
169080
169790
169957
170620
170893
171880
171932
172467
172621
172980
173136
173172
173402
173528
173865
173939
175890
176239
176279
177161
177203
177358
178046
178123
178690
178779
179453
179474
179915
180183
180200
180653
181562
181862
182039
183202
183242
183393
183540
183547
184120
184447
184889
185046
185642
185712
185876
186480
186746
187346
188314
188317
189617
189833
190702
190821
190922
192435
192594
193468
193721
193908
194185
194731
194778
194850
195195
195540
196444
196879
197203
197274
197315
198032
198099
198105
198451
198455
198918
200279
200345
200406
200885
202512
202568
202977
203049
203608
204404
204445
204606
204628
204984
205660
205852
206644
206668
206829
207128
207767
208154
208618
208942
209943
210192
210206
210306
210884
210979
210980
211014
211322
211597
212037
212151
212866
213314
213404
213496
213948
214197
214314
214393
214647
215689
216242
216746
217685
217741
217972
218236
218417
218652
218785
220161
220377
220851
221326
221743
222704
223059
223060
223780
223782
224472
224864
225205
226398
226917
227118
228804
228807
229291
229337
230302
230642
231791
231941
232088
232273
232734
235362
235462
235673
236129
236503
237012
237027
237129
237140
237199
237385
237639
237927
238469
238470
238783
238812
238867
239531
240642
241990
242864
243076
243750
244506
244823
245745
245774
246127
246677
246894
247397
248064
248130
248446
248671
248677
249680
249794
250011
489022
489038
489114
489210
489423
489949
490000
490027
5009
5009
5269
5635
6816
7144
7199
7619
8292
9431
10120
10122
10417
10845
11016
11351
11703
11763
11867
12299
12713
13405
13540
13598
13917
14385
15752
15781
16001
16522
17630
17881
19034
19278
19420
19486
20550
20934
21491
22104
23440
23591
23949
24124
24776
25861
26160
27536
28423
29053
29215
29438
30183
30706
30774
31224
31355
31639
32101
32276
32277
32310
32933
33808
33915
34282
34307
34633
34821
34979
35280
35391
35928
36126
37392
37876
38829
39392
39758
39828
39908
39960
40400
40500
40898
41159
41768
42122
42365
42856
43453
43592
44101
44353
44526
44757
44819
44962
45042
45156
45901
46588
46824
46852
46942
47406
47775
47928
49997
50063
50293
51019
51333
52018
52567
52621
52630
52927
53499
53762
53882
55232
56591
56699
56747
56791
57229
57602
58218
58800
59720
60498
60642
60987
61087
61151
61918
62548
62923
63084
64049
65643
65812
65965
66064
66103
66623
66681
66805
66975
67183
67223
67431
67609
68818
69030
69883
70757
70927
70999
71201
71510
71774
72213
72485
72606
72943
73039
73181
73505
73627
75076
75155
75615
76077
76139
76486
76773
78259
79322
79373
79381
79841
79908
79933
79957
80254
80605
80636
80776
80830
80843
80886
81815
82379
82460
82466
82539
83031
83304
83448
84542
85106
85739
85972
86480
87688
87710
87711
87928
87997
88208
89128
89174
89491
89727
89965
90023
90200
90960
90987
91042
91686
92351
92489
92609
92792
92923
93152
93640
94174
94749
95022
95475
95731
96176
96358
96879
96913
97408
97660
98734
98739
99538
100161
100514
101113
101331
102501
102675
103030
104812
105141
105342
105473
106038
106226
106413
108129
108354
110174
110508
111427
112818
114053
114180
115152
115934
116354
116840
116941
117174
117195
117731
118130
118252
118325
118513
118800
119161
119446
119836
122004
122045
122177
122729
124337
125086
125657
126510
126598
127098
127179
127249
127369
127513
127616
128121
128464
128526
129067
129408
129524
129877
129954
131151
132781
134722
134822
135518
135719
135729
136907
136977
137091
137418
137590
138380
138651
138715
138989
139471
139784
139885
140068
140091
140826
140875
141247
142481
142779
142838
143910
144042
144308
144491
145053
145207
145257
145375
145472
145494
146692
147326
147554
147774
147997
148604
149078
149637
149720
149832
150125
150508
150654
150811
150859
150997
151121
151213
152161
152226
152910
153006
153621
154714
154863
155554
155624
155633
155872
156217
156407
156802
157511
158124
158436
158547
158590
158732
159138
159487
159527
159745
160106
160923
161527
162051
162652
162672
163132
163438
163487
163767
163926
164292
165203
165683
166951
167297
167852
168754
169437
169487
170170
170269
170311
170506
171637
172190
172631
172657
173294
173332
175400
175406
175571
175780
176307
176347
176897
177265
177718
177751
178497
178604
178665
178855
179218
179285
179830
179911
180407
180548
180601
182057
182160
183017
183171
183255
183422
183675
183718
183745
184072
184274
184662
184765
184964
185143
185480
186952
187079
187727
187956
188170
189291
189375
189595
189838
189876
190428
190642
191269
191544
191662
191742
191893
192086
192177
192209
192218
192934
193368
193785
193944
195123
195809
196158
196637
196782
197247
197930
198483
198752
198812
198918
199086
199319
199372
199861
200792
201069
201435
202235
202324
204634
204645
204760
205010
205062
206243
206766
206781
207056
207480
207915
207993
208466
208513
209675
209817
210128
210224
210708
210812
212032
212148
213046
213077
213652
214055
214191
214815
215233
215264
215898
216090
216454
218657
218751
219654
220968
221155
221263
222232
222428
222754
223437
223735
223820
224178
224505
225213
225920
226967
227338
227440
227843
228101
228669
228721
229011
229329
229780
231367
231726
231761
232233
232325
232425
232805
233114
233336
233355
233570
233950
234431
234751
235053
235955
235957
236196
236214
236486
238311
238761
239828
240174
240993
241427
241979
242006
242050
242635
242834
243468
243767
245382
245400
245786
246831
247452
247757
248175
248359
248364
248977
249025
249025
249238
249395
249610
249758
250008
250649
250747
250819
251819
252911
253100
254283
254884
254946
255076
255251
255977
256271
256477
256479
256490
256530
256678
256816
256975
257597
258001
258257
258306
260674
261050
261667
262431
262520
262583
263421
263497
263655
263794
264014
264360
264398
264854
264932
265391
266194
266659
266858
267199
267292
267725
267731
268496
269508
269512
270742
271173
271360
271401
271487
271690
271908
272028
272888
273567
273655
273865
273952
274432
275515
275532
275860
276103
276234
277188
278068
278854
278990
279082
279172
279239
279893
279944
280206
280526
281052
281468
282255
283253
283437
283738
283855
284199
285188
285836
287600
287797
288777
289072
289123
289233
289773
290021
290255
290720
290775
291161
291485
291743
291980
292139
292267
294404
295466
296002
296600
296774
298730
298784
299142
299513
299699
299706
299774
299808
300579
300712
300742
300961
300996
301167
301192
301462
302059
304130
304817
306879
307084
307272
307354
310010
310636
311065
313082
313220
313265
313871
314281
315047
315081
315855
316706
316750
316897
317249
317287
317444
318288
320483
321100
321357
321408
321554
321787
322915
323427
323691
324025
324504
324908
324960
325695
326046
326920
327084
327407
327704
328187
328516
328686
329164
329528
330491
331784
332060
332892
333732
333872
334942
336255
336313
336386
336672
336829
337227
337281
337375
338131
338460
339198
340448
340773
340950
341551
341786
341798
341966
342508
344023
344235
344903
345135
345178
345269
346115
346685
346827
348181
348687
349502
349737
350359
350731
350766
350826
350916
351072
351718
352604
352683
352861
354671
354754
354908
355230
356108
356391
356489
356554
356819
357308
357860
359202
359767
360857
361464
361489
361647
361677
361823
363200
363260
363341
363551
363565
364616
364792
364920
365029
366070
366559
367445
367734
368056
368144
369028
370120
370732
370984
371435
371823
371971
372618
372729
373053
373140
374366
374550
374817
375218
375222
375320
375728
375873
376256
376468
376647
376671
376731
376898
377500
378194
378865
379574
379704
380292
380323
380367
381465
381652
381775
381916
382427
382524
383032
383281
383561
384071
384564
384719
386319
386697
386851
386917
386922
388310
388337
388584
389733
389838
390752
390852
390979
391076
392059
392511
392612
392739
393701
393988
395007
395173
395489
395776
395971
396164
396211
397243
398698
398850
398892
398934
398977
400443
400536
400735
401014
401070
401378
401461
401695
402092
402361
402750
403933
404311
405070
405071
405135
405211
405350
405665
405871
406332
406422
406543
406904
407452
408135
408935
408990
409617
409802
410091
410544
410949
411266
411749
412173
412323
412433
412617
413554
413566
413714
413934
414135
414583
414816
415338
415518
415530
416139
416216
416219
416639
417072
417411
417593
418103
419087
419480
419716
419723
420041
420235
422411
422891
423156
423304
423739
423750
424424
424864
424865
425202
425614
425683
425785
426070
426165
426270
426428
426538
427197
427417
428239
428888
429128
429541
429808
430275
430683
430927
431447
431801
432999
433764
434070
434205
434309
434358
435413
435744
435800
436333
436388
436758
437589
437697
438038
438747
439124
439146
440770
441309
442496
442949
443334
443704
443968
444036
444293
444300
445033
445259
445998
446562
446925
447137
447351
447374
447445
447534
447599
447997
448028
448708
448738
448881
449004
449583
450104
450460
450789
451076
452213
452352
452574
453361
454226
454391
454414
455411
456081
456208
456618
456911
457220
457236
457512
457580
457702
458000
458209
458380
458701
458889
459168
459307
459366
459473
459833
460737
460751
460810
460991
461139
461191
461670
461918
462166
462294
462857
463952
463993
464430
464525
464777
465189
465442
465875
465974
466146
466194
466467
466483
466810
467106
467234
468303
468482
469184
469380
471694
471994
472033
472064
472174
473067
473388
473438
474005
475113
475623
476172
476780
476845
477679
478538
479036
479138
479186
479782
480021
481274
481397
481660
481724
482131
482884
483085
483372
483452
484696
485179
485522
485746
486310
486666
487927
488114
488116
488636
488875
489644
490061
490504
492425
492692
492692
492692
492731
492731
492731
492747
492747
492747
493053
493093
493093
493093
493161
493634
493634
493634
493785
493785
493785
493787
493787
493787
493790
493854
494676
495251
495274
5009
5009
5269
5635
6816
7144
7199
7619
8292
9431
10120
10122
10417
10845
11016
11351
11703
11763
11867
12299
12713
13405
13540
13598
13917
492692
492692
492692
492692
492692
492692
492731
492731
492731
492731
492731
492731
492747
492747
492747
492747
492747
492747
493093
493093
493093
493093
493093
493093
493634
493634
493634
493634
493634
493634
493785
493785
493785
493785
493785
493785
493787
493787
493787
493787
493787
493787
495274
5009
5009
5269
5635
6816
7144
7199
7619
8292
9431
10120
10122
10417
10845
11016
11351
11703
11763
11867
12299
12713
13405
13540
13598
13917
14385
15752
15781
16001
16522
17630
17881
19034
19278
19420
19486
20550
20934
21491
22104
23440
23591
23949
24124
24776
25861
26160
27536
28423
29053
29215
29438
30183
30706
30774
31224
31355
31639
32101
32276
32277
32310
32933
33808
33915
34282
34307
34633
34821
34979
35280
35391
35928
36126
37392
37876
38829
39392
39758
39828
39908
39960
40400
40500
40898
41159
41768
42122
42365
42856
43453
43592
44101
44353
44526
44757
44819
44962
45042
45156
45901
46588
46824
46852
46942
47406
47775
47928
49997
50063
50293
51019
51333
52018
52567
52621
52630
52927
53499
53762
53882
55232
56591
56699
56747
56791
57229
57602
58218
58800
59720
60498
60642
60987
61087
61151
61918
62548
62923
63084
64049
65643
65812
65965
66064
66103
66623
66681
66805
66975
67183
67223
67431
67609
68818
69030
69883
70757
70927
70999
71201
71510
71774
72213
72485
72606
72943
73039
73181
73505
73627
75076
75155
75615
76077
76139
76486
76773
78259
79322
79373
79381
79841
79908
79933
79957
80254
80605
80636
80776
80830
80843
80886
81815
82379
82460
82466
82539
83031
83304
83448
84542
85106
85739
85972
86480
87688
87710
87711
87928
87997
88208
89128
89174
89491
89727
89965
90023
90200
90960
90987
91042
91686
92351
92489
92609
92792
92923
93152
93640
94174
94749
95022
95475
95731
96176
96358
96879
96913
97408
97660
98734
98739
99538
100161
100514
101113
101331
102501
102675
103030
104812
105141
105342
105473
106038
106226
106413
108129
108354
110174
110508
111427
112818
114053
114180
115152
115934
116354
116840
116941
117174
117195
117731
118130
118252
118325
118513
118800
119161
119446
119836
122004
122045
122177
122729
124337
125086
125657
126510
126598
127098
127179
127249
127369
127513
127616
128121
128464
128526
129067
129408
129524
129877
129954
131151
132781
134722
134822
135518
135719
135729
136907
136977
137091
137418
137590
138380
138651
138715
138989
139471
139784
139885
140068
140091
140826
140875
141247
142481
142779
142838
143910
144042
144308
144491
145053
145207
145257
145375
145472
145494
146692
147326
147554
147774
147997
148604
149078
149637
149720
149832
150125
150508
150654
150811
150859
150997
151121
151213
152161
152226
152910
153006
153621
154714
154863
155554
155624
155633
155872
156217
156407
156802
157511
158124
158436
158547
158590
158732
159138
159487
159527
159745
160106
160923
161527
162051
162652
162672
163132
163438
163487
163767
163926
164292
165203
165683
166951
167297
167852
168754
169437
169487
170170
170269
170311
170506
171637
172190
172631
172657
173294
173332
175400
175406
175571
175780
176307
176347
176897
177265
177718
177751
178497
178604
178665
178855
179218
179285
179830
179911
180407
180548
180601
182057
182160
183017
183171
183255
183422
183675
183718
183745
184072
184274
184662
184765
184964
185143
185480
186952
187079
187727
187956
188170
189291
189375
189595
189838
189876
190428
190642
191269
191544
191662
191742
191893
192086
192177
192209
192218
192934
193368
193785
193944
195123
195809
196158
196637
196782
197247
197930
198483
198752
198812
198918
199086
199319
199372
199861
200792
201069
201435
202235
202324
204634
204645
204760
205010
205062
206243
206766
206781
207056
207480
207915
207993
208466
208513
209675
209817
210128
210224
210708
210812
212032
212148
213046
213077
213652
214055
214191
214815
215233
215264
215898
216090
216454
218657
218751
219654
220968
221155
221263
222232
222428
222754
223437
223735
223820
224178
224505
225213
225920
226967
227338
227440
227843
228101
228669
228721
229011
229329
229780
231367
231726
231761
232233
232325
232425
232805
233114
233336
233355
233570
233950
234431
234751
235053
235955
235957
236196
236214
236486
238311
238761
239828
240174
240993
241427
241979
242006
242050
242635
242834
243468
243767
245382
245400
245786
246831
247452
247757
248175
248359
248364
248977
249025
249025
249238
249395
249610
249758
250008
250649
250747
250819
251819
252911
253100
254283
254884
254946
255076
255251
255977
256271
256477
256479
256490
256530
256678
256816
256975
257597
258001
258257
258306
260674
261050
261667
262431
262520
262583
263421
263497
263655
263794
264014
264360
264398
264854
264932
265391
266194
266659
266858
267199
267292
267725
267731
268496
269508
269512
270742
271173
271360
271401
271487
271690
271908
272028
272888
273567
273655
273865
273952
274432
275515
275532
275860
276103
276234
277188
278068
278854
278990
279082
279172
279239
279893
279944
280206
280526
281052
281468
282255
283253
283437
283738
283855
284199
285188
285836
287600
287797
288777
289072
289123
289233
289773
290021
290255
290720
290775
291161
291485
291743
291980
292139
292267
294404
295466
296002
296600
296774
298730
298784
299142
299513
299699
299706
299774
299808
300579
300712
300742
300961
300996
301167
301192
301462
302059
304130
304817
306879
307084
307272
307354
310010
310636
311065
313082
313220
313265
313871
314281
315047
315081
315855
316706
316750
316897
317249
317287
317444
318288
320483
321100
321357
321408
321554
321787
322915
323427
323691
324025
324504
324908
324960
325695
326046
326920
327084
327407
327704
328187
328516
328686
329164
329528
330491
331784
332060
332892
333732
333872
334942
336255
336313
336386
336672
336829
337227
337281
337375
338131
338460
339198
340448
340773
340950
341551
341786
341798
341966
342508
344023
344235
344903
345135
345178
345269
346115
346685
346827
348181
348687
349502
349737
350359
350731
350766
350826
350916
351072
351718
352604
352683
352861
354671
354754
354908
355230
356108
356391
356489
356554
356819
357308
357860
359202
359767
360857
361464
361489
361647
361677
361823
363200
363260
363341
363551
363565
364616
364792
364920
365029
366070
366559
367445
367734
368056
368144
369028
370120
370732
370984
371435
371823
371971
372618
372729
373053
373140
374366
374550
374817
375218
375222
375320
375728
375873
376256
376468
376647
376671
376731
376898
377500
378194
378865
379574
379704
380292
380323
380367
381465
381652
381775
381916
382427
382524
383032
383281
383561
384071
384564
384719
386319
386697
386851
386917
386922
388310
388337
388584
389733
389838
390752
390852
390979
391076
392059
392511
392612
392739
393701
393988
395007
395173
395489
395776
395971
396164
396211
397243
398698
398850
398892
398934
398977
400443
400536
400735
401014
401070
401378
401461
401695
402092
402361
402750
403933
404311
405070
405071
405135
405211
405350
405665
405871
406332
406422
406543
406904
407452
408135
408935
408990
409617
409802
410091
410544
410949
411266
411749
412173
412323
412433
412617
413554
413566
413714
413934
414135
414583
414816
415338
415518
415530
416139
416216
416219
416639
417072
417411
417593
418103
419087
419480
419716
419723
420041
420235
422411
422891
423156
423304
423739
423750
424424
424864
424865
425202
425614
425683
425785
426070
426165
426270
426428
426538
427197
427417
428239
428888
429128
429541
429808
430275
430683
430927
431447
431801
432999
433764
434070
434205
434309
434358
435413
435744
435800
436333
436388
436758
437589
437697
438038
438747
439124
439146
440770
441309
442496
442949
443334
443704
443968
444036
444293
444300
445033
445259
445998
446562
446925
447137
447351
447374
447445
447534
447599
447997
448028
448708
448738
448881
449004
449583
450104
450460
450789
451076
452213
452352
452574
453361
454226
454391
454414
455411
456081
456208
456618
456911
457220
457236
457512
457580
457702
458000
458209
458380
458701
458889
459168
459307
459366
459473
459833
460737
460751
460810
460991
461139
461191
461670
461918
462166
462294
462857
463952
463993
464430
464525
464777
465189
465442
465875
465974
466146
466194
466467
466483
466810
467106
467234
468303
468482
469184
469380
471694
471994
472033
472064
472174
473067
473388
473438
474005
475113
475623
476172
476780
476845
477679
478538
479036
479138
479186
479782
480021
481274
481397
481660
481724
482131
482884
483085
483372
483452
484696
485179
485522
485746
486310
486666
487927
488114
488116
488636
488875
489644
490061
490504
492425
493053
493161
493790
493854
494676
495251
495274
5009
5009
5269
5635
6816
7144
7199
7619
8292
9431
10120
492692
492692
492692
492731
492731
492731
492747
492747
492747
493093
493093
493093
493634
493634
493634
493785
493785
493785
493787
493787
493787
495274
5009
5009
5269
5635
6816
7144
7199
7619
8292
9431
10120
10122
10417
10845
11016
11351
11703
11763
11867
12299
12713
13405
13540
13598
13917
14385
15752
15781
16001
16522
17630
17881
19034
19278
19420
19486
20550
20934
21491
22104
23440
23591
23949
24124
24776
25861
26160
27536
28423
29053
29215
29438
30183
30706
30774
31224
31355
31639
32101
32276
32277
32310
32933
33808
33915
34282
34307
34633
34821
34979
35280
35391
35928
36126
37392
37876
38829
39392
39758
39828
39908
39960
40400
40500
40898
41159
41768
42122
42365
42856
43453
43592
44101
44353
44526
44757
44819
44962
45042
45156
45901
46588
46824
46852
46942
47406
47775
47928
49997
50063
50293
51019
51333
52018
52567
52621
52630
52927
53499
53762
53882
55232
56591
56699
56747
56791
57229
57602
58218
58800
59720
60498
60642
60987
61087
61151
61918
62548
62923
63084
64049
65643
65812
65965
66064
66103
66623
66681
66805
66975
67183
67223
67431
67609
68818
69030
69883
70757
70927
70999
71201
71510
71774
72213
72485
72606
72943
73039
73181
73505
73627
75076
75155
75615
76077
76139
76486
76773
78259
79322
79373
79381
79841
79908
79933
79957
80254
80605
80636
80776
80830
80843
80886
81815
82379
82460
82466
82539
83031
83304
83448
84542
85106
85739
85972
86480
87688
87710
87711
87928
87997
88208
89128
89174
89491
89727
89965
90023
90200
90960
90987
91042
91686
92351
92489
92609
92792
92923
93152
93640
94174
94749
95022
95475
95731
96176
96358
96879
96913
97408
97660
98734
98739
99538
100161
100514
101113
101331
102501
102675
103030
104812
105141
105342
105473
106038
106226
106413
108129
108354
110174
110508
111427
112818
114053
114180
115152
115934
116354
116840
116941
117174
117195
117731
118130
118252
118325
118513
118800
119161
119446
119836
122004
122045
122177
122729
124337
125086
125657
126510
126598
127098
127179
127249
127369
127513
127616
128121
128464
128526
129067
129408
129524
129877
129954
131151
132781
134722
134822
135518
135719
135729
136907
136977
137091
137418
137590
138380
138651
138715
138989
139471
139784
139885
140068
140091
140826
140875
141247
142481
142779
142838
143910
144042
144308
144491
145053
145207
145257
145375
145472
145494
146692
147326
147554
147774
147997
148604
149078
149637
149720
149832
150125
150508
150654
150811
150859
150997
151121
151213
152161
152226
152910
153006
153621
154714
154863
155554
155624
155633
155872
156217
156407
156802
157511
158124
158436
158547
158590
158732
159138
159487
159527
159745
160106
160923
161527
162051
162652
162672
163132
163438
163487
163767
163926
164292
165203
165683
166951
167297
167852
168754
169437
169487
170170
170269
170311
170506
171637
172190
172631
172657
173294
173332
175400
175406
175571
175780
176307
176347
176897
177265
177718
177751
178497
178604
178665
178855
179218
179285
179830
179911
180407
180548
180601
182057
182160
183017
183171
183255
183422
183675
183718
183745
184072
184274
184662
184765
184964
185143
185480
186952
187079
187727
187956
188170
189291
189375
189595
189838
189876
190428
190642
191269
191544
191662
191742
191893
192086
192177
192209
192218
192934
193368
193785
193944
195123
195809
196158
196637
196782
197247
197930
198483
198752
198812
198918
199086
199319
199372
199861
200792
201069
201435
202235
202324
204634
204645
204760
205010
205062
206243
206766
206781
207056
207480
207915
207993
208466
208513
209675
209817
210128
210224
210708
210812
212032
212148
213046
213077
213652
214055
214191
214815
215233
215264
215898
216090
216454
218657
218751
219654
220968
221155
221263
222232
222428
222754
223437
223735
223820
224178
224505
225213
225920
226967
227338
227440
227843
228101
228669
228721
229011
229329
229780
231367
231726
231761
232233
232325
232425
232805
233114
233336
233355
233570
233950
234431
234751
235053
235955
235957
236196
236214
236486
238311
238761
239828
240174
240993
241427
241979
242006
242050
242635
242834
243468
243767
245382
245400
245786
246831
247452
247757
248175
248359
248364
248977
249025
249025
249238
249395
249610
249758
250008
250649
250747
250819
251819
252911
253100
254283
254884
254946
255076
255251
255977
256271
256477
256479
256490
256530
256678
256816
256975
257597
258001
258257
258306
260674
261050
261667
262431
262520
262583
263421
263497
263655
263794
264014
264360
264398
264854
264932
265391
266194
266659
266858
267199
267292
267725
267731
268496
269508
269512
270742
271173
271360
271401
271487
271690
271908
272028
272888
273567
273655
273865
273952
274432
275515
275532
275860
276103
276234
277188
278068
278854
278990
279082
279172
279239
279893
279944
280206
280526
281052
281468
282255
283253
283437
283738
283855
284199
285188
285836
287600
287797
288777
289072
289123
289233
289773
290021
290255
290720
290775
291161
291485
291743
291980
292139
292267
294404
295466
296002
296600
296774
298730
298784
299142
299513
299699
299706
299774
299808
300579
300712
300742
300961
300996
301167
301192
301462
302059
304130
304817
306879
307084
307272
307354
310010
310636
311065
313082
313220
313265
313871
314281
315047
315081
315855
316706
316750
316897
317249
317287
317444
318288
320483
321100
321357
321408
321554
321787
322915
323427
323691
324025
324504
324908
324960
325695
326046
326920
327084
327407
327704
328187
328516
328686
329164
329528
330491
331784
332060
332892
333732
333872
334942
336255
336313
336386
336672
336829
337227
337281
337375
338131
338460
339198
340448
340773
340950
341551
341786
341798
341966
342508
344023
344235
344903
345135
345178
345269
346115
346685
346827
348181
348687
349502
349737
350359
350731
350766
350826
350916
351072
351718
352604
352683
352861
354671
354754
354908
355230
356108
356391
356489
356554
356819
357308
357860
359202
359767
360857
361464
361489
361647
361677
361823
363200
363260
363341
363551
363565
364616
364792
364920
365029
366070
366559
367445
367734
368056
368144
369028
370120
370732
370984
371435
371823
371971
372618
372729
373053
373140
374366
374550
374817
375218
375222
375320
375728
375873
376256
376468
376647
376671
376731
376898
377500
378194
378865
379574
379704
380292
380323
380367
381465
381652
381775
381916
382427
382524
383032
383281
383561
384071
384564
384719
386319
386697
386851
386917
386922
388310
388337
388584
389733
389838
390752
390852
390979
391076
392059
392511
392612
392739
393701
393988
395007
395173
395489
395776
395971
396164
396211
397243
398698
398850
398892
398934
398977
400443
400536
400735
401014
401070
401378
401461
401695
402092
402361
402750
403933
404311
405070
405071
405135
405211
405350
405665
405871
406332
406422
406543
406904
407452
408135
408935
408990
409617
409802
410091
410544
410949
411266
411749
412173
412323
412433
412617
413554
413566
413714
413934
414135
414583
414816
415338
415518
415530
416139
416216
416219
416639
417072
417411
417593
418103
419087
419480
419716
419723
420041
420235
422411
422891
423156
423304
423739
423750
424424
424864
424865
425202
425614
425683
425785
426070
426165
426270
426428
426538
427197
427417
428239
428888
429128
429541
429808
430275
430683
430927
431447
431801
432999
433764
434070
434205
434309
434358
435413
435744
435800
436333
436388
436758
437589
437697
438038
438747
439124
439146
440770
441309
442496
442949
443334
443704
443968
444036
444293
444300
445033
445259
445998
446562
446925
447137
447351
447374
447445
447534
447599
447997
448028
448708
448738
448881
449004
449583
450104
450460
450789
451076
452213
452352
452574
453361
454226
454391
454414
455411
456081
456208
456618
456911
457220
457236
457512
457580
457702
458000
458209
458380
458701
458889
459168
459307
459366
459473
459833
460737
460751
460810
460991
461139
461191
461670
461918
462166
462294
462857
463952
463993
464430
464525
464777
465189
465442
465875
465974
466146
466194
466467
466483
466810
467106
467234
468303
468482
469184
469380
471694
471994
472033
472064
472174
473067
473388
473438
474005
475113
475623
476172
476780
476845
477679
478538
479036
479138
479186
479782
480021
481274
481397
481660
481724
482131
482884
483085
483372
483452
484696
485179
485522
485746
486310
486666
487927
488114
488116
488636
488875
489644
490061
490504
492425
493053
493161
493790
493854
494676
495251
495274
5009
5009
5269
5635
6816
7144
7199
7619
8292
9431
10120
10122
10417
10845
11016
11351
11703
11763
11867
12299
12713
13405
13540
13598
13917
14385
15752
15781
16001
16522
17630
17881
492692
492731
492747
493093
493634
493785
493787
495274
5009
5009
5269
5635
6816
7144
7199
7619
8292
9431
10120
10122
10417
10845
11016
11351
11703
11763
11867
12299
12713
13405
13540
13598
13917
14385
15752
15781
16001
16522
17630
17881
19034
19278
19420
19486
20550
20934
21491
22104
23440
23591
23949
24124
24776
25861
26160
27536
28423
29053
29215
29438
30183
30706
30774
31224
31355
31639
32101
32276
32277
32310
32933
33808
33915
34282
34307
34633
34821
34979
35280
35391
35928
36126
37392
37876
38829
39392
39758
39828
39908
39960
40400
40500
40898
41159
41768
42122
42365
42856
43453
43592
44101
44353
44526
44757
44819
44962
45042
45156
45901
46588
46824
46852
46942
47406
47775
47928
49997
50063
50293
51019
51333
52018
52567
52621
52630
52927
53499
53762
53882
55232
56591
56699
56747
56791
57229
57602
58218
58800
59720
60498
60642
60987
61087
61151
61918
62548
62923
63084
64049
65643
65812
65965
66064
66103
66623
66681
66805
66975
67183
67223
67431
67609
68818
69030
69883
70757
70927
70999
71201
71510
71774
72213
72485
72606
72943
73039
73181
73505
73627
75076
75155
75615
76077
76139
76486
76773
78259
79322
79373
79381
79841
79908
79933
79957
80254
80605
80636
80776
80830
80843
80886
81815
82379
82460
82466
82539
83031
83304
83448
84542
85106
85739
85972
86480
87688
87710
87711
87928
87997
88208
89128
89174
89491
89727
89965
90023
90200
90960
90987
91042
91686
92351
92489
92609
92792
92923
93152
93640
94174
94749
95022
95475
95731
96176
96358
96879
96913
97408
97660
98734
98739
99538
100161
100514
101113
101331
102501
102675
103030
104812
105141
105342
105473
106038
106226
106413
108129
108354
110174
110508
111427
112818
114053
114180
115152
115934
116354
116840
116941
117174
117195
117731
118130
118252
118325
118513
118800
119161
119446
119836
122004
122045
122177
122729
124337
125086
125657
126510
126598
127098
127179
127249
127369
127513
127616
128121
128464
128526
129067
129408
129524
129877
129954
131151
132781
134722
134822
135518
135719
135729
136907
136977
137091
137418
137590
138380
138651
138715
138989
139471
139784
139885
140068
140091
140826
140875
141247
142481
142779
142838
143910
144042
144308
144491
145053
145207
145257
145375
145472
145494
146692
147326
147554
147774
147997
148604
149078
149637
149720
149832
150125
150508
150654
150811
150859
150997
151121
151213
152161
152226
152910
153006
153621
154714
154863
155554
155624
155633
155872
156217
156407
156802
157511
158124
158436
158547
158590
158732
159138
159487
159527
159745
160106
160923
161527
162051
162652
162672
163132
163438
163487
163767
163926
164292
165203
165683
166951
167297
167852
168754
169437
169487
170170
170269
170311
170506
171637
172190
172631
172657
173294
173332
175400
175406
175571
175780
176307
176347
176897
177265
177718
177751
178497
178604
178665
178855
179218
179285
179830
179911
180407
180548
180601
182057
182160
183017
183171
183255
183422
183675
183718
183745
184072
184274
184662
184765
184964
185143
185480
186952
187079
187727
187956
188170
189291
189375
189595
189838
189876
190428
190642
191269
191544
191662
191742
191893
192086
192177
192209
192218
192934
193368
193785
193944
195123
195809
196158
196637
196782
197247
197930
198483
198752
198812
198918
199086
199319
199372
199861
200792
201069
201435
202235
202324
204634
204645
204760
205010
205062
206243
206766
206781
207056
207480
207915
207993
208466
208513
209675
209817
210128
210224
210708
210812
212032
212148
213046
213077
213652
214055
214191
214815
215233
215264
215898
216090
216454
218657
218751
219654
220968
221155
221263
222232
222428
222754
223437
223735
223820
224178
224505
225213
225920
226967
227338
227440
227843
228101
228669
228721
229011
229329
229780
231367
231726
231761
232233
232325
232425
232805
233114
233336
233355
233570
233950
234431
234751
235053
235955
235957
236196
236214
236486
238311
238761
239828
240174
240993
241427
241979
242006
242050
242635
242834
243468
243767
245382
245400
245786
246831
247452
247757
248175
248359
248364
248977
249025
249025
249238
249395
249610
249758
250008
250649
250747
250819
251819
252911
253100
254283
254884
254946
255076
255251
255977
256271
256477
256479
256490
256530
256678
256816
256975
257597
258001
258257
258306
260674
261050
261667
262431
262520
262583
263421
263497
263655
263794
264014
264360
264398
264854
264932
265391
266194
266659
266858
267199
267292
267725
267731
268496
269508
269512
270742
271173
271360
271401
271487
271690
271908
272028
272888
273567
273655
273865
273952
274432
275515
275532
275860
276103
276234
277188
278068
278854
278990
279082
279172
279239
279893
279944
280206
280526
281052
281468
282255
283253
283437
283738
283855
284199
285188
285836
287600
287797
288777
289072
289123
289233
289773
290021
290255
290720
290775
291161
291485
291743
291980
292139
292267
294404
295466
296002
296600
296774
298730
298784
299142
299513
299699
299706
299774
299808
300579
300712
300742
300961
300996
301167
301192
301462
302059
304130
304817
306879
307084
307272
307354
310010
310636
311065
313082
313220
313265
313871
314281
315047
315081
315855
316706
316750
316897
317249
317287
317444
318288
320483
321100
321357
321408
321554
321787
322915
323427
323691
324025
324504
324908
324960
325695
326046
326920
327084
327407
327704
328187
328516
328686
329164
329528
330491
331784
332060
332892
333732
333872
334942
336255
336313
336386
336672
336829
337227
337281
337375
338131
338460
339198
340448
340773
340950
341551
341786
341798
341966
342508
344023
344235
344903
345135
345178
345269
346115
346685
346827
348181
348687
349502
349737
350359
350731
350766
350826
350916
351072
351718
352604
352683
352861
354671
354754
354908
355230
356108
356391
356489
356554
356819
357308
357860
359202
359767
360857
361464
361489
361647
361677
361823
363200
363260
363341
363551
363565
364616
364792
364920
365029
366070
366559
367445
367734
368056
368144
369028
370120
370732
370984
371435
371823
371971
372618
372729
373053
373140
374366
374550
374817
375218
375222
375320
375728
375873
376256
376468
376647
376671
376731
376898
377500
378194
378865
379574
379704
380292
380323
380367
381465
381652
381775
381916
382427
382524
383032
383281
383561
384071
384564
384719
386319
386697
386851
386917
386922
388310
388337
388584
389733
389838
390752
390852
390979
391076
392059
392511
392612
392739
393701
393988
395007
395173
395489
395776
395971
396164
396211
397243
398698
398850
398892
398934
398977
400443
400536
400735
401014
401070
401378
401461
401695
402092
402361
402750
403933
404311
405070
405071
405135
405211
405350
405665
405871
406332
406422
406543
406904
407452
408135
408935
408990
409617
409802
410091
410544
410949
411266
411749
412173
412323
412433
412617
413554
413566
413714
413934
414135
414583
414816
415338
415518
415530
416139
416216
416219
416639
417072
417411
417593
418103
419087
419480
419716
419723
420041
420235
422411
422891
423156
423304
423739
423750
424424
424864
424865
425202
425614
425683
425785
426070
426165
426270
426428
426538
427197
427417
428239
428888
429128
429541
429808
430275
430683
430927
431447
431801
432999
433764
434070
434205
434309
434358
435413
435744
435800
436333
436388
436758
437589
437697
438038
438747
439124
439146
440770
441309
442496
442949
443334
443704
443968
444036
444293
444300
445033
445259
445998
446562
446925
447137
447351
447374
447445
447534
447599
447997
448028
448708
448738
448881
449004
449583
450104
450460
450789
451076
452213
452352
452574
453361
454226
454391
454414
455411
456081
456208
456618
456911
457220
457236
457512
457580
457702
458000
458209
458380
458701
458889
459168
459307
459366
459473
459833
460737
460751
460810
460991
461139
461191
461670
461918
462166
462294
462857
463952
463993
464430
464525
464777
465189
465442
465875
465974
466146
466194
466467
466483
466810
467106
467234
468303
468482
469184
469380
471694
471994
472033
472064
472174
473067
473388
473438
474005
475113
475623
476172
476780
476845
477679
478538
479036
479138
479186
479782
480021
481274
481397
481660
481724
482131
482884
483085
483372
483452
484696
485179
485522
485746
486310
486666
487927
488114
488116
488636
488875
489644
490061
490504
492425
493053
493161
493790
493854
494676
495251
495924
496076
496389
496593
496664
496780
496870
496983
497417
497502
497857
497922
497987
498256
498415
498481
498915
499297
499465
499486
499599
500154
500668
501163
501240
501255
501685
501832
502484
502734
504598
504827
504959
505047
505638
505642
505776
505905
505954
506025
506685
506915
507092
508186
508528
508606
509174
992939
995128
995688
995797
996816
998214
998214
998214
998215
998305
998876
998876
998876
999117
5009
5009
5269
5635
6816
7144
7199
7619
8292
9431
10120
10122
10417
10845
11016
11351
11703
11763
11867
12299
12713
13405
13540
13598
13917
14385
15752
15781
16001
16522
17630
17881
19034
19278
19420
19486
20550
20934
21491
22104
23440
23591
23949
24124
24776
25861
26160
27536
28423
29053
29215
29438
30183
30706
30774
31224
31355
31639
32101
32276
32277
32310
32933
33808
33915
34282
34307
34633
34821
34979
35280
35391
35928
36126
37392
37876
38829
39392
39758
39828
39908
39960
40400
40500
40898
41159
41768
42122
42365
42856
43453
43592
44101
44353
44526
44757
44819
44962
45042
45156
45901
46588
46824
46852
46942
47406
47775
47928
49997
50063
50293
51019
51333
52018
52567
52621
52630
52927
53499
53762
53882
55232
56591
56699
56747
56791
57229
57602
58218
58800
59720
60498
60642
60987
61087
61151
61918
62548
62923
63084
64049
65643
65812
65965
66064
66103
66623
66681
66805
66975
67183
67223
67431
67609
68818
69030
69883
70757
70927
70999
71201
71510
71774
72213
72485
72606
72943
73039
73181
73505
73627
75076
75155
75615
76077
76139
76486
76773
78259
79322
79373
79381
79841
79908
79933
79957
80254
80605
80636
80776
80830
80843
80886
81815
82379
82460
82466
82539
83031
83304
83448
84542
85106
85739
85972
86480
87688
87710
87711
87928
87997
88208
89128
89174
89491
89727
89965
90023
90200
90960
90987
91042
91686
92351
92489
92609
92792
92923
93152
93640
94174
94749
95022
95475
95731
96176
96358
96879
96913
97408
97660
98734
98739
99538
100161
100514
101113
101331
102501
102675
103030
104812
105141
105342
105473
106038
106226
106413
108129
108354
110174
110508
111427
112818
114053
114180
115152
115934
116354
116840
116941
117174
117195
117731
118130
118252
118325
118513
118800
119161
119446
119836
122004
122045
122177
122729
124337
125086
125657
126510
126598
127098
127179
127249
127369
127513
127616
128121
128464
128526
129067
129408
129524
129877
129954
131151
132781
134722
134822
135518
135719
135729
136907
136977
137091
137418
137590
138380
138651
138715
138989
139471
139784
139885
140068
140091
140826
140875
141247
142481
142779
142838
143910
144042
144308
144491
145053
145207
145257
145375
145472
145494
146692
147326
147554
147774
147997
148604
149078
149637
149720
149832
150125
150508
150654
150811
150859
150997
151121
151213
152161
152226
152910
153006
153621
154714
154863
155554
155624
155633
155872
156217
156407
156802
157511
158124
158436
158547
158590
158732
159138
159487
159527
159745
160106
160923
161527
162051
162652
162672
163132
163438
163487
163767
163926
164292
165203
165683
166951
167297
167852
168754
169437
169487
170170
170269
170311
170506
171637
172190
172631
172657
173294
173332
175400
175406
175571
175780
176307
176347
176897
177265
177718
177751
178497
178604
178665
178855
179218
179285
179830
179911
180407
180548
180601
182057
182160
183017
183171
183255
183422
183675
183718
183745
184072
184274
184662
184765
184964
185143
185480
186952
187079
187727
187956
188170
189291
189375
189595
189838
189876
190428
190642
191269
191544
191662
191742
191893
192086
192177
192209
192218
192934
193368
193785
193944
195123
195809
196158
196637
196782
197247
197930
198483
198752
198812
198918
199086
199319
199372
199861
200792
201069
201435
202235
202324
204634
204645
204760
205010
205062
206243
206766
206781
207056
207480
207915
207993
208466
208513
209675
209817
210128
210224
210708
210812
212032
212148
213046
213077
213652
214055
214191
214815
215233
215264
215898
216090
216454
218657
218751
219654
220968
221155
221263
222232
222428
222754
223437
223735
223820
224178
224505
225213
225920
226967
227338
227440
227843
228101
228669
228721
229011
229329
229780
231367
231726
231761
232233
232325
232425
232805
233114
233336
233355
233570
233950
234431
234751
235053
235955
235957
236196
236214
236486
238311
238761
239828
240174
240993
241427
241979
242006
242050
242635
242834
243468
243767
245382
245400
245786
246831
247452
247757
248175
248359
248364
248977
249025
249025
249238
249395
249610
249758
250008
250649
250747
250819
251819
252911
253100
254283
254884
254946
255076
255251
255977
256271
256477
256479
256490
256530
256678
256816
256975
257597
258001
258257
258306
260674
261050
261667
262431
262520
262583
263421
263497
263655
263794
264014
264360
264398
264854
264932
265391
266194
266659
266858
267199
267292
267725
267731
268496
269508
269512
270742
271173
271360
271401
271487
271690
271908
272028
272888
273567
273655
273865
273952
274432
275515
275532
275860
276103
276234
277188
278068
278854
278990
279082
279172
279239
279893
279944
280206
280526
281052
281468
282255
283253
283437
283738
283855
284199
285188
285836
287600
287797
288777
289072
289123
289233
289773
290021
290255
290720
290775
291161
291485
291743
291980
292139
292267
294404
295466
296002
296600
296774
298730
298784
299142
299513
299699
299706
299774
299808
300579
300712
300742
300961
300996
301167
301192
301462
302059
304130
304817
306879
307084
307272
307354
310010
310636
311065
313082
313220
313265
313871
314281
315047
315081
315855
316706
316750
316897
317249
317287
317444
318288
320483
321100
321357
321408
321554
321787
322915
323427
323691
324025
324504
324908
324960
325695
326046
326920
327084
327407
327704
328187
328516
328686
329164
329528
330491
331784
332060
332892
333732
333872
334942
336255
336313
336386
336672
336829
337227
337281
337375
338131
338460
339198
340448
340773
340950
341551
341786
341798
341966
342508
344023
344235
344903
345135
345178
345269
346115
346685
346827
348181
348687
349502
349737
350359
350731
350766
350826
350916
351072
351718
352604
352683
352861
354671
354754
354908
355230
356108
356391
356489
356554
356819
357308
357860
359202
359767
360857
361464
361489
361647
361677
361823
363200
363260
363341
363551
363565
364616
364792
364920
365029
366070
366559
367445
367734
368056
368144
369028
370120
370732
370984
371435
371823
371971
372618
372729
373053
373140
374366
374550
374817
375218
375222
375320
375728
375873
376256
376468
376647
376671
376731
376898
377500
378194
378865
379574
379704
380292
380323
380367
381465
381652
381775
381916
382427
382524
383032
383281
383561
384071
384564
384719
386319
386697
386851
386917
386922
388310
388337
388584
389733
389838
390752
390852
390979
391076
392059
392511
392612
392739
393701
393988
395007
395173
395489
395776
395971
396164
396211
397243
398698
398850
398892
398934
398977
400443
400536
400735
401014
401070
401378
401461
401695
402092
402361
402750
403933
404311
405070
405071
405135
405211
405350
405665
405871
406332
406422
406543
406904
407452
408135
408935
408990
409617
409802
410091
410544
410949
411266
411749
412173
412323
412433
412617
413554
413566
413714
413934
414135
414583
414816
415338
415518
415530
416139
416216
416219
416639
417072
417411
417593
418103
419087
419480
419716
419723
420041
420235
422411
422891
423156
423304
423739
423750
424424
424864
424865
425202
425614
425683
425785
426070
426165
426270
426428
426538
427197
427417
428239
428888
429128
429541
429808
430275
430683
430927
431447
431801
432999
433764
434070
434205
434309
434358
435413
435744
435800
436333
436388
436758
437589
437697
438038
438747
439124
439146
440770
441309
442496
442949
443334
443704
443968
444036
444293
444300
445033
445259
445998
446562
446925
447137
447351
447374
447445
447534
447599
447997
448028
448708
448738
448881
449004
449583
450104
450460
450789
451076
452213
452352
452574
453361
454226
454391
454414
455411
456081
456208
456618
456911
457220
457236
457512
457580
457702
458000
458209
458380
458701
458889
459168
459307
459366
459473
459833
460737
460751
460810
460991
461139
461191
461670
461918
462166
462294
462857
463952
463993
464430
464525
464777
465189
465442
465875
465974
466146
466194
466467
466483
466810
467106
467234
468303
468482
469184
469380
471694
471994
472033
472064
472174
473067
473388
473438
474005
475113
475623
476172
476780
476845
477679
478538
479036
479138
479186
479782
480021
481274
481397
481660
481724
482131
482884
483085
483372
483452
484696
485179
485522
485746
486310
486666
487927
488114
488116
488636
488875
489644
490061
490504
492425
493053
493161
493790
493854
494676
495251
495924
496076
496389
496593
496664
496780
496870
496983
497417
497502
497857
497922
497987
498256
498415
498481
498915
499297
499465
499486
499599
500154
500668
501163
501240
501255
501685
501832
502484
502734
504598
504827
504959
505047
505638
505642
505776
505905
505954
506025
506685
998214
998876
999343
5009
5269
5635
7619
10120
10845
11016
11703
11763
12299
13540
13598
15752
15781
16001
17630
19034
19420
20550
20934
21491
23440
24124
28423
29053
29438
30183
31355
32277
33808
34282
34307
34979
35280
35391
35928
37392
38829
39392
39758
39828
40500
41159
42122
42365
42856
44353
44526
44819
44962
45156
46824
46852
46942
47406
49997
50063
50293
52018
52567
55232
58800
59720
60642
60987
61151
61918
62548
65643
65812
66623
66681
66805
66975
67223
67431
69030
70999
71201
71510
72213
72606
72943
73181
73505
75155
75615
76139
78259
79381
79957
80605
80776
80830
80886
82460
83304
83448
85972
87711
87928
88208
89128
90023
90200
90987
91042
91686
92609
92792
92923
93152
94174
94749
95475
96176
96358
97408
97660
100161
101331
104812
105141
105342
106038
106226
114053
115152
116941
117195
118252
118325
118800
122177
122729
124337
125086
125657
126510
127098
127179
127249
127616
128121
128464
129067
129408
129877
129954
131151
135518
135729
137418
138380
138651
139471
140091
140826
142779
143910
144308
145053
145207
145375
145472
146692
147326
147554
147774
147997
148604
149078
149720
150125
150811
151121
152161
152226
152910
153621
154714
155554
155872
157511
158124
158590
159487
159527
159745
161527
162672
163132
163926
164292
167852
168754
169437
170170
170506
171637
172190
175400
175406
176347
177265
177718
178497
178665
178855
179285
179911
180407
180548
180601
182160
183718
184072
184662
184765
184964
185143
186952
187956
189876
191269
191544
191893
192177
192218
192934
196637
199086
200792
201069
204634
204645
204760
205062
206243
206781
207056
207480
207915
208466
210128
210708
213652
214815
215233
215898
216090
218657
218751
220968
221155
222428
222754
223735
224178
225213
225920
227338
228101
228721
229011
231761
232233
232325
232425
232805
233114
233336
233355
233570
233950
235053
235955
235957
236196
236214
240174
241427
242050
242635
242834
243468
247757
248175
248364
248977
249025
249025
249395
250008
250649
254884
256477
256530
256678
256816
256975
257597
258306
261050
261667
262431
262520
262583
263421
263497
263655
264854
265391
266194
266659
267199
267292
267725
269512
270742
271173
271360
271401
273567
273655
273865
273952
274432
275532
276103
277188
278854
278990
279893
281052
282255
283253
283738
284199
287600
287797
289123
289773
290255
290720
291161
291485
291980
292139
292267
294404
298784
299142
299513
299699
299706
299808
300579
300742
300996
301167
301192
307354
310010
313082
314281
315047
316750
316897
317249
317287
318288
320483
321357
321554
322915
323691
324025
324908
324960
325695
326920
327407
328516
328686
329164
330491
333732
336313
336386
338131
338460
339198
340448
340950
341551
341786
341798
341966
344023
346685
346827
348181
349502
350359
350766
350916
351072
351718
354754
354908
356108
356489
356819
359202
359767
361489
361677
363200
363260
363341
363551
364616
364792
364920
366070
367445
370120
370732
370984
372729
373053
373140
375218
375222
375728
375873
376256
376468
376647
376731
376898
378194
379574
380292
380323
380367
381465
381775
381916
382524
383281
383561
384071
386319
386697
386851
386917
388584
389733
390752
392511
393988
395007
396164
396211
397243
398850
398892
400536
400735
401014
401378
401461
402092
402750
405070
405071
405135
405871
406332
407452
408935
409802
410949
412323
412617
413554
413566
414135
415518
416139
416639
417411
417593
418103
419087
419723
420041
420235
422411
423156
423750
424424
424864
424865
425202
425614
425785
426070
426165
426270
426538
427417
428888
429128
429541
429808
430683
430927
431447
431801
432999
434070
435744
435800
436388
437589
437697
438747
439124
439146
440770
441309
443334
443968
444293
445033
445259
445998
446925
447445
447599
447997
448028
448738
449004
449583
450104
450460
451076
452213
454226
454391
454414
456081
456208
457580
457702
458701
458889
459307
459366
460810
460991
461139
461670
463952
463993
465189
465442
466810
468482
471694
471994
472033
472064
472174
473067
473388
473438
475623
476780
477679
478538
479036
479138
480021
481397
482884
483085
483372
483452
484696
485179
485746
486310
487927
489644
490504
492425
493161
493854
494676
495251
496076
496389
496870
496983
497417
497502
497857
497987
498415
498915
499297
499486
499599
500668
504959
505047
505642
505905
506025
506915
508186
508528
508606
510029
510499
512028
513515
513620
514659
515728
516833
517115
518566
519030
519149
519606
520005
520269
521490
522538
522636
523653
524777
525932
526532
526759
527785
527886
528010
528026
528119
528221
528508
528605
529168
529242
529297
531229
532031
532233
532892
533153
533206
536492
536879
538274
538576
538954
539387
539794
540471
541201
542297
542732
543664
543751
544032
545117
546119
546412
547519
547534
548654
549909
550001
551015
551045
551074
551138
552044
552293
554182
554294
557457
557577
557970
558022
559090
560228
561908
562945
564362
564480
564525
565081
566222
567177
567971
568036
568155
568384
569528
571137
571677
572935
573559
573640
575056
575413
577120
577718
578354
579561
582474
583223
583362
584179
585120
586048
587750
587771
589103
590765
591139
591845
592480
594918
595011
595380
596029
596875
598457
599179
599311
599384
601863
602532
602881
603745
604081
605841
606032
606669
609233
609430
609782
610331
610391
611770
611820
612439
612602
612995
616368
616668
617091
618460
619435
619923
620130
620603
620893
621224
622281
623206
626887
627171
629906
630215
630420
630751
630889
630990
631257
631439
632098
632161
634982
635252
636673
637267
637607
638677
639044
640970
641554
642177
642356
643794
644824
645533
645538
647974
648000
648392
649175
649393
649716
650301
650574
650635
651091
651652
652312
653039
653303
655158
655302
655719
655733
657236
657730
658322
661180
661343
661636
661764
662274
664285
664328
665852
666853
667394
667998
668629
669161
669224
670086
671823
672783
676291
676538
677436
678173
678424
678506
678649
680016
680130
680429
681244
681876
682821
683120
683220
683412
687297
688454
688519
688700
689013
689917
692607
693409
695705
696038
699081
701105
701462
704113
704796
705436
706704
707277
707442
707847
708726
709879
710668
712023
713469
713716
715175
715232
715489
716271
716771
716956
717041
717276
719216
719938
721594
721873
722032
722106
722107
722137
722593
723804
724071
724587
725017
725050
725716
726175
726660
726823
727551
728141
729707
731323
732036
733894
735140
736275
736981
737522
737840
738557
740447
740449
740576
740939
742675
744673
745083
745105
746254
746624
747335
747367
747414
748387
748897
749078
750051
750254
751403
752255
752746
753170
753405
753946
754130
754365
756338
756623
757102
757944
759602
759867
760099
762344
763458
763697
764240
765221
766615
766632
767755
770520
771048
771586
772071
772882
773587
775386
776845
777013
777184
777389
777918
778017
779037
779111
779461
781508
781645
784698
784764
785739
785819
787158
789236
790267
790753
790866
791138
791262
791312
791514
791664
792293
792559
796820
798203
798298
798426
799287
800308
801511
803171
803207
803427
803708
804676
804722
806591
806878
807716
808780
808940
810042
810673
811236
813323
813938
814612
815380
815548
817733
818955
819949
820606
821261
821724
823197
823749
823809
823888
825584
825630
826703
826941
827267
829160
829357
830222
830940
832291
833713
834812
835171
835495
835607
835785
836593
836795
837390
837700
838164
838184
838693
839949
840006
840040
841505
842435
844006
844197
845014
845099
845204
845269
846552
846587
848021
848205
848335
849192
849722
850343
850772
852039
852481
852701
852790
852795
853023
853942
854206
855237
855714
856043
856258
856841
858570
860517
860542
862416
863809
863821
868921
870680
871046
871502
872382
873501
876599
876723
877014
877502
879613
880017
883666
885055
885154
894840
894876
896658
896755
897588
898012
898702
898994
900004
901056
901980
905664
906622
906630
908548
909962
909989
910364
911180
911826
913208
913901
913922
913970
915896
916064
916269
916418
918619
918875
918943
918972
919411
919770
920292
920852
920996
921772
922167
922886
924138
924677
924783
926754
927180
927193
927221
927532
929947
930180
930490
933138
933610
933927
935396
937346
937673
938349
939414
939951
940086
940183
941238
942212
942374
943939
944427
944573
944648
945629
946369
946414
946845
947209
948004
948028
949023
950088
950122
952628
953064
953312
953447
953964
954327
954631
958027
958425
958517
958996
959500
959656
960801
962847
967501
967621
968378
970727
971114
971844
974801
975881
977441
978850
979569
979865
981973
982271
983411
985199
985199
985290
986208
986333
986452
986754
987523
987739
987776
987953
991719
991833
992107
992371
992448
993382
993985
994110
994662
995992
996512
997000
998402
999382
