5211
5211
5211
5211
5211
18456
18456
18456
18456
18456
18456
5211
18456
18456
18456
18456
18456
18456
18456
18456
18456
18456
18456
18456
18456
18456
18456
21530
95060
95060
95060
95060
95060
18456
95060
95060
95060
95060
95060
95060
100545
100545
100545
100545
95060
95060
95060
95060
95060
95060
95060
95060
95060
95060
95060
95060
95060
95060
95060
95060
95060
95060
95060
95060
95060
100545
95060
95060
95060
95060
95060
95060
95060
95060
95060
95060
100545
95060
95060
95060
95060
117276
171087
210012
210012
210012
210012
313750
95060
210012
348094
392754
549676
612399
636226
698586
947739
993368
999932
297539
