81
81
81
81
81
81
81
569
569
569
569
569
569
569
681
681
681
681
681
681
681
2245
2245
2245
2245
2245
2245
2245
2245
2245
2245
2245
2245
2904
2904
2904
2904
2904
2904
2904
2904
2904
2904
2904
2904
3033
3033
3033
3033
3033
3033
3033
3033
3033
3033
3033
3033
3033
3033
3493
3493
3493
3493
3493
3493
3493
3493
3493
3493
3493
3493
5211
9097
11017
11017
11017
11017
12497
12497
12497
12497
12497
12497
12497
12497
12497
12497
12497
12497
12497
12497
14412
14412
14412
14412
14412
14412
14412
15720
15720
15720
15720
15720
18456
19593
20127
20127
20127
20127
20127
20127
81
81
81
81
569
569
569
569
681
681
681
681
2245
2245
2245
2245
2245
2904
2904
2904
2904
2904
3033
3033
3033
3033
3033
3033
3033
3493
3493
3493
3493
3493
3493
3493
3493
9097
11017
11017
11017
12497
12497
12497
12497
12497
12497
12497
14412
14412
14412
14412
15720
15720
15720
15720
19593
20127
20127
20127
20127
20127
20127
20127
20127
23311
23311
23311
26272
26272
26272
26272
26304
26304
26304
26304
27284
27284
27284
27284
27284
27284
27284
27284
28067
28067
28067
28067
28624
28624
28624
28624
28624
31326
31326
31326
31326
31326
31326
31326
31536
31536
31536
31536
31536
31536
31536
31536
32172
32172
32172
81
81
81
569
569
569
681
681
681
2245
2245
2245
2904
2904
2904
3033
3033
3033
3033
3033
3493
3493
3493
3493
3493
3493
3493
3493
3493
3493
9097
9097
9097
9097
11017
11017
11017
11017
11017
12497
12497
12497
12497
12497
14412
14412
14412
15720
15720
15720
15720
15720
15720
15720
15720
19593
19593
19593
19593
20127
20127
20127
20127
20127
20127
20127
20127
20127
20127
23311
23311
26272
26272
26272
26272
26272
26272
26272
26272
26304
26304
26304
27284
27284
27284
27284
27284
27284
27284
27284
27284
27284
28067
28067
28067
28067
28067
28067
28067
28067
28624
28624
28624
31326
31326
31326
31326
31326
31536
31536
31536
81
569
681
3033
3493
3493
3493
3493
3493
3493
3493
9097
9097
9097
9097
11017
11017
11017
11017
12497
14412
15720
15720
15720
15720
15720
15720
15720
19593
19593
19593
19593
20127
20127
20127
20127
20127
20127
20127
26272
26272
26272
26272
26272
26272
26272
26304
27284
27284
27284
27284
27284
27284
27284
28067
28067
28067
28067
28067
28067
28067
31326
31536
31536
31536
31536
31536
31536
31536
32460
32919
32919
32919
32919
33002
33002
33002
33002
33002
33002
33002
33333
34945
34945
34945
34945
34945
34945
34945
35021
35021
35021
35021
35021
35021
35021
35217
35217
35217
35217
35217
35217
35217
35325
35325
35325
35325
35325
35325
35325
36159
3493
3493
3493
3493
3493
9097
9097
9097
9097
9097
9097
9097
11017
11017
11017
15720
15720
15720
15720
15720
15720
15720
19593
19593
19593
19593
19593
19593
19593
20127
20127
20127
20127
20127
26272
26272
26272
26272
26272
26272
26272
27284
27284
27284
27284
27284
28067
28067
28067
28067
28067
28067
28067
31536
31536
31536
31536
31536
32919
32919
32919
33002
33002
33002
33002
33002
34945
34945
34945
34945
34945
35021
35021
35021
35021
35021
35217
35217
35217
35217
35217
35325
35325
35325
35325
35325
37525
37525
37525
37525
37525
37525
37525
37525
37525
37525
39021
39021
39021
39021
39021
39021
39021
39021
39021
39021
39021
39021
40743
41805
41805
3493
3493
3493
3493
3493
9097
9097
9097
9097
9097
9097
9097
11017
11017
11017
15720
15720
15720
15720
15720
15720
15720
19593
19593
19593
19593
19593
19593
19593
20127
20127
20127
20127
20127
26272
26272
26272
26272
26272
26272
26272
27284
27284
27284
27284
27284
28067
28067
28067
28067
28067
28067
28067
31536
31536
31536
31536
31536
32919
32919
32919
33002
33002
33002
33002
33002
34945
34945
34945
34945
34945
35021
35021
35021
35021
35021
35217
35217
35217
35217
35217
35325
35325
35325
35325
35325
37525
37525
37525
37525
37525
37525
37525
39021
39021
39021
39021
39021
41805
41805
41805
47641
47641
47641
47641
47641
53959
53959
53959
53959
53959
3493
3493
3493
9097
9097
9097
9097
9097
9097
9097
11017
11017
15720
15720
15720
15720
15720
19593
19593
19593
19593
19593
19593
19593
20127
20127
20127
26272
26272
26272
26272
26272
27284
27284
27284
28067
28067
28067
28067
28067
31536
31536
31536
32919
32919
33002
33002
33002
34945
34945
34945
35021
35021
35021
35217
35217
35217
35325
35325
35325
37525
37525
37525
37525
37525
37525
37525
39021
39021
39021
41805
41805
47641
47641
47641
53959
53959
53959
53959
53959
55805
55805
55805
55805
55805
55805
55805
56856
56856
56856
57522
57522
57522
57522
57522
58025
58025
58025
58109
58109
58109
58109
58109
59426
59426
59426
59426
59426
60910
60910
60910
9097
9097
9097
9097
15720
19593
19593
19593
19593
26272
28067
37525
37525
37525
37525
53959
55805
55805
55805
55805
57522
58109
59426
60910
60910
60910
60910
68977
68977
68977
68977
72641
72641
72641
72641
76376
79296
80154
80154
80154
80154
80308
80308
80308
80308
80928
80928
80928
80928
89159
89368
89368
89368
89368
90032
95820
95820
95820
95820
97487
101360
101360
101360
101360
102747
107722
107722
107722
107722
110991
112297
112297
112297
112297
121308
126087
126087
126087
126087
134047
138722
139932
139932
139932
139932
140528
140528
140528
140528
141723
146081
152433
160269
170337
170337
170337
170337
173109
178224
189435
191309
191309
191309
191309
197314
197314
197314
197314
199181
202254
208324
9097
19593
37525
55805
60910
68977
72641
80154
80308
80928
89368
95820
101360
107722
112297
126087
139932
140528
170337
191309
197314
220853
228398
238283
241888
247643
250774
274570
277685
289672
297278
299708
305000
313563
322197
360099
363827
370888
372555
377017
380595
388777
392735
395528
400657
416931
418657
423428
426815
430639
433890
448566
453195
460008
466127
475776
491298
498976
501962
506582
508860
522071
522325
533149
538839
543437
544266
552528
560997
564285
580952
588954
590930
598382
621269
634225
641892
648412
651136
651476
669086
687483
689126
696776
712350
723382
726651
735990
742587
754116
754552
755199
767057
794583
804310
806445
811783
826621
836610
859999
889618
895021
897490
897525
903682
909211
917955
918184
928577
975266
992393
565421
