64
81
93
93
93
93
93
93
93
93
93
93
93
93
93
93
323
323
323
323
323
323
323
323
323
323
323
323
323
323
323
323
323
323
323
323
323
323
323
323
323
323
323
323
323
323
549
549
549
549
549
549
549
549
549
549
549
549
549
549
549
549
549
549
549
549
549
549
549
549
549
549
549
549
549
549
569
681
681
681
681
681
681
681
681
681
681
681
681
681
745
745
745
745
745
820
820
820
820
820
820
820
820
820
820
820
820
867
1171
1171
1171
1171
1171
1171
1171
1171
1171
1171
1171
1171
1171
1171
1171
1171
1171
1171
1171
1171
1206
1206
1206
1206
1206
1206
1244
1354
1354
1354
1354
1354
1354
1354
1354
1354
1354
1354
1354
1354
1354
1354
1354
1354
1354
1354
1354
1379
1379
1379
1379
1379
1379
1379
1379
1379
1379
1379
1379
1379
1379
1379
1379
1379
1379
1379
1379
1379
1379
1379
1379
1379
1379
1511
1511
1511
1511
1511
1511
1511
1511
1511
1511
1511
1511
1642
1642
1642
1642
1642
1642
1642
1642
1642
1642
1642
1642
1642
1642
1642
1642
1642
1642
1642
1642
1642
1642
1642
1642
1642
1642
1842
1842
1842
1842
1842
1842
1842
1842
1842
1842
1842
1842
1842
1842
1842
1842
1842
1842
1842
1842
1842
1842
1842
1842
1842
1842
1914
1914
1914
1914
1914
1914
1914
1914
1914
1914
1914
1914
1914
1914
1914
1914
1914
1914
1914
1914
1914
1914
1914
1914
1914
1914
1914
1914
1914
1914
1925
1925
1925
1925
1925
1925
1925
1925
1925
1925
1925
1925
1925
1925
2039
2039
2039
2039
2039
2039
2039
2039
2039
2039
2039
2039
2245
2362
2427
2427
2427
2427
2427
2427
2427
2427
2427
2427
2427
2427
2427
2427
2427
2427
2427
2427
2427
2427
2427
2427
2427
2427
2427
2427
2427
2427
2427
2427
2463
2463
2463
2463
2463
2503
2503
2503
2503
2503
2606
2606
2606
2606
2606
2606
2606
2606
2606
2606
2606
2606
2606
2606
2606
2606
2606
2606
2606
2606
2615
2780
2780
2780
2780
2780
2780
2780
2780
2780
2780
2780
2780
2902
2902
2902
2902
2902
2904
3033
3050
3050
3050
3050
3050
3050
3050
3050
3050
3050
3050
3050
3050
3050
3050
3050
3050
3050
3050
3050
3094
3094
3094
3094
3094
3094
3296
3296
3296
3296
3296
3476
3476
3476
3476
3476
3476
3476
3476
3476
3476
3476
3476
3493
3615
3615
3615
3615
3615
3615
3615
3615
3615
3615
3615
3615
3615
3615
3615
3615
3615
3637
3637
3637
3637
3637
3637
3637
3637
3637
3637
3637
3637
3637
3637
3637
3637
3637
3637
3637
3637
3637
3637
3637
3637
3637
3637
3637
3637
3637
3637
3979
3979
3979
3979
3979
3979
3979
3979
3979
3979
3979
3979
4039
4039
4039
4039
4039
4039
4039
4039
4039
4039
4039
4039
4039
4039
4039
4039
4039
4039
4039
4039
4039
4039
4039
4039
4039
4039
4062
4062
4062
4062
4062
4062
4082
4082
4082
4082
4082
4082
4082
4082
4082
4082
4082
4082
4082
4082
4082
4082
4082
4251
4308
4308
4308
4308
4308
4310
4310
4310
4310
4310
4310
4310
4310
4310
4310
4310
4310
4310
4310
4310
4310
4310
4340
4340
4340
4340
4340
4340
4340
4340
4340
4340
4340
4340
4340
4340
4513
4513
4513
4513
4513
4513
4513
4513
4513
4513
4513
4513
5009
5009
5009
5009
5009
5009
5211
5216
5216
5216
5216
5216
5216
5216
5216
5216
5216
5216
5216
5216
5216
5216
5216
5216
5216
5216
5216
5226
5226
5226
5226
5226
5226
5226
5226
5226
5226
5226
5226
5226
5226
5226
5226
5226
5269
5510
5510
5510
5510
5510
5510
5510
5510
5510
5510
5510
5510
5510
5510
5510
5510
5510
5510
5510
5510
5510
5510
5510
5510
5510
5510
5510
5510
5510
5510
5601
5601
5601
5601
5601
5601
5601
5601
5601
5601
5601
5601
5601
5601
5635
5667
5667
5667
5667
5667
5667
5667
5667
5667
5667
5667
5667
5979
5979
5979
5979
5979
5979
5979
5979
5979
5979
5979
5979
6046
6046
6046
6046
6046
6046
6046
6046
6046
6046
6046
6046
6046
6046
6046
6046
6046
6046
6046
6046
6046
6046
6046
6046
6046
6046
6071
6071
6071
6071
6071
6071
6071
6071
6071
6071
6071
6071
6071
6071
6071
6071
6071
6071
6071
6071
6071
6071
6071
6071
6071
6071
6484
6484
6484
6484
6484
6484
6484
6484
6484
6484
6484
6484
6484
6484
6484
6484
6484
6484
6484
6484
6484
6484
6484
6484
6484
6484
6734
6734
6734
6734
6734
6734
6734
6734
6734
6734
6734
6734
6816
6816
6816
6816
6816
6816
7057
7057
7057
7057
7057
7057
7057
7057
7057
7057
7057
7057
7144
7144
7144
7144
7144
7144
7199
7199
7199
7199
7199
7199
7339
7339
7339
7339
7339
7339
7339
7339
7339
7339
7339
7339
7339
7339
7339
64
64
64
64
64
93
93
93
93
93
93
93
93
93
93
93
93
323
323
323
323
323
323
323
323
323
323
323
323
323
323
323
323
323
323
323
323
323
323
323
323
323
323
323
323
323
323
323
323
323
323
323
323
323
323
549
549
549
549
549
549
549
549
549
549
549
549
549
549
549
549
549
549
549
549
549
549
549
549
549
549
549
549
549
549
549
549
549
549
549
549
549
549
681
681
681
681
681
681
681
681
681
681
681
681
681
681
681
681
681
681
745
745
745
745
745
745
745
745
745
745
745
745
820
820
820
820
820
820
820
820
820
820
820
820
820
820
820
820
820
820
867
867
867
867
867
1171
1171
1171
1171
1171
1171
1171
1171
1171
1171
1171
1171
1171
1206
1206
1206
1206
1206
1206
1206
1206
1206
1206
1206
1206
1206
1206
1206
1206
1206
1206
1244
1244
1244
1244
1244
1354
1354
1354
1354
1354
1354
1354
1354
1354
1354
1354
1354
1354
1379
1379
1379
1379
1379
1379
1379
1379
1379
1379
1379
1379
1379
1379
1379
1379
1379
1379
1379
1379
1511
1511
1511
1511
1511
1511
1511
1511
1511
1511
1511
1511
1511
1511
1511
1511
1511
1511
1642
1642
1642
1642
1642
1642
1642
1642
1642
1642
1642
1642
1642
1642
1642
1642
1642
1642
1642
1642
1842
1842
1842
1842
1842
1842
1842
1842
1842
1842
1842
1842
1842
1842
1842
1842
1842
1842
1842
1842
1914
1914
1914
1914
1914
1914
1914
1914
1914
1914
1914
1914
1914
1914
1914
1914
1914
1914
1914
1914
1914
1914
1914
1914
1914
1914
1914
1914
1914
1914
1914
1914
1914
1914
1914
1914
1914
1914
1925
1925
1925
1925
1925
1925
1925
1925
1925
1925
1925
1925
2039
2039
2039
2039
2039
2039
2039
2039
2039
2039
2039
2039
2039
2039
2039
2039
2039
2039
2362
2362
2362
2362
2362
2362
2427
2427
2427
2427
2427
2427
2427
2427
2427
2427
2427
2427
2427
2427
2427
2427
2427
2427
2427
2427
2427
2427
2427
2427
2427
2427
2427
2427
2427
2427
2427
2427
2427
2427
2427
2427
2427
2427
2463
2463
2463
2463
2463
2463
2463
2463
2463
2463
2463
2463
2503
2503
2503
2503
2503
2503
2503
2503
2503
2503
2503
2503
2606
2606
2606
2606
2606
2606
2606
2606
2606
2606
2606
2606
2606
2615
2615
2615
2615
2615
2780
2780
2780
2780
2780
2780
2780
2780
2902
2902
2902
2902
2902
2902
2902
2902
2902
2902
2902
2902
3050
3050
3050
3050
3050
3050
3050
3050
3050
3050
3050
3050
3050
3094
3094
3094
3094
3094
3094
3094
3094
3094
3094
3094
3094
3094
3094
3094
3094
3094
3094
3296
3296
3296
3296
3296
3296
3296
3296
3296
3296
3296
3296
3476
3476
3476
3476
3476
3476
3476
3476
3476
3476
3476
3476
3476
3476
3476
3476
3476
3476
3615
3615
3615
3615
3615
3615
3615
3615
3615
3615
3615
3615
3615
3615
3615
3615
3615
3615
3615
3615
3615
3615
3615
3615
3615
3615
3615
3615
3615
3615
3637
3637
3637
3637
3637
3637
3637
3637
3637
3637
3637
3637
3637
3637
3637
3637
3637
3637
3637
3637
3637
3637
3637
3637
3637
3637
3637
3637
3637
3637
3637
3637
3637
3637
3637
3637
3637
3637
3979
3979
3979
3979
3979
3979
3979
3979
3979
3979
3979
3979
3979
3979
3979
3979
3979
3979
4039
4039
4039
4039
4039
4039
4039
4039
4039
4039
4039
4039
4039
4039
4039
4039
4039
4039
4039
4039
4062
4062
4062
4062
4062
4062
4062
4062
4062
4062
4062
4062
4062
4062
4062
4062
4062
4062
4082
4082
4082
4082
4082
4082
4082
4082
4082
4082
4082
4082
4082
4082
4082
4082
4082
4082
4082
4082
4082
4082
4082
4082
4082
4082
4082
4082
4082
4082
4251
4251
4251
4251
4251
4251
4308
4308
4308
4308
4308
4308
4308
4308
4308
4308
4308
4308
4310
4310
4310
4310
4310
4310
4310
4310
4310
4310
4310
4310
4310
4310
4310
4310
4310
4310
4310
4310
4310
4310
4310
4310
4310
4310
4310
4310
4310
4310
4340
4340
4340
4340
4340
4340
4340
4340
4340
4340
4340
4340
4513
4513
4513
4513
4513
4513
4513
4513
5009
5009
5009
5009
5009
5009
5009
5009
5009
5009
5009
5009
5009
5009
5009
5009
5009
5009
5216
5216
5216
5216
5216
5216
5216
5216
5216
5216
5216
5216
5216
5226
5226
5226
5226
5226
5226
5226
5226
5226
5226
5226
5226
5226
5226
5226
5226
5226
5226
5226
5226
5226
5226
5226
5226
5226
5226
5226
5226
5226
5226
5269
5269
5269
5269
5269
5269
5510
5510
5510
5510
5510
5510
5510
5510
5510
5510
5510
5510
5510
5510
5510
5510
5510
5510
5510
5510
5510
5510
5510
5510
5510
5510
5510
5510
5510
5510
5510
5510
5510
5510
5510
5510
64
93
93
93
93
93
93
93
323
323
323
323
323
323
323
323
323
323
323
323
323
323
323
323
323
323
549
549
549
549
549
549
549
549
549
549
549
549
549
549
549
549
549
549
681
681
681
681
681
681
681
681
745
745
745
745
820
820
820
820
820
820
820
820
867
1171
1171
1171
1171
1171
1171
1171
1171
1206
1206
1206
1206
1206
1244
1354
1354
1354
1354
1354
1354
1354
1354
1379
1379
1379
1379
1379
1379
1379
1379
1379
1379
1379
1379
1511
1511
1511
1511
1511
1511
1511
1511
1642
1642
1642
1642
1642
1642
1642
1642
1642
1642
1642
1642
1842
1842
1842
1842
1842
1842
1842
1842
1842
1842
1842
1842
1914
1914
1914
1914
1914
1914
1914
1914
1914
1914
1914
1914
1914
1914
1914
1914
1914
1914
1925
1925
1925
1925
1925
1925
1925
2039
2039
2039
2039
2039
2039
2039
2039
2362
2427
2427
2427
2427
2427
2427
2427
2427
2427
2427
2427
2427
2427
2427
2427
2427
2427
2427
2463
2463
2463
2463
2503
2503
2503
2503
2606
2606
2606
2606
2606
2606
2606
2606
2615
2780
2780
2780
2780
2780
2902
2902
2902
2902
3050
3050
3050
3050
3050
3050
3050
3050
3094
3094
3094
3094
3094
3296
3296
3296
3296
3476
3476
3476
3476
3476
3476
3476
3476
3615
3615
3615
3615
3615
3615
3615
3615
3615
3615
3615
3615
3637
3637
3637
3637
3637
3637
3637
3637
3637
3637
3637
3637
3637
3637
3637
3637
3637
3637
3979
3979
3979
3979
3979
3979
3979
3979
4039
4039
4039
4039
4039
4039
4039
4039
4039
4039
4039
4039
4062
4062
4062
4062
4062
4082
4082
4082
4082
4082
4082
4082
4082
4082
4082
4082
4082
4251
4308
4308
4308
4308
4310
4310
4310
4310
4310
4310
4310
4310
4310
4310
4310
4310
4340
4340
4340
4340
4340
4340
4340
4513
4513
4513
4513
4513
5009
5009
5009
5009
5009
5216
5216
5216
5216
5216
5216
5216
5216
5226
5226
5226
5226
5226
5226
5226
5226
5226
5226
5226
5226
5269
5510
5510
5510
5510
5510
5510
5510
5510
5510
5510
5510
5510
5510
5510
5510
5510
5510
5510
5601
5601
5601
5601
5601
5601
5601
5635
5667
5667
5667
5667
5667
5667
5667
5667
5979
5979
5979
5979
5979
5979
5979
5979
6046
6046
6046
6046
6046
6046
6046
6046
6046
6046
6046
6046
6071
6071
6071
6071
6071
6071
6071
6071
6071
6071
6071
6071
6484
6484
6484
6484
6484
6484
6484
6484
6484
6484
6484
6484
6734
6734
6734
6734
6734
6734
6734
6734
6816
6816
6816
6816
6816
7057
7057
7057
7057
7057
7144
7144
7144
7144
7144
7199
7199
7199
7199
7199
7339
7339
7339
7339
7339
7339
7339
7339
7619
8216
8216
8216
8216
8216
8216
8216
8292
8430
8430
8430
8430
8430
8693
8693
8693
8693
8693
8693
8693
8693
8764
8764
8764
8764
8764
8764
8764
9097
9097
9097
9097
9097
9097
9097
9097
9120
9120
9120
9120
9120
9120
9120
9120
9120
9120
9120
9120
9120
9120
9120
9120
9120
9120
9206
9206
9206
9206
9206
9206
9206
9206
9206
9206
9206
9206
9241
9241
9241
9241
9241
9241
9241
9241
9241
9241
9241
9241
9428
9428
9428
9428
9428
9428
9428
9428
9428
9428
9428
9428
9431
9719
9719
9719
9719
9719
10038
10038
10038
10038
10038
10038
10038
10038
10038
10038
10038
10038
10120
10122
10165
10165
10165
10165
10165
10165
10165
10165
10165
10165
10165
10165
10272
10272
10272
10272
10272
10272
10272
10272
10417
10417
10417
10417
10417
10431
10431
10431
10431
10431
10431
10431
10431
10569
10569
10569
10569
10569
10569
10569
10569
10736
10736
10736
10736
10736
10736
10736
10845
10946
10946
10946
10946
10946
10947
10947
10947
10947
10947
10947
10947
11016
11053
11053
11053
11053
11053
11053
11053
11053
11053
11053
11053
11053
11351
11351
11351
11351
11351
11520
11520
11520
11520
11520
11703
11735
11735
11735
11735
11735
11735
11735
11735
11763
11789
11789
11789
11789
11789
11789
11789
11789
11867
11867
11867
11867
11867
11964
11964
11964
11964
11964
11964
11964
11984
11984
11984
11984
11984
11984
11984
11984
11984
11984
11984
11984
12299
12459
12459
12459
12459
12459
12459
12459
12459
12459
12459
12459
12459
12582
12582
12582
12582
12582
12582
12582
12585
12585
12585
12585
12585
12585
12585
12713
12713
12713
12713
12713
13321
13321
13321
13321
13321
13321
13321
13372
13372
13372
13372
13372
13405
13405
13405
13405
13405
13537
13537
13537
13537
13537
13537
13537
13540
13598
13617
13617
13617
13617
13669
13669
13669
13669
13669
13669
13669
13669
13669
13669
13669
13669
13669
13669
13669
13669
13669
13669
13888
13888
13888
13888
13888
13888
13888
13888
13888
13888
13888
13888
13917
13917
13917
13917
13917
14007
14007
14007
14007
14057
14057
14057
14057
14057
14057
14057
14057
14057
14057
14057
14057
14148
14148
14148
14148
14385
14385
14385
14385
14385
14523
14523
14523
14523
64
64
64
64
64
64
64
64
64
64
64
64
93
323
323
323
323
323
323
323
323
323
323
323
323
323
323
323
323
323
323
323
323
549
549
549
549
549
549
549
549
549
549
549
549
549
549
549
549
549
549
549
549
681
681
681
681
681
681
681
681
681
681
681
681
745
745
745
745
745
745
745
745
745
745
745
745
745
745
820
820
820
820
820
820
820
820
820
820
820
820
867
867
867
867
867
867
867
867
867
867
867
867
1206
1206
1206
1206
1206
1206
1206
1206
1206
1206
1206
1206
1206
1206
1206
1206
1206
1206
1206
1206
1206
1206
1206
1206
1206
1206
1206
1206
1206
1206
1244
1244
1244
1244
1244
1244
1244
1244
1244
1244
1244
1244
1379
1511
1511
1511
1511
1511
1511
1511
1511
1511
1511
1511
1511
1642
1842
1914
1914
1914
1914
1914
1914
1914
1914
1914
1914
1914
1914
1914
1914
1914
1914
1914
1914
1914
1914
1925
2039
2039
2039
2039
2039
2039
2039
2039
2039
2039
2039
2039
2362
2362
2362
2362
2362
2362
2362
2362
2362
2362
2362
2362
2362
2362
2362
2362
2362
2427
2427
2427
2427
2427
2427
2427
2427
2427
2427
2427
2427
2427
2427
2427
2427
2427
2427
2427
2427
2463
2463
2463
2463
2463
2463
2463
2463
2463
2463
2463
2463
2463
2463
2503
2503
2503
2503
2503
2503
2503
2503
2503
2503
2503
2503
2503
2503
2615
2615
2615
2615
2615
2615
2615
2615
2615
2615
2615
2615
2902
2902
2902
2902
2902
2902
2902
2902
2902
2902
2902
2902
2902
2902
3094
3094
3094
3094
3094
3094
3094
3094
3094
3094
3094
3094
3094
3094
3094
3094
3094
3094
3094
3094
3094
3094
3094
3094
3094
3094
3094
3094
3094
3094
3296
3296
3296
3296
3296
3296
3296
3296
3296
3296
3296
3296
3296
3296
3476
3476
3476
3476
3476
3476
3476
3476
3476
3476
3476
3476
3615
3615
3615
3615
3615
3615
3615
3615
3615
3615
3615
3615
3615
3615
3615
3615
3615
3615
3615
3615
3615
3615
3615
3615
3615
3615
3637
3637
3637
3637
3637
3637
3637
3637
3637
3637
3637
3637
3637
3637
3637
3637
3637
3637
3637
3637
3979
3979
3979
3979
3979
3979
3979
3979
3979
3979
3979
3979
4039
4062
4062
4062
4062
4062
4062
4062
4062
4062
4062
4062
4062
4062
4062
4062
4062
4062
4062
4062
4062
4062
4062
4062
4062
4062
4062
4062
4062
4062
4062
4082
4082
4082
4082
4082
4082
4082
4082
4082
4082
4082
4082
4082
4082
4082
4082
4082
4082
4082
4082
4082
4082
4082
4082
4082
4082
4251
4251
4251
4251
4251
4251
4251
4251
4251
4251
4251
4251
4251
4251
4251
4251
4251
4308
4308
4308
4308
4308
4308
4308
4308
4308
4308
4308
4308
4308
4308
4310
4310
4310
4310
4310
4310
4310
4310
4310
4310
4310
4310
4310
4310
4310
4310
4310
4310
4310
4310
4310
4310
4310
4310
4310
4310
4340
5009
5009
5009
5009
5009
5009
5009
5009
5009
5009
5009
5009
5009
5009
5009
5009
5009
5009
5009
5009
5009
5009
5009
5009
5009
5009
5009
5009
5009
5009
5226
5226
5226
5226
5226
5226
5226
5226
5226
5226
5226
5226
5226
5226
5226
5226
5226
5226
5226
5226
5226
5226
5226
5226
5226
5226
5269
5269
5269
5269
5269
5269
5269
5269
5269
5269
5269
5269
5269
5269
5269
5269
5269
5510
5510
5510
5510
5510
5510
5510
5510
5510
5510
5510
5510
5510
5510
5510
5510
5510
5510
5510
5510
5601
5635
5635
5635
5635
5635
5635
5635
5635
5635
5635
5635
5635
5635
5635
5635
5635
5635
5667
5667
5667
5667
5667
5667
5667
5667
5667
5667
5667
5667
5979
5979
5979
5979
5979
5979
5979
5979
5979
5979
5979
5979
6046
6071
6484
6734
6734
6734
6734
6734
6734
6734
6734
6734
6734
6734
6734
6816
6816
6816
6816
6816
6816
6816
6816
6816
6816
6816
6816
6816
6816
6816
6816
6816
6816
6816
6816
6816
6816
6816
6816
6816
6816
6816
6816
6816
6816
7144
7144
7144
7144
7144
7144
7144
7144
7144
7144
7144
7144
7144
7144
7144
7144
7144
7144
7144
7144
7144
7144
7144
7144
7144
7144
7144
7144
7144
7144
7199
7199
7199
7199
7199
7199
7199
7199
7199
7199
7199
7199
7199
7199
7199
7199
7199
7199
7199
7199
7199
7199
7199
7199
7199
7199
7199
7199
7199
7199
7619
7619
7619
7619
7619
7619
7619
7619
7619
7619
7619
7619
8216
8292
8292
8292
8292
8292
8292
8292
8292
8292
8292
8292
8292
8764
9120
9120
9120
9120
9120
9120
9120
9120
9120
9120
9120
9120
9120
9120
9120
9120
9120
9120
9120
9120
9206
9206
9206
9206
9206
9206
9206
9206
9206
9206
9206
9206
9206
9206
9206
9206
9206
9206
9206
9206
9206
9206
9206
9206
9206
9206
9241
9241
9241
9241
9241
9241
9241
9241
9241
9241
9241
9241
9241
9241
9241
9241
9241
9241
9241
9241
9241
9241
9241
9241
9241
9428
9431
9431
9431
9431
9431
9431
9431
9431
9431
9431
9431
9431
10038
10120
10120
10120
10120
10120
10120
10120
10120
10120
10120
10120
10120
10120
10120
10120
10120
10120
10122
10122
10122
10122
10122
10122
10122
10122
10122
10122
10122
10122
10165
10165
10165
10165
10165
10165
10165
10165
10165
10165
10165
10165
10165
10165
10165
10165
10165
10165
10165
10165
10165
10165
10165
10165
10165
10165
10272
10272
10272
10272
10272
10272
10272
10272
10272
10272
10272
10272
10417
10417
10417
10417
10417
10417
10417
10417
10417
10417
10417
10417
10417
10417
10417
10417
10417
10417
10417
10417
10417
10417
10417
10417
10417
10417
10417
10417
10417
10417
10736
10845
10845
10845
10845
10845
10845
10845
10845
10845
10845
10845
10845
10845
10845
10845
10845
10845
10947
11016
11016
11016
11016
11016
11016
11016
11016
11016
11016
11016
11016
11053
11351
11351
11351
11351
11351
11351
11351
11351
11351
11351
11351
11351
11351
11351
11351
11351
11351
11351
11351
11351
11351
11351
11351
11351
11351
11351
11351
11351
11351
11351
11703
11703
11703
11703
11703
11703
11703
11703
11703
11703
11703
11703
11735
11735
11735
11735
11735
11735
11735
11735
11735
11735
11735
11735
11763
11763
11763
11763
11763
11763
11763
11763
11763
11763
11763
11763
11763
11763
11763
11763
11763
11789
11789
11789
11789
11789
11789
11789
11789
11789
11789
11789
11789
11867
11867
11867
11867
11867
11867
11867
11867
11867
11867
11867
11867
11867
11867
11867
11867
11867
11867
11867
11867
11867
11867
11867
11867
11867
11867
11867
11867
11867
11867
11964
11984
11984
11984
11984
11984
11984
11984
11984
11984
11984
11984
11984
11984
11984
11984
11984
11984
11984
11984
11984
11984
11984
11984
11984
11984
11984
12299
12299
12299
12299
12299
12299
12299
12299
12299
12299
12299
12299
12459
12459
12459
12459
12459
12459
12459
12459
12459
12459
12459
12459
12459
12459
12459
12459
12459
12459
12459
12459
12459
12459
12459
12459
12459
12459
12582
12585
12713
12713
12713
12713
12713
12713
12713
12713
12713
12713
12713
12713
12713
12713
12713
12713
12713
12713
12713
12713
12713
12713
12713
12713
12713
12713
12713
12713
12713
12713
13321
13372
13372
13372
13372
13372
13372
13372
13372
13372
13372
13372
13372
13372
13372
13372
13372
13372
13372
13372
13372
13372
13372
13372
13372
13372
13372
13372
13372
13372
13372
13405
13405
13405
13405
13405
13405
13405
13405
13405
13405
13405
13405
13405
13405
13405
13405
13405
13405
13405
13405
13405
13405
13405
13405
13405
13405
13405
13405
13405
13405
13537
13540
13540
13540
13540
13540
13540
13540
13540
13540
13540
13540
13540
13598
13598
13598
13598
13598
13598
13598
13598
13598
13598
13598
13598
13598
13598
13598
13598
13598
13617
13617
13617
13617
13617
13617
13617
13617
13617
13617
13617
13617
13617
13617
13669
13669
13669
13669
13669
13669
13669
13669
13669
13669
13669
13669
13669
13669
13669
13669
13669
13669
13669
13669
13888
13888
13888
13888
13888
13888
13888
13888
13888
13888
13888
13888
13888
13888
13888
13888
13888
13888
13888
13888
13888
13888
13888
13888
13888
13888
13917
13917
13917
13917
13917
13917
13917
13917
13917
13917
13917
13917
13917
13917
13917
13917
13917
13917
13917
13917
13917
13917
13917
13917
13917
13917
13917
13917
13917
13917
14007
14007
14007
14007
14007
14007
14007
14007
14007
14007
14007
14007
14007
14007
14057
14148
14148
14148
14148
14148
14148
14148
14148
14148
14148
14148
14148
14148
14148
14385
14385
14385
14385
14385
14385
14385
14385
14385
14385
14385
14385
14385
14385
14385
14385
14385
14385
14385
14385
14385
14385
14385
14385
14385
14385
14385
14385
14385
14385
14523
14523
14523
14523
14523
14523
14523
14523
14523
14523
14523
14523
14523
14523
14523
14523
14523
14523
14523
14523
15033
15056
15056
15056
15056
15056
15056
15056
15056
15056
15056
15056
15056
15057
15057
15057
15057
15057
15057
15057
15057
15057
15057
15057
15057
15057
15057
15469
15533
15633
15633
15633
15633
15633
15633
15633
15633
15633
15633
15633
15633
15633
15633
15752
15752
15752
15752
15752
15752
15752
15752
15752
15752
15752
15752
15752
15752
15752
15752
15752
15781
15781
15781
15781
15781
15781
15781
15781
15781
15781
15781
15781
16001
16001
16001
16001
16001
16001
16001
16001
16001
16001
16001
16001
16110
16110
16110
16110
16110
16110
16110
16110
16110
16110
16110
16110
16204
16204
16204
16204
16204
16204
16204
16204
16204
16204
16204
16204
16204
16204
16204
16204
16228
16323
16449
16449
16449
16449
16449
16449
16449
16522
16522
16522
16522
16522
16522
16522
16522
16522
16522
16522
16522
16538
17223
17223
17223
17223
17223
17223
17223
17223
17223
17223
17223
17223
17315
17315
17315
17315
17315
17315
17315
17315
17315
17315
17315
17315
17501
17501
17501
17501
17501
17501
17501
17566
17630
17630
17630
17630
17808
17808
17808
17808
17808
17808
17808
17808
17833
17833
17833
17833
17833
17833
17833
17881
17881
17881
17881
17881
17881
17881
17881
17881
17881
17881
17881
18190
18202
18448
18448
18448
587760
64
64
64
64
64
64
64
64
64
64
64
64
64
64
64
64
64
64
323
323
323
323
323
323
323
323
323
323
323
323
323
549
549
549
549
549
549
549
549
549
549
549
549
549
681
681
681
681
681
681
681
681
745
745
745
745
745
745
745
745
745
745
745
745
820
820
820
820
820
820
820
820
867
867
867
867
867
867
867
867
867
867
867
867
867
867
867
867
867
867
1206
1206
1206
1206
1206
1206
1206
1206
1206
1206
1206
1206
1206
1206
1206
1206
1206
1206
1206
1206
1206
1206
1206
1206
1206
1206
1206
1206
1206
1206
1206
1206
1206
1206
1206
1206
1206
1206
1244
1244
1244
1244
1244
1244
1244
1244
1244
1244
1244
1244
1244
1244
1244
1244
1244
1244
1511
1511
1511
1511
1511
1511
1511
1511
1914
1914
1914
1914
1914
1914
1914
1914
1914
1914
1914
1914
1914
2039
2039
2039
2039
2039
2039
2039
2039
2362
2362
2362
2362
2362
2362
2362
2362
2362
2362
2362
2362
2362
2362
2362
2362
2362
2362
2362
2362
2362
2362
2362
2362
2362
2362
2362
2362
2362
2362
2427
2427
2427
2427
2427
2427
2427
2427
2427
2427
2427
2427
2427
2463
2463
2463
2463
2463
2463
2463
2463
2463
2463
2463
2463
2503
2503
2503
2503
2503
2503
2503
2503
2503
2503
2503
2503
2615
2615
2615
2615
2615
2615
2615
2615
2615
2615
2615
2615
2615
2615
2615
2615
2615
2615
2902
2902
2902
2902
2902
2902
2902
2902
2902
2902
2902
2902
3094
3094
3094
3094
3094
3094
3094
3094
3094
3094
3094
3094
3094
3094
3094
3094
3094
3094
3094
3094
3094
3094
3094
3094
3094
3094
3094
3094
3094
3094
3094
3094
3094
3094
3094
3094
3094
3094
3296
3296
3296
3296
3296
3296
3296
3296
3296
3296
3296
3296
3476
3476
3476
3476
3476
3476
3476
3476
3615
3615
3615
3615
3615
3615
3615
3615
3615
3615
3615
3615
3615
3615
3615
3615
3615
3615
3615
3615
3637
3637
3637
3637
3637
3637
3637
3637
3637
3637
3637
3637
3637
3979
3979
3979
3979
3979
3979
3979
3979
4062
4062
4062
4062
4062
4062
4062
4062
4062
4062
4062
4062
4062
4062
4062
4062
4062
4062
4062
4062
4062
4062
4062
4062
4062
4062
4062
4062
4062
4062
4062
4062
4062
4062
4062
4062
4062
4062
4082
4082
4082
4082
4082
4082
4082
4082
4082
4082
4082
4082
4082
4082
4082
4082
4082
4082
4082
4082
4251
4251
4251
4251
4251
4251
4251
4251
4251
4251
4251
4251
4251
4251
4251
4251
4251
4251
4251
4251
4251
4251
4251
4251
4251
4251
4251
4251
4251
4251
4308
4308
4308
4308
4308
4308
4308
4308
4308
4308
4308
4308
4310
4310
4310
4310
4310
4310
4310
4310
4310
4310
4310
4310
4310
4310
4310
4310
4310
4310
4310
4310
5009
5009
5009
5009
5009
5009
5009
5009
5009
5009
5009
5009
5009
5009
5009
5009
5009
5009
5009
5009
5009
5009
5009
5009
5009
5009
5009
5009
5009
5009
5009
5009
5009
5009
5009
5009
5009
5009
5226
5226
5226
5226
5226
5226
5226
5226
5226
5226
5226
5226
5226
5226
5226
5226
5226
5226
5226
5226
5269
5269
5269
5269
5269
5269
5269
5269
5269
5269
5269
5269
5269
5269
5269
5269
5269
5269
5269
5269
5269
5269
5269
5269
5269
5269
5269
5269
5269
5269
5510
5510
5510
5510
5510
5510
5510
5510
5510
5510
5510
5510
5510
5635
5635
5635
5635
5635
5635
5635
5635
5635
5635
5635
5635
5635
5635
5635
5635
5635
5635
5635
5635
5635
5635
5635
5635
5635
5635
5635
5635
5635
5635
5667
5667
5667
5667
5667
5667
5667
5667
5979
5979
5979
5979
5979
5979
5979
5979
6734
6734
6734
6734
6734
6734
6734
6734
6816
6816
6816
6816
6816
6816
6816
6816
6816
6816
6816
6816
6816
6816
6816
6816
6816
6816
6816
6816
6816
6816
6816
6816
6816
6816
6816
6816
6816
6816
6816
6816
6816
6816
6816
6816
6816
6816
7144
7144
7144
7144
7144
7144
7144
7144
7144
7144
7144
7144
7144
7144
7144
7144
7144
7144
7144
7144
7144
7144
7144
7144
7144
7144
7144
7144
7144
7144
7144
7144
7144
7144
7144
7144
7144
7144
7199
7199
7199
7199
7199
7199
7199
7199
7199
7199
7199
7199
7199
7199
7199
7199
7199
7199
7199
7199
7199
7199
7199
7199
7199
7199
7199
7199
7199
7199
7199
7199
7199
7199
7199
7199
7199
7199
7619
7619
7619
7619
7619
7619
7619
7619
7619
7619
7619
7619
7619
7619
7619
7619
7619
7619
8292
8292
8292
8292
8292
8292
8292
8292
8292
8292
8292
8292
8292
8292
8292
8292
8292
8292
9120
9120
9120
9120
9120
9120
9120
9120
9120
9120
9120
9120
9120
9206
9206
9206
9206
9206
9206
9206
9206
9206
9206
9206
9206
9206
9206
9206
9206
9206
9206
9206
9206
9241
9241
9241
9241
64
64
64
64
64
64
64
64
323
323
323
323
323
323
323
323
549
549
549
549
549
549
549
549
681
681
681
681
681
745
745
745
745
745
745
745
820
820
820
820
820
867
867
867
867
867
867
867
867
1206
1206
1206
1206
1206
1206
1206
1206
1206
1206
1206
1206
1206
1206
1206
1206
1206
1206
1244
1244
1244
1244
1244
1244
1244
1244
1511
1511
1511
1511
1511
1914
1914
1914
1914
1914
1914
1914
1914
2039
2039
2039
2039
2039
2362
2362
2362
2362
2362
2362
2362
2362
2362
2362
2362
2362
2427
2427
2427
2427
2427
2427
2427
2427
2463
2463
2463
2463
2463
2463
2463
2503
2503
2503
2503
2503
2503
2503
2615
2615
2615
2615
2615
2615
2615
2615
2902
2902
2902
2902
2902
2902
2902
3094
3094
3094
3094
3094
3094
3094
3094
3094
3094
3094
3094
3094
3094
3094
3094
3094
3094
3296
3296
3296
3296
3296
3296
3296
3476
3476
3476
3476
3476
3615
3615
3615
3615
3615
3615
3615
3615
3615
3615
3615
3615
3637
3637
3637
3637
3637
3637
3637
3637
3979
3979
3979
3979
3979
4062
4062
4062
4062
4062
4062
4062
4062
4062
4062
4062
4062
4062
4062
4062
4062
4062
4062
4082
4082
4082
4082
4082
4082
4082
4082
4082
4082
4082
4082
4251
4251
4251
4251
4251
4251
4251
4251
4251
4251
4251
4251
4308
4308
4308
4308
4308
4308
4308
4310
4310
4310
4310
4310
4310
4310
4310
4310
4310
4310
4310
5009
5009
5009
5009
5009
5009
5009
5009
5009
5009
5009
5009
5009
5009
5009
5009
5009
5009
5226
5226
5226
5226
5226
5226
5226
5226
5226
5226
5226
5226
5269
5269
5269
5269
5269
5269
5269
5269
5269
5269
5269
5269
5510
5510
5510
5510
5510
5510
5510
5510
5635
5635
5635
5635
5635
5635
5635
5635
5635
5635
5635
5635
5667
5667
5667
5667
5667
5979
5979
5979
5979
5979
6734
6734
6734
6734
6734
6816
6816
6816
6816
6816
6816
6816
6816
6816
6816
6816
6816
6816
6816
6816
6816
6816
6816
7144
7144
7144
7144
7144
7144
7144
7144
7144
7144
7144
7144
7144
7144
7144
7144
7144
7144
7199
7199
7199
7199
7199
7199
7199
7199
7199
7199
7199
7199
7199
7199
7199
7199
7199
7199
7619
7619
7619
7619
7619
7619
7619
7619
8292
8292
8292
8292
8292
8292
8292
8292
9120
9120
9120
9120
9120
9120
9120
9120
9206
9206
9206
9206
9206
9206
9206
9206
9206
9206
9206
9206
9241
9241
9241
9241
9241
9241
9241
9241
9241
9241
9241
9241
9431
9431
9431
9431
9431
9431
9431
9431
10120
10120
10120
10120
10120
10120
10120
10120
10120
10120
10120
10120
10122
10122
10122
10122
10122
10122
10122
10122
10165
10165
10165
10165
10165
10165
10165
10165
10165
10165
10165
10165
10272
10272
10272
10272
10272
10417
10417
10417
10417
10417
10417
10417
10417
10417
10417
10417
10417
10417
10417
10417
10417
10417
10417
10845
10845
10845
10845
10845
10845
10845
10845
10845
10845
10845
10845
11016
11016
11016
11016
11016
11016
11016
11016
11351
11351
11351
11351
11351
11351
11351
11351
11351
11351
11351
11351
11351
11351
11351
11351
11351
11351
11703
11703
11703
11703
11703
11703
11703
11703
11735
11735
11735
11735
11735
11763
11763
11763
11763
11763
11763
11763
11763
11763
11763
11763
11763
11789
11789
11789
11789
11789
11867
11867
11867
11867
11867
11867
11867
11867
11867
11867
11867
11867
11867
11867
11867
11867
11867
11867
11984
11984
11984
11984
11984
11984
11984
11984
11984
11984
11984
11984
12299
12299
12299
12299
12299
12299
12299
12299
12459
12459
12459
12459
12459
12459
12459
12459
12459
12459
12459
12459
12713
12713
12713
12713
12713
12713
12713
12713
12713
12713
12713
12713
12713
12713
12713
12713
12713
12713
13372
13372
13372
13372
13372
13372
13372
13372
13372
13372
13372
13372
13372
13372
13372
13372
13372
13372
13405
13405
13405
13405
13405
13405
13405
13405
13405
13405
13405
13405
13405
13405
13405
13405
13405
13405
13540
13540
13540
13540
13540
13540
13540
13540
13598
13598
13598
13598
13598
13598
13598
13598
13598
13598
13598
13598
13617
13617
13617
13617
13617
13617
13617
13669
13669
13669
13669
13669
13669
13669
13669
13888
13888
13888
13888
13888
13888
13888
13888
13888
13888
13888
13888
13917
13917
13917
13917
13917
13917
13917
13917
13917
13917
13917
13917
13917
13917
13917
13917
13917
13917
14007
14007
14007
14007
14007
14007
14007
14148
14148
14148
14148
14148
14148
14148
14385
14385
14385
14385
14385
14385
14385
14385
14385
14385
14385
14385
14385
14385
14385
14385
14385
14385
14523
14523
14523
14523
14523
14523
14523
14523
15056
15056
15056
15056
15056
15057
15057
15057
15057
15057
15057
15057
15633
15633
15633
15633
15633
15633
15633
15752
15752
15752
15752
15752
15752
15752
15752
15752
15752
15752
15752
15781
15781
15781
15781
15781
15781
15781
15781
16001
16001
16001
16001
16001
16001
16001
16001
16110
16110
16110
16110
16110
16204
16204
16204
16204
64
64
64
64
64
64
64
64
64
64
64
64
745
867
867
867
867
867
867
867
867
867
867
867
867
1206
1206
1206
1206
1206
1206
1206
1206
1206
1206
1206
1206
1206
1206
1206
1206
1206
1206
1206
1206
1244
1244
1244
1244
1244
1244
1244
1244
1244
1244
1244
1244
2362
2362
2362
2362
2362
2362
2362
2362
2362
2362
2362
2362
2362
2362
2362
2362
2362
2362
2362
2362
2362
2362
2362
2362
2362
2362
2463
2503
2615
2615
2615
2615
2615
2615
2615
2615
2615
2615
2615
2615
2902
3094
3094
3094
3094
3094
3094
3094
3094
3094
3094
3094
3094
3094
3094
3094
3094
3094
3094
3094
3094
3296
3615
4062
4062
4062
4062
4062
4062
4062
4062
4062
4062
4062
4062
4062
4062
4062
4062
4062
4062
4062
4062
4082
4251
4251
4251
4251
4251
4251
4251
4251
4251
4251
4251
4251
4251
4251
4251
4251
4251
4251
4251
4251
4251
4251
4251
4251
4251
4251
4308
4310
5009
5009
5009
5009
5009
5009
5009
5009
5009
5009
5009
5009
5009
5009
5009
5009
5009
5009
5009
5009
5226
5269
5269
5269
5269
5269
5269
5269
5269
5269
5269
5269
5269
5269
5269
5269
5269
5269
5269
5269
5269
5269
5269
5269
5269
5269
5269
5635
5635
5635
5635
5635
5635
5635
5635
5635
5635
5635
5635
5635
5635
5635
5635
5635
5635
5635
5635
5635
5635
5635
5635
5635
5635
6816
6816
6816
6816
6816
6816
6816
6816
6816
6816
6816
6816
6816
6816
6816
6816
6816
6816
6816
6816
7144
7144
7144
7144
7144
7144
7144
7144
7144
7144
7144
7144
7144
7144
7144
7144
7144
7144
7144
7144
7199
7199
7199
7199
7199
7199
7199
7199
7199
7199
7199
7199
7199
7199
7199
7199
7199
7199
7199
7199
7619
7619
7619
7619
7619
7619
7619
7619
7619
7619
7619
7619
8292
8292
8292
8292
8292
8292
8292
8292
8292
8292
8292
8292
9206
9241
9431
9431
9431
9431
9431
9431
9431
9431
9431
9431
9431
9431
10120
10120
10120
10120
10120
10120
10120
10120
10120
10120
10120
10120
10120
10120
10120
10120
10120
10120
10120
10120
10120
10120
10120
10120
10120
10120
10122
10122
10122
10122
10122
10122
10122
10122
10122
10122
10122
10122
10165
10417
10417
10417
10417
10417
10417
10417
10417
10417
10417
10417
10417
10417
10417
10417
10417
10417
10417
10417
10417
10845
10845
10845
10845
10845
10845
10845
10845
10845
10845
10845
10845
10845
10845
10845
10845
10845
10845
10845
10845
10845
10845
10845
10845
10845
10845
11016
11016
11016
11016
11016
11016
11016
11016
11016
11016
11016
11016
11351
11351
11351
11351
11351
11351
11351
11351
11351
11351
11351
11351
11351
11351
11351
11351
11351
11351
11351
11351
11703
11703
11703
11703
11703
11703
11703
11703
11703
11703
11703
11703
11763
11763
11763
11763
11763
11763
11763
11763
11763
11763
11763
11763
11763
11763
11763
11763
11763
11763
11763
11763
11763
11763
11763
11763
11763
11763
11867
11867
11867
11867
11867
11867
11867
11867
11867
11867
11867
11867
11867
11867
11867
11867
11867
11867
11867
11867
11984
12299
12299
12299
12299
12299
12299
12299
12299
12299
12299
12299
12299
12459
12713
12713
12713
12713
12713
12713
12713
12713
12713
12713
12713
12713
12713
12713
12713
12713
12713
12713
12713
12713
13372
13372
13372
13372
13372
13372
13372
13372
13372
13372
13372
13372
13372
13372
13372
13372
13372
13372
13372
13372
13405
13405
13405
13405
13405
13405
13405
13405
13405
13405
13405
13405
13405
13405
13405
13405
13405
13405
13405
13405
13540
13540
13540
13540
13540
13540
13540
13540
13540
13540
13540
13540
13598
13598
13598
13598
13598
13598
13598
13598
13598
13598
13598
13598
13598
13598
13598
13598
13598
13598
13598
13598
13598
13598
13598
13598
13598
13598
13617
13888
13917
13917
13917
13917
13917
13917
13917
13917
13917
13917
13917
13917
13917
13917
13917
13917
13917
13917
13917
13917
14007
14148
14385
14385
14385
14385
14385
14385
14385
14385
14385
14385
14385
14385
14385
14385
14385
14385
14385
14385
14385
14385
15057
15633
15752
15752
15752
15752
15752
15752
15752
15752
15752
15752
15752
15752
15752
15752
15752
15752
15752
15752
15752
15752
15752
15752
15752
15752
15752
15752
15781
15781
15781
15781
15781
15781
15781
15781
15781
15781
15781
15781
16001
16001
16001
16001
16001
16001
16001
16001
16001
16001
16001
16001
16522
16522
16522
16522
16522
16522
16522
16522
16522
16522
16522
16522
16522
16522
16522
16522
16522
16522
16522
16522
17630
17630
17630
17630
17630
17630
17630
17630
17630
17630
17630
17630
17808
17833
17881
17881
17881
17881
17881
17881
17881
17881
17881
17881
17881
17881
17881
17881
17881
17881
17881
17881
17881
17881
18448
18654
19034
19034
19034
19034
19034
19034
19034
19034
19034
19034
19034
19034
19034
19034
19034
19034
19034
19034
19034
19034
19034
19034
19034
19034
19034
19034
19278
19278
19278
19278
19278
19278
19278
19278
19278
19278
19278
19278
19278
19278
19278
19278
19278
19278
19278
19278
19420
19420
19420
19420
19420
19420
19420
19420
19420
19420
19420
19486
19486
19486
19486
19486
19486
19486
19486
19486
19486
19486
19486
20172
20550
20550
20550
20550
20550
20550
20550
20550
20550
20550
20550
20550
20550
20550
20550
20550
20550
20550
20550
20550
20550
20550
20550
20550
20550
20550
20847
20934
20934
20934
20934
20934
20934
20934
20934
20934
20934
20934
20934
20934
20934
20934
20934
20934
20934
20934
20934
20934
20934
20934
20934
20934
20934
21485
21491
21491
21491
21491
21491
21491
21491
21491
21491
21491
21491
21491
21491
21491
21491
21491
21491
21491
21491
21491
21491
21491
21491
21491
21491
21491
22104
22104
22104
22104
22104
22104
22104
22104
22104
22104
22104
22104
22104
22104
22104
22104
22104
22104
22104
22104
23440
23440
23440
23440
23440
23440
23440
23440
23440
23440
23440
23440
23440
23440
23440
23440
23440
23440
23440
23440
23440
23440
23440
23440
23440
23440
23591
23591
23591
23591
23591
23591
23591
23591
23591
23591
23591
23591
23591
23591
23591
23591
23591
23591
23591
23591
23949
23949
23949
23949
23949
23949
23949
23949
23949
23949
23949
23949
24020
24124
24124
24124
24124
24124
24124
24124
24124
24124
24124
24124
24124
24124
24124
24124
24124
24124
24124
24124
24124
24124
24124
24124
24124
24124
24124
24136
24451
24745
24776
24776
24776
24776
24776
24776
24776
24776
24776
24776
24776
24776
25496
25861
25861
25861
25861
25861
25861
25861
25861
25861
25861
25861
25861
25861
25861
25861
25861
25861
25861
25861
25861
26160
26160
26160
26160
26160
26160
26160
26160
26160
26160
26160
26160
26160
26160
26160
26160
26160
26160
26160
26160
26445
26650
27138
27157
27320
27489
27536
27536
27536
27536
27536
27536
27536
27536
27536
27536
27536
27536
27536
27536
27536
27536
27536
27536
27536
27536
28313
28423
28423
28423
28423
28423
28423
28423
28423
28423
28423
28423
28423
28423
28423
28423
28423
28423
28423
28423
28423
28423
28423
28423
28423
28423
28423
28806
28996
29053
29053
29053
29053
29053
29053
29053
29053
29053
29053
29053
29053
29098
29215
29215
29215
29215
29215
29215
29215
29215
29215
29215
29215
29215
29215
29215
29215
29215
29215
29215
29215
29215
29375
29438
29438
29438
29438
29438
29438
29438
29438
29438
29438
29438
29438
29573
30183
30183
30183
30183
30183
30183
30183
30183
30183
30183
30183
30183
30706
30706
30706
30706
30706
30706
30706
30706
30706
30706
30706
30706
30706
30706
30706
30706
30706
30706
30706
30706
30774
30774
30774
30774
30774
30774
30774
30774
30774
30774
30774
30774
30774
30774
30774
30774
30774
30774
30774
30774
31020
31224
31224
31224
31224
31224
31224
31224
31224
31224
31224
31224
31224
31224
31224
31224
31224
31224
31224
31224
31224
31355
31355
31355
31355
31355
31355
31355
31355
31355
31355
31355
31355
31600
31639
31639
31639
31639
31639
31639
31639
31639
31639
31639
31639
31639
31790
32073
32101
32101
32101
32101
32101
32101
32101
32101
32101
32101
32101
32101
32248
32276
32276
32276
32276
32276
32276
32276
32276
32276
32276
32276
32276
32276
32276
32276
32276
32276
32276
32276
32276
32277
32277
32277
32277
32277
32277
32277
32277
32277
32277
32277
32277
32310
32310
32310
32310
32310
32310
32310
32310
32310
32310
32310
32310
32310
32310
32310
32310
32310
32310
32310
32310
32862
32933
32933
32933
32933
32933
32933
32933
32933
32933
32933
32933
32933
32976
33786
33808
33808
33808
33808
33808
33808
33808
33808
33808
33808
33808
33808
33915
33915
33915
33915
33915
33915
33915
33915
33915
33915
33915
33915
34282
34282
34282
34282
34282
34282
34282
34282
34282
34282
34282
34282
34282
34282
34282
34282
34282
34282
34282
34282
34282
34282
34282
34282
34282
34303
34307
34307
34307
34307
34307
34307
34307
34307
34307
34307
34307
34307
34307
34307
34307
34307
34307
34307
34307
34307
34307
34307
34307
34307
34307
34307
34596
34633
34633
34633
34633
34633
34633
34633
34633
34633
34633
34633
34633
34633
34633
34633
34633
34633
34633
34633
34633
34821
34821
34821
34821
34821
34821
34821
34821
34821
34821
34821
34821
34979
34979
34979
34979
34979
34979
34979
34979
34979
34979
34979
34979
34979
34979
34979
34979
34979
34979
34979
34979
34979
34979
34979
34979
34979
34979
35109
35280
35280
35280
35280
35280
35280
35280
35280
35280
35280
35280
35280
35391
35391
35391
35391
35391
35391
35391
35391
35391
35391
35391
35391
35733
35928
35928
35928
35928
35928
35928
35928
35928
35928
35928
35928
35928
35928
35928
35928
35928
35928
35928
35928
35928
35928
35928
35928
35928
35928
35928
36055
36126
36126
36126
36126
36126
36126
36126
36126
36126
36126
36126
36126
36437
36461
36936
37062
37138
37392
37392
37392
37392
37392
37392
37392
37392
37392
37392
37392
37392
37392
37392
37392
37392
37392
37392
37392
37392
37392
37392
37392
37392
37392
37392
37472
37545
37876
37876
37876
37876
37876
37876
37876
37876
37876
37876
37876
37876
38829
38829
38829
38829
38829
38829
38829
38829
38829
38829
38829
38829
38829
38829
38829
38829
38829
38829
38829
38829
38829
38829
38829
38829
38829
38829
38894
39392
39392
39392
39392
39392
39392
39392
39392
39392
39392
39392
39392
39392
39392
39392
39392
39392
39392
39392
39392
39392
136154
64
64
64
64
64
64
64
64
867
867
867
867
867
867
867
867
1206
1206
1206
1206
1206
1206
1206
1206
1206
1206
1206
1206
1206
1244
1244
1244
1244
1244
1244
1244
1244
2362
2362
2362
2362
2362
2362
2362
2362
2362
2362
2362
2362
2362
2362
2362
2362
2362
2362
2362
2362
2615
2615
2615
2615
2615
2615
2615
2615
3094
3094
3094
3094
3094
3094
3094
3094
3094
3094
3094
3094
3094
4062
4062
4062
4062
4062
4062
4062
4062
4062
4062
4062
4062
4062
4251
4251
4251
4251
4251
4251
4251
4251
4251
4251
4251
4251
4251
4251
4251
4251
4251
4251
4251
4251
5009
5009
5009
5009
5009
5009
5009
5009
5009
5009
5009
5009
5009
5269
5269
5269
5269
5269
5269
5269
5269
5269
5269
5269
5269
5269
5269
5269
5269
5269
5269
5269
5269
5635
5635
5635
5635
5635
5635
5635
5635
5635
5635
5635
5635
5635
5635
5635
5635
5635
5635
5635
5635
6816
6816
6816
6816
6816
6816
6816
6816
6816
6816
6816
6816
6816
7144
7144
7144
7144
7144
7144
7144
7144
7144
7144
7144
7144
7144
7199
7199
7199
7199
7199
7199
7199
7199
7199
7199
7199
7199
7199
7619
7619
7619
7619
7619
7619
7619
7619
8292
8292
8292
8292
8292
8292
8292
8292
9431
9431
9431
9431
9431
9431
9431
9431
10120
10120
10120
10120
10120
10120
10120
10120
10120
10120
10120
10120
10120
10120
10120
10120
10120
10120
10120
10120
10122
10122
10122
10122
10122
10122
10122
10122
10417
10417
10417
10417
10417
10417
10417
10417
10417
10417
10417
10417
10417
10845
10845
10845
10845
10845
10845
10845
10845
10845
10845
10845
10845
10845
10845
10845
10845
10845
10845
10845
10845
11016
11016
11016
11016
11016
11016
11016
11016
11351
11351
11351
11351
11351
11351
11351
11351
11351
11351
11351
11351
11351
11703
11703
11703
11703
11703
11703
11703
11703
11763
11763
11763
11763
11763
11763
11763
11763
11763
11763
11763
11763
11763
11763
11763
11763
11763
11763
11763
11763
11867
11867
11867
11867
11867
11867
11867
11867
11867
11867
11867
11867
11867
12299
12299
12299
12299
12299
12299
12299
12299
12713
12713
12713
12713
12713
12713
12713
12713
12713
12713
12713
12713
12713
13372
13372
13372
13372
13372
13372
13372
13372
13372
13372
13372
13372
13372
13405
13405
13405
13405
13405
13405
13405
13405
13405
13405
13405
13405
13405
13540
13540
13540
13540
13540
13540
13540
13540
13598
13598
13598
13598
13598
13598
13598
13598
13598
13598
13598
13598
13598
13598
13598
13598
13598
13598
13598
13598
13917
13917
13917
13917
13917
13917
13917
13917
13917
13917
13917
13917
13917
14385
14385
14385
14385
14385
14385
14385
14385
14385
14385
14385
14385
14385
15752
15752
15752
15752
15752
15752
15752
15752
15752
15752
15752
15752
15752
15752
15752
15752
15752
15752
15752
15752
15781
15781
15781
15781
15781
15781
15781
15781
16001
16001
16001
16001
16001
16001
16001
16001
16522
16522
16522
16522
16522
16522
16522
16522
16522
16522
16522
16522
16522
17630
17630
17630
17630
17630
17630
17630
17630
17881
17881
17881
17881
17881
17881
17881
17881
17881
17881
17881
17881
17881
19034
19034
19034
19034
19034
19034
19034
19034
19034
19034
19034
19034
19034
19034
19034
19034
19034
19034
19034
19034
19278
19278
19278
19278
19278
19278
19278
19278
19278
19278
19278
19278
19278
19420
19420
19420
19420
19420
19420
19420
19420
19486
19486
19486
19486
19486
19486
19486
19486
20550
20550
20550
20550
20550
20550
20550
20550
20550
20550
20550
20550
20550
20550
20550
20550
20550
20550
20550
20550
20934
20934
20934
20934
20934
20934
20934
20934
20934
20934
20934
20934
20934
20934
20934
20934
20934
20934
20934
20934
21491
21491
21491
21491
21491
21491
21491
21491
21491
21491
21491
21491
21491
21491
21491
21491
21491
21491
21491
21491
22104
22104
22104
22104
22104
22104
22104
22104
22104
22104
22104
22104
22104
23440
23440
23440
23440
23440
23440
23440
23440
23440
23440
23440
23440
23440
23440
23440
23440
23440
23440
23440
23440
23591
23591
23591
23591
23591
23591
23591
23591
23591
23591
23591
23591
23591
23949
23949
23949
23949
23949
23949
23949
23949
24124
24124
24124
24124
24124
24124
24124
24124
24124
24124
24124
24124
24124
24124
24124
24124
24124
24124
24124
24124
24776
24776
24776
24776
24776
24776
24776
24776
25861
25861
25861
25861
25861
25861
25861
25861
25861
25861
25861
25861
25861
26160
26160
26160
26160
26160
26160
26160
26160
26160
26160
26160
26160
26160
27536
27536
27536
27536
27536
27536
27536
27536
27536
27536
27536
27536
27536
28423
28423
28423
28423
28423
28423
28423
28423
28423
28423
28423
28423
28423
28423
28423
28423
28423
28423
28423
28423
29053
29053
29053
29053
29053
29053
29053
29053
29215
29215
29215
29215
29215
29215
29215
29215
29215
29215
29215
29215
29215
29438
29438
29438
29438
29438
29438
29438
29438
30183
30183
30183
30183
30183
30183
30183
30183
30706
30706
30706
30706
30706
30706
30706
30706
30706
30706
30706
30706
30706
30774
30774
30774
30774
30774
30774
30774
30774
30774
30774
30774
30774
64
64
64
64
64
867
867
867
867
867
1206
1206
1206
1206
1206
1206
1206
1206
1244
1244
1244
1244
1244
2362
2362
2362
2362
2362
2362
2362
2362
2362
2362
2362
2362
2615
2615
2615
2615
2615
3094
3094
3094
3094
3094
3094
3094
3094
4062
4062
4062
4062
4062
4062
4062
4062
4251
4251
4251
4251
4251
4251
4251
4251
4251
4251
4251
4251
5009
5009
5009
5009
5009
5009
5009
5009
5269
5269
5269
5269
5269
5269
5269
5269
5269
5269
5269
5269
5635
5635
5635
5635
5635
5635
5635
5635
5635
5635
5635
5635
6816
6816
6816
6816
6816
6816
6816
6816
7144
7144
7144
7144
7144
7144
7144
7144
7199
7199
7199
7199
7199
7199
7199
7199
7619
7619
7619
7619
7619
8292
8292
8292
8292
8292
9431
9431
9431
9431
9431
10120
10120
10120
10120
10120
10120
10120
10120
10120
10120
10120
10120
10122
10122
10122
10122
10122
10417
10417
10417
10417
10417
10417
10417
10417
10845
10845
10845
10845
10845
10845
10845
10845
10845
10845
10845
10845
11016
11016
11016
11016
11016
11351
11351
11351
11351
11351
11351
11351
11351
11703
11703
11703
11703
11703
11763
11763
11763
11763
11763
11763
11763
11763
11763
11763
11763
11763
11867
11867
11867
11867
11867
11867
11867
11867
12299
12299
12299
12299
12299
12713
12713
12713
12713
12713
12713
12713
12713
13372
13372
13372
13372
13372
13372
13372
13372
13405
13405
13405
13405
13405
13405
13405
13405
13540
13540
13540
13540
13540
13598
13598
13598
13598
13598
13598
13598
13598
13598
13598
13598
13598
13917
13917
13917
13917
13917
13917
13917
13917
14385
14385
14385
14385
14385
14385
14385
14385
15752
15752
15752
15752
15752
15752
15752
15752
15752
15752
15752
15752
15781
15781
15781
15781
15781
16001
16001
16001
16001
16001
16522
16522
16522
16522
16522
16522
16522
16522
17630
17630
17630
17630
17630
17881
17881
17881
17881
17881
17881
17881
17881
19034
19034
19034
19034
19034
19034
19034
19034
19034
19034
19034
19034
19278
19278
19278
19278
19278
19278
19278
19278
19420
19420
19420
19420
19420
19486
19486
19486
19486
19486
20550
20550
20550
20550
20550
20550
20550
20550
20550
20550
20550
20550
20934
20934
20934
20934
20934
20934
20934
20934
20934
20934
20934
20934
21491
21491
21491
21491
21491
21491
21491
21491
21491
21491
21491
21491
22104
22104
22104
22104
22104
22104
22104
22104
23440
23440
23440
23440
23440
23440
23440
23440
23440
23440
23440
23440
23591
23591
23591
23591
23591
23591
23591
23591
23949
23949
23949
23949
23949
24124
24124
24124
24124
24124
24124
24124
24124
24124
24124
24124
24124
24776
24776
24776
24776
24776
25861
25861
25861
25861
25861
25861
25861
25861
26160
26160
26160
26160
26160
26160
26160
26160
27536
27536
27536
27536
27536
27536
27536
27536
28423
28423
28423
28423
28423
28423
28423
28423
28423
28423
28423
28423
29053
29053
29053
29053
29053
29215
29215
29215
29215
29215
29215
29215
29215
29438
29438
29438
29438
29438
30183
30183
30183
30183
30183
30706
30706
30706
30706
30706
30706
30706
30706
30774
30774
30774
30774
30774
30774
30774
30774
31224
31224
31224
31224
31224
31224
31224
31224
31355
31355
31355
31355
31355
31639
31639
31639
31639
31639
32101
32101
32101
32101
32101
32276
32276
32276
32276
32276
32276
32276
32276
32277
32277
32277
32277
32277
32310
32310
32310
32310
32310
32310
32310
32310
32933
32933
32933
32933
32933
33808
33808
33808
33808
33808
33915
33915
33915
33915
33915
34282
34282
34282
34282
34282
34282
34282
34282
34282
34282
34282
34282
34307
34307
34307
34307
34307
34307
34307
34307
34307
34307
34307
34307
34633
34633
34633
34633
34633
34633
34633
34633
34821
34821
34821
34821
34821
34979
34979
34979
34979
34979
34979
34979
34979
34979
34979
34979
34979
35280
35280
35280
35280
35280
35391
35391
35391
35391
35391
35928
35928
35928
35928
35928
35928
35928
35928
35928
35928
35928
35928
36126
36126
36126
36126
36126
37392
37392
37392
37392
37392
37392
37392
37392
37392
37392
37392
37392
37876
37876
37876
37876
37876
38829
38829
38829
38829
38829
38829
38829
38829
38829
38829
38829
38829
39392
39392
39392
39392
39392
39392
39392
39392
39392
39392
39392
39392
39758
39758
39758
39758
39758
39758
39758
39758
39758
39758
39758
39758
39828
39828
39828
39828
39828
39908
39908
39908
39908
39908
39960
39960
39960
39960
39960
40400
40400
40400
40400
40400
40500
40500
40500
40500
40500
40898
40898
40898
40898
40898
41159
41159
41159
41159
41159
41159
41159
41159
41159
41159
41159
41159
41768
41768
41768
41768
41768
42122
42122
42122
42122
42122
42365
42365
42365
42365
42365
42856
42856
42856
42856
42856
43453
43453
43453
43453
43453
43453
43453
43453
43592
43592
43592
43592
43592
43592
43592
43592
44101
44101
44101
44101
44101
44353
44353
44353
44353
44353
44353
44353
44353
44353
44353
44353
44353
44526
44526
44526
44526
44526
44526
44526
44526
44526
44526
44526
44526
44757
44757
44757
44757
44757
44819
44819
44819
44819
44819
44819
44819
44819
44819
44819
44819
44819
44962
44962
44962
44962
44962
44962
44962
44962
44962
44962
44962
2362
4251
5269
5635
10120
10845
11763
13598
15752
19034
20550
20934
21491
23440
24124
28423
34282
34307
34979
35928
37392
38829
39392
39758
41159
44353
44526
44819
44962
45156
46852
46942
47406
49997
50063
50293
52018
52567
55232
58800
59720
60987
61151
61918
62548
65643
65812
69030
72606
72943
73181
73505
75155
75615
76139
78259
79381
79957
80776
80830
82460
83304
85972
87711
87928
88208
89128
90023
90200
90987
91042
91686
92609
92923
93152
94174
95475
96176
97408
97660
100161
105141
105342
106038
114053
116941
117195
118252
118325
118800
122729
124337
125086
125657
126510
127098
127249
127616
128121
129067
129408
129877
129954
131151
135518
135729
138380
139471
140091
142779
143910
144308
145375
145472
147326
147554
147997
149078
149720
150125
150811
152161
152226
152910
153621
154714
155872
157511
158124
158590
159745
161527
162672
163132
163926
164292
167852
169437
170170
170506
171637
172190
175400
175406
177718
178497
178855
180548
183718
184072
184765
186952
189876
191269
191544
191893
192177
192934
200792
201069
204634
204645
205062
206243
207480
210708
214815
215898
216090
218657
218751
220968
221155
222428
222754
223735
227338
228101
228721
231761
232425
232805
233114
233355
233570
235053
235957
236196
236214
242050
242635
242834
243468
247757
248175
248364
248977
249025
250008
254884
256530
256678
256816
256975
257597
258306
261667
263497
264854
265391
266194
267199
267292
267725
270742
271360
271401
273567
273952
275532
276103
277188
278990
279893
281052
282255
283253
283738
287600
287797
289123
290255
290720
291485
291980
292139
294404
298784
299513
299699
299808
300579
300742
301192
307354
313082
315047
316750
317249
320483
321357
322915
323691
326920
328686
330491
333732
336386
339198
341551
341786
341798
341966
346827
348181
349502
350359
350766
350916
351718
354754
354908
356819
359202
359767
363200
363260
363341
363551
364792
366070
367445
370732
372729
373053
373140
375218
375222
375728
376256
376468
376731
378194
380292
380323
381465
381775
381916
382524
383281
384071
386697
386851
386917
392511
393988
395007
396164
396211
397243
400536
401014
401378
401461
402092
402750
405071
405135
409802
412323
412617
413554
413566
414135
415518
416139
416639
417411
417593
418103
419723
420041
423750
424864
425202
425614
426070
426165
426538
427417
428888
429128
429541
429808
430683
431447
431801
434070
435744
435800
437589
437697
438747
439124
439146
440770
443334
443968
444293
445998
446925
447445
447599
447997
448028
448738
450104
450460
451076
452213
454226
454391
454414
456208
457580
458701
459366
460991
461670
463993
465189
465442
466810
468482
471694
472033
472174
473388
473438
477679
478538
479036
481397
482884
483372
483452
484696
487927
490504
492425
494676
495251
496076
496389
496983
497417
497502
498915
499297
499486
499599
500668
504959
506025
506915
508186
508528
508606
510029
510499
512028
513620
514659
515728
516833
517115
518566
519030
519149
519606
520005
521490
522538
523653
524777
525932
526532
526759
527886
528010
528026
528119
528221
528605
529168
529297
531229
533153
533206
538274
538576
538954
539794
540471
542297
543664
544032
545117
546119
548654
549909
551015
551074
551138
554182
554294
557577
557970
559090
560228
562945
564525
565081
566222
567177
567971
568036
568155
568384
571137
571677
572935
573559
573640
575056
575413
577120
578354
579561
583223
584179
587750
589103
590765
594918
595011
595380
596029
596875
599179
599311
599384
601863
603745
604081
606032
606669
609233
609782
610331
611770
612439
612995
616368
616668
617091
618460
619435
620130
620603
620893
621224
622281
623206
626887
629906
630215
630420
630751
630889
630990
631257
631439
632098
632161
635252
636673
637267
637607
638677
639044
640970
641554
642177
642356
643794
644824
645533
645538
647974
648000
648392
649175
649716
650301
650574
650635
651091
651652
653303
655158
655302
655733
657236
658322
661180
661343
661764
662274
664328
668629
669224
670086
672783
676291
676538
677436
678424
678649
680429
681244
682821
683120
683412
688454
688519
688700
689013
689917
692607
695705
696038
699081
701105
701462
704113
705436
706704
707277
707442
708726
709879
710668
713469
715175
715232
716271
716771
716956
719216
721873
722032
722106
722137
723804
724071
724587
725017
725050
725716
726660
726823
727551
728141
729707
732036
735140
736275
737522
737840
738557
740576
740939
744673
745083
745105
746624
747335
747367
747414
748897
749078
750254
751403
752255
752746
753170
753405
753946
754130
754365
756338
757102
759602
759867
760099
762344
763458
763697
764240
765221
767755
770520
771048
771586
773587
777013
779037
784698
785819
787158
789236
790267
790866
791138
791312
791514
791664
792293
792559
798426
801511
803171
803207
803427
803708
804722
806591
806878
808940
811236
815548
821724
823197
823888
826703
826941
830222
830940
832291
833713
834812
835171
835495
835785
836593
836795
837390
838164
838184
838693
840006
840040
844197
845014
845269
848205
849192
849722
852481
852701
852790
853023
853942
855237
855714
856043
856258
858570
860517
862416
863809
868921
870680
871046
871502
872382
873501
876599
879613
880017
885154
896658
897588
898702
898994
901056
906622
908548
909962
909989
910364
911180
911826
913208
913922
913970
915896
916064
916269
918875
918943
918972
919411
920852
922167
922886
924138
924677
924783
926754
927193
927221
927532
929947
930180
933138
933610
933927
937346
938349
939414
939951
940183
941238
942374
943939
944573
944648
945629
946369
946414
946845
947209
948028
950122
953064
953312
953447
953964
954327
959500
960801
962847
967501
967621
968378
970727
971114
971844
974801
975881
977441
978850
979569
982271
985199
985199
985290
986452
987523
987776
991719
991833
992107
992371
992448
993382
995992
996512
997000
998402
999382
480021
920292
459307
609430
