64
81
93
323
549
569
681
681
745
820
867
1171
1206
1244
1354
1379
1511
1642
1842
1914
1925
2039
2245
2362
2427
2463
2503
2606
2615
2673
2673
2673
2780
2902
2904
3033
3050
3094
3094
3296
3296
3476
3493
3615
3615
3637
3637
3979
4039
4062
4082
4082
4251
4308
4308
4310
4310
4340
4340
4513
5009
5009
5211
5216
5216
5226
5226
5269
5510
5510
5601
5601
5635
5667
5667
5979
6046
6071
6484
6734
6816
6816
7057
7144
7144
7199
7339
7339
7619
8216
8216
8292
8430
8693
8764
8764
9097
9097
9120
9120
9206
9206
9241
9241
9428
9431
9719
10038
10120
10122
10165
10165
10272
10272
10417
10417
10431
10431
10569
10569
10736
10736
10845
10946
10947
10947
11016
11017
11017
11053
11351
11520
11703
11735
11735
11763
11789
11789
11867
11867
11964
11964
11984
11984
12299
12459
12497
12582
12582
12585
12713
12713
13321
13321
13372
13372
13405
13405
13537
13537
13540
13598
13617
13617
13669
13888
13888
13917
13917
14007
14007
14057
14148
14385
14385
14412
14523
14811
15033
15056
15057
15469
15533
15533
15633
15720
15720
15752
15781
16001
16110
16204
16228
16259
16259
16323
16323
16449
16522
16522
16538
16538
17135
17135
17223
17315
17501
17566
17566
17630
17638
17638
17808
17808
17808
17808
17833
17881
18184
18184
18190
18190
18202
18448
18448
18456
18481
2673
2673
3637
4340
5510
5601
5667
8216
8764
9120
10272
10736
10947
11735
11789
11964
12582
12585
13321
13537
13669
14523
15533
16204
16323
16538
17223
17315
17566
17808
18190
18481
18507
18507
18507
18654
18704
18859
18859
19034
19278
19304
19304
19420
19486
19540
19593
19593
20127
20172
20468
20468
20468
20550
20567
20567
20847
20847
20934
21008
21008
21008
21018
21091
21091
21414
21414
21414
21485
21485
21491
21530
21743
22104
22181
22181
22190
22190
22190
22298
22298
22300
22765
22924
22939
23023
23078
23078
23182
23311
23415
23440
23591
23787
23787
23856
23856
23856
23949
24020
24020
24100
24122
24122
24122
24124
24136
24136
24145
24145
24451
24561
24605
24745
24776
25015
25165
25165
25496
25496
25861
26160
26160
26196
26196
26196
26234
26272
26272
26304
26445
26445
26650
26652
26776
26856
26856
26856
27138
27157
27172
27284
27320
27320
27458
27489
27489
27495
27536
27536
27572
27583
27583
27639
27639
27639
27710
27710
27710
28067
28067
28215
28313
28313
28380
28423
28624
28656
28806
28828
28828
28861
28943
28996
29053
29098
29098
29215
29375
29438
29448
29501
29573
29573
29729
29949
29949
29949
30096
30183
30386
30530
30706
30706
30774
30774
31020
31224
31326
31355
31502
31536
31600
31600
31639
31790
32073
32101
32172
32248
32248
32276
32276
32277
32310
32310
32460
32538
32862
32862
32908
32908
32908
32919
32919
32933
32976
33002
33062
33081
33333
33621
33786
33808
33882
33915
34190
34190
34225
34282
34303
34307
34551
34551
34589
34596
34633
34633
34736
34736
34736
34821
34945
34979
34986
35021
35109
35217
35280
35325
35368
35391
35568
35733
35879
35879
35879
35928
36029
36055
36055
36126
36159
36189
36189
36214
36214
36214
36421
36437
36461
36857
36857
36857
36936
36936
37062
37126
37138
37200
37200
37200
37392
37472
37525
37525
37545
37710
37876
38320
38566
38585
38602
38829
38879
38879
38879
38894
38936
38936
39021
39021
39129
39195
39195
39195
39334
39334
39334
39392
39626
39626
39758
39810
39810
39828
39875
39875
39875
39875
39875
39908
39916
39916
39960
40072
40077
40077
40077
40140
40140
40194
40194
40194
40215
40215
40220
40220
40400
40403
40500
40584
40584
40702
40702
40702
40743
40881
40898
40926
40972
40972
41159
41167
41351
41351
41598
41598
41768
41792
41805
41805
41882
41991
41991
42122
42210
42348
42365
42417
42417
42417
42484
42484
42484
42659
42659
42772
42831
42856
42992
42992
42992
43067
43067
43102
43102
43320
43324
43453
43592
43592
43633
43682
43725
43725
43725
43860
43914
43983
43983
43983
44101
44131
44317
44317
44353
44365
44365
44526
44599
44646
44687
44746
44746
44746
44757
44819
44878
44901
45042
45063
45156
45329
45389
45901
45901
45979
45979
4251
5269
10120
10845
11763
15752
19034
20550
20934
23440
28423
34307
34979
35928
37392
38829
39758
41159
44353
44819
45156
46852
46942
50293
52567
55232
55336
55336
55382
55435
55776
2673
3094
3296
4062
4308
5009
5635
6816
7144
7199
7619
8292
9431
10122
10417
11016
11351
11703
11867
12299
12713
13372
13405
13540
13598
13617
13917
14007
14385
15781
16001
16522
17630
17808
17881
18448
19278
19420
19486
21491
22104
23591
23949
24124
24776
25861
26160
27489
27536
29053
29215
29438
30183
30706
30774
31224
31355
31639
32101
32276
32277
32310
32933
33808
33915
34282
34633
34821
35280
35391
36126
37876
39392
39828
39908
39960
40220
40400
40500
40898
40972
41768
42122
42365
42856
43067
43102
43453
43592
44101
44526
44757
45042
45901
46588
46824
47406
47775
47928
49997
50063
50808
51019
51333
52018
52621
52630
52732
52927
53499
53762
53882
56591
56699
56747
56788
56791
57229
57602
58218
58800
59720
60498
60642
60908
60987
61087
61151
61567
2673
2902
3094
3296
3615
4082
4308
4310
5009
5226
6816
7144
9206
9241
10165
10417
11867
11984
12713
13372
13405
13617
13888
13917
14007
14148
14385
15057
15633
16522
17808
17833
18448
20172
20847
21485
24020
24136
24451
24745
25496
26160
26445
26650
27157
27320
27489
27536
28313
28806
28996
29098
29375
29573
30706
30774
31020
31600
31790
32073
32248
32276
32310
32862
32976
33786
34303
34596
34633
35109
35733
36055
36437
36936
37062
37138
37472
37545
39810
39916
40220
40972
41792
43067
43102
43592
43914
45389
45901
45979
46017
47189
47996
48267
48529
48599
49646
49773
50197
50466
50499
50531
50808
51584
52097
52732
53801
53882
54024
55323
56591
56747
56788
56791
57115
57229
57570
57602
58320
59234
59543
59803
60809
61087
61918
62258
62315
62548
62900
62900
2673
2902
3094
3296
3615
4082
4308
4310
5009
5226
6816
7144
9206
9241
10165
10417
11867
11984
12713
13372
13405
13617
13888
13917
14007
14148
14385
15057
15633
16522
17808
17833
18448
20172
20847
21485
24020
24136
24451
24745
25496
26160
26445
26650
27157
27320
27489
27536
28313
28806
28996
29098
29375
29573
30706
30774
31020
31600
31790
32073
32248
32276
32310
32862
32976
33786
34303
34596
34633
35109
35733
36055
36437
36936
37062
37138
37472
37545
39810
39916
40220
40972
41792
43067
43102
43592
43914
45389
45901
45979
46017
47189
47996
48267
48529
48599
49646
49773
50197
50466
50499
50531
50808
51584
52097
52732
53801
53882
54024
55323
56591
56747
56788
56791
57115
57229
57570
57602
58320
59234
59543
59803
60809
61087
62258
62315
62923
62923
62923
63073
63073
63084
63084
63084
63141
63141
64049
64260
64335
64662
64825
64959
2673
3094
3296
4062
4308
5009
5635
6816
7144
7199
7619
8292
9431
10122
10417
11016
11351
11703
11867
12299
12713
13372
13405
13540
13598
13617
13917
14007
14385
15781
16001
16522
17630
17808
17881
18448
19278
19420
19486
21491
22104
23591
23949
24124
24776
25861
26160
27489
27536
29053
29215
29438
30183
30706
30774
31224
31355
31639
32101
32276
32277
32310
32933
33808
33915
34282
34633
34821
35280
35391
36126
37876
39392
39828
39908
39960
40220
40400
40500
40898
40972
41768
42122
42365
42856
43067
43102
43453
43592
44101
44526
44757
45042
45901
46588
46824
47406
47775
47928
49997
50063
50808
51019
51333
52018
52621
52630
52732
52927
53499
53762
53882
56591
56699
56747
56788
56791
57229
57602
58218
59720
60498
60642
60987
61087
62923
63084
64049
65643
65666
65666
65812
65965
65965
66064
66064
66103
66103
66103
66103
66343
66343
66444
66444
66623
66623
66681
66681
66805
66805
66975
66975
67183
67183
67223
67223
67431
67431
67609
67609
68107
68107
68339
68339
68427
68427
68632
68632
68818
68818
69030
69883
69883
70330
70330
70491
70491
70592
70592
70592
70592
70757
70757
70927
70927
70999
70999
71116
71116
71201
71201
71478
71478
71510
71510
71774
71774
71774
71774
71892
71892
72213
72213
72485
72485
72606
72703
72703
72943
73039
73039
73039
73039
73181
73505
73627
73627
75076
75076
75155
75155
75615
75616
75616
76077
76077
76077
76077
76139
76445
76445
76486
76486
76486
4251
4251
4251
4251
4251
4251
4251
4251
4251
4251
4251
4251
4251
5269
5269
5269
5269
5269
5269
5269
5269
5269
5269
5269
5269
5269
10120
10120
10120
10120
10120
10120
10120
10120
10120
10120
10120
10120
10120
10845
10845
10845
10845
10845
10845
10845
10845
10845
10845
10845
10845
10845
11763
11763
11763
11763
11763
11763
11763
11763
11763
11763
11763
11763
11763
15752
15752
15752
15752
15752
15752
15752
15752
15752
15752
15752
15752
15752
19034
19034
19034
19034
19034
19034
19034
19034
19034
19034
19034
19034
19034
20550
20550
20550
20550
20550
20550
20550
20550
20550
20550
20550
20550
20550
20934
20934
20934
20934
20934
20934
20934
20934
20934
20934
20934
20934
20934
23440
23440
23440
23440
23440
23440
23440
23440
23440
23440
23440
23440
23440
28423
28423
28423
28423
28423
28423
28423
28423
28423
28423
28423
28423
28423
34307
34307
34307
34307
34307
34307
34307
34307
34307
34307
34307
34307
34307
34979
34979
34979
34979
34979
34979
34979
34979
34979
34979
34979
34979
34979
35928
35928
35928
35928
35928
35928
35928
35928
35928
35928
35928
35928
35928
37392
37392
37392
37392
37392
37392
37392
37392
37392
37392
37392
37392
37392
38829
38829
38829
38829
38829
38829
38829
38829
38829
38829
38829
38829
38829
39758
39758
39758
39758
39758
39758
39758
39758
39758
39758
39758
39758
39758
41159
41159
41159
41159
41159
41159
41159
41159
41159
41159
41159
41159
41159
44353
44353
44353
44353
44353
44353
44353
44353
44353
44353
44353
44353
44353
44819
44819
44819
44819
44819
44819
44819
44819
44819
44819
44819
44819
44819
45156
45156
45156
45156
45156
45156
45156
45156
45156
45156
45156
45156
45156
46852
46852
46852
46852
46852
46852
46852
46852
46852
46852
46852
46852
46852
46942
46942
46942
46942
46942
46942
46942
46942
46942
46942
46942
46942
46942
50293
50293
50293
50293
50293
50293
50293
50293
50293
50293
50293
50293
50293
52567
52567
52567
52567
52567
52567
52567
52567
52567
52567
52567
52567
52567
55232
55232
55232
55232
55232
55232
55232
55232
55232
55232
55232
55232
55232
58800
58800
58800
58800
58800
58800
58800
58800
58800
58800
58800
58800
58800
61151
61151
61151
61151
61151
61151
61151
61151
61151
61151
61151
61151
61151
61918
61918
61918
61918
61918
61918
61918
61918
61918
61918
61918
61918
61918
62548
62548
62548
62548
62548
62548
62548
62548
62548
62548
62548
62548
62548
64260
64260
64335
64335
64662
64662
64825
64825
64959
2673
3094
3296
4062
4308
5009
5635
6816
7144
7199
7619
8292
9431
10122
10417
11016
11351
11703
11867
12299
12713
13372
13405
13540
13598
13617
13917
14007
14385
15781
16001
16522
17630
17808
17881
18448
19278
19420
19486
21491
22104
23591
23949
24124
24776
25861
26160
27489
27536
29053
29215
29438
30183
30706
30774
31224
31355
31639
32101
32276
32277
32310
32933
33808
33915
34282
34633
34821
35280
35391
36126
37876
39392
39828
39908
39960
40220
40400
40500
40898
40972
41768
42122
42365
42856
43067
43102
43453
43592
44101
44526
44757
45042
45901
46588
46824
47406
47775
47928
49997
50063
50808
51019
51333
52018
52621
52630
52732
52927
53499
53762
53882
56591
56699
56747
56788
56791
57229
57602
58218
59720
60498
60642
60987
61087
62923
63084
64049
64959
2673
3094
3296
4062
4308
5009
5635
6816
7144
7199
7619
8292
9431
10122
10417
11016
11351
11703
11867
12299
12713
13372
13405
13540
13598
13617
13917
14007
14385
15781
16001
16522
17630
17808
17881
18448
19278
19420
19486
21491
22104
23591
23949
24124
24776
25861
26160
27489
27536
29053
29215
29438
30183
30706
30774
31224
31355
31639
32101
32276
32277
32310
32933
33808
33915
34282
34633
34821
35280
35391
36126
37876
39392
39828
39908
39960
40220
40400
40500
40898
40972
41768
42122
42365
42856
43067
43102
43453
43592
44101
44526
44757
45042
45901
46588
46824
47406
47775
47928
49997
50063
50808
51019
51333
52018
52621
52630
52732
52927
53499
53762
53882
56591
56699
56747
56788
56791
57229
57602
58218
59720
60498
60642
60987
61087
62923
63084
64049
65643
65643
65643
65643
65643
65643
65643
65643
65643
65643
4251
4251
4251
4251
4251
4251
4251
4251
4251
4251
4251
4251
5269
5269
5269
5269
5269
5269
5269
5269
5269
5269
5269
5269
10120
10120
10120
10120
10120
10120
10120
10120
10120
10120
10120
10120
10845
10845
10845
10845
10845
10845
10845
10845
10845
10845
10845
10845
11763
11763
11763
11763
11763
11763
11763
11763
11763
11763
11763
11763
15752
15752
15752
15752
15752
15752
15752
15752
15752
15752
15752
15752
19034
19034
19034
19034
19034
19034
19034
19034
19034
19034
19034
19034
20550
20550
20550
20550
20550
20550
20550
20550
20550
20550
20550
20550
20934
20934
20934
20934
20934
20934
20934
20934
20934
20934
20934
20934
23440
23440
23440
23440
23440
23440
23440
23440
23440
23440
23440
23440
28423
28423
28423
28423
28423
28423
28423
28423
28423
28423
28423
28423
34307
34307
34307
34307
34307
34307
34307
34307
34307
34307
34307
34307
34979
34979
34979
34979
34979
34979
34979
34979
34979
34979
34979
34979
35928
35928
35928
35928
35928
35928
35928
35928
35928
35928
35928
35928
37392
37392
37392
37392
37392
37392
37392
37392
37392
37392
37392
37392
38829
38829
38829
38829
38829
38829
38829
38829
38829
38829
38829
38829
39758
39758
39758
39758
39758
39758
39758
39758
39758
39758
39758
39758
41159
41159
41159
41159
41159
41159
41159
41159
41159
41159
41159
41159
44353
44353
44353
44353
44353
44353
44353
44353
44353
44353
44353
44353
44819
44819
44819
44819
44819
44819
44819
44819
44819
44819
44819
44819
45156
45156
45156
45156
45156
45156
45156
45156
45156
45156
45156
45156
46852
46852
46852
46852
46852
46852
46852
46852
46852
46852
46852
46852
46942
46942
46942
46942
46942
46942
46942
46942
46942
46942
46942
46942
50293
50293
50293
50293
50293
50293
50293
50293
50293
50293
50293
50293
52567
52567
52567
52567
52567
52567
52567
52567
52567
52567
52567
52567
55232
55232
55232
55232
55232
55232
55232
55232
55232
55232
55232
55232
58800
58800
58800
58800
58800
58800
58800
58800
58800
58800
58800
58800
61151
61151
61151
61151
61151
61151
61151
61151
61151
61151
61151
61151
61918
61918
61918
61918
61918
61918
61918
61918
61918
61918
61918
61918
62548
62548
62548
62548
62548
62548
62548
62548
62548
62548
62548
62548
64260
64335
64662
64825
64959
2673
3094
3296
4062
4308
5009
5635
6816
7144
7199
7619
8292
9431
10122
10417
11016
11351
11703
11867
12299
12713
13372
13405
13540
13598
13617
13917
14007
14385
15781
16001
16522
17630
17808
17881
18448
19278
19420
19486
21491
22104
23591
23949
24124
24776
25861
26160
27489
27536
29053
29215
29438
30183
30706
30774
31224
31355
31639
32101
32276
32277
32310
32933
33808
33915
34282
34633
34821
35280
35391
36126
37876
39392
39828
39908
39960
40220
40400
40500
40898
40972
41768
42122
42365
42856
43067
43102
43453
43592
44101
44526
44757
45042
45901
46588
46824
47406
47775
47928
49997
50063
50808
51019
51333
52018
52621
52630
52732
52927
53499
53762
53882
56591
56699
56747
56788
56791
57229
57602
58218
59720
60498
60642
60987
61087
62923
63084
64049
65643
65643
65643
65643
65643
65643
65643
65643
65643
65643
65643
65643
65812
65812
65812
65812
65812
65812
65812
65812
65812
65812
65812
65812
65965
66064
66103
66623
66681
66805
66975
67183
67223
67431
67609
68818
69030
69030
69030
69030
69030
69030
69030
69030
69030
69030
69030
69030
69883
70592
70757
70927
70999
71201
71510
71774
72213
72485
72606
72606
72606
72606
72606
72606
72606
72606
72606
72606
72606
72606
72943
72943
72943
72943
72943
72943
72943
72943
72943
72943
72943
72943
73039
73181
73181
73181
73181
73181
73181
73181
73181
73181
73181
73181
73181
73505
73505
73505
73505
73505
73505
73505
73505
73505
73505
73505
73505
73627
75076
75155
75615
75615
75615
75615
75615
75615
75615
75615
75615
75615
75615
75615
76077
76139
76139
76139
76139
76139
76139
76139
76139
76139
76139
76139
76139
76486
76773
78259
78259
78259
78259
78259
78259
78259
78259
78259
78259
78259
78259
79322
79373
79381
79381
79381
79381
79381
79381
79381
79381
79381
79381
79381
79381
79841
79908
79933
79957
80254
80605
80636
80776
80830
80830
4251
4251
4251
4251
4251
4251
4251
4251
4251
4251
4251
4251
4251
4251
4251
4251
4251
4251
4251
4251
4251
4251
4251
4251
4251
4251
4251
4251
4251
4251
4251
4251
4251
4251
4251
4251
4251
4251
4251
4251
4251
4251
4251
4251
4251
4251
4251
4251
4251
4251
4251
4251
4251
4251
4251
4251
4251
4251
4251
4251
4251
4251
4251
4251
4251
4251
5269
5269
5269
5269
5269
5269
5269
5269
5269
5269
5269
5269
5269
5269
5269
5269
5269
5269
5269
5269
5269
5269
5269
5269
5269
5269
5269
5269
5269
5269
5269
5269
5269
5269
5269
5269
5269
5269
5269
5269
5269
5269
5269
5269
5269
5269
5269
5269
5269
5269
5269
5269
5269
5269
5269
5269
5269
5269
5269
5269
5269
5269
5269
5269
5269
5269
10120
10120
10120
10120
10120
10120
10120
10120
10120
10120
10120
10120
10120
10120
10120
10120
10120
10120
10120
10120
10120
10120
10120
10120
10120
10120
10120
10120
10120
10120
10120
10120
10120
10120
10120
10120
10120
10120
10120
10120
10120
10120
10120
10120
10120
10120
10120
10120
10120
10120
10120
10120
10120
10120
10120
10120
10120
10120
10120
10120
10120
10120
10120
10120
10120
10120
10845
10845
10845
10845
10845
10845
10845
10845
10845
10845
10845
10845
10845
10845
10845
10845
10845
10845
10845
10845
10845
10845
10845
10845
10845
10845
10845
10845
10845
10845
10845
10845
10845
10845
10845
10845
10845
10845
10845
10845
10845
10845
10845
10845
10845
10845
10845
10845
10845
10845
10845
10845
10845
10845
10845
10845
10845
10845
10845
10845
10845
10845
10845
10845
10845
10845
11763
11763
11763
11763
11763
11763
11763
11763
11763
11763
11763
11763
11763
11763
11763
11763
11763
11763
11763
11763
11763
11763
11763
11763
11763
11763
11763
11763
11763
11763
11763
11763
11763
11763
11763
11763
11763
11763
11763
11763
11763
11763
11763
11763
11763
11763
11763
11763
11763
11763
11763
11763
11763
11763
11763
11763
11763
11763
11763
11763
11763
11763
11763
11763
11763
11763
15752
15752
15752
15752
15752
15752
15752
15752
15752
15752
15752
15752
15752
15752
15752
15752
15752
15752
15752
15752
15752
15752
15752
15752
15752
15752
15752
15752
15752
15752
15752
15752
15752
15752
15752
15752
15752
15752
15752
15752
15752
15752
15752
15752
15752
15752
15752
15752
15752
15752
15752
15752
15752
15752
15752
15752
15752
15752
15752
15752
15752
15752
15752
15752
15752
15752
19034
19034
19034
19034
19034
19034
19034
19034
19034
19034
19034
19034
19034
19034
19034
19034
19034
19034
19034
19034
19034
19034
19034
19034
19034
19034
19034
19034
19034
19034
19034
19034
19034
19034
19034
19034
19034
19034
19034
19034
19034
19034
19034
19034
19034
19034
19034
19034
19034
19034
19034
19034
19034
19034
19034
19034
19034
19034
19034
19034
19034
19034
19034
19034
19034
19034
20550
20550
20550
20550
20550
20550
20550
20550
20550
20550
20550
20550
20550
20550
20550
20550
20550
20550
20550
20550
20550
20550
20550
20550
20550
20550
20550
20550
20550
20550
20550
20550
20550
20550
20550
20550
20550
20550
20550
20550
20550
20550
20550
20550
20550
20550
20550
20550
20550
20550
20550
20550
20550
20550
20550
20550
20550
20550
20550
20550
20550
20550
20550
20550
20550
20550
20934
20934
20934
20934
20934
20934
20934
20934
20934
20934
20934
20934
20934
20934
20934
20934
20934
20934
20934
20934
20934
20934
20934
20934
20934
20934
20934
20934
20934
20934
20934
20934
20934
20934
20934
20934
20934
20934
20934
20934
20934
20934
20934
20934
20934
20934
20934
20934
20934
20934
20934
20934
20934
20934
20934
20934
20934
20934
20934
20934
20934
20934
20934
20934
20934
20934
23440
23440
23440
23440
23440
23440
23440
23440
23440
23440
23440
23440
23440
23440
23440
23440
23440
23440
23440
23440
23440
23440
23440
23440
23440
23440
23440
23440
23440
23440
23440
23440
23440
23440
23440
23440
23440
23440
23440
23440
23440
23440
23440
23440
23440
23440
23440
23440
23440
23440
23440
23440
23440
23440
23440
23440
23440
23440
23440
23440
23440
23440
23440
23440
23440
23440
28423
28423
28423
28423
28423
28423
4251
4251
4251
4251
4251
4251
4251
4251
4251
4251
4251
4251
4251
4251
4251
4251
4251
4251
4251
4251
4251
4251
4251
4251
4251
4251
4251
4251
4251
4251
4251
4251
4251
4251
4251
4251
4251
4251
4251
4251
4251
4251
4251
4251
4251
4251
4251
4251
4251
4251
4251
4251
4251
4251
4251
5269
5269
5269
5269
5269
5269
5269
5269
5269
5269
5269
5269
5269
5269
5269
5269
5269
5269
5269
5269
5269
5269
5269
5269
5269
5269
5269
5269
5269
5269
5269
5269
5269
5269
5269
5269
5269
5269
5269
5269
5269
5269
5269
5269
5269
5269
5269
5269
5269
5269
5269
5269
5269
5269
5269
10120
10120
10120
10120
10120
10120
10120
10120
10120
10120
10120
10120
10120
10120
10120
10120
10120
10120
10120
10120
10120
10120
10120
10120
10120
10120
10120
10120
10120
10120
10120
10120
10120
10120
10120
10120
10120
10120
10120
10120
10120
10120
10120
10120
10120
10120
10120
10120
10120
10120
10120
10120
10120
10120
10120
10845
10845
10845
10845
10845
10845
10845
10845
10845
10845
10845
10845
10845
10845
10845
10845
10845
10845
10845
10845
10845
10845
10845
10845
10845
10845
10845
10845
10845
10845
10845
10845
10845
10845
10845
10845
10845
10845
10845
10845
10845
10845
10845
10845
10845
10845
10845
10845
10845
10845
10845
10845
10845
10845
10845
11763
11763
11763
11763
11763
11763
11763
11763
11763
11763
11763
11763
11763
11763
11763
11763
11763
11763
11763
11763
11763
11763
11763
11763
11763
11763
11763
11763
11763
11763
11763
11763
11763
11763
11763
11763
11763
11763
11763
11763
11763
11763
11763
11763
11763
11763
11763
11763
11763
11763
11763
11763
11763
11763
11763
15752
15752
15752
15752
15752
15752
15752
15752
15752
15752
15752
15752
15752
15752
15752
15752
15752
15752
15752
15752
15752
15752
15752
15752
15752
15752
15752
15752
15752
15752
15752
15752
15752
15752
15752
15752
15752
15752
15752
15752
15752
15752
15752
15752
15752
15752
15752
15752
15752
15752
15752
15752
15752
15752
15752
19034
19034
19034
19034
19034
19034
19034
19034
19034
19034
19034
19034
19034
19034
19034
19034
19034
19034
19034
19034
19034
19034
19034
19034
19034
19034
19034
19034
19034
19034
19034
19034
19034
19034
19034
19034
19034
19034
19034
19034
19034
19034
19034
19034
19034
19034
19034
19034
19034
19034
19034
19034
19034
19034
19034
20550
20550
20550
20550
20550
20550
20550
20550
20550
20550
20550
20550
20550
20550
20550
20550
20550
20550
20550
20550
20550
20550
20550
20550
20550
20550
20550
20550
20550
20550
20550
20550
20550
20550
20550
20550
20550
20550
20550
20550
20550
20550
20550
20550
20550
20550
20550
20550
20550
20550
20550
20550
20550
20550
20550
20934
20934
20934
20934
20934
20934
20934
20934
20934
20934
20934
20934
20934
20934
20934
20934
20934
20934
20934
20934
20934
20934
20934
20934
20934
20934
20934
20934
20934
20934
20934
20934
20934
20934
20934
20934
20934
20934
20934
20934
20934
20934
20934
20934
20934
20934
20934
20934
20934
20934
20934
20934
20934
20934
20934
23440
23440
23440
23440
23440
23440
23440
23440
23440
23440
23440
23440
23440
23440
23440
23440
23440
23440
23440
23440
23440
23440
23440
23440
23440
23440
23440
23440
23440
23440
23440
23440
23440
23440
23440
23440
23440
23440
23440
23440
23440
23440
23440
23440
23440
23440
23440
23440
23440
23440
23440
23440
23440
23440
23440
28423
28423
28423
28423
28423
28423
28423
28423
28423
28423
28423
28423
28423
28423
28423
28423
28423
28423
28423
28423
28423
28423
28423
28423
28423
28423
28423
28423
28423
28423
28423
28423
28423
28423
28423
28423
28423
28423
28423
28423
28423
28423
28423
28423
28423
28423
28423
28423
28423
28423
28423
28423
28423
28423
28423
34307
34307
34307
34307
34307
34307
34307
34307
34307
34307
34307
34307
34307
34307
34307
34307
34307
34307
34307
34307
34307
34307
34307
34307
34307
34307
34307
34307
34307
34307
34307
34307
34307
34307
34307
34307
34307
34307
34307
34307
34307
34307
34307
34307
34307
34307
34307
34307
34307
34307
34307
34307
34307
34307
34307
34979
34979
34979
34979
34979
34979
4251
4251
4251
4251
4251
4251
4251
4251
4251
4251
4251
4251
4251
4251
4251
4251
4251
4251
4251
4251
4251
4251
4251
4251
4251
4251
4251
4251
4251
4251
4251
4251
4251
4251
4251
4251
4251
4251
4251
4251
4251
4251
4251
4251
4251
4251
4251
4251
4251
4251
4251
4251
4251
4251
4251
4251
4251
4251
4251
4251
4251
4251
4251
4251
4251
4251
4251
4251
4251
4251
4251
4251
4251
4251
4251
4251
4251
4251
4251
4251
4251
4251
4251
4251
4251
4251
4251
4251
4251
4251
4251
4251
4251
4251
4251
4251
4251
4251
4251
4251
4251
4251
4251
4251
4251
4251
4251
4251
4251
4251
4251
4251
4251
4251
4251
4251
4251
4251
4251
4251
4251
4251
4251
4251
4251
4251
4251
4251
4251
4251
4251
4251
4251
4251
4251
4251
4251
4251
4251
4251
4251
4251
4251
4251
4251
4251
4251
4251
4251
4251
4251
4251
4251
4251
4251
4251
4251
4251
4251
4251
4251
4251
4251
4251
4251
5269
5269
5269
5269
5269
5269
5269
5269
5269
5269
5269
5269
5269
5269
5269
5269
5269
5269
5269
5269
5269
5269
5269
5269
5269
5269
5269
5269
5269
5269
5269
5269
5269
5269
5269
5269
5269
5269
5269
5269
5269
5269
5269
5269
5269
5269
5269
5269
5269
5269
5269
5269
5269
5269
5269
5269
5269
5269
5269
5269
5269
5269
5269
5269
5269
5269
5269
5269
5269
5269
5269
5269
5269
5269
5269
5269
5269
5269
5269
5269
5269
5269
5269
5269
5269
5269
5269
5269
5269
5269
5269
5269
5269
5269
5269
5269
5269
5269
5269
5269
5269
5269
5269
5269
5269
5269
5269
5269
5269
5269
5269
5269
5269
5269
5269
5269
5269
5269
5269
5269
5269
5269
5269
5269
5269
5269
5269
5269
5269
5269
5269
5269
5269
5269
5269
5269
5269
5269
5269
5269
5269
5269
5269
5269
5269
5269
5269
5269
5269
5269
5269
5269
5269
5269
5269
5269
5269
5269
5269
5269
5269
5269
5269
5269
5269
10120
10120
10120
10120
10120
10120
10120
10120
10120
10120
10120
10120
10120
10120
10120
10120
10120
10120
10120
10120
10120
10120
10120
10120
10120
10120
10120
10120
10120
10120
10120
10120
10120
10120
10120
10120
10120
10120
10120
10120
10120
10120
10120
10120
10120
10120
10120
10120
10120
10120
10120
10120
10120
10120
10120
10120
10120
10120
10120
10120
10120
10120
10120
10120
10120
10120
10120
10120
10120
10120
10120
10120
10120
10120
10120
10120
10120
10120
10120
10120
10120
10120
10120
10120
10120
10120
10120
10120
10120
10120
10120
10120
10120
10120
10120
10120
10120
10120
10120
10120
10120
10120
10120
10120
10120
10120
10120
10120
10120
10120
10120
10120
10120
10120
10120
10120
10120
10120
10120
10120
10120
10120
10120
10120
10120
10120
10120
10120
10120
10120
10120
10120
10120
10120
10120
10120
10120
10120
10120
10120
10120
10120
10120
10120
10120
10120
10120
10120
10120
10120
10120
10120
10120
10120
10120
10120
10120
10120
10120
10120
10120
10120
10120
10120
10120
10845
10845
10845
10845
10845
10845
10845
10845
10845
10845
10845
10845
10845
10845
10845
10845
10845
10845
10845
10845
10845
10845
10845
10845
10845
10845
10845
10845
10845
10845
10845
10845
10845
10845
10845
10845
10845
10845
10845
10845
10845
10845
10845
10845
10845
10845
10845
10845
10845
10845
10845
10845
10845
10845
10845
10845
10845
10845
10845
10845
10845
10845
10845
10845
10845
10845
10845
10845
10845
10845
10845
10845
10845
10845
10845
10845
10845
10845
10845
10845
10845
10845
10845
10845
10845
10845
10845
10845
10845
10845
10845
10845
10845
10845
10845
10845
10845
10845
10845
10845
10845
10845
10845
10845
10845
10845
10845
10845
10845
10845
10845
10845
10845
10845
10845
10845
10845
10845
10845
10845
10845
10845
10845
10845
10845
10845
10845
10845
10845
10845
10845
10845
10845
10845
10845
10845
10845
10845
10845
10845
10845
10845
10845
10845
10845
10845
10845
10845
10845
10845
10845
10845
10845
10845
10845
10845
10845
10845
10845
10845
10845
10845
10845
10845
10845
11763
11763
11763
11763
11763
11763
4251
4251
4251
4251
4251
4251
4251
4251
4251
4251
4251
4251
4251
4251
4251
4251
4251
4251
4251
4251
4251
4251
4251
4251
4251
4251
4251
4251
4251
4251
4251
4251
4251
4251
4251
4251
4251
4251
4251
4251
4251
4251
4251
4251
4251
4251
4251
4251
4251
4251
4251
4251
4251
4251
4251
4251
4251
4251
4251
4251
4251
4251
4251
4251
4251
4251
4251
4251
4251
4251
4251
4251
4251
4251
4251
4251
4251
4251
4251
4251
4251
4251
4251
4251
4251
4251
4251
4251
4251
4251
4251
4251
4251
4251
4251
4251
4251
4251
4251
4251
4251
4251
4251
4251
4251
4251
4251
4251
4251
4251
4251
4251
4251
4251
4251
4251
4251
4251
4251
4251
5269
5269
5269
5269
5269
5269
5269
5269
5269
5269
5269
5269
5269
5269
5269
5269
5269
5269
5269
5269
5269
5269
5269
5269
5269
5269
5269
5269
5269
5269
5269
5269
5269
5269
5269
5269
5269
5269
5269
5269
5269
5269
5269
5269
5269
5269
5269
5269
5269
5269
5269
5269
5269
5269
5269
5269
5269
5269
5269
5269
5269
5269
5269
5269
5269
5269
5269
5269
5269
5269
5269
5269
5269
5269
5269
5269
5269
5269
5269
5269
5269
5269
5269
5269
5269
5269
5269
5269
5269
5269
5269
5269
5269
5269
5269
5269
5269
5269
5269
5269
5269
5269
5269
5269
5269
5269
5269
5269
5269
5269
5269
5269
5269
5269
5269
5269
5269
5269
5269
5269
10120
10120
10120
10120
10120
10120
10120
10120
10120
10120
10120
10120
10120
10120
10120
10120
10120
10120
10120
10120
10120
10120
10120
10120
10120
10120
10120
10120
10120
10120
10120
10120
10120
10120
10120
10120
10120
10120
10120
10120
10120
10120
10120
10120
10120
10120
10120
10120
10120
10120
10120
10120
10120
10120
10120
10120
10120
10120
10120
10120
10120
10120
10120
10120
10120
10120
10120
10120
10120
10120
10120
10120
10120
10120
10120
10120
10120
10120
10120
10120
10120
10120
10120
10120
10120
10120
10120
10120
10120
10120
10120
10120
10120
10120
10120
10120
10120
10120
10120
10120
10120
10120
10120
10120
10120
10120
10120
10120
10120
10120
10120
10120
10120
10120
10120
10120
10120
10120
10120
10120
10845
10845
10845
10845
10845
10845
10845
10845
10845
10845
10845
10845
10845
10845
10845
10845
10845
10845
10845
10845
10845
10845
10845
10845
10845
10845
10845
10845
10845
10845
10845
10845
10845
10845
10845
10845
10845
10845
10845
10845
10845
10845
10845
10845
10845
10845
10845
10845
10845
10845
10845
10845
10845
10845
10845
10845
10845
10845
10845
10845
10845
10845
10845
10845
10845
10845
10845
10845
10845
10845
10845
10845
10845
10845
10845
10845
10845
10845
10845
10845
10845
10845
10845
10845
10845
10845
10845
10845
10845
10845
10845
10845
10845
10845
10845
10845
10845
10845
10845
10845
10845
10845
10845
10845
10845
10845
10845
10845
10845
10845
10845
10845
10845
10845
10845
10845
10845
10845
10845
10845
11763
11763
11763
11763
11763
11763
11763
11763
11763
11763
11763
11763
11763
11763
11763
11763
11763
11763
11763
11763
11763
11763
11763
11763
11763
11763
11763
11763
11763
11763
11763
11763
11763
11763
11763
11763
11763
11763
11763
11763
11763
11763
11763
11763
11763
11763
11763
11763
11763
11763
11763
11763
11763
11763
11763
11763
11763
11763
11763
11763
11763
11763
11763
11763
11763
11763
11763
11763
11763
11763
11763
11763
11763
11763
11763
11763
11763
11763
11763
11763
11763
11763
11763
11763
11763
11763
11763
11763
11763
11763
11763
11763
11763
11763
11763
11763
11763
11763
11763
11763
11763
11763
11763
11763
11763
11763
11763
11763
11763
11763
11763
11763
11763
11763
11763
11763
11763
11763
11763
11763
15752
15752
15752
15752
15752
15752
15752
15752
15752
15752
15752
15752
15752
15752
15752
15752
15752
15752
15752
15752
15752
15752
15752
15752
15752
15752
15752
15752
15752
15752
15752
15752
15752
15752
15752
15752
15752
15752
15752
15752
15752
15752
15752
15752
15752
15752
15752
15752
15752
15752
15752
15752
15752
15752
15752
15752
15752
15752
15752
15752
15752
15752
15752
15752
15752
15752
4251
4251
4251
4251
4251
4251
4251
4251
4251
4251
4251
4251
4251
4251
4251
4251
4251
4251
4251
4251
4251
4251
4251
4251
4251
4251
4251
4251
4251
4251
4251
4251
4251
4251
4251
4251
4251
4251
4251
4251
4251
4251
4251
4251
4251
4251
4251
4251
4251
4251
4251
4251
4251
4251
4251
4251
4251
4251
4251
4251
4251
4251
4251
4251
4251
4251
4251
4251
4251
4251
4251
4251
4251
4251
4251
4251
4251
4251
4251
4251
4251
4251
4251
4251
4251
4251
4251
4251
4251
4251
4251
4251
4251
4251
4251
4251
4251
4251
4251
4251
4251
4251
4251
4251
4251
4251
4251
4251
4251
4251
4251
4251
4251
4251
4251
4251
4251
4251
4251
4251
4251
4251
4251
4251
4251
4251
4251
4251
4251
4251
4251
4251
4251
4251
4251
4251
4251
4251
4251
4251
4251
4251
4251
4251
4251
4251
4251
4251
4251
4251
4251
4251
4251
4251
4251
4251
4251
4251
4251
4251
4251
4251
4251
4251
4251
4251
4251
4251
4251
4251
4251
4251
4251
4251
4251
4251
4251
4251
4251
4251
4251
4251
4251
4251
4251
4251
4251
4251
4251
4251
4251
4251
4251
4251
4251
4251
4251
4251
4251
4251
4251
4251
4251
4251
4251
4251
4251
4251
4251
4251
5269
5269
5269
5269
5269
5269
5269
5269
5269
5269
5269
5269
5269
5269
5269
5269
5269
5269
5269
5269
5269
5269
5269
5269
5269
5269
5269
5269
5269
5269
5269
5269
5269
5269
5269
5269
5269
5269
5269
5269
5269
5269
5269
5269
5269
5269
5269
5269
5269
5269
5269
5269
5269
5269
5269
5269
5269
5269
5269
5269
5269
5269
5269
5269
5269
5269
5269
5269
5269
5269
5269
5269
5269
5269
5269
5269
5269
5269
5269
5269
5269
5269
5269
5269
5269
5269
5269
5269
5269
5269
5269
5269
5269
5269
5269
5269
5269
5269
5269
5269
5269
5269
5269
5269
5269
5269
5269
5269
5269
5269
5269
5269
5269
5269
5269
5269
5269
5269
5269
5269
5269
5269
5269
5269
5269
5269
5269
5269
5269
5269
5269
5269
5269
5269
5269
5269
5269
5269
5269
5269
5269
5269
5269
5269
5269
5269
5269
5269
5269
5269
5269
5269
5269
5269
5269
5269
5269
5269
5269
5269
5269
5269
5269
5269
5269
5269
5269
5269
5269
5269
5269
5269
5269
5269
5269
5269
5269
5269
5269
5269
5269
5269
5269
5269
5269
5269
5269
5269
5269
5269
5269
5269
5269
5269
5269
5269
5269
5269
5269
5269
5269
5269
5269
5269
5269
5269
5269
5269
5269
5269
10120
10120
10120
10120
10120
10120
10120
10120
10120
10120
10120
10120
10120
10120
10120
10120
10120
10120
10120
10120
10120
10120
10120
10120
10120
10120
10120
10120
10120
10120
10120
10120
10120
10120
10120
10120
10120
10120
10120
10120
10120
10120
10120
10120
10120
10120
10120
10120
10120
10120
10120
10120
10120
10120
10120
10120
10120
10120
10120
10120
10120
10120
10120
10120
10120
10120
10120
10120
10120
10120
10120
10120
10120
10120
10120
10120
10120
10120
10120
10120
10120
10120
10120
10120
10120
10120
10120
10120
10120
10120
10120
10120
10120
10120
10120
10120
10120
10120
10120
10120
10120
10120
10120
10120
10120
10120
10120
10120
10120
10120
10120
10120
10120
10120
10120
10120
10120
10120
10120
10120
10120
10120
10120
10120
10120
10120
10120
10120
10120
10120
10120
10120
10120
10120
10120
10120
10120
10120
10120
10120
10120
10120
10120
10120
10120
10120
10120
10120
10120
10120
10120
10120
10120
10120
10120
10120
10120
10120
10120
10120
10120
10120
10120
10120
10120
10120
10120
10120
10120
10120
10120
10120
10120
10120
10120
10120
10120
10120
10120
10120
10120
10120
10120
10120
10120
10120
10120
10120
10120
10120
10120
10120
10120
10120
10120
10120
10120
10120
10120
10120
10120
10120
10120
10120
10120
10120
10120
10120
10120
10120
10845
10845
10845
10845
10845
10845
10845
10845
10845
10845
10845
10845
10845
10845
10845
10845
10845
10845
10845
10845
10845
10845
10845
10845
10845
10845
10845
10845
10845
10845
10845
10845
10845
10845
10845
10845
4251
4251
4251
4251
4251
4251
4251
4251
4251
4251
4251
4251
4251
4251
4251
4251
4251
4251
4251
4251
4251
4251
4251
4251
4251
4251
4251
4251
4251
4251
4251
4251
4251
4251
4251
4251
4251
4251
4251
4251
4251
4251
4251
4251
4251
4251
4251
4251
4251
4251
4251
4251
4251
4251
4251
4251
4251
4251
4251
4251
4251
4251
4251
4251
4251
4251
4251
4251
4251
4251
4251
4251
4251
4251
4251
4251
4251
4251
4251
4251
4251
4251
4251
4251
4251
4251
4251
4251
4251
4251
4251
4251
4251
4251
4251
4251
4251
4251
4251
4251
4251
4251
4251
4251
4251
4251
4251
4251
4251
4251
4251
4251
4251
4251
4251
4251
4251
4251
4251
4251
4251
4251
4251
4251
4251
4251
5269
5269
5269
5269
5269
5269
5269
5269
5269
5269
5269
5269
5269
5269
5269
5269
5269
5269
5269
5269
5269
5269
5269
5269
5269
5269
5269
5269
5269
5269
5269
5269
5269
5269
5269
5269
5269
5269
5269
5269
5269
5269
5269
5269
5269
5269
5269
5269
5269
5269
5269
5269
5269
5269
5269
5269
5269
5269
5269
5269
5269
5269
5269
5269
5269
5269
5269
5269
5269
5269
5269
5269
5269
5269
5269
5269
5269
5269
5269
5269
5269
5269
5269
5269
5269
5269
5269
5269
5269
5269
5269
5269
5269
5269
5269
5269
5269
5269
5269
5269
5269
5269
5269
5269
5269
5269
5269
5269
5269
5269
5269
5269
5269
5269
5269
5269
5269
5269
5269
5269
5269
5269
5269
5269
5269
5269
10120
10120
10120
10120
10120
10120
10120
10120
10120
10120
10120
10120
10120
10120
10120
10120
10120
10120
10120
10120
10120
10120
10120
10120
10120
10120
10120
10120
10120
10120
10120
10120
10120
10120
10120
10120
10120
10120
10120
10120
10120
10120
10120
10120
10120
10120
10120
10120
10120
10120
10120
10120
10120
10120
10120
10120
10120
10120
10120
10120
10120
10120
10120
10120
10120
10120
10120
10120
10120
10120
10120
10120
10120
10120
10120
10120
10120
10120
10120
10120
10120
10120
10120
10120
10120
10120
10120
10120
10120
10120
10120
10120
10120
10120
10120
10120
10120
10120
10120
10120
10120
10120
10120
10120
10120
10120
10120
10120
10120
10120
10120
10120
10120
10120
10120
10120
10120
10120
10120
10120
10120
10120
10120
10120
10120
10120
10845
10845
10845
10845
10845
10845
10845
10845
10845
10845
10845
10845
10845
10845
10845
10845
10845
10845
10845
10845
10845
10845
10845
10845
10845
10845
10845
10845
10845
10845
10845
10845
10845
10845
10845
10845
10845
10845
10845
10845
10845
10845
10845
10845
10845
10845
10845
10845
10845
10845
10845
10845
10845
10845
10845
10845
10845
10845
10845
10845
10845
10845
10845
10845
10845
10845
10845
10845
10845
10845
10845
10845
10845
10845
10845
10845
10845
10845
10845
10845
10845
10845
10845
10845
10845
10845
10845
10845
10845
10845
10845
10845
10845
10845
10845
10845
10845
10845
10845
10845
10845
10845
10845
10845
10845
10845
10845
10845
10845
10845
10845
10845
10845
10845
10845
10845
10845
10845
10845
10845
10845
10845
10845
10845
10845
10845
11763
11763
11763
11763
11763
11763
11763
11763
11763
11763
11763
11763
11763
11763
11763
11763
11763
11763
11763
11763
11763
11763
11763
11763
11763
11763
11763
11763
11763
11763
11763
11763
11763
11763
11763
11763
11763
11763
11763
11763
11763
11763
11763
11763
11763
11763
11763
11763
11763
11763
11763
11763
11763
11763
11763
11763
11763
11763
11763
11763
11763
11763
11763
11763
11763
11763
11763
11763
11763
11763
11763
11763
11763
11763
11763
11763
11763
11763
11763
11763
11763
11763
11763
11763
11763
11763
11763
11763
11763
11763
11763
11763
11763
11763
11763
11763
11763
11763
11763
11763
11763
11763
11763
11763
11763
11763
11763
11763
11763
11763
11763
11763
11763
11763
11763
11763
11763
11763
11763
11763
11763
11763
11763
11763
11763
11763
15752
15752
15752
15752
15752
15752
15752
15752
15752
15752
15752
15752
15752
15752
15752
15752
15752
15752
15752
15752
15752
15752
15752
15752
15752
15752
15752
15752
15752
15752
15752
15752
15752
15752
15752
15752
4251
4251
4251
4251
4251
4251
4251
4251
4251
4251
4251
4251
4251
4251
4251
4251
4251
4251
4251
4251
4251
4251
4251
4251
4251
4251
4251
4251
4251
4251
4251
4251
4251
4251
4251
4251
4251
4251
4251
4251
4251
4251
4251
4251
4251
4251
4251
4251
4251
4251
4251
4251
4251
4251
4251
4251
4251
4251
4251
4251
4251
4251
4251
4251
4251
4251
4251
4251
4251
4251
4251
4251
4251
4251
4251
4251
4251
4251
4251
4251
4251
4251
4251
4251
4251
4251
4251
4251
4251
4251
4251
4251
4251
4251
4251
4251
4251
4251
4251
4251
4251
4251
4251
4251
4251
4251
4251
4251
4251
4251
4251
4251
4251
4251
4251
4251
4251
4251
4251
4251
4251
4251
4251
4251
4251
4251
5269
5269
5269
5269
5269
5269
5269
5269
5269
5269
5269
5269
5269
5269
5269
5269
5269
5269
5269
5269
5269
5269
5269
5269
5269
5269
5269
5269
5269
5269
5269
5269
5269
5269
5269
5269
5269
5269
5269
5269
5269
5269
5269
5269
5269
5269
5269
5269
5269
5269
5269
5269
5269
5269
5269
5269
5269
5269
5269
5269
5269
5269
5269
5269
5269
5269
5269
5269
5269
5269
5269
5269
5269
5269
5269
5269
5269
5269
5269
5269
5269
5269
5269
5269
5269
5269
5269
5269
5269
5269
5269
5269
5269
5269
5269
5269
5269
5269
5269
5269
5269
5269
5269
5269
5269
5269
5269
5269
5269
5269
5269
5269
5269
5269
5269
5269
5269
5269
5269
5269
5269
5269
5269
5269
5269
5269
10120
10120
10120
10120
10120
10120
10120
10120
10120
10120
10120
10120
10120
10120
10120
10120
10120
10120
10120
10120
10120
10120
10120
10120
10120
10120
10120
10120
10120
10120
10120
10120
10120
10120
10120
10120
10120
10120
10120
10120
10120
10120
10120
10120
10120
10120
10120
10120
10120
10120
10120
10120
10120
10120
10120
10120
10120
10120
10120
10120
10120
10120
10120
10120
10120
10120
10120
10120
10120
10120
10120
10120
10120
10120
10120
10120
10120
10120
10120
10120
10120
10120
10120
10120
10120
10120
10120
10120
10120
10120
10120
10120
10120
10120
10120
10120
10120
10120
10120
10120
10120
10120
10120
10120
10120
10120
10120
10120
10120
10120
10120
10120
10120
10120
10120
10120
10120
10120
10120
10120
10120
10120
10120
10120
10120
10120
10845
10845
10845
10845
10845
10845
10845
10845
10845
10845
10845
10845
10845
10845
10845
10845
10845
10845
10845
10845
10845
10845
10845
10845
10845
10845
10845
10845
10845
10845
10845
10845
10845
10845
10845
10845
10845
10845
10845
10845
10845
10845
10845
10845
10845
10845
10845
10845
10845
10845
10845
10845
10845
10845
10845
10845
10845
10845
10845
10845
10845
10845
10845
10845
10845
10845
10845
10845
10845
10845
10845
10845
10845
10845
10845
10845
10845
10845
10845
10845
10845
10845
10845
10845
10845
10845
10845
10845
10845
10845
10845
10845
10845
10845
10845
10845
10845
10845
10845
10845
10845
10845
10845
10845
10845
10845
10845
10845
10845
10845
10845
10845
10845
10845
10845
10845
10845
10845
10845
10845
10845
10845
10845
10845
10845
10845
11763
11763
11763
11763
11763
11763
11763
11763
11763
11763
11763
11763
11763
11763
11763
11763
11763
11763
11763
11763
11763
11763
11763
11763
11763
11763
11763
11763
11763
11763
11763
11763
11763
11763
11763
11763
11763
11763
11763
11763
11763
11763
11763
11763
11763
11763
11763
11763
11763
11763
11763
11763
11763
11763
11763
11763
11763
11763
11763
11763
11763
11763
11763
11763
11763
11763
11763
11763
11763
11763
11763
11763
11763
11763
11763
11763
11763
11763
11763
11763
11763
11763
11763
11763
11763
11763
11763
11763
11763
11763
11763
11763
11763
11763
11763
11763
11763
11763
11763
11763
11763
11763
11763
11763
11763
11763
11763
11763
11763
11763
11763
11763
11763
11763
11763
11763
11763
11763
11763
11763
11763
11763
11763
11763
11763
11763
15752
15752
15752
15752
15752
15752
15752
15752
15752
15752
15752
15752
15752
15752
15752
15752
15752
15752
15752
15752
15752
15752
15752
15752
15752
15752
15752
15752
15752
15752
15752
15752
15752
15752
15752
15752
4251
4251
4251
4251
4251
4251
4251
4251
4251
4251
4251
4251
4251
4251
4251
4251
4251
4251
4251
4251
4251
4251
4251
4251
4251
4251
4251
4251
4251
4251
4251
4251
4251
4251
4251
4251
4251
4251
4251
4251
4251
4251
4251
4251
4251
4251
4251
4251
4251
4251
4251
4251
4251
4251
4251
4251
5269
5269
5269
5269
5269
5269
5269
5269
5269
5269
5269
5269
5269
5269
5269
5269
5269
5269
5269
5269
5269
5269
5269
5269
5269
5269
5269
5269
5269
5269
5269
5269
5269
5269
5269
5269
5269
5269
5269
5269
5269
5269
5269
5269
5269
5269
5269
5269
5269
5269
5269
5269
5269
5269
5269
5269
10120
10120
10120
10120
10120
10120
10120
10120
10120
10120
10120
10120
10120
10120
10120
10120
10120
10120
10120
10120
10120
10120
10120
10120
10120
10120
10120
10120
10120
10120
10120
10120
10120
10120
10120
10120
10120
10120
10120
10120
10120
10120
10120
10120
10120
10120
10120
10120
10120
10120
10120
10120
10120
10120
10120
10120
10845
10845
10845
10845
10845
10845
10845
10845
10845
10845
10845
10845
10845
10845
10845
10845
10845
10845
10845
10845
10845
10845
10845
10845
10845
10845
10845
10845
10845
10845
10845
10845
10845
10845
10845
10845
10845
10845
10845
10845
10845
10845
10845
10845
10845
10845
10845
10845
10845
10845
10845
10845
10845
10845
10845
10845
11763
11763
11763
11763
11763
11763
11763
11763
11763
11763
11763
11763
11763
11763
11763
11763
11763
11763
11763
11763
11763
11763
11763
11763
11763
11763
11763
11763
11763
11763
11763
11763
11763
11763
11763
11763
11763
11763
11763
11763
11763
11763
11763
11763
11763
11763
11763
11763
11763
11763
11763
11763
11763
11763
11763
11763
15752
15752
15752
15752
15752
15752
15752
15752
15752
15752
15752
15752
15752
15752
15752
15752
15752
15752
15752
15752
15752
15752
15752
15752
15752
15752
15752
15752
15752
15752
15752
15752
15752
15752
15752
15752
15752
15752
15752
15752
15752
15752
15752
15752
15752
15752
15752
15752
15752
15752
15752
15752
15752
15752
15752
15752
19034
19034
19034
19034
19034
19034
19034
19034
19034
19034
19034
19034
19034
19034
19034
19034
19034
19034
19034
19034
19034
19034
19034
19034
19034
19034
19034
19034
19034
19034
19034
19034
19034
19034
19034
19034
19034
19034
19034
19034
19034
19034
19034
19034
19034
19034
19034
19034
19034
19034
19034
19034
19034
19034
19034
19034
20550
20550
20550
20550
20550
20550
20550
20550
20550
20550
20550
20550
20550
20550
20550
20550
20550
20550
20550
20550
20550
20550
20550
20550
20550
20550
20550
20550
20550
20550
20550
20550
20550
20550
20550
20550
20550
20550
20550
20550
20550
20550
20550
20550
20550
20550
20550
20550
20550
20550
20550
20550
20550
20550
20550
20550
20934
20934
20934
20934
20934
20934
20934
20934
20934
20934
20934
20934
20934
20934
20934
20934
20934
20934
20934
20934
20934
20934
20934
20934
20934
20934
20934
20934
20934
20934
20934
20934
20934
20934
20934
20934
20934
20934
20934
20934
20934
20934
20934
20934
20934
20934
20934
20934
20934
20934
20934
20934
20934
20934
20934
20934
23440
23440
23440
23440
23440
23440
23440
23440
23440
23440
23440
23440
23440
23440
23440
23440
23440
23440
23440
23440
23440
23440
23440
23440
23440
23440
23440
23440
23440
23440
23440
23440
23440
23440
23440
23440
23440
23440
23440
23440
23440
23440
23440
23440
23440
23440
23440
23440
23440
23440
23440
23440
23440
23440
23440
23440
28423
28423
28423
28423
28423
28423
28423
28423
28423
28423
28423
28423
28423
28423
28423
28423
28423
28423
28423
28423
28423
28423
28423
28423
28423
28423
28423
28423
28423
28423
28423
28423
28423
28423
28423
28423
28423
28423
28423
28423
28423
28423
28423
28423
28423
28423
28423
28423
28423
28423
28423
28423
28423
28423
28423
28423
34307
34307
34307
34307
34307
34307
34307
34307
34307
34307
34307
34307
34307
34307
34307
34307
34307
34307
34307
34307
34307
34307
34307
34307
34307
34307
34307
34307
34307
34307
34307
34307
34307
34307
34307
34307
34307
34307
34307
34307
34307
34307
34307
34307
34307
34307
34307
34307
34307
34307
4251
4251
4251
4251
4251
4251
4251
4251
4251
4251
4251
4251
4251
4251
4251
4251
4251
4251
4251
4251
4251
4251
4251
4251
4251
4251
4251
4251
5269
5269
5269
5269
5269
5269
5269
5269
5269
5269
5269
5269
5269
5269
5269
5269
5269
5269
5269
5269
5269
5269
5269
5269
5269
5269
5269
5269
10120
10120
10120
10120
10120
10120
10120
10120
10120
10120
10120
10120
10120
10120
10120
10120
10120
10120
10120
10120
10120
10120
10120
10120
10120
10120
10120
10120
10845
10845
10845
10845
10845
10845
10845
10845
10845
10845
10845
10845
10845
10845
10845
10845
10845
10845
10845
10845
10845
10845
10845
10845
10845
10845
10845
10845
11763
11763
11763
11763
11763
11763
11763
11763
11763
11763
11763
11763
11763
11763
11763
11763
11763
11763
11763
11763
11763
11763
11763
11763
11763
11763
11763
11763
15752
15752
15752
15752
15752
15752
15752
15752
15752
15752
15752
15752
15752
15752
15752
15752
15752
15752
15752
15752
15752
15752
15752
15752
15752
15752
15752
15752
19034
19034
19034
19034
19034
19034
19034
19034
19034
19034
19034
19034
19034
19034
19034
19034
19034
19034
19034
19034
19034
19034
19034
19034
19034
19034
19034
19034
20550
20550
20550
20550
20550
20550
20550
20550
20550
20550
20550
20550
20550
20550
20550
20550
20550
20550
20550
20550
20550
20550
20550
20550
20550
20550
20550
20550
20934
20934
20934
20934
20934
20934
20934
20934
20934
20934
20934
20934
20934
20934
20934
20934
20934
20934
20934
20934
20934
20934
20934
20934
20934
20934
20934
20934
23440
23440
23440
23440
23440
23440
23440
23440
23440
23440
23440
23440
23440
23440
23440
23440
23440
23440
23440
23440
23440
23440
23440
23440
23440
23440
23440
23440
28423
28423
28423
28423
28423
28423
28423
28423
28423
28423
28423
28423
28423
28423
28423
28423
28423
28423
28423
28423
28423
28423
28423
28423
28423
28423
28423
28423
34307
34307
34307
34307
34307
34307
34307
34307
34307
34307
34307
34307
34307
34307
34307
34307
34307
34307
34307
34307
34307
34307
34307
34307
34307
34307
34307
34307
34979
34979
34979
34979
34979
34979
34979
34979
34979
34979
34979
34979
34979
34979
34979
34979
34979
34979
34979
34979
34979
34979
34979
34979
34979
34979
34979
34979
35928
35928
35928
35928
35928
35928
35928
35928
35928
35928
35928
35928
35928
35928
35928
35928
35928
35928
35928
35928
35928
35928
35928
35928
35928
35928
35928
35928
37392
37392
37392
37392
37392
37392
37392
37392
37392
37392
37392
37392
37392
37392
37392
37392
37392
37392
37392
37392
37392
37392
37392
37392
37392
37392
37392
37392
38829
38829
38829
38829
38829
38829
38829
38829
38829
38829
38829
38829
38829
38829
38829
38829
38829
38829
38829
38829
38829
38829
38829
38829
38829
38829
38829
38829
39758
39758
39758
39758
39758
39758
39758
39758
39758
39758
39758
39758
39758
39758
39758
39758
39758
39758
39758
39758
39758
39758
39758
39758
39758
39758
39758
39758
41159
41159
41159
41159
41159
41159
41159
41159
41159
41159
41159
41159
41159
41159
41159
41159
41159
41159
41159
41159
41159
41159
41159
41159
41159
41159
41159
41159
44353
44353
44353
44353
44353
44353
44353
44353
44353
44353
44353
44353
44353
44353
44353
44353
44353
44353
44353
44353
44353
44353
44353
44353
44353
44353
44353
44353
44819
44819
44819
44819
44819
44819
44819
44819
44819
44819
44819
44819
44819
44819
44819
44819
44819
44819
44819
44819
44819
44819
44819
44819
44819
44819
44819
44819
45156
45156
45156
45156
45156
45156
45156
45156
45156
45156
45156
45156
45156
45156
45156
45156
45156
45156
45156
45156
45156
45156
45156
45156
45156
45156
45156
45156
46852
46852
46852
46852
46852
46852
46852
46852
46852
46852
46852
46852
46852
46852
46852
46852
46852
46852
46852
46852
46852
46852
46852
46852
46852
46852
46852
46852
46942
46942
46942
46942
46942
46942
46942
46942
46942
46942
46942
46942
46942
46942
46942
46942
46942
46942
46942
46942
46942
46942
46942
46942
46942
46942
46942
46942
50293
50293
50293
50293
50293
50293
50293
50293
50293
50293
50293
50293
50293
50293
50293
50293
50293
50293
50293
50293
50293
50293
4251
4251
4251
4251
4251
4251
4251
5269
5269
5269
5269
5269
5269
5269
10120
10120
10120
10120
10120
10120
10120
10845
10845
10845
10845
10845
10845
10845
11763
11763
11763
11763
11763
11763
11763
15752
15752
15752
15752
15752
15752
15752
19034
19034
19034
19034
19034
19034
19034
20550
20550
20550
20550
20550
20550
20550
20934
20934
20934
20934
20934
20934
20934
23440
23440
23440
23440
23440
23440
23440
28423
28423
28423
28423
28423
28423
28423
34307
34307
34307
34307
34307
34307
34307
34979
34979
34979
34979
34979
34979
34979
35928
35928
35928
35928
35928
35928
35928
37392
37392
37392
37392
37392
37392
37392
38829
38829
38829
38829
38829
38829
38829
39758
39758
39758
39758
39758
39758
39758
41159
41159
41159
41159
41159
41159
41159
44353
44353
44353
44353
44353
44353
44353
44819
44819
44819
44819
44819
44819
44819
45156
45156
45156
45156
45156
45156
45156
46852
46852
46852
46852
46852
46852
46852
46942
46942
46942
46942
46942
46942
46942
50293
50293
50293
50293
50293
50293
50293
52567
52567
52567
52567
52567
52567
52567
55232
55232
55232
55232
55232
55232
55232
58800
58800
58800
58800
58800
58800
58800
61151
61151
61151
61151
61151
61151
61151
61918
61918
61918
61918
61918
61918
61918
62548
62548
62548
62548
62548
62548
62548
65643
65643
65643
65643
65643
65643
65643
65812
65812
65812
65812
65812
65812
65812
69030
69030
69030
69030
69030
69030
69030
72606
72606
72606
72606
72606
72606
72606
72943
72943
72943
72943
72943
72943
72943
73181
73181
73181
73181
73181
73181
73181
73505
73505
73505
73505
73505
73505
73505
75615
75615
75615
75615
75615
75615
75615
76139
76139
76139
76139
76139
76139
76139
78259
78259
78259
78259
78259
78259
78259
79381
79381
79381
79381
79381
79381
79381
80830
80830
80830
80830
80830
80830
80830
82460
82460
82460
82460
82460
82460
82460
83304
83304
83304
83304
83304
83304
83304
85972
85972
85972
85972
85972
85972
85972
87711
87711
87711
87711
87711
87711
87711
87928
87928
87928
87928
87928
87928
87928
88208
88208
88208
88208
88208
88208
88208
89128
89128
89128
89128
89128
89128
89128
90023
90023
90023
90023
90023
90023
90023
90200
90200
90200
90200
90200
90200
90200
90987
90987
90987
90987
90987
90987
90987
91042
91042
91042
91042
91042
91042
91042
91686
91686
91686
91686
91686
91686
91686
92923
92923
92923
92923
92923
92923
92923
93152
93152
93152
93152
93152
93152
93152
95475
95475
95475
95475
95475
95475
95475
96176
96176
96176
96176
96176
96176
96176
97408
97408
97408
97408
97408
97408
97408
97660
97660
97660
97660
97660
97660
97660
100161
100161
100161
100161
100161
100161
100161
105141
105141
105141
105141
105141
105141
105141
105342
105342
105342
105342
105342
105342
105342
106038
106038
106038
106038
106038
106038
106038
114053
114053
114053
114053
114053
114053
114053
116941
116941
116941
116941
116941
116941
116941
117195
117195
117195
117195
117195
117195
117195
118252
118252
118252
118252
118252
118252
118252
118325
118325
118325
118325
118325
118325
118325
118800
118800
118800
118800
118800
118800
118800
122729
122729
122729
122729
122729
122729
122729
124337
124337
124337
124337
124337
124337
124337
125086
125086
125086
125086
125086
125086
125086
125657
125657
125657
125657
125657
125657
125657
126510
126510
126510
126510
126510
126510
126510
127098
127098
127098
127098
127098
127098
127098
127249
127249
127249
127249
127249
127249
127249
127616
127616
127616
127616
127616
127616
127616
128121
128121
128121
128121
128121
128121
128121
129408
129408
129408
129408
129408
129408
129408
129877
129877
129877
129877
129877
129877
129877
131151
131151
131151
131151
131151
131151
131151
135518
135518
135518
135518
135518
135518
135518
135729
135729
135729
135729
135729
135729
135729
139471
139471
139471
139471
139471
139471
139471
140091
140091
140091
140091
140091
140091
140091
142779
142779
142779
142779
142779
142779
142779
143910
143910
143910
143910
143910
143910
143910
145375
145375
145375
145375
145375
145375
145375
147326
147326
147326
147326
147326
147326
147326
147554
147554
147554
147554
147554
147554
147554
149078
149078
149078
149078
149078
149078
149078
149720
149720
149720
149720
149720
149720
149720
150125
150125
150125
150125
150125
150125
150125
150811
150811
150811
150811
150811
150811
150811
152161
4251
5269
10120
10845
11763
15752
19034
20550
20934
23440
28423
34307
34979
35928
37392
38829
39758
41159
44353
44819
45156
46852
46942
50293
52567
55232
58800
61151
61918
62548
65643
65812
69030
72606
72943
73181
73505
75615
76139
78259
79381
80830
82460
83304
85972
87711
87928
88208
89128
90023
90200
90987
91042
91686
92923
93152
95475
96176
97408
97660
100161
105141
105342
106038
114053
116941
117195
118252
118325
118800
122729
124337
125086
125657
126510
127098
127249
127616
128121
129408
129877
131151
135518
135729
139471
140091
142779
143910
145375
147326
147554
149078
149720
150125
150811
152161
152226
152910
153621
154714
155872
158124
158590
159745
161527
162672
163132
163926
164292
167852
170170
170506
171637
175400
177718
180548
183718
184072
184765
186952
189876
200792
201069
204634
204645
205062
206243
207480
210708
214815
215898
216090
218657
218751
220968
221155
222428
222754
223735
227338
228101
228721
231761
232425
232805
233114
233355
233570
235053
235957
236214
242050
242635
242834
243468
247757
248175
248364
248977
249025
250008
254884
256678
256816
256975
257597
258306
261667
263497
264854
265391
266194
267199
267292
267725
270742
271360
271401
273952
276103
277188
281052
283253
283738
287600
289123
290255
290720
291485
299699
299808
300579
300742
301192
307354
313082
316750
317249
320483
321357
322915
323691
326920
330491
336386
339198
341798
341966
346827
348181
349502
350359
350766
350916
351718
354754
354908
359202
363200
363260
363341
363551
366070
367445
370732
372729
373053
373140
375222
375728
376256
376468
376731
378194
380292
380323
381465
381916
382524
383281
386851
386917
393988
396164
401014
401378
401461
402092
402750
405071
409802
412323
412617
413554
413566
414135
415518
416139
417411
417593
419723
420041
423750
424864
425202
425614
426070
426165
426538
427417
428888
429128
429541
431447
434070
435744
435800
437697
438747
439124
439146
440770
443334
444293
445998
446925
447445
447599
447997
448028
448738
450104
450460
451076
452213
454226
456208
457580
458701
459366
460991
461670
465189
465442
466810
468482
471694
472033
472174
473438
481397
482884
483452
484696
487927
492425
494676
495251
496076
496389
497417
497502
499486
499599
500668
504959
506025
506915
508186
508528
508606
510499
512028
513620
514659
515728
516833
517115
518566
519030
519149
519606
520005
521490
522538
524777
525932
526532
527886
528026
528119
528221
529168
529297
531229
533153
533206
538274
538576
538954
539794
540471
542297
543664
545117
546119
549909
551015
551074
551138
554182
554294
557577
559090
560228
562945
565081
566222
567177
568036
568384
571677
572935
573559
573640
575056
575413
577120
578354
579561
583223
587750
589103
590765
594918
595011
595380
596029
596875
599179
599311
599384
601863
606032
606669
609233
609782
610331
616368
616668
617091
618460
619435
620130
620603
620893
622281
623206
626887
629906
630420
630751
630889
630990
631257
631439
632098
632161
635252
636673
637267
637607
639044
640970
641554
642177
642356
643794
644824
645538
647974
648000
648392
649716
650301
650574
650635
651091
651652
653303
655158
655302
655733
658322
661180
661343
669224
670086
672783
676291
676538
678424
678649
681244
683120
683412
688454
688519
688700
689013
692607
695705
696038
699081
701462
704113
705436
706704
707277
707442
708726
709879
710668
715175
716271
716771
716956
719216
722032
722106
722137
723804
724071
724587
725017
725050
725716
726660
726823
727551
728141
729707
732036
735140
736275
737840
740576
740939
745083
746624
747335
747367
747414
748897
749078
750254
751403
752255
753170
753405
753946
754130
756338
757102
759867
760099
762344
763458
765221
767755
770520
771048
771586
779037
784698
785819
787158
790866
791138
791312
791514
791664
792293
792559
798426
801511
803171
803207
803427
804722
806591
806878
808940
811236
815548
823197
823888
826703
826941
830940
832291
833713
834812
835171
835495
836593
836795
837390
838164
838184
838693
840006
845014
849722
852481
852701
852790
853023
855714
856043
856258
858570
860517
862416
863809
870680
871046
872382
873501
876599
880017
885154
897588
898702
898994
901056
906622
909962
909989
911180
911826
913208
913922
913970
915896
916064
916269
918943
918972
919411
920852
922167
922886
924138
924677
924783
926754
927221
927532
929947
930180
933138
933610
933927
937346
939414
939951
940183
941238
943939
945629
946369
946414
947209
948028
950122
953064
953312
953447
954327
959500
960801
962847
967501
971114
971844
974801
975881
977441
978850
979569
982271
985199
985199
985290
986452
987523
991719
991833
992448
993382
995992
996512
997000
998402
999382
375218
701105
44962
418103
944573
287797
480021
920292
459307
609430
