Student ID: 118010246
Name: Qin Lan
Assignment 1
Run Time : 0.006980 seconds
Input Size: 100000 
Process Number: 1 

Student ID: 118010246
Name: Qin Lan
Assignment 1
Run Time : 0.003956 seconds
Input Size: 100000 
Process Number: 2 

Student ID: 118010246
Name: Qin Lan
Assignment 1
Run Time : 0.002448 seconds
Input Size: 100000 
Process Number: 4 

Student ID: 118010246
Name: Qin Lan
Assignment 1
Run Time : 0.002024 seconds
Input Size: 100000 
Process Number: 8 

Student ID: 118010246
Name: Qin Lan
Assignment 1
Run Time : 0.249119 seconds
Input Size: 100000 
Process Number: 16 

Student ID: 118010246
Name: Qin Lan
Assignment 1
Run Time : 0.212023 seconds
Input Size: 100000 
Process Number: 20 

