64
81
93
93
323
323
549
549
569
681
681
745
820
867
1171
1206
1244
1354
1379
1379
1511
1642
1642
1842
1842
1914
1914
1925
1925
2039
2245
2362
2427
2427
2463
2503
2606
2615
2780
2902
2904
3033
3050
3094
3296
3476
3493
3615
3637
3637
3979
4039
4039
4062
4082
4251
4308
4310
4340
4340
4513
5009
5211
5216
5226
5269
5510
5510
5601
5601
5635
5667
5979
6046
6046
6071
6071
6484
6484
6734
6816
7057
7144
7199
7339
7619
8216
8216
8292
8430
8693
8764
8764
9097
9120
9120
9206
9241
9428
9428
9431
9719
10038
10038
10120
10122
10165
10272
10417
10431
10569
10736
10736
10845
10946
10947
10947
11016
11017
11053
11053
11351
11520
11703
11735
11735
11763
11789
11867
11964
11964
11984
12299
12459
12497
12582
12582
12585
12585
12713
13321
13321
13372
13405
13537
13537
13540
13598
13617
13669
13669
13888
13917
14007
14057
14057
14148
14385
14412
14523
14523
14811
15033
15033
15056
15057
15469
15469
15533
15533
15633
15720
15752
15781
16001
16110
16204
16204
16228
16228
16259
16323
16323
16449
16522
16538
16538
17135
17223
17223
17315
17315
17501
17566
17566
17630
17638
17808
17808
17808
17833
17881
18184
18190
18190
18202
18202
18448
18456
18481
18507
18654
18704
18859
19034
19278
19304
19420
19486
19540
19593
20127
20172
20468
20550
20567
20567
20847
20934
21008
21008
21018
21018
21091
21091
21414
21414
21485
21491
21530
21743
22104
22181
22190
22190
22298
22298
22300
22765
22924
22939
23023
23078
23078
23182
23311
23415
23440
23591
23787
23856
23856
23949
24020
24100
24122
24122
24124
24136
24145
24145
24451
24561
24561
24605
24745
24776
25015
25165
25496
25861
26160
26196
26196
26234
26234
26272
26304
26445
26650
26652
26776
26856
26856
27138
27157
27172
27172
27284
27320
27458
27489
27495
27495
27536
27572
27583
27639
27639
27710
28067
28215
28215
28313
28380
28380
28423
28624
28656
28656
28806
28828
28861
28943
28996
29053
29098
29215
29375
29438
29448
29501
29573
29729
29949
29949
30096
30183
30386
30386
30530
30530
30706
30774
31020
31224
31326
31355
31502
31536
31600
31639
31790
32073
32101
32172
32248
32276
32277
32310
32460
32538
32862
32908
32908
32919
32933
32976
33002
33062
33081
33333
33621
33621
33786
33808
33882
33915
34190
34190
34225
34225
34282
34303
34307
34551
34551
34589
34596
34633
34736
34821
34945
34979
34986
35021
35109
35217
35280
35325
35368
35368
35391
35568
35733
35879
35928
36029
36055
36126
36159
36189
36189
36214
36214
36421
36437
36461
36857
36936
37062
37126
37138
37200
37200
37392
37472
37525
37545
37710
37876
38320
38566
38585
38602
38829
38879
38894
38936
38936
39021
39021
39021
39129
39195
39195
39334
39334
39392
39626
39626
39758
39810
39828
39875
39875
39875
39908
39916
39960
40072
40077
40077
40140
40194
40194
40215
40215
40220
40400
40403
40403
40500
40584
40584
40702
40702
40743
40881
40881
40898
40926
40972
41159
41167
41351
41598
41598
41768
41792
41805
41882
41882
41991
41991
42122
42210
42348
42365
42417
42417
42484
42659
42772
42831
42831
42856
42992
42992
43067
43102
43320
43324
43453
43592
43633
43633
43682
43725
43725
43860
43914
43983
43983
44101
44131
44317
44317
44353
44365
44365
44526
44599
44646
44687
44746
44746
44757
44819
44878
44901
44962
45042
45063
45156
45329
45389
45901
45979
46007
46017
46341
46355
46355
46380
46380
46387
46387
46549
46588
46647
46647
46824
46828
46828
46852
46942
47189
47329
47329
47395
47395
47406
47510
47510
47641
47775
47928
47983
47983
47996
48074
48074
48267
48401
48425
48498
48529
48586
48586
48599
48623
48623
48626
48626
48628
48628
48829
48860
48977
49613
49646
49676
49676
49764
49773
49997
50063
50197
50293
50440
50440
50466
50499
50531
50707
50707
50740
50808
51019
51103
51103
51333
51463
51463
51477
51477
51498
51528
51571
51571
51584
51735
51878
51878
51986
52018
52097
52176
52176
52251
52464
52464
52567
52621
52630
52732
52918
52918
52927
53079
53144
53150
53418
53428
53499
53542
53762
53801
53842
53882
53959
54024
54081
54180
54364
54525
54525
54660
54660
55232
55323
55336
55336
55382
55435
55776
55793
55805
56055
56055
56151
56448
56552
56561
56591
56618
56618
56675
56675
56687
56699
56747
56757
56757
56788
56791
56794
56842
56856
56927
57115
57229
57460
57460
57522
57570
57602
57661
57661
57911
58025
58106
58109
58218
58261
58261
58320
58531
58752
58800
58814
58814
58856
58856
58976
58976
59129
59234
59426
59476
59476
59479
59543
59560
59619
59619
59720
59765
59765
59772
59772
59803
59895
60014
60014
60028
60049
60319
60319
60498
60642
60707
60707
60809
60908
60908
60910
60987
61048
61048
61087
61151
61567
61567
61648
61690
61690
61759
61770
61770
61773
61918
61991
61991
62189
62189
62251
62258
62315
62382
62382
62426
62426
62548
62638
62638
62718
62760
62795
62900
62900
62923
62934
62934
62949
62958
62975
62975
63046
63046
63073
63084
63133
63141
63179
63328
63328
64049
64088
64091
64091
64260
64260
64335
64335
64472
64662
64662
64825
64825
64835
64901
64959
65054
65080
65186
65643
65666
65812
65818
65965
65969
65969
66064
66103
66249
66317
66317
66342
66343
66444
66487
66537
66537
66601
66623
66681
66805
66975
67183
67223
67367
67431
67609
67660
67660
67697
67764
67764
67850
67850
67917
68011
68012
68107
68339
68399
68399
68427
68506
68632
68689
68689
68818
68972
68977
69004
69004
69027
69027
69030
69232
69410
69883
70285
70330
70392
70392
70491
70491
70592
70757
70847
70847
70927
70999
71006
71116
71125
71125
71161
71201
71478
71510
71710
71710
71774
71892
72213
72293
72485
72486
72486
72606
72641
72699
72699
72703
72943
72999
73039
73181
73370
73370
73505
73627
73764
73764
73828
73828
73847
73850
73870
73870
73940
73990
74537
74537
74602
74602
75076
75122
75155
75218
75412
75412
75615
75616
75704
75743
76077
76139
76169
76169
76217
76376
76445
76486
76585
76585
76672
76773
76780
76780
77304
77304
77375
77589
77591
77591
77645
77773
77773
77888
78002
78044
78259
78408
78592
78721
79088
79095
79145
79145
79269
79269
79296
79322
79342
79373
79381
79421
79422
79422
79444
79540
79690
79841
79908
79933
79957
80124
80154
80254
80261
80262
80262
80308
80532
80532
80605
80636
80776
80830
80843
80886
80928
80967
81198
81555
81555
81815
81858
81925
82014
82050
82050
82060
82060
82195
82199
82199
82379
82424
82424
82460
82466
82539
82830
82830
83031
83088
83088
83304
83448
83598
83598
83781
84007
84100
84148
84148
84216
84267
84292
84303
84315
84506
84506
84542
84579
84672
84672
84746
84821
84821
85106
85193
85193
85273
85507
85544
85544
85739
85972
86034
86034
86305
86305
86317
86469
86480
86681
86990
87126
87126
87183
87183
87195
87531
87586
87662
87688
87710
87711
87764
87854
87854
87928
87997
88030
88109
88131
88208
88411
88421
88434
88582
88883
88883
88980
89128
89159
89172
89174
89325
89325
89358
89358
89368
89412
89438
89491
89503
89727
89965
90023
90032
90057
90057
90086
90192
90200
90212
90212
90428
90717
90717
90859
90960
90987
91009
91009
91042
91185
91185
91251
91583
91583
91686
91749
91749
91751
91840
92024
92061
92061
92234
92351
92376
92396
92489
92609
92622
92792
92923
93152
93316
93397
93640
93662
93662
94112
94165
94174
94417
94417
94749
94909
94909
95018
95020
95022
95027
95042
95042
95060
95160
95475
95572
95572
95609
95655
95731
95745
95745
95745
95765
95765
95815
95820
96107
96169
96169
96176
96177
96180
96271
96358
96382
96382
96879
96913
97051
97161
97161
97218
97408
97467
97487
97529
97529
97567
97602
97654
97660
97871
97874
98032
98032
98165
98165
98480
98605
98734
98738
98739
98823
99355
99393
99451
99484
99538
99901
100161
100237
100255
100255
100321
100486
100514
100545
100669
100731
100857
101110
101110
101113
101281
101331
101360
101489
101489
101662
101665
101665
101760
101832
101839
101877
101940
101996
102296
102393
102393
102501
102675
102747
102829
103030
103124
103241
103241
103348
103537
103654
103807
103978
103978
104061
104068
104339
104407
104510
104522
104524
104635
104667
104697
104712
104812
104896
105082
105141
105196
105340
105342
105473
105994
106038
106226
106312
106321
106348
106407
106413
106685
106687
106687
106892
106956
106956
107205
107280
107478
107603
107603
107681
107681
107722
107964
107964
108003
108003
108019
108019
108117
108129
108342
108342
108354
108581
108594
108594
108957
109339
109352
109445
109485
109608
109644
109644
109849
109849
109859
109859
110059
110094
110115
110174
110185
110197
110270
110294
110427
110508
110661
110661
110699
110751
110799
110799
110911
110991
111021
111021
111427
111448
111544
111544
111612
111793
111994
112110
112132
112297
112466
112644
112644
112711
112818
112927
113030
113083
113190
113190
113236
113244
113244
113328
113606
113606
114053
114180
114218
114218
114447
114462
114526
114526
114544
114587
114613
114641
114641
115152
115381
115464
115873
115921
115934
115945
116035
116330
116330
116354
116466
116473
116548
116548
116632
116840
116941
117027
117027
117155
117155
117174
117184
117184
117195
117276
117507
117507
117731
117792
117792
117832
118130
118159
118234
118252
118325
118450
118475
118513
118606
118762
118800
119080
119157
119157
119161
119204
119204
119326
119375
119446
119502
119540
119836
119944
119944
120160
120160
120356
120688
120688
120709
120804
120804
120867
120896
120896
121027
121288
121288
121308
121784
121924
121937
121989
122004
122023
122032
122032
122045
122177
122272
122429
122429
122431
122431
122439
122523
122523
122573
122590
122590
122594
122729
122846
122980
122980
123090
123202
123519
123558
123568
123786
123786
123840
123840
124030
124046
124046
124220
124337
125086
125139
125140
125244
125276
125315
125336
125357
125383
125413
125413
125657
125849
125972
126087
126162
126162
126168
126381
126381
126447
126447
126505
126510
126598
126763
126763
126901
126950
126950
126997
126997
127098
127156
127179
127249
127303
127303
127367
127367
127369
127513
127597
127597
127616
127682
127828
127955
128121
128223
128425
128425
128464
128526
128616
128616
128825
129067
129085
129085
129205
129205
129326
129326
129408
129524
129559
129559
129706
129793
129793
129860
129877
129954
130017
130772
130772
130791
130834
130872
130872
130908
130939
130968
130985
131125
131151
131385
131385
131424
131424
131489
131527
131527
131589
131589
131635
132002
132043
132048
132133
132244
132244
132347
132347
132501
132540
132557
132781
132946
133069
133130
133130
133589
133596
133608
133608
133822
133984
134047
134136
134158
134463
134463
134495
134495
134722
134822
135018
135205
135205
135236
135240
135338
135338
135339
135518
135590
135719
135729
136052
136104
136154
136219
136476
136907
136977
137020
137088
137091
137166
137166
137418
137590
137703
138000
138264
138282
138326
138326
138377
138380
138496
138548
138644
138651
138715
138722
138863
138863
138864
138954
138954
138989
139053
139265
139265
139471
139563
139784
139885
139932
140068
140091
140172
140172
140186
140292
140470
140492
140492
140528
140795
140826
140875
141009
141133
141247
141723
142227
142227
142334
142334
142383
142481
142496
142618
142779
142838
142902
142902
143421
143910
144042
144308
144369
144369
144491
144500
144529
144830
144830
144854
145053
145207
145257
145323
145323
145325
145375
145472
145489
145494
145550
145669
146081
146145
146244
146246
146290
146290
146451
146542
146546
146546
146590
146692
146790
146961
147069
147069
147070
147070
147326
147408
147408
147484
147484
147498
147515
147554
147567
147571
147732
147732
147774
147997
148075
148075
148151
148151
148194
148346
148365
148569
148604
148632
148632
148711
148711
148990
148990
149010
149023
149078
149314
149446
149517
149637
149720
149776
149832
149955
150109
150125
150212
150254
150254
150323
150462
150462
150508
150654
150799
150799
150811
150859
150997
151121
151213
151225
151249
151249
151432
151948
151970
152040
152161
152167
152167
152226
152274
152336
152410
152433
152493
152760
152760
152910
152959
152978
152978
152986
153006
153143
153143
153275
153538
153538
153579
153621
153674
153916
153954
153954
154073
154091
154091
154259
154289
154289
154508
154589
154714
154861
154863
154913
154913
154931
155027
155027
155066
155066
155181
155554
155594
155624
155633
155710
155872
155895
155895
155988
155988
156066
156181
156181
156217
156407
156489
156584
156615
156802
156975
157106
157106
157265
157360
157360
157511
157620
157620
157793
158124
158436
158547
158590
158627
158660
158732
158823
158967
159016
159138
159161
159346
159346
159487
159495
159527
159651
159745
159999
160106
160269
160292
160358
160374
160379
160450
160530
160558
160558
160574
160923
161002
161002
161140
161257
161257
161521
161527
161528
161534
161534
161631
161631
161708
161956
162035
162051
162069
162141
162161
162283
162283
162286
162286
162289
162289
162325
162493
162496
162652
162672
162844
162945
162945
162964
162964
163036
163038
163038
163042
163043
163043
163132
163338
163351
163438
163487
163767
163787
163925
163925
163926
164213
164213
164292
164556
164576
164576
164626
164626
164681
164681
164757
164871
165193
165198
165203
165407
165407
165449
165449
165457
165483
165683
165730
165879
165898
165915
166264
166342
166488
166549
166582
166697
166829
166829
166929
166929
166951
167279
167297
167308
167332
167332
167637
167711
167715
167715
167716
167744
167744
167852
168133
168164
168275
168754
168837
168837
168920
169080
169347
169347
169370
169370
169437
169487
169591
169591
169790
169939
169957
170114
170114
170159
170159
170170
170269
170311
170337
170506
170620
170893
170911
170911
170982
170982
171054
171054
171087
171275
171275
171637
171692
171794
171794
171880
171884
171884
171894
171932
172025
172190
172261
172326
172326
172467
172497
172621
172631
172657
172784
172784
172980
173109
173136
173172
173201
173201
173294
173332
173402
173528
173533
173533
173797
173797
173865
173939
173960
173960
174067
174069
174069
174232
174721
174721
174967
174967
175011
175400
175406
175571
175617
175617
175679
175679
175739
175739
175780
175890
175905
175905
176022
176022
176229
176239
176279
176307
176347
176620
176737
176737
176897
177151
177151
177161
177203
177207
177207
177265
177290
177358
177440
177440
177503
177503
177718
177751
178046
178123
178224
178440
178440
178497
178604
178665
178690
178726
178726
178736
178779
178849
178849
178855
179117
179218
179285
179334
179453
179474
179497
179830
179911
179915
180183
180200
180237
180407
180529
180540
180548
180570
180601
180653
180921
180921
181467
181562
181851
181851
181862
182039
182057
182160
182313
182394
182394
182467
182467
182790
183017
183171
183202
183242
183255
183327
183327
183332
183393
183422
183458
183540
183547
183675
183718
183745
184072
184096
184120
184274
184324
184324
184447
184454
184454
184492
184492
184662
184680
184765
184889
184964
185046
185143
185160
185185
185480
185642
185677
185712
185876
185889
185889
185994
185994
186306
186306
186354
186358
186358
186431
186431
186440
186440
186480
186593
186709
186733
186746
186872
186872
186952
187079
187134
187190
187346
187500
187500
187516
187618
187618
187727
187937
187937
187956
188170
188314
188317
188534
189012
189012
189141
189168
189196
189196
189291
189300
189375
189435
189497
189497
189562
189595
189617
189833
189838
189876
190158
190168
190168
190428
190495
190528
190642
190702
190800
190800
190821
190922
190952
191005
191005
191269
191309
191412
191412
191544
191614
191614
191653
191662
191742
191794
191794
191847
191847
191893
192086
192177
192190
192190
192209
192218
192379
192435
192594
192934
193368
193468
193485
193512
193721
193736
193736
193785
193837
193837
193842
193908
193944
194011
194011
194185
194465
194528
194528
194625
194625
194650
194684
194684
194731
194778
194850
194872
195123
195176
195176
195195
195397
195397
195511
195540
195746
195809
195941
195941
196008
196158
196228
196228
196295
196342
196342
196431
196444
196471
196471
196637
196782
196827
196827
196879
197086
197203
197219
197219
197235
197247
197274
197314
197315
197734
197734
197811
197917
197917
197930
197930
198032
198099
198105
198392
198392
198451
198455
198483
198530
198656
198656
198673
198673
198697
198697
198752
198812
198918
198918
198952
198952
198987
199086
199088
199088
199093
199181
199257
199257
199267
199267
199319
199372
199492
199531
199531
199759
199861
199972
199972
200077
200077
200279
200313
200313
200345
200406
200474
200474
200707
200707
200792
200801
200848
200885
200987
200987
201069
64
64
93
93
323
323
549
549
681
745
820
867
867
1206
1206
1244
1244
1379
1379
1511
1642
1642
1842
1842
1914
1914
1925
1925
2039
2362
2362
2427
2427
2463
2503
2615
2615
2902
3094
3094
3296
3476
3615
3637
3637
3979
4039
4039
4062
4062
4082
4251
4251
4308
4310
4340
4340
5009
5009
5226
5269
5269
5510
5510
5601
5601
5635
5635
5667
5979
6046
6046
6071
6071
6484
6484
6734
6816
6816
7144
7144
7199
7199
7619
7619
8216
8216
8292
8292
8764
8764
9120
9120
9206
9241
9428
9428
9431
9431
10038
10038
10120
10120
10122
10122
10165
10272
10417
10417
10736
10736
10845
10845
10947
10947
11016
11016
11053
11053
11351
11351
11703
11703
11735
11735
11763
11763
11789
11867
11867
11964
11964
11984
12299
12299
12459
12582
12582
12585
12585
12713
12713
13321
13321
13372
13405
13405
13537
13537
13540
13540
13598
13598
13617
13669
13669
13888
13917
13917
14007
14057
14057
14148
14385
14385
14523
14523
15033
15033
15056
15057
15469
15469
15533
15533
15633
15752
15752
15781
15781
16001
16001
16110
16204
16204
16228
16228
16323
16323
16449
16522
16522
16538
16538
17223
17223
17315
17315
17501
17566
17566
17630
17630
17808
17808
17808
17833
17881
17881
18190
18190
18202
18202
18448
18507
18654
18704
19034
19034
19278
19278
19420
19420
19486
19486
20172
20468
20550
20550
20567
20567
20847
20934
20934
21008
21008
21018
21018
21091
21091
21414
21414
21485
21491
21491
21743
22104
22104
22190
22190
22298
22298
23023
23078
23078
23415
23440
23440
23591
23591
23856
23856
23949
23949
24020
24100
24122
24122
24124
24124
24136
24145
24145
24451
24561
24561
24605
24745
24776
24776
25496
25861
25861
26160
26160
26196
26196
26234
26234
26445
26650
26776
26856
26856
27138
27157
27172
27172
27320
27489
27495
27495
27536
27536
27639
27639
27710
28215
28215
28313
28380
28380
28423
28423
28656
28656
28806
28943
28996
29053
29053
29098
29215
29215
29375
29438
29438
29573
29949
29949
30183
30183
30386
30386
30530
30530
30706
30706
30774
30774
31020
31224
31224
31355
31355
31600
31639
31639
31790
32073
32101
32101
32248
32276
32276
32277
32277
32310
32310
32862
32908
32908
32933
32933
32976
33081
33621
33621
33786
33808
33808
33915
33915
34190
34190
34225
34225
34282
34282
34303
34307
34307
34551
34551
34596
34633
34633
34736
34821
34821
34979
34979
35109
35280
35280
35368
35368
35391
35391
35733
35879
35928
35928
36055
36126
36126
36189
36189
36214
36214
36437
36461
36857
36936
37062
37138
37200
37200
37392
37392
37472
37545
37876
37876
38829
38829
38879
38894
38936
38936
39021
39021
39129
39195
39195
39334
39334
39392
39392
39626
39626
39758
39758
39810
39828
39828
39875
39875
39908
39908
39916
39960
39960
40072
40077
40077
40194
40194
40215
40215
40220
40400
40400
40403
40403
40500
40500
40584
40584
40702
40702
40881
40881
40898
40898
40972
41159
41159
41167
41598
41768
41768
41792
41882
41882
41991
41991
42122
42122
42210
42365
42365
42417
42417
42484
42831
42831
42856
42856
42992
42992
43067
43102
43453
43453
43592
43592
43633
43633
43725
43725
43914
43983
43983
44101
44101
44131
44317
44317
44353
44353
44365
44365
44526
44526
44646
44687
44746
44746
44757
44757
44819
44819
44901
44962
44962
45042
45042
45156
45156
45329
45389
45901
45901
45979
46017
46341
46355
46355
46380
46380
46387
46387
46549
46588
46588
46647
46647
46824
46824
46828
46828
46852
46852
46942
46942
47189
47329
47329
47395
47395
47406
47406
47510
47510
47775
47775
47928
47928
47983
47983
47996
48074
48074
48267
48425
48529
48586
48586
48599
48623
48623
48626
48626
48628
48628
49646
49676
49676
49773
49997
49997
50063
50063
50197
50293
50293
50440
50440
50466
50499
50531
50707
50707
50740
50808
51019
51019
51103
51103
51333
51333
51463
51463
51477
51477
51498
51571
51571
51584
51878
51878
51986
52018
52018
52097
52176
52176
52464
52464
52567
52567
52621
52621
52630
52630
52732
52918
52918
52927
52927
53079
53499
53499
53762
53762
53801
53882
53882
54024
54180
54364
54525
54525
54660
54660
55232
55232
55323
55336
55336
55435
55776
55793
56055
56055
56151
56448
56561
56591
56591
56618
56618
56675
56675
56687
56699
56699
56747
56747
56757
56757
56788
56791
56791
56842
56927
57115
57229
57229
57460
57460
57570
57602
57602
57661
57661
57911
58218
58218
58261
58261
58320
58531
58800
58800
58814
58814
58856
58856
58976
58976
59129
59234
59476
59476
59543
59619
59619
59720
59720
59765
59765
59772
59772
59803
60014
60014
60319
60319
60498
60498
60642
60642
60707
60707
60809
60908
60908
60987
60987
61048
61048
61087
61087
61151
61151
61567
61567
61690
61690
61759
61770
61770
61773
61918
61918
61991
61991
62189
62189
62258
62315
62382
62382
62426
62426
62548
62548
62638
62638
62900
62900
62923
62923
62934
62934
62975
62975
63046
63046
63073
63084
63084
63141
63328
63328
64049
64049
64091
64091
64260
64260
64335
64335
64662
64662
64825
64825
64959
65054
65080
65643
65643
65666
65812
65812
65965
65965
65969
65969
66064
66064
66103
66103
66317
66317
66343
66444
66537
66537
66623
66623
66681
66681
66805
66805
66975
66975
67183
67183
67223
67223
67367
67431
67431
67609
67609
67660
67660
67764
67764
67850
67850
68107
68339
68399
68399
68427
68632
68689
68689
68818
68818
69004
69004
69027
69027
69030
69030
69232
69883
69883
70285
70330
70392
70392
70491
70491
70592
70757
70757
70847
70847
70927
70927
70999
70999
71116
71125
71125
71201
71201
71478
71510
71510
71710
71710
71774
71774
71892
72213
72213
72293
72485
72485
72486
72486
72606
72606
72699
72699
72703
72943
72943
73039
73039
73181
73181
73370
73370
73505
73505
73627
73627
73764
73764
73828
73828
73870
73870
74537
74537
74602
74602
75076
75076
75122
75155
75155
75218
75412
75412
75615
75615
75616
75743
76077
76077
76139
76139
76169
76169
76445
76486
76486
76585
76585
76672
76773
76773
76780
76780
77304
77304
77591
77591
77773
77773
78002
78044
78259
78259
78592
79088
79095
79145
79145
79269
79269
79322
79322
79373
79373
79381
79381
79422
79422
79540
79841
79841
79908
79908
79933
79933
79957
79957
80124
80254
80254
80261
80262
80262
80532
80532
80605
80605
80636
80636
80776
80776
80830
80830
80843
80843
80886
80886
81198
81555
81555
81815
81815
81858
81925
82050
82050
82060
82060
82199
82199
82379
82379
82424
82424
82460
82460
82466
82466
82539
82539
82830
82830
83031
83031
83088
83088
83304
83304
83448
83448
83598
83598
83781
84007
84148
84148
84216
84267
84315
84506
84506
84542
84542
84579
84672
84672
84746
84821
84821
85106
85106
85193
85193
85507
85544
85544
85739
85739
85972
85972
86034
86034
86305
86305
86469
86480
86480
86681
87126
87126
87183
87183
87531
87586
87662
87688
87688
87710
87710
87711
87711
87854
87854
87928
87928
87997
87997
88030
88208
88208
88434
88883
88883
88980
89128
89128
89174
89174
89325
89325
89358
89358
89491
89491
89727
89727
89965
89965
90023
90023
90057
90057
90086
90200
90200
90212
90212
90717
90717
90859
90960
90960
90987
90987
91009
91009
91042
91042
91185
91185
91251
91583
91583
91686
91686
91749
91749
91751
91840
92024
92061
92061
92234
92351
92351
92376
92396
92489
92489
92609
92609
92792
92792
92923
92923
93152
93152
93316
93397
93640
93640
93662
93662
94112
94165
94174
94174
94417
94417
94749
94749
94909
94909
95018
95020
95022
95022
95027
95042
95042
95160
95475
95475
95572
95572
95609
95655
95731
95731
95745
95745
95745
95765
95765
96169
96169
96176
96176
96177
96271
96358
96358
96382
96382
96879
96879
96913
96913
97161
97161
97408
97408
97529
97529
97567
97602
97654
97660
97660
97871
97874
98032
98032
98165
98165
98605
98734
98734
98739
98739
99393
99538
99538
100161
100161
100255
100255
100321
100486
100514
100514
100731
100857
101110
101110
101113
101113
101331
101331
101489
101489
101665
101665
101760
101940
102296
102393
102393
102501
102501
102675
102675
103030
103030
103241
103241
103537
103654
103978
103978
104061
104068
104407
104510
104522
104635
104712
104812
104812
105082
105141
105141
105196
105342
105342
105473
105473
106038
106038
106226
106226
106321
106348
106407
106413
106413
106685
106687
106687
106956
106956
107478
107603
107603
107681
107681
107964
107964
108003
108003
108019
108019
108129
108129
108342
108342
108354
108354
108594
108594
108957
109339
109352
109445
109608
109644
109644
109849
109849
109859
109859
110059
110094
110174
110174
110185
110270
110427
110508
110508
110661
110661
110799
110799
111021
111021
111427
111427
111448
111544
111544
111612
111793
111994
112466
112644
112644
112818
112818
112927
113030
113190
113190
113244
113244
113328
113606
113606
114053
114053
114180
114180
114218
114218
114462
114526
114526
114587
114641
114641
115152
115152
115381
115934
115934
115945
116330
116330
116354
116354
116473
116548
116548
116840
116840
116941
116941
117027
117027
117155
117155
117174
117174
117184
117184
117195
117195
117507
117507
117731
117731
117792
117792
118130
118130
118159
118234
118252
118252
118325
118325
118450
118475
118513
118513
118762
118800
118800
119080
119157
119157
119161
119161
119204
119204
119326
119375
119446
119446
119502
119836
119836
119944
119944
120160
120160
120688
120688
120804
120804
120867
120896
120896
121027
121288
121288
121937
121989
122004
122004
122023
122032
122032
122045
122045
122177
122177
122429
122429
122431
122431
122439
122523
122523
122590
122590
122594
122729
122729
122980
122980
123202
123519
123558
123568
123786
123786
123840
123840
124046
124046
124337
124337
125086
125086
125140
125244
125276
125336
125357
125413
125413
125657
125657
126162
126162
126168
126381
126381
126447
126447
126510
126510
126598
126598
126763
126763
126950
126950
126997
126997
127098
127098
127156
127179
127179
127249
127249
127303
127303
127367
127367
127369
127369
127513
127513
127597
127597
127616
127616
128121
128121
128425
128425
128464
128464
128526
128526
128616
128616
129067
129067
129085
129085
129205
129205
129326
129326
129408
129408
129524
129524
129559
129559
129706
129793
129793
129860
129877
129877
129954
129954
130772
130772
130791
130834
130872
130872
130908
130939
130968
130985
131125
131151
131151
131385
131385
131424
131424
131527
131527
131589
131589
131635
132043
132048
132244
132244
132347
132347
132501
132781
132781
132946
133130
133130
133596
133608
133608
133822
133984
134136
134463
134463
134495
134495
134722
134722
134822
134822
135205
135205
135240
135338
135338
135339
135518
135518
135590
135719
135719
135729
135729
136052
136154
136219
136476
136907
136907
136977
136977
137020
137091
137091
137166
137166
137418
137418
137590
137590
137703
138282
138326
138326
138380
138380
138496
138548
138651
138651
138715
138715
138863
138863
138864
138954
138954
138989
138989
139265
139265
139471
139471
139784
139784
139885
139885
140068
140068
140091
140091
140172
140172
140470
140492
140492
140826
140826
140875
140875
141133
141247
141247
142227
142227
142334
142334
142383
142481
142481
142779
142779
142838
142838
142902
142902
143910
143910
144042
144042
144308
144308
144369
144369
144491
144491
144529
144830
144830
145053
145053
145207
145207
145257
145257
145323
145323
145375
145375
145472
145472
145489
145494
145494
145669
146145
146244
146246
146290
146290
146451
146542
146546
146546
146692
146692
146961
147069
147069
147070
147070
147326
147326
147408
147408
147484
147484
147498
147554
147554
147567
147571
147732
147732
147774
147774
147997
147997
148075
148075
148151
148151
148194
148604
148604
148632
148632
148711
148711
148990
148990
149023
149078
149078
149446
149637
149637
149720
149720
149776
149832
149832
150125
150125
150254
150254
150462
150462
150508
150508
150654
150654
150799
150799
150811
150811
150859
150859
150997
150997
151121
151121
151213
151213
151249
151249
151948
151970
152161
152161
152167
152167
152226
152226
152336
152410
152760
152760
152910
152910
152978
152978
153006
153006
153143
153143
153538
153538
153621
153621
153916
153954
153954
154073
154091
154091
154289
154289
154508
154714
154714
154861
154863
154863
154913
154913
155027
155027
155066
155066
155181
155554
155554
155624
155624
155633
155633
155872
155872
155895
155895
155988
155988
156066
156181
156181
156217
156217
156407
156407
156489
156584
156615
156802
156802
156975
157106
157106
157360
157360
157511
157511
157620
157620
158124
158124
158436
158436
158547
158547
158590
158590
158627
158732
158732
158823
158967
159016
159138
159138
159346
159346
159487
159487
159495
159527
159527
159745
159745
160106
160106
160292
160374
160530
160558
160558
160574
160923
160923
161002
161002
161140
161257
161257
161521
161527
161527
161534
161534
161631
161631
162051
162051
162141
162161
162283
162283
162286
162286
162289
162289
162325
162493
162496
162652
162652
162672
162672
162945
162945
162964
162964
163038
163038
163043
163043
163132
163132
163338
163351
163438
163438
163487
163487
163767
163767
163787
163925
163925
163926
163926
164213
164213
164292
164292
164576
164576
164626
164626
164681
164681
164757
164871
165198
165203
165203
165407
165407
165449
165449
165483
165683
165683
165730
165879
165898
165915
166264
166488
166549
166582
166697
166829
166829
166929
166929
166951
166951
167297
167297
167308
167332
167332
167711
167715
167715
167744
167744
167852
167852
168133
168164
168275
168754
168754
168837
168837
168920
169080
169347
169347
169370
169370
169437
169437
169487
169487
169591
169591
169790
169957
170114
170114
170159
170159
170170
170170
170269
170269
170311
170311
170506
170506
170620
170893
170911
170911
170982
170982
171054
171054
171275
171275
171637
171637
171794
171794
171880
171884
171884
171932
172190
172190
172326
172326
172467
172621
172631
172631
172657
172657
172784
172784
172980
173136
173172
173201
173201
173294
173294
173332
173332
173402
173528
173533
173533
173797
173797
173865
173939
173960
173960
174069
174069
174721
174721
174967
174967
175400
175400
175406
175406
175571
175571
175617
175617
175679
175679
175739
175739
175780
175780
175890
175905
175905
176022
176022
176239
176279
176307
176307
176347
176347
176737
176737
176897
176897
177151
177151
177161
177203
177207
177207
177265
177265
177358
177440
177440
177503
177503
177718
177718
177751
177751
178046
178123
178440
178440
178497
178497
178604
178604
178665
178665
178690
178726
178726
178779
178849
178849
178855
178855
179218
179218
179285
179285
179453
179474
179830
179830
179911
179911
179915
180183
180200
180407
180407
180548
180548
180601
180601
180653
180921
180921
181562
181851
181851
181862
182039
182057
182057
182160
182160
182394
182394
182467
182467
183017
183017
183171
183171
183202
183242
183255
183255
183327
183327
183393
183422
183422
183540
183547
183675
183675
183718
183718
183745
183745
184072
184072
184120
184274
184274
184324
184324
184447
184454
184454
184492
184492
184662
184662
184765
184765
184889
184964
184964
185046
185143
185143
185480
185480
185642
185712
185876
185889
185889
185994
185994
186306
186306
186358
186358
186431
186431
186440
186440
186480
186746
186872
186872
186952
186952
187079
187079
187346
187500
187500
187618
187618
187727
187727
187937
187937
187956
187956
188170
188170
188314
188317
189012
189012
189196
189196
189291
189291
189375
189375
189497
189497
189595
189595
189617
189833
189838
189838
189876
189876
190168
190168
190428
190428
190642
190642
190702
190800
190800
190821
190922
191005
191005
191269
191269
191412
191412
191544
191544
191614
191614
191662
191662
191742
191742
191794
191794
191847
191847
191893
191893
192086
192086
192177
192177
192190
192190
192209
192209
192218
192218
192435
192594
192934
192934
193368
193368
193468
193721
193736
193736
193785
193785
193837
193837
193908
193944
193944
194011
194011
194185
194528
194528
194625
194625
194684
194684
194731
194778
194850
195123
195123
195176
195176
195195
195397
195397
195540
195809
195809
195941
195941
196158
196158
196228
196228
196342
196342
196444
196471
196471
196637
196637
196782
196782
196827
196827
196879
197203
197219
197219
197247
197247
197274
197315
197734
197734
197917
197917
197930
197930
198032
198099
198105
198392
198392
198451
198455
198483
198483
198656
198656
198673
198673
198697
198697
198752
198752
198812
198812
198918
198918
198918
198952
198952
199086
199086
199088
199088
199257
199257
199267
199267
199319
199319
199372
199372
199531
199531
199861
199861
199972
199972
200077
200077
200279
200313
200313
200345
200406
200474
200474
64
93
323
549
681
745
820
867
1206
1244
1379
1511
1642
1842
1914
1925
2039
2362
2427
2463
2503
2615
2902
3094
3296
3476
3615
3637
3979
4039
4062
4082
4251
4308
4310
4340
5009
5226
5269
5510
5601
5635
5667
5979
6046
6071
6484
6734
6816
7144
7199
7619
8216
8292
8764
9120
9206
9241
9428
9431
10038
10120
10122
10165
10272
10417
10736
10845
10947
11016
11053
11351
11703
11735
11763
11789
11867
11964
11984
12299
12459
12582
12585
12713
13321
13372
13405
13537
13540
13598
13617
13669
13888
13917
14007
14057
14148
14385
14523
15033
15056
15057
15469
15533
15633
15752
15781
16001
16110
16204
16228
16323
16449
16522
16538
17223
17315
17501
17566
17630
17808
17808
17833
17881
18190
18202
18448
18507
18654
18704
19034
19278
19420
19486
20172
20468
20550
20567
20847
20934
21008
21018
21091
21414
21485
21491
21743
22104
22190
22298
23023
23078
23415
23440
23591
23856
23949
24020
24100
24122
24124
24136
24145
24451
24561
24605
24745
24776
25496
25861
26160
26196
26234
26445
26650
26776
26856
27138
27157
27172
27320
27489
27495
27536
27639
27710
28215
28313
28380
28423
28656
28806
28943
28996
29053
29098
29215
29375
29438
29573
29949
30183
30386
30530
30706
30774
31020
31224
31355
31600
31639
31790
32073
32101
32248
32276
32277
32310
32862
32908
32933
32976
33081
33621
33786
33808
33915
34190
34225
34282
34303
34307
34551
34596
34633
34736
34821
34979
35109
35280
35368
35391
35733
35879
35928
36055
36126
36189
36214
36437
36461
36857
36936
37062
37138
37200
37392
37472
37545
37876
38829
38879
38894
38936
39021
39129
39195
39334
39392
39626
39758
39810
39828
39875
39908
39916
39960
40072
40077
40194
40215
40220
40400
40403
40500
40584
40702
40881
40898
40972
41159
41167
41598
41768
41792
41882
41991
42122
42210
42365
42417
42484
42831
42856
42992
43067
43102
43453
43592
43633
43725
43914
43983
44101
44131
44317
44353
44365
44526
44646
44687
44746
44757
44819
44901
44962
45042
45156
45329
45389
45901
45979
46017
46341
46355
46380
46387
46549
46588
46647
46824
46828
46852
46942
47189
47329
47395
47406
47510
47775
47928
47983
47996
48074
48267
48425
48529
48586
48599
48623
48626
48628
49646
49676
49773
49997
50063
50197
50293
50440
50466
50499
50531
50707
50740
50808
51019
51103
51333
51463
51477
51498
51571
51584
51878
51986
52018
52097
52176
52464
52567
52621
52630
52732
52918
52927
53079
53499
53762
53801
53882
54024
54180
54364
54525
54660
55232
55323
55336
55435
55776
55793
56055
56151
56448
56561
56591
56618
56675
56687
56699
56747
56757
56788
56791
56842
56927
57115
57229
57460
57570
57602
57661
57911
58218
58261
58320
58531
58800
58814
58856
58976
59129
59234
59476
59543
59619
59720
59765
59772
59803
60014
60319
60498
60642
60707
60809
60908
60987
61048
61087
61151
61567
61690
61759
61770
61773
61918
61991
62189
62258
62315
62382
62426
62548
62638
62900
62923
62934
62975
63046
63073
63084
63141
63328
64049
64091
64260
64335
64662
64825
64959
65054
65080
65643
65666
65812
65965
65969
66064
66103
66317
66343
66444
66537
66623
66681
66805
66975
67183
67223
67367
67431
67609
67660
67764
67850
68107
68339
68399
68427
68632
68689
68818
69004
69027
69030
69232
69883
70285
70330
70392
70491
70491
70592
70757
70847
70927
70999
71116
71125
71201
71478
71510
71710
71774
71892
72213
72293
72485
72486
72606
72699
72703
72943
73039
73181
73370
73505
73627
73764
73828
73870
74537
74602
75076
75122
75155
75218
75412
75615
75616
75743
76077
76139
76169
76445
76486
76585
76672
76773
76780
77304
77591
77773
78002
78044
78259
78592
79088
79095
79145
79269
79322
79373
79381
79422
79540
79841
79908
79933
79957
80124
80254
80261
80262
80532
80605
80636
80776
80830
80843
80886
81198
81555
81815
81858
81925
82050
82060
82199
82379
82424
82460
82466
82539
82830
83031
83088
83304
83448
83598
83781
84007
84148
84216
84267
84315
84506
84542
84579
84672
84746
84821
85106
85193
85507
85544
85739
85972
86034
86305
86469
86480
86681
87126
87183
87531
87586
87662
87688
87710
87711
87854
87928
87997
88030
88208
88434
88883
88980
89128
89174
89325
89358
89491
89727
89965
90023
90057
90086
90200
90212
90717
90859
90960
90987
91009
91042
91185
91251
91583
91686
91749
91751
91840
92024
92061
92234
92351
92376
92396
92489
92609
92792
92923
93152
93316
93397
93640
93662
94112
94165
94174
94417
94749
94909
95018
95020
95022
95027
95042
95160
95475
95572
95609
95655
95731
95745
95745
95765
96169
96176
96177
96271
96358
96382
96879
96913
97161
97408
97529
97567
97602
97654
97660
97871
97874
98032
98165
98605
98734
98739
99393
99538
100161
100255
100321
100486
100514
100731
100857
101110
101113
101331
101489
101665
101760
101940
102296
102393
102501
102675
103030
103241
103537
103654
103978
104061
104068
104407
104510
104522
104635
104712
104812
105082
105141
105196
105342
105473
106038
106226
106321
106348
106407
106413
106685
106687
106956
107478
107603
107681
107964
108003
108019
108129
108342
108354
108594
108957
109339
109352
109445
109608
109644
109849
109859
110059
110094
110174
110185
110270
110427
110508
110661
110799
111021
111427
111448
111544
111612
111793
111994
112466
112644
112818
112927
113030
113190
113244
113328
113606
114053
114180
114218
114462
114526
114587
114641
115152
115381
115934
115945
116330
116354
116473
116548
116840
116941
117027
117155
117174
117184
117195
117507
117731
117792
118130
118159
118234
118252
118325
118450
118475
118513
118762
118800
119080
119157
119161
119204
119326
119375
119446
119502
119836
119944
120160
120688
120804
120867
120896
121027
121288
121937
121989
122004
122023
122032
122045
122177
122429
122431
122439
122523
122590
122594
122729
122980
123202
123519
123558
123568
123786
123840
124046
124337
125086
125140
125244
125276
125336
125357
125413
125657
126162
126168
126381
126447
126510
126598
126763
126950
126997
127098
127156
127179
127249
127303
127367
127369
127513
127597
127616
128121
128425
128464
128526
128616
129067
129085
129205
129326
129408
129524
129559
129706
129793
129860
129877
129954
130772
130791
130834
130872
130908
130939
130968
130985
131125
131151
131385
131424
131527
131589
131635
132043
132048
132244
132347
132501
132781
132946
133130
133596
133608
133822
133984
134136
134463
134495
134722
134822
135205
135240
135338
135339
135518
135590
135719
135729
136052
136154
136219
136476
136907
136977
137020
137091
137166
137418
137590
137703
138282
138326
138380
138496
138548
138651
138715
138863
138864
138954
138989
139265
139471
139784
139885
140068
140091
140172
140470
140492
140826
140875
141133
141247
142227
142334
142383
142481
142779
142838
142902
143910
144042
144308
144369
144491
144529
144830
145053
145207
145257
145323
145375
145472
145489
145494
145669
146145
146244
146246
146290
146451
146542
146546
146692
146961
147069
147070
147326
147408
147484
147498
147554
147567
147571
147732
147774
147997
148075
148151
148194
148604
148632
148711
148990
149023
149078
149446
149637
149720
149776
149832
150125
150254
150462
150508
150654
150799
150811
150859
150997
151121
151213
151249
151948
151970
152161
152167
152226
152336
152410
152760
152910
152978
153006
153143
153538
153621
153916
153954
154073
154091
154289
154508
154714
154861
154863
154913
155027
155066
155181
155554
155624
155633
155872
155895
155988
156066
156181
156217
156407
156489
156584
156615
156802
156975
157106
157360
157511
157620
158124
158436
158547
158590
158627
158732
158823
158967
159016
159138
159346
159487
159495
159527
159745
160106
160292
160374
160530
160558
160574
160923
161002
161140
161257
161521
161527
161534
161631
162051
162141
162161
162283
162286
162289
162325
162493
162496
162652
162672
162945
162964
163038
163043
163132
163338
163351
163438
163487
163767
163787
163925
163926
164213
164292
164576
164626
164681
164757
164871
165198
165203
165407
165449
165483
165683
165730
165879
165898
165915
166264
166488
166549
166582
166697
166829
166929
166951
167297
167308
167332
167711
167715
167744
167852
168133
168164
168275
168754
168837
168920
169080
169347
169370
169437
169487
169591
169790
169957
170114
170159
170170
170269
170311
170506
170620
170893
170911
170982
171054
171275
171637
171794
171880
171884
171932
172190
172326
172467
172621
172631
172657
172784
172980
173136
173172
173201
173294
173332
173402
173528
173533
173797
173865
173939
173960
174069
174721
174967
175400
175406
175571
175617
175679
175739
175780
175890
175905
176022
176239
176279
176307
176347
176737
176897
177151
177161
177203
177207
177265
177358
177440
177503
177718
177751
178046
178123
178440
178497
178604
178665
178690
178726
178779
178849
178855
179218
179285
179453
179474
179830
179911
179915
180183
180200
180407
180548
180601
180653
180921
181562
181851
181862
182039
182057
182160
182394
182467
183017
183171
183202
183242
183255
183327
183393
183422
183540
183547
183675
183718
183745
184072
184120
184274
184324
184447
184454
184492
184662
184765
184889
184964
185046
185143
185480
185642
185712
185876
185889
185994
186306
186358
186431
186440
186480
186746
186872
186952
187079
187346
187500
187618
187727
187937
187956
188170
188314
188317
189012
189196
189291
189375
189497
189595
189617
189833
189838
189876
190168
190428
190642
190702
190800
190821
190922
191005
191269
191412
191544
191614
191662
191742
191794
191847
191893
192086
192177
192190
192209
192218
192435
192594
192934
193368
193468
193721
193736
193785
193837
193908
193944
194011
194185
194528
194625
194684
194731
194778
194850
195123
195176
195195
195397
195540
195809
195941
196158
196228
196342
196444
196471
196637
196782
196827
196879
197203
197219
197247
197274
197315
197734
197917
197930
198032
198099
198105
198392
198451
198455
198483
198656
198673
198697
198752
198812
198918
198918
198952
199086
199088
199257
199267
199319
199372
199531
199861
199972
200077
200279
200313
200345
200406
200474
200707
200792
200885
200987
201069
201132
201211
201435
202235
202324
202512
202568
202788
202977
203049
203165
203608
203630
204319
204404
204445
204606
204628
204634
204645
204680
204721
204760
204984
205010
205062
205660
205738
205740
205852
205946
206243
206371
206644
206668
206766
206781
206829
207056
207128
207249
207433
207480
207767
207915
207993
208154
208466
208466
208501
208513
208618
208942
209439
209675
209802
209817
209943
210128
210192
210206
210224
210306
210352
210541
210619
210708
210801
210812
210884
210979
210980
211014
211136
211322
211597
211756
212032
212037
212148
212151
212866
213046
213073
213077
213314
213404
213496
213652
213948
214055
214107
214191
214197
214314
214337
214393
214647
214779
214815
214896
215004
215215
215233
215264
215450
215463
215546
215689
215898
216090
216242
216246
216347
216446
216454
216746
217177
217281
217497
217685
217690
217741
217934
217972
218236
218377
218397
218417
218466
218652
218657
218704
218751
218785
218967
219419
219639
219654
219986
220161
220239
220263
220360
220377
220440
220510
220734
220851
220943
220968
221155
221236
221263
221326
221743
222095
222218
222232
222428
222704
222754
223059
223060
223193
223415
223437
223735
223780
223782
223820
224149
224178
224472
224505
224864
225205
225213
225920
226130
226398
226917
226967
227022
227118
227241
227338
227440
227843
228101
228399
228669
228721
228785
228804
228807
228875
229011
229153
229157
229189
229291
229307
229329
229337
229780
230302
230642
231109
231367
231456
231726
231761
231791
231941
231996
232088
232173
232233
232273
232325
232381
232425
232734
232805
233114
233336
233355
233494
233518
233570
233683
233950
234431
234555
234646
234660
234751
234956
235053
235362
235462
235673
235706
235839
235955
235957
235975
236129
236196
236214
236448
236486
236503
236614
236872
237012
237027
237129
237140
237199
237385
237575
237639
237927
238230
238311
238319
238390
238469
238470
238761
238783
238812
238867
239531
239828
240174
240349
240642
240993
241306
241427
241694
241979
241990
242006
242050
242061
242587
242635
242671
242834
242864
243076
243281
243468
243658
243700
243750
243767
243938
244506
244623
244823
244944
245382
245400
245409
245415
245482
245745
245774
245786
245820
245829
246127
246677
246831
246894
247397
247452
247757
248064
248130
248175
248359
248364
248446
248473
248540
248671
248677
248836
248977
249025
249025
249238
249395
249610
249680
249758
249794
249809
250008
250011
250231
250256
250610
250649
250747
250819
250886
251201
251304
251327
251593
251816
251819
252101
252277
252327
252777
252911
253031
253100
253124
253188
253215
253491
254146
254228
254283
254466
254568
254732
254786
254884
254946
255018
255076
255162
255233
255251
255288
255332
255351
255472
255610
255808
255977
256109
256132
256187
256271
256340
256387
256391
256477
256479
256490
256530
256678
256709
256816
256876
256880
256914
256958
256975
257224
257325
257597
257692
257917
257991
258001
258051
258257
258306
258962
259316
260053
260054
260595
260674
261050
261129
261157
261420
261451
261667
261749
261902
261921
262092
262331
262431
262432
262458
262520
262583
262766
262999
263301
263333
263421
263497
263655
263674
263794
263904
263958
264014
264227
264360
264389
264398
264453
264839
264854
264932
265238
265391
265405
265522
265587
265917
266066
266131
266194
266229
266406
266659
266818
266858
266877
266994
267199
267292
267402
267480
267667
267672
267705
267725
267731
267737
267971
267990
268023
268277
268399
268428
268496
268569
268714
268780
268824
268864
269022
269240
269508
269512
270181
270296
270347
270742
270867
270887
271028
271058
271173
271246
271360
271361
271401
271487
271690
271908
271957
272028
272083
272225
272592
272669
272695
272763
272888
273209
273398
273487
273567
273655
273718
273865
273952
274432
274789
274956
274971
275111
275456
275515
275532
275643
275812
275860
276103
276174
276234
276274
276451
276617
277188
277479
277486
277843
277950
278068
278415
278851
278854
278990
279082
279172
279192
279239
279370
279397
279465
279640
279777
279893
279944
280206
280396
280526
280548
280603
280947
281052
281209
281413
281468
282255
282619
282815
283253
283437
283539
283572
283738
283855
283858
283917
284199
284832
284967
285188
285287
285513
285608
285753
285836
286196
286284
286813
286845
286931
287125
287458
287504
287600
287600
287719
287797
287828
288019
288131
288515
288549
288709
288777
289072
289094
289123
289233
289270
289323
289773
289812
289868
289888
290021
290176
290255
290720
290775
291125
291161
291216
291485
291743
291980
292139
292267
292453
292515
292789
292890
292956
293026
293255
293325
293554
293807
293996
294213
294404
294732
294814
294815
295008
295031
295098
295153
295252
295466
295539
295657
296002
296009
296072
296449
296600
296774
296835
297005
297099
297406
297783
297893
298036
298506
298730
298784
298941
298960
299142
299226
299455
299468
299513
299699
299706
299774
299808
299868
299958
300213
300260
300579
300599
300691
300712
300742
300961
300996
301002
301088
301167
301192
301418
301462
302059
302073
302120
302451
302457
302580
302697
302720
303315
303482
303590
303604
303818
304040
304130
304183
304389
304435
304487
304607
304817
305058
305737
305843
305995
306240
306396
306466
306508
306577
306681
306879
307000
307084
307272
307354
307607
307750
308338
308425
308582
308628
308630
308970
309556
309884
310010
310085
310636
310992
311065
312109
312684
313082
313220
313225
313265
313492
313522
313736
313871
313970
314197
314281
314592
314788
314835
315047
315081
315115
315128
315612
315855
315861
315995
316151
316153
316428
316586
316653
316701
316706
316750
316897
316929
317249
317287
317428
317444
317458
317565
317824
318023
318288
318485
318550
318627
318908
318984
319199
319291
319300
319332
319456
319700
320049
320483
320526
320585
320788
320799
320870
321100
321179
321335
321357
321408
321442
321496
321554
321676
321698
321738
321787
321813
321825
321869
322037
322141
322269
322285
322394
322500
322512
322541
322667
322902
322915
323015
323221
323427
323466
323524
323580
323691
323726
324025
324065
324309
324323
324366
324504
324635
324810
324908
324960
324966
325578
325695
325922
326046
326130
326173
326312
326423
326456
326572
326657
326885
326920
326984
327046
327084
327263
327407
327704
328134
328187
328242
328516
328686
328932
329164
329225
329519
329528
329709
329765
329928
330334
330491
330509
330757
330959
331055
331249
331354
331367
331784
331834
332060
332313
332566
332873
332892
333205
333222
333297
333399
333506
333576
333732
333872
333907
333996
334002
334055
334271
334527
334604
334697
334728
334813
334942
334982
335066
335133
335280
335410
335526
335672
335742
335935
335936
336066
336255
336313
336386
336672
336829
336947
337001
337023
337207
337227
337281
337363
337375
338131
338460
338524
339198
339349
339467
339602
339609
339680
340127
340414
340448
340564
340650
340773
340950
341138
341203
341551
341616
341786
341798
341966
341976
342196
64
867
1206
1244
2362
2615
3094
4062
4251
5009
5269
5635
6816
7144
7199
7619
8292
9431
10120
10122
10417
10845
11016
11351
11703
11763
11867
12299
12713
13405
13540
13598
13917
14385
15752
15781
16001
16522
17630
17881
19034
19278
19420
19486
20550
20934
21491
22104
23440
23591
23949
24124
24776
25861
26160
27536
28423
29053
29215
29438
30183
30706
30774
31224
31355
31639
32101
32276
32277
32310
32933
33808
33915
34282
34307
34633
34821
34979
35280
35391
35928
36126
37392
37876
38829
39392
39758
39828
39908
39960
40400
40500
40898
41159
41768
42122
42365
42856
43453
43592
44101
44353
44526
44757
44819
44962
45042
45156
45901
46588
46824
46852
46942
47406
47775
47928
49997
50063
50293
51019
51333
52018
52567
52621
52630
52927
53499
53762
53882
55232
56591
56699
56747
56791
57229
57602
58218
58800
59720
60498
60642
60987
61087
61151
61918
62548
62923
63084
64049
65643
65812
65965
66064
66103
66623
66681
66805
66975
67183
67223
67431
67609
68818
69030
69883
70757
70927
70999
71201
71510
71774
72213
72485
72606
72943
73039
73181
73505
73627
75076
75155
75615
76077
76139
76486
76773
78259
79322
79373
79381
79841
79908
79933
79957
80254
80605
80636
80776
80830
80843
80886
81815
82379
82460
82466
82539
83031
83304
83448
84542
85106
85739
85972
86480
87688
87710
87711
87928
87997
88208
89128
89174
89491
89727
89965
90023
90200
90960
90987
91042
91686
92351
92489
92609
92792
92923
93152
93640
94174
94749
95022
95475
95731
96176
96358
96879
96913
97408
97660
98734
98739
99538
100161
100514
101113
101331
102501
102675
103030
104812
105141
105342
105473
106038
106226
106413
108129
108354
110174
110508
111427
112818
114053
114180
115152
115934
116354
116840
116941
117174
117195
117731
118130
118252
118325
118513
118800
119161
119446
119836
122004
122045
122177
122729
124337
125086
125657
126510
126598
127098
127179
127249
127369
127513
127616
128121
128464
128526
129067
129408
129524
129877
129954
131151
132781
134722
134822
135518
135719
135729
136907
136977
137091
137418
137590
138380
138651
138715
138989
139471
139784
139885
140068
140091
140826
140875
141247
142481
142779
142838
143910
144042
144308
144491
145053
145207
145257
145375
145472
145494
146692
147326
147554
147774
147997
148604
149078
149637
149720
149832
150125
150508
150654
150811
150859
150997
151121
151213
152161
152226
152910
153006
153621
154714
154863
155554
155624
155633
155872
156217
156407
156802
157511
158124
158436
158547
158590
158732
159138
159487
159527
159745
160106
160923
161527
162051
162652
162672
163132
163438
163487
163767
163926
164292
165203
165683
166951
167297
167852
168754
169437
169487
170170
170269
170311
170506
171637
172190
172631
172657
173294
173332
175400
175406
175571
175780
176307
176347
176897
177265
177718
177751
178497
178604
178665
178855
179218
179285
179830
179911
180407
180548
180601
182057
182160
183017
183171
183255
183422
183675
183718
183745
184072
184274
184662
184765
184964
185143
185480
186952
187079
187727
187956
188170
189291
189375
189595
189838
189876
190428
190642
191269
191544
191662
191742
191893
192086
192177
192209
192218
192934
193368
193785
193944
195123
195809
196158
196637
196782
197247
197930
198483
198752
198812
198918
199086
199319
199372
199861
200792
201069
201435
202235
202324
204634
204645
204760
205010
205062
206243
206766
206781
207056
207480
207915
207993
208466
208513
209675
209817
210128
210224
210708
210812
212032
212148
213046
213077
213652
214055
214191
214815
215233
215264
215898
216090
216454
218657
218751
219654
220968
221155
221263
222232
222428
222754
223437
223735
223820
224178
224505
225213
225920
226967
227338
227440
227843
228101
228669
228721
229011
229329
229780
231367
231726
231761
232233
232325
232425
232805
233114
233336
233355
233570
233950
234431
234751
235053
235955
235957
236196
236214
236486
238311
238761
239828
240174
240993
241427
241979
242006
242050
242635
242834
243468
243767
245382
245400
245786
246831
247452
247757
248175
248359
248364
248977
249025
249025
249238
249395
249610
249758
250008
250649
250747
250819
251819
252911
253100
254283
254884
254946
255076
255251
255977
256271
256477
256479
256490
256530
256678
256816
256975
257597
258001
258257
258306
260674
261050
261667
262431
262520
262583
263421
263497
263655
263794
264014
264360
264398
264854
264932
265391
266194
266659
266858
267199
267292
267725
267731
268496
269508
269512
270742
271173
271360
271401
271487
271690
271908
272028
272888
273567
273655
273865
273952
274432
275515
275532
275860
276103
276234
277188
278068
278854
278990
279082
279172
279239
279893
279944
280206
280526
281052
281468
282255
283253
283437
283738
283855
284199
285188
285836
287600
287797
288777
289072
289123
289233
289773
290021
290255
290720
290775
291161
291485
291743
291980
292139
292267
294404
295466
296002
296600
296774
298730
298784
299142
299513
299699
299706
299774
299808
300579
300712
300742
300961
300996
301167
301192
301462
302059
304130
304817
306879
307084
307272
307354
310010
310636
311065
313082
313220
313265
313871
314281
315047
315081
315855
316706
316750
316897
317249
317287
317444
318288
320483
321100
321357
321408
321554
321787
322915
323427
323691
324025
324504
324908
324960
325695
326046
326920
327084
327407
327704
328187
328516
328686
329164
329528
330491
331784
332060
332892
333732
333872
334942
336255
336313
336386
336672
336829
337227
337281
337375
338131
338460
339198
340448
340773
340950
341551
341786
341798
341966
342508
344023
344235
344903
345135
345178
345269
346115
346685
346827
348181
348687
349502
349737
350359
350731
350766
350826
350916
351072
351718
352604
352683
352861
354671
354754
354908
355230
356108
356391
356489
356554
356819
357308
357860
359202
359767
360857
361464
361489
361647
361677
361823
363200
363260
363341
363551
363565
364616
364792
364920
365029
366070
366559
367445
367734
368056
368144
369028
370120
370732
370984
371435
371823
371971
372618
372729
373053
373140
374366
374550
374817
375218
375222
375320
375728
375873
376256
376468
376647
376671
376731
376898
377500
378194
378865
379574
379704
380292
380323
380367
381465
381652
381775
381916
382427
382524
383032
383281
383561
384071
384564
384719
386319
386697
386851
386917
386922
388310
388337
388584
389733
389838
390752
390852
390979
391076
392059
392511
392612
392739
393701
393988
395007
395173
395489
395776
395971
396164
396211
397243
398698
398850
398892
398934
398977
400443
400536
400735
401014
401070
401378
401461
401695
402092
402361
402750
403933
404311
405070
405071
405135
405211
405350
405665
405871
406332
406422
406543
406904
407452
408135
408935
408990
409617
409802
410091
410544
410949
411266
411749
412173
412323
412433
412617
413554
413566
413714
413934
414135
414583
414816
415338
415518
415530
416139
416216
416219
416639
417072
417411
417593
418103
419087
419480
419716
419723
420041
420235
422411
422891
423156
423304
423739
423750
424424
424864
424865
425202
425614
425683
425785
426070
426165
426270
426428
426538
427197
427417
428239
428888
429128
429541
429808
430275
430683
430927
431447
431801
432999
433764
434070
434205
434309
434358
435413
435744
435800
436333
436388
436758
437589
437697
438038
438747
439124
439146
440770
441309
442496
442949
443334
443704
443968
444036
444293
444300
445033
445259
445998
446562
446925
447137
447351
447374
447445
447534
447599
447997
448028
448708
448738
448881
449004
449583
450104
450460
450789
451076
452213
452352
452574
453361
454226
454391
454414
455411
456081
456208
456618
456911
457220
457236
457512
457580
457702
458000
458209
458380
458701
458889
459168
459307
459366
459473
459833
460737
460751
460810
460991
461139
461191
461670
461918
462166
462294
462857
463952
463993
464430
464525
464777
465189
465442
465875
465974
466146
466194
466467
466483
466810
467106
467234
468303
468482
469184
469380
471694
471994
472033
472064
472174
473067
473388
473438
474005
475113
475623
476172
476780
476845
477679
478538
479036
479138
479186
479782
480021
481274
481397
481660
481724
482131
482884
483085
483372
483452
484696
485179
485522
485746
486310
486666
487927
488114
488116
488636
488875
489644
490061
490504
492425
493053
493161
493790
493854
494676
495251
495924
496076
496389
496593
496664
496780
496870
496983
497417
497502
497857
497922
497987
498256
498415
498481
498915
499297
499465
499486
499599
500154
500668
501163
501240
501255
501685
501832
502484
502734
504598
504827
504959
505047
505638
505642
505776
505905
505954
506025
506685
506915
507092
508186
508528
508606
509174
509578
510029
510094
510499
511237
512028
513515
513620
513768
513994
514659
515087
515728
516833
516996
517115
518566
519030
519149
519606
520005
520269
520295
521297
521490
521838
522538
522636
522791
523653
524254
524777
525187
525932
525963
526035
526048
526532
526759
527773
527785
527886
528010
528026
528119
528136
528221
528508
528605
529168
529242
529297
531229
531426
531738
531752
531794
532031
532233
532339
532448
532892
532949
533153
533206
534194
535128
536186
536492
536879
538049
538274
538576
538954
539387
539794
539863
540471
541201
541320
542297
542732
543001
543455
543664
543751
544032
544405
544495
544720
545117
546119
546412
546523
546868
547451
547519
547534
548334
548654
549016
549195
549909
550001
551015
551045
551074
551138
551820
552044
552065
552293
554182
554294
554631
555299
557260
557457
557577
557970
558022
558184
559090
559784
560228
560305
561908
562421
562945
562992
563491
564182
564362
564480
564510
564525
565081
565737
566047
566222
566586
566592
566973
567177
567971
568036
568155
568295
568384
568591
568612
568974
569528
569816
569839
570569
571137
571677
572935
573191
573559
573640
573876
574801
574872
575056
575413
575676
575765
576509
577120
577122
577559
577718
577963
578354
579561
579791
579860
581163
581659
581734
582023
582474
582664
583223
583362
583675
584179
584633
585120
585745
586048
586903
587600
587750
587771
587942
588011
589103
590765
590865
591139
591752
591844
591845
591957
592290
592431
592480
592595
594374
594465
594767
594918
595011
595380
596029
596200
596875
597582
598457
599179
599258
599311
599384
599402
599919
600940
601157
601241
601412
601863
602532
602881
603565
603745
604081
605494
605683
605841
606032
606669
606994
607026
609000
609233
609430
609782
610071
610331
610391
610747
611256
611770
611820
612439
612596
612602
612995
613134
613193
614513
616094
616368
616533
616668
617091
617659
618460
618770
618790
619435
619592
619604
619923
620130
620603
620893
621140
621224
621380
622281
622445
622652
623206
623293
623293
625769
625916
626005
626033
626400
626448
626887
627171
627512
628357
628984
629906
629936
630215
630257
630388
630420
630751
630889
630905
630990
631257
631439
631486
632098
632161
634855
634882
634982
635252
635878
636158
636673
637199
637267
637607
638566
638677
639044
639843
640550
640970
641402
641554
641629
642177
642356
643794
644533
644824
645486
645533
645538
645818
647278
647660
647893
647974
648000
648095
648392
648989
649175
649393
649716
650123
650301
650574
650635
651091
651184
651652
651787
652312
652492
652544
652950
653039
653303
654075
655117
655158
655159
655302
655327
655576
655607
655719
655733
655788
656132
657236
657730
658322
659815
659952
660104
660286
661180
661343
661636
661764
662274
663220
663249
663793
663852
664285
664328
664967
665044
665385
665852
666467
666501
666853
667394
667998
668206
668629
669161
669207
669224
669615
670086
670719
670801
671445
671823
671941
672635
672783
673627
676012
676291
676538
677436
678173
678174
678424
678506
678649
678859
679470
679743
680016
680018
680130
680229
680389
680429
680459
681244
681342
681806
681876
682196
682444
682821
682823
683120
683220
683412
684099
684921
686155
686583
687297
687531
688411
688454
688519
688700
688989
689013
689917
691430
691606
691704
692035
692607
692780
693245
693409
695190
695551
695705
695798
696038
696183
696487
697147
697247
698023
698506
699081
699865
699897
700216
701105
701200
701462
703850
704113
704136
704325
704518
704617
704796
705436
706704
706944
707034
707238
707277
707442
707480
707757
707847
708625
708726
709520
709879
710668
710679
710819
711873
712023
713469
713716
713814
713943
714141
714926
715175
715232
715400
715489
715985
716271
716576
716771
716929
716956
717041
717276
717278
717648
718393
718567
718873
718942
719076
719216
719938
720766
720835
721594
721873
722032
722106
722107
722137
722163
722363
722593
722895
723600
723783
723804
724071
724345
724587
725017
725050
725716
726175
726660
726823
726953
727356
727551
728141
728674
728954
728962
729086
729707
731323
732036
732120
733237
733429
733683
733894
734431
734918
735140
735306
735552
736275
736763
736981
737459
737522
737840
738089
738382
738557
739205
739405
740447
740449
740576
740939
742367
742588
742675
742793
743885
744169
744673
745017
745083
745105
746254
746624
746710
747271
747335
747367
747414
748387
748897
749078
750051
750186
750254
750753
751173
751403
752255
752746
753170
753203
753405
753642
753768
753884
753946
754130
754365
755563
756122
756256
756338
756623
757102
757944
758116
759602
759867
760099
760494
760793
761981
762344
763458
763697
764240
764957
765221
765382
766608
766615
766632
766712
767755
769166
769350
769567
770520
771048
771586
772071
772124
772882
773587
773630
774064
774618
774931
775386
776845
777013
777184
777389
777667
777918
778017
779037
779111
779269
779461
780922
781508
781645
782340
784154
784698
784764
785341
785739
785819
786338
786528
786772
787158
788782
788789
789236
790085
790267
790753
790866
790986
791138
791262
791312
791514
791664
792293
792301
792346
792406
792559
793640
793800
795445
796728
796820
796939
797710
798203
798298
798426
799050
799130
799287
799367
799678
800308
801511
802689
803171
803207
803427
803708
804212
804315
804676
804722
804838
805128
805258
806051
806073
806591
806760
806878
807222
807716
807764
808274
808416
808780
808927
808940
809492
810042
810673
811236
811272
811796
812280
812972
813323
813720
813938
814612
814816
815380
815548
816050
817034
817574
817733
818955
819068
819290
819743
819949
820606
820993
821261
821724
823197
823298
823749
823809
823888
824807
824859
824910
825105
825311
825584
825630
826460
826703
826722
826801
826941
827267
828923
829160
829357
829904
830222
830235
830365
830465
830940
831585
831979
832291
833386
833428
833713
833850
834346
834812
835171
835495
835607
835608
835785
836432
836593
836767
836795
837342
837390
837568
837643
837700
838164
838184
838693
838762
838847
839949
840006
840040
840146
840870
841505
842195
842299
842435
843188
843845
843956
844006
844197
844788
845014
845099
845204
845269
845528
846184
846238
846333
846552
846587
846768
847027
847471
848021
848205
848335
849177
849192
849722
849808
850343
850627
850772
851013
851172
851476
852004
852039
852481
852701
852790
852791
852795
853023
853942
854106
854206
855237
855714
855746
855869
856043
856258
856424
856688
856841
858054
858069
858256
858570
858606
858908
859551
860260
860279
860517
860542
861064
862416
862565
862830
863478
863809
863821
865319
865322
867182
868146
868921
869397
870249
870269
870288
870680
871046
871502
872162
872249
872382
872672
872805
873340
873501
873802
874455
875815
876130
876599
876723
877014
877025
877171
877502
877624
878516
878539
879519
879613
879630
880017
880123
880163
880941
881600
882112
882679
882893
883666
884025
884396
884636
884784
884942
885055
885154
885991
886105
886206
887198
887392
888611
888731
889408
890115
890698
891797
892379
892498
893930
894818
894840
894876
895669
895675
895807
896152
896658
896755
897485
897588
897652
898012
898111
898702
898752
898994
900004
900574
901056
901111
901593
901625
901980
901984
902814
903141
903352
903653
905499
905605
905664
905839
906021
906622
906630
907736
908160
908490
908502
908548
909618
909699
909962
909989
910265
910364
910498
911180
911826
913208
913901
913922
913970
914085
914857
915209
915895
915896
916064
916074
916090
916269
916418
918619
918875
918943
918972
919184
919225
919265
919411
919770
920245
920292
920852
920996
921772
922167
922886
923237
923973
924138
924221
924677
924783
925566
925790
926243
926754
927180
927193
927221
927301
927532
928843
929947
930180
930490
931185
932069
932094
933138
933610
933927
934046
934702
935396
936515
937120
937264
937346
937673
937987
938349
939119
939414
939951
940086
940183
940910
941036
941238
942085
942212
942374
943171
943939
944095
944427
944573
944648
945266
945629
946291
946369
946414
946794
946845
947209
948004
948028
948522
949023
949964
950070
950088
950122
950177
951680
952628
953064
953312
953447
953964
954327
954403
954631
955051
955972
958027
958091
958425
958517
958996
959500
959656
960801
961255
961353
961472
961686
961997
962500
962575
962847
963524
965196
965375
967501
967621
968378
969907
970727
971017
971114
971714
971844
973021
973847
974103
974502
974801
975881
976653
977337
977441
977554
977882
977971
978516
978850
979569
979716
979846
979865
981092
981973
982271
983411
983567
984672
985092
985199
985199
985290
985672
986157
986208
986333
986452
986754
987067
987523
987739
987776
987953
989605
989741
990173
991719
991833
992107
992371
992448
993274
993382
993731
993881
993985
994110
994550
994662
995556
995668
995992
996512
996828
997000
997339
997685
997827
998214
998402
998876
999343
999382
