Student ID: 118010246
Name: Qin Lan
Assignment 1
Run Time : 0.000039 seconds
Input Size: 10 
Process Number: 1 

Student ID: 118010246
Name: Qin Lan
Assignment 1
Run Time : 0.000077 seconds
Input Size: 10 
Process Number: 2 

Student ID: 118010246
Name: Qin Lan
Assignment 1
Run Time : 0.000092 seconds
Input Size: 10 
Process Number: 4 

Student ID: 118010246
Name: Qin Lan
Assignment 1
Run Time : 0.000149 seconds
Input Size: 10 
Process Number: 8 

Student ID: 118010246
Name: Qin Lan
Assignment 1
Run Time : 0.000181 seconds
Input Size: 10 
Process Number: 16 

Student ID: 118010246
Name: Qin Lan
Assignment 1
Run Time : 0.000224 seconds
Input Size: 10 
Process Number: 20 

