Student ID: 118010246
Name: Qin Lan
Assignment 1
Run Time : 0.009477 seconds
Input Size: 100000 
Process Number: 1 

Student ID: 118010246
Name: Qin Lan
Assignment 1
Run Time : 0.004135 seconds
Input Size: 100000 
Process Number: 2 

Student ID: 118010246
Name: Qin Lan
Assignment 1
Run Time : 0.004294 seconds
Input Size: 100000 
Process Number: 4 

Student ID: 118010246
Name: Qin Lan
Assignment 1
Run Time : 0.001675 seconds
Input Size: 100000 
Process Number: 8 

Student ID: 118010246
Name: Qin Lan
Assignment 1
Run Time : 0.001596 seconds
Input Size: 100000 
Process Number: 16 

Student ID: 118010246
Name: Qin Lan
Assignment 1
Run Time : 0.001571 seconds
Input Size: 100000 
Process Number: 20 

