Student ID: 118010246
Name: Qin Lan
Assignment 1
Run Time : 0.000138 seconds
Input Size: 1000 
Process Number: 1 

Student ID: 118010246
Name: Qin Lan
Assignment 1
Run Time : 0.000137 seconds
Input Size: 1000 
Process Number: 2 

Student ID: 118010246
Name: Qin Lan
Assignment 1
Run Time : 0.000102 seconds
Input Size: 1000 
Process Number: 4 

Student ID: 118010246
Name: Qin Lan
Assignment 1
Run Time : 0.000147 seconds
Input Size: 1000 
Process Number: 8 

Student ID: 118010246
Name: Qin Lan
Assignment 1
Run Time : 0.000215 seconds
Input Size: 1000 
Process Number: 16 

Student ID: 118010246
Name: Qin Lan
Assignment 1
Run Time : 0.000210 seconds
Input Size: 1000 
Process Number: 20 

