Student ID: 118010246
Name: Qin Lan
Assignment 1
Run Time : 0.092767 seconds
Input Size: 1000000 
Process Number: 1 

Student ID: 118010246
Name: Qin Lan
Assignment 1
Run Time : 0.059882 seconds
Input Size: 1000000 
Process Number: 2 

Student ID: 118010246
Name: Qin Lan
Assignment 1
Run Time : 0.038072 seconds
Input Size: 1000000 
Process Number: 4 

Student ID: 118010246
Name: Qin Lan
Assignment 1
Run Time : 0.026316 seconds
Input Size: 1000000 
Process Number: 8 

Student ID: 118010246
Name: Qin Lan
Assignment 1
Run Time : 0.016127 seconds
Input Size: 1000000 
Process Number: 16 

Student ID: 118010246
Name: Qin Lan
Assignment 1
Run Time : 0.015665 seconds
Input Size: 1000000 
Process Number: 20 

