Student ID: 118010246
Name: Qin Lan
Assignment 1
Run Time : 0.000037 seconds
Input Size: 100 
Process Number: 1 

Student ID: 118010246
Name: Qin Lan
Assignment 1
Run Time : 0.000072 seconds
Input Size: 100 
Process Number: 2 

Student ID: 118010246
Name: Qin Lan
Assignment 1
Run Time : 0.000111 seconds
Input Size: 100 
Process Number: 4 

Student ID: 118010246
Name: Qin Lan
Assignment 1
Run Time : 0.000161 seconds
Input Size: 100 
Process Number: 8 

Student ID: 118010246
Name: Qin Lan
Assignment 1
Run Time : 0.000275 seconds
Input Size: 100 
Process Number: 16 

Student ID: 118010246
Name: Qin Lan
Assignment 1
Run Time : 0.000125 seconds
Input Size: 100 
Process Number: 20 

