Student ID: 118010246
Name: Qin Lan
Assignment 1
Run Time : 0.000114 seconds
Input Size: 1000 
Process Number: 1 

Student ID: 118010246
Name: Qin Lan
Assignment 1
Run Time : 0.000132 seconds
Input Size: 1000 
Process Number: 2 

Student ID: 118010246
Name: Qin Lan
Assignment 1
Run Time : 0.000110 seconds
Input Size: 1000 
Process Number: 4 

Student ID: 118010246
Name: Qin Lan
Assignment 1
Run Time : 0.000172 seconds
Input Size: 1000 
Process Number: 8 

Student ID: 118010246
Name: Qin Lan
Assignment 1
Run Time : 0.000321 seconds
Input Size: 1000 
Process Number: 16 

Student ID: 118010246
Name: Qin Lan
Assignment 1
Run Time : 0.000245 seconds
Input Size: 1000 
Process Number: 20 

