Student ID: 118010246
Name: Qin Lan
Assignment 1
Run Time : 0.000135 seconds
Input Size: 1000 
Process Number: 1 

Student ID: 118010246
Name: Qin Lan
Assignment 1
Run Time : 0.000132 seconds
Input Size: 1000 
Process Number: 2 

Student ID: 118010246
Name: Qin Lan
Assignment 1
Run Time : 0.000100 seconds
Input Size: 1000 
Process Number: 4 

Student ID: 118010246
Name: Qin Lan
Assignment 1
Run Time : 0.000150 seconds
Input Size: 1000 
Process Number: 8 

Student ID: 118010246
Name: Qin Lan
Assignment 1
Run Time : 0.000196 seconds
Input Size: 1000 
Process Number: 16 

Student ID: 118010246
Name: Qin Lan
Assignment 1
Run Time : 0.000277 seconds
Input Size: 1000 
Process Number: 20 

