Student ID: 118010246
Name: Qin Lan
Assignment 3: N Body Simulation Pthread Implementation
Number of body:200; Number of iterations: 100
Total time: 0.590645; Average time: 0.005906
Student ID: 118010246
Name: Qin Lan
Assignment 3: N Body Simulation Pthread Implementation
Number of body:200; Number of iterations: 100
Total time: 0.403880; Average time: 0.004039
Student ID: 118010246
Name: Qin Lan
Assignment 3: N Body Simulation Pthread Implementation
Number of body:200; Number of iterations: 100
Total time: 0.177826; Average time: 0.001778
Student ID: 118010246
Name: Qin Lan
Assignment 3: N Body Simulation Pthread Implementation
Number of body:200; Number of iterations: 100
Total time: 0.114832; Average time: 0.001148
Student ID: 118010246
Name: Qin Lan
Assignment 3: N Body Simulation Pthread Implementation
Number of body:200; Number of iterations: 100
Total time: 0.091634; Average time: 0.000916
Student ID: 118010246
Name: Qin Lan
Assignment 3: N Body Simulation Pthread Implementation
Number of body:200; Number of iterations: 100
Total time: 0.097299; Average time: 0.000973
Student ID: 118010246
Name: Qin Lan
Assignment 3: N Body Simulation Pthread Implementation
Number of body:500; Number of iterations: 100
Total time: 3.600829; Average time: 0.036008
Student ID: 118010246
Name: Qin Lan
Assignment 3: N Body Simulation Pthread Implementation
Number of body:500; Number of iterations: 100
Total time: 1.839870; Average time: 0.018399
Student ID: 118010246
Name: Qin Lan
Assignment 3: N Body Simulation Pthread Implementation
Number of body:500; Number of iterations: 100
Total time: 1.004564; Average time: 0.010046
Student ID: 118010246
Name: Qin Lan
Assignment 3: N Body Simulation Pthread Implementation
Number of body:500; Number of iterations: 100
Total time: 0.575202; Average time: 0.005752
Student ID: 118010246
Name: Qin Lan
Assignment 3: N Body Simulation Pthread Implementation
Number of body:500; Number of iterations: 100
Total time: 0.432515; Average time: 0.004325
Student ID: 118010246
Name: Qin Lan
Assignment 3: N Body Simulation Pthread Implementation
Number of body:500; Number of iterations: 100
Total time: 0.388684; Average time: 0.003887
Student ID: 118010246
Name: Qin Lan
Assignment 3: N Body Simulation Pthread Implementation
Number of body:1000; Number of iterations: 100
Total time: 14.431527; Average time: 0.144315
Student ID: 118010246
Name: Qin Lan
Assignment 3: N Body Simulation Pthread Implementation
Number of body:1000; Number of iterations: 100
Total time: 7.275278; Average time: 0.072753
Student ID: 118010246
Name: Qin Lan
Assignment 3: N Body Simulation Pthread Implementation
Number of body:1000; Number of iterations: 100
Total time: 4.304929; Average time: 0.043049
Student ID: 118010246
Name: Qin Lan
Assignment 3: N Body Simulation Pthread Implementation
Number of body:1000; Number of iterations: 100
Total time: 1.972966; Average time: 0.019730
Student ID: 118010246
Name: Qin Lan
Assignment 3: N Body Simulation Pthread Implementation
Number of body:1000; Number of iterations: 100
Total time: 1.515329; Average time: 0.015153
Student ID: 118010246
Name: Qin Lan
Assignment 3: N Body Simulation Pthread Implementation
Number of body:1000; Number of iterations: 100
Total time: 1.284521; Average time: 0.012845
